2022-06-02 00:50:08.195 INFO  [acme.Launcher@main] Starting Launcher using Java 1.8.0_281 on DESKTOP-UDQDLDQ with PID 8088 (C:\Workspace-22.0\Frameworks\Acme-Framework-22.7\target\classes started by david in C:\Workspace-22.0\Projects\Acme-Toolkits-Individual-Deliverable) 
2022-06-02 00:50:08.197 DEBUG [acme.Launcher@main] Running with Spring Boot v2.4.2, Spring v5.3.3 
2022-06-02 00:50:08.198 INFO  [acme.Launcher@main] The following profiles are active: development,default 
2022-06-02 00:50:14.797 DEBUG [org.apache.jasper.servlet.JasperInitializer@main] Initializing Jasper for context [application] 
2022-06-02 00:50:24.745 DEBUG [org.apache.jasper.servlet.JspServlet@main] Scratch dir for the JSP engine is: [C:\Users\david\AppData\Local\Temp\tomcat.8080.485010844762334523\work\Tomcat\localhost\acme-toolkits-22.7] 
2022-06-02 00:50:24.746 DEBUG [org.apache.jasper.servlet.JspServlet@main] IMPORTANT: Do not modify the generated servlets 
2022-06-02 00:50:24.764 INFO  [acme.Launcher@main] Started Launcher in 18.011 seconds (JVM running for 19.115) 
2022-06-02 00:50:24.769 DEBUG [acme.Launcher@main] Found classpath entry '/C:/Workspace-22.0/Projects/Acme-Toolkits-Individual-Deliverable/target/test-classes/' 
2022-06-02 00:50:24.770 DEBUG [acme.Launcher@main] Found classpath entry '/C:/Workspace-22.0/Projects/Acme-Toolkits-Individual-Deliverable/target/classes/' 
2022-06-02 00:50:24.770 DEBUG [acme.Launcher@main] Found classpath entry '/C:/Workspace-22.0/Projects/Acme-Toolkits-Individual-Deliverable/lib/SpamDetector.jar' 
2022-06-02 00:50:24.770 DEBUG [acme.Launcher@main] Found classpath entry '/C:/Workspace-22.0/Frameworks/Acme-Framework-22.7/target/classes/' 
2022-06-02 00:50:24.770 DEBUG [acme.Launcher@main] Found classpath entry '/C:/Workspace-22.0/Frameworks/Acme-Framework-22.7/target/test-classes/' 
2022-06-02 00:50:24.770 DEBUG [acme.Launcher@main] Found classpath entry '/C:/Users/david/.m2/repository/org/springframework/boot/spring-boot-starter-tomcat/2.4.2/spring-boot-starter-tomcat-2.4.2.jar' 
2022-06-02 00:50:24.771 DEBUG [acme.Launcher@main] Found classpath entry '/C:/Users/david/.m2/repository/jakarta/annotation/jakarta.annotation-api/1.3.5/jakarta.annotation-api-1.3.5.jar' 
2022-06-02 00:50:24.771 DEBUG [acme.Launcher@main] Found classpath entry '/C:/Users/david/.m2/repository/org/apache/tomcat/embed/tomcat-embed-core/9.0.41/tomcat-embed-core-9.0.41.jar' 
2022-06-02 00:50:24.771 DEBUG [acme.Launcher@main] Found classpath entry '/C:/Users/david/.m2/repository/org/glassfish/jakarta.el/3.0.3/jakarta.el-3.0.3.jar' 
2022-06-02 00:50:24.771 DEBUG [acme.Launcher@main] Found classpath entry '/C:/Users/david/.m2/repository/org/apache/tomcat/embed/tomcat-embed-websocket/9.0.41/tomcat-embed-websocket-9.0.41.jar' 
2022-06-02 00:50:24.771 DEBUG [acme.Launcher@main] Found classpath entry '/C:/Users/david/.m2/repository/org/apache/tomcat/embed/tomcat-embed-jasper/9.0.41/tomcat-embed-jasper-9.0.41.jar' 
2022-06-02 00:50:24.772 DEBUG [acme.Launcher@main] Found classpath entry '/C:/Users/david/.m2/repository/org/apache/tomcat/embed/tomcat-embed-el/9.0.41/tomcat-embed-el-9.0.41.jar' 
2022-06-02 00:50:24.772 DEBUG [acme.Launcher@main] Found classpath entry '/C:/Users/david/.m2/repository/org/eclipse/jdt/ecj/3.18.0/ecj-3.18.0.jar' 
2022-06-02 00:50:24.773 DEBUG [acme.Launcher@main] Found classpath entry '/C:/Users/david/.m2/repository/javax/servlet/jstl/1.2/jstl-1.2.jar' 
2022-06-02 00:50:24.774 DEBUG [acme.Launcher@main] Found classpath entry '/C:/Users/david/.m2/repository/org/springframework/boot/spring-boot-starter-security/2.4.2/spring-boot-starter-security-2.4.2.jar' 
2022-06-02 00:50:24.774 DEBUG [acme.Launcher@main] Found classpath entry '/C:/Users/david/.m2/repository/org/springframework/boot/spring-boot-starter/2.4.2/spring-boot-starter-2.4.2.jar' 
2022-06-02 00:50:24.774 DEBUG [acme.Launcher@main] Found classpath entry '/C:/Users/david/.m2/repository/org/springframework/boot/spring-boot/2.4.2/spring-boot-2.4.2.jar' 
2022-06-02 00:50:24.775 DEBUG [acme.Launcher@main] Found classpath entry '/C:/Users/david/.m2/repository/org/springframework/boot/spring-boot-autoconfigure/2.4.2/spring-boot-autoconfigure-2.4.2.jar' 
2022-06-02 00:50:24.775 DEBUG [acme.Launcher@main] Found classpath entry '/C:/Users/david/.m2/repository/org/springframework/boot/spring-boot-starter-logging/2.4.2/spring-boot-starter-logging-2.4.2.jar' 
2022-06-02 00:50:24.776 DEBUG [acme.Launcher@main] Found classpath entry '/C:/Users/david/.m2/repository/ch/qos/logback/logback-classic/1.2.3/logback-classic-1.2.3.jar' 
2022-06-02 00:50:24.776 DEBUG [acme.Launcher@main] Found classpath entry '/C:/Users/david/.m2/repository/ch/qos/logback/logback-core/1.2.3/logback-core-1.2.3.jar' 
2022-06-02 00:50:24.777 DEBUG [acme.Launcher@main] Found classpath entry '/C:/Users/david/.m2/repository/org/apache/logging/log4j/log4j-to-slf4j/2.13.3/log4j-to-slf4j-2.13.3.jar' 
2022-06-02 00:50:24.777 DEBUG [acme.Launcher@main] Found classpath entry '/C:/Users/david/.m2/repository/org/apache/logging/log4j/log4j-api/2.13.3/log4j-api-2.13.3.jar' 
2022-06-02 00:50:24.778 DEBUG [acme.Launcher@main] Found classpath entry '/C:/Users/david/.m2/repository/org/slf4j/jul-to-slf4j/1.7.30/jul-to-slf4j-1.7.30.jar' 
2022-06-02 00:50:24.779 DEBUG [acme.Launcher@main] Found classpath entry '/C:/Users/david/.m2/repository/org/yaml/snakeyaml/1.27/snakeyaml-1.27.jar' 
2022-06-02 00:50:24.779 DEBUG [acme.Launcher@main] Found classpath entry '/C:/Users/david/.m2/repository/org/springframework/spring-aop/5.3.3/spring-aop-5.3.3.jar' 
2022-06-02 00:50:24.779 DEBUG [acme.Launcher@main] Found classpath entry '/C:/Users/david/.m2/repository/org/springframework/security/spring-security-web/5.4.2/spring-security-web-5.4.2.jar' 
2022-06-02 00:50:24.779 DEBUG [acme.Launcher@main] Found classpath entry '/C:/Users/david/.m2/repository/org/springframework/security/spring-security-core/5.4.2/spring-security-core-5.4.2.jar' 
2022-06-02 00:50:24.780 DEBUG [acme.Launcher@main] Found classpath entry '/C:/Users/david/.m2/repository/org/springframework/spring-beans/5.3.3/spring-beans-5.3.3.jar' 
2022-06-02 00:50:24.780 DEBUG [acme.Launcher@main] Found classpath entry '/C:/Users/david/.m2/repository/org/springframework/spring-context/5.3.3/spring-context-5.3.3.jar' 
2022-06-02 00:50:24.780 DEBUG [acme.Launcher@main] Found classpath entry '/C:/Users/david/.m2/repository/org/springframework/spring-core/5.3.3/spring-core-5.3.3.jar' 
2022-06-02 00:50:24.780 DEBUG [acme.Launcher@main] Found classpath entry '/C:/Users/david/.m2/repository/org/springframework/spring-jcl/5.3.3/spring-jcl-5.3.3.jar' 
2022-06-02 00:50:24.780 DEBUG [acme.Launcher@main] Found classpath entry '/C:/Users/david/.m2/repository/org/springframework/spring-expression/5.3.3/spring-expression-5.3.3.jar' 
2022-06-02 00:50:24.781 DEBUG [acme.Launcher@main] Found classpath entry '/C:/Users/david/.m2/repository/org/springframework/spring-web/5.3.3/spring-web-5.3.3.jar' 
2022-06-02 00:50:24.782 DEBUG [acme.Launcher@main] Found classpath entry '/C:/Users/david/.m2/repository/org/springframework/security/spring-security-config/5.4.2/spring-security-config-5.4.2.jar' 
2022-06-02 00:50:24.782 DEBUG [acme.Launcher@main] Found classpath entry '/C:/Users/david/.m2/repository/org/springframework/security/spring-security-taglibs/5.4.2/spring-security-taglibs-5.4.2.jar' 
2022-06-02 00:50:24.783 DEBUG [acme.Launcher@main] Found classpath entry '/C:/Users/david/.m2/repository/org/springframework/security/spring-security-acl/5.4.2/spring-security-acl-5.4.2.jar' 
2022-06-02 00:50:24.788 DEBUG [acme.Launcher@main] Found classpath entry '/C:/Users/david/.m2/repository/org/springframework/spring-jdbc/5.3.3/spring-jdbc-5.3.3.jar' 
2022-06-02 00:50:24.788 DEBUG [acme.Launcher@main] Found classpath entry '/C:/Users/david/.m2/repository/org/springframework/spring-tx/5.3.3/spring-tx-5.3.3.jar' 
2022-06-02 00:50:24.788 DEBUG [acme.Launcher@main] Found classpath entry '/C:/Users/david/.m2/repository/org/springframework/boot/spring-boot-starter-web/2.4.2/spring-boot-starter-web-2.4.2.jar' 
2022-06-02 00:50:24.789 DEBUG [acme.Launcher@main] Found classpath entry '/C:/Users/david/.m2/repository/org/springframework/boot/spring-boot-starter-json/2.4.2/spring-boot-starter-json-2.4.2.jar' 
2022-06-02 00:50:24.789 DEBUG [acme.Launcher@main] Found classpath entry '/C:/Users/david/.m2/repository/com/fasterxml/jackson/core/jackson-databind/2.11.4/jackson-databind-2.11.4.jar' 
2022-06-02 00:50:24.789 DEBUG [acme.Launcher@main] Found classpath entry '/C:/Users/david/.m2/repository/com/fasterxml/jackson/core/jackson-annotations/2.11.4/jackson-annotations-2.11.4.jar' 
2022-06-02 00:50:24.790 DEBUG [acme.Launcher@main] Found classpath entry '/C:/Users/david/.m2/repository/com/fasterxml/jackson/core/jackson-core/2.11.4/jackson-core-2.11.4.jar' 
2022-06-02 00:50:24.790 DEBUG [acme.Launcher@main] Found classpath entry '/C:/Users/david/.m2/repository/com/fasterxml/jackson/datatype/jackson-datatype-jdk8/2.11.4/jackson-datatype-jdk8-2.11.4.jar' 
2022-06-02 00:50:24.790 DEBUG [acme.Launcher@main] Found classpath entry '/C:/Users/david/.m2/repository/com/fasterxml/jackson/datatype/jackson-datatype-jsr310/2.11.4/jackson-datatype-jsr310-2.11.4.jar' 
2022-06-02 00:50:24.790 DEBUG [acme.Launcher@main] Found classpath entry '/C:/Users/david/.m2/repository/com/fasterxml/jackson/module/jackson-module-parameter-names/2.11.4/jackson-module-parameter-names-2.11.4.jar' 
2022-06-02 00:50:24.790 DEBUG [acme.Launcher@main] Found classpath entry '/C:/Users/david/.m2/repository/org/springframework/spring-webmvc/5.3.3/spring-webmvc-5.3.3.jar' 
2022-06-02 00:50:24.790 DEBUG [acme.Launcher@main] Found classpath entry '/C:/Users/david/.m2/repository/org/apache/tiles/tiles-jsp/3.0.8/tiles-jsp-3.0.8.jar' 
2022-06-02 00:50:24.790 DEBUG [acme.Launcher@main] Found classpath entry '/C:/Users/david/.m2/repository/org/apache/tiles/tiles-servlet/3.0.8/tiles-servlet-3.0.8.jar' 
2022-06-02 00:50:24.791 DEBUG [acme.Launcher@main] Found classpath entry '/C:/Users/david/.m2/repository/org/apache/tiles/tiles-core/3.0.8/tiles-core-3.0.8.jar' 
2022-06-02 00:50:24.791 DEBUG [acme.Launcher@main] Found classpath entry '/C:/Users/david/.m2/repository/commons-digester/commons-digester/2.0/commons-digester-2.0.jar' 
2022-06-02 00:50:24.791 DEBUG [acme.Launcher@main] Found classpath entry '/C:/Users/david/.m2/repository/org/slf4j/jcl-over-slf4j/1.7.30/jcl-over-slf4j-1.7.30.jar' 
2022-06-02 00:50:24.791 DEBUG [acme.Launcher@main] Found classpath entry '/C:/Users/david/.m2/repository/org/apache/tiles/tiles-request-servlet/1.0.7/tiles-request-servlet-1.0.7.jar' 
2022-06-02 00:50:24.791 DEBUG [acme.Launcher@main] Found classpath entry '/C:/Users/david/.m2/repository/org/apache/tiles/tiles-template/3.0.8/tiles-template-3.0.8.jar' 
2022-06-02 00:50:24.791 DEBUG [acme.Launcher@main] Found classpath entry '/C:/Users/david/.m2/repository/org/apache/tiles/tiles-api/3.0.8/tiles-api-3.0.8.jar' 
2022-06-02 00:50:24.792 DEBUG [acme.Launcher@main] Found classpath entry '/C:/Users/david/.m2/repository/org/apache/tiles/tiles-autotag-core-runtime/1.2/tiles-autotag-core-runtime-1.2.jar' 
2022-06-02 00:50:24.792 DEBUG [acme.Launcher@main] Found classpath entry '/C:/Users/david/.m2/repository/org/slf4j/slf4j-api/1.7.30/slf4j-api-1.7.30.jar' 
2022-06-02 00:50:24.792 DEBUG [acme.Launcher@main] Found classpath entry '/C:/Users/david/.m2/repository/org/apache/tiles/tiles-request-jsp/1.0.7/tiles-request-jsp-1.0.7.jar' 
2022-06-02 00:50:24.792 DEBUG [acme.Launcher@main] Found classpath entry '/C:/Users/david/.m2/repository/org/apache/tiles/tiles-request-api/1.0.7/tiles-request-api-1.0.7.jar' 
2022-06-02 00:50:24.792 DEBUG [acme.Launcher@main] Found classpath entry '/C:/Users/david/.m2/repository/org/springframework/boot/spring-boot-starter-data-jpa/2.4.2/spring-boot-starter-data-jpa-2.4.2.jar' 
2022-06-02 00:50:24.792 DEBUG [acme.Launcher@main] Found classpath entry '/C:/Users/david/.m2/repository/org/springframework/boot/spring-boot-starter-aop/2.4.2/spring-boot-starter-aop-2.4.2.jar' 
2022-06-02 00:50:24.793 DEBUG [acme.Launcher@main] Found classpath entry '/C:/Users/david/.m2/repository/org/aspectj/aspectjweaver/1.9.6/aspectjweaver-1.9.6.jar' 
2022-06-02 00:50:24.793 DEBUG [acme.Launcher@main] Found classpath entry '/C:/Users/david/.m2/repository/org/springframework/boot/spring-boot-starter-jdbc/2.4.2/spring-boot-starter-jdbc-2.4.2.jar' 
2022-06-02 00:50:24.793 DEBUG [acme.Launcher@main] Found classpath entry '/C:/Users/david/.m2/repository/jakarta/transaction/jakarta.transaction-api/1.3.3/jakarta.transaction-api-1.3.3.jar' 
2022-06-02 00:50:24.793 DEBUG [acme.Launcher@main] Found classpath entry '/C:/Users/david/.m2/repository/jakarta/persistence/jakarta.persistence-api/2.2.3/jakarta.persistence-api-2.2.3.jar' 
2022-06-02 00:50:24.793 DEBUG [acme.Launcher@main] Found classpath entry '/C:/Users/david/.m2/repository/org/hibernate/hibernate-core/5.4.27.Final/hibernate-core-5.4.27.Final.jar' 
2022-06-02 00:50:24.794 DEBUG [acme.Launcher@main] Found classpath entry '/C:/Users/david/.m2/repository/org/jboss/logging/jboss-logging/3.4.1.Final/jboss-logging-3.4.1.Final.jar' 
2022-06-02 00:50:24.794 DEBUG [acme.Launcher@main] Found classpath entry '/C:/Users/david/.m2/repository/org/javassist/javassist/3.27.0-GA/javassist-3.27.0-GA.jar' 
2022-06-02 00:50:24.794 DEBUG [acme.Launcher@main] Found classpath entry '/C:/Users/david/.m2/repository/antlr/antlr/2.7.7/antlr-2.7.7.jar' 
2022-06-02 00:50:24.794 DEBUG [acme.Launcher@main] Found classpath entry '/C:/Users/david/.m2/repository/org/jboss/jandex/2.1.3.Final/jandex-2.1.3.Final.jar' 
2022-06-02 00:50:24.794 DEBUG [acme.Launcher@main] Found classpath entry '/C:/Users/david/.m2/repository/com/fasterxml/classmate/1.5.1/classmate-1.5.1.jar' 
2022-06-02 00:50:24.795 DEBUG [acme.Launcher@main] Found classpath entry '/C:/Users/david/.m2/repository/org/dom4j/dom4j/2.1.3/dom4j-2.1.3.jar' 
2022-06-02 00:50:24.795 DEBUG [acme.Launcher@main] Found classpath entry '/C:/Users/david/.m2/repository/org/hibernate/common/hibernate-commons-annotations/5.1.2.Final/hibernate-commons-annotations-5.1.2.Final.jar' 
2022-06-02 00:50:24.795 DEBUG [acme.Launcher@main] Found classpath entry '/C:/Users/david/.m2/repository/org/glassfish/jaxb/jaxb-runtime/2.3.3/jaxb-runtime-2.3.3.jar' 
2022-06-02 00:50:24.795 DEBUG [acme.Launcher@main] Found classpath entry '/C:/Users/david/.m2/repository/org/glassfish/jaxb/txw2/2.3.3/txw2-2.3.3.jar' 
2022-06-02 00:50:24.795 DEBUG [acme.Launcher@main] Found classpath entry '/C:/Users/david/.m2/repository/com/sun/istack/istack-commons-runtime/3.0.11/istack-commons-runtime-3.0.11.jar' 
2022-06-02 00:50:24.795 DEBUG [acme.Launcher@main] Found classpath entry '/C:/Users/david/.m2/repository/com/sun/activation/jakarta.activation/1.2.2/jakarta.activation-1.2.2.jar' 
2022-06-02 00:50:24.795 DEBUG [acme.Launcher@main] Found classpath entry '/C:/Users/david/.m2/repository/org/springframework/data/spring-data-jpa/2.4.3/spring-data-jpa-2.4.3.jar' 
2022-06-02 00:50:24.796 DEBUG [acme.Launcher@main] Found classpath entry '/C:/Users/david/.m2/repository/org/springframework/data/spring-data-commons/2.4.3/spring-data-commons-2.4.3.jar' 
2022-06-02 00:50:24.796 DEBUG [acme.Launcher@main] Found classpath entry '/C:/Users/david/.m2/repository/org/springframework/spring-orm/5.3.3/spring-orm-5.3.3.jar' 
2022-06-02 00:50:24.796 DEBUG [acme.Launcher@main] Found classpath entry '/C:/Users/david/.m2/repository/org/springframework/spring-aspects/5.3.3/spring-aspects-5.3.3.jar' 
2022-06-02 00:50:24.796 DEBUG [acme.Launcher@main] Found classpath entry '/C:/Users/david/.m2/repository/org/springframework/boot/spring-boot-starter-validation/2.4.2/spring-boot-starter-validation-2.4.2.jar' 
2022-06-02 00:50:24.796 DEBUG [acme.Launcher@main] Found classpath entry '/C:/Users/david/.m2/repository/org/hibernate/validator/hibernate-validator/6.1.7.Final/hibernate-validator-6.1.7.Final.jar' 
2022-06-02 00:50:24.796 DEBUG [acme.Launcher@main] Found classpath entry '/C:/Users/david/.m2/repository/jakarta/validation/jakarta.validation-api/2.0.2/jakarta.validation-api-2.0.2.jar' 
2022-06-02 00:50:24.797 DEBUG [acme.Launcher@main] Found classpath entry '/C:/Users/david/.m2/repository/mysql/mysql-connector-java/8.0.22/mysql-connector-java-8.0.22.jar' 
2022-06-02 00:50:24.797 DEBUG [acme.Launcher@main] Found classpath entry '/C:/Users/david/.m2/repository/com/zaxxer/HikariCP/3.4.5/HikariCP-3.4.5.jar' 
2022-06-02 00:50:24.797 DEBUG [acme.Launcher@main] Found classpath entry '/C:/Users/david/.m2/repository/org/springframework/boot/spring-boot-starter-test/2.4.2/spring-boot-starter-test-2.4.2.jar' 
2022-06-02 00:50:24.797 DEBUG [acme.Launcher@main] Found classpath entry '/C:/Users/david/.m2/repository/org/springframework/boot/spring-boot-test/2.4.2/spring-boot-test-2.4.2.jar' 
2022-06-02 00:50:24.797 DEBUG [acme.Launcher@main] Found classpath entry '/C:/Users/david/.m2/repository/org/springframework/boot/spring-boot-test-autoconfigure/2.4.2/spring-boot-test-autoconfigure-2.4.2.jar' 
2022-06-02 00:50:24.797 DEBUG [acme.Launcher@main] Found classpath entry '/C:/Users/david/.m2/repository/com/jayway/jsonpath/json-path/2.4.0/json-path-2.4.0.jar' 
2022-06-02 00:50:24.798 DEBUG [acme.Launcher@main] Found classpath entry '/C:/Users/david/.m2/repository/net/minidev/json-smart/2.3/json-smart-2.3.jar' 
2022-06-02 00:50:24.798 DEBUG [acme.Launcher@main] Found classpath entry '/C:/Users/david/.m2/repository/net/minidev/accessors-smart/1.2/accessors-smart-1.2.jar' 
2022-06-02 00:50:24.798 DEBUG [acme.Launcher@main] Found classpath entry '/C:/Users/david/.m2/repository/org/ow2/asm/asm/5.0.4/asm-5.0.4.jar' 
2022-06-02 00:50:24.798 DEBUG [acme.Launcher@main] Found classpath entry '/C:/Users/david/.m2/repository/jakarta/xml/bind/jakarta.xml.bind-api/2.3.3/jakarta.xml.bind-api-2.3.3.jar' 
2022-06-02 00:50:24.798 DEBUG [acme.Launcher@main] Found classpath entry '/C:/Users/david/.m2/repository/jakarta/activation/jakarta.activation-api/1.2.2/jakarta.activation-api-1.2.2.jar' 
2022-06-02 00:50:24.798 DEBUG [acme.Launcher@main] Found classpath entry '/C:/Users/david/.m2/repository/org/assertj/assertj-core/3.18.1/assertj-core-3.18.1.jar' 
2022-06-02 00:50:24.798 DEBUG [acme.Launcher@main] Found classpath entry '/C:/Users/david/.m2/repository/org/hamcrest/hamcrest/2.2/hamcrest-2.2.jar' 
2022-06-02 00:50:24.798 DEBUG [acme.Launcher@main] Found classpath entry '/C:/Users/david/.m2/repository/org/junit/jupiter/junit-jupiter/5.7.0/junit-jupiter-5.7.0.jar' 
2022-06-02 00:50:24.799 DEBUG [acme.Launcher@main] Found classpath entry '/C:/Users/david/.m2/repository/org/mockito/mockito-core/3.6.28/mockito-core-3.6.28.jar' 
2022-06-02 00:50:24.799 DEBUG [acme.Launcher@main] Found classpath entry '/C:/Users/david/.m2/repository/net/bytebuddy/byte-buddy-agent/1.10.19/byte-buddy-agent-1.10.19.jar' 
2022-06-02 00:50:24.799 DEBUG [acme.Launcher@main] Found classpath entry '/C:/Users/david/.m2/repository/org/objenesis/objenesis/3.1/objenesis-3.1.jar' 
2022-06-02 00:50:24.799 DEBUG [acme.Launcher@main] Found classpath entry '/C:/Users/david/.m2/repository/org/mockito/mockito-junit-jupiter/3.6.28/mockito-junit-jupiter-3.6.28.jar' 
2022-06-02 00:50:24.799 DEBUG [acme.Launcher@main] Found classpath entry '/C:/Users/david/.m2/repository/org/skyscreamer/jsonassert/1.5.0/jsonassert-1.5.0.jar' 
2022-06-02 00:50:24.799 DEBUG [acme.Launcher@main] Found classpath entry '/C:/Users/david/.m2/repository/com/vaadin/external/google/android-json/0.0.20131108.vaadin1/android-json-0.0.20131108.vaadin1.jar' 
2022-06-02 00:50:24.800 DEBUG [acme.Launcher@main] Found classpath entry '/C:/Users/david/.m2/repository/org/springframework/spring-test/5.3.3/spring-test-5.3.3.jar' 
2022-06-02 00:50:24.800 DEBUG [acme.Launcher@main] Found classpath entry '/C:/Users/david/.m2/repository/org/xmlunit/xmlunit-core/2.7.0/xmlunit-core-2.7.0.jar' 
2022-06-02 00:50:24.800 DEBUG [acme.Launcher@main] Found classpath entry '/C:/Users/david/.m2/repository/org/junit/jupiter/junit-jupiter-engine/5.7.0/junit-jupiter-engine-5.7.0.jar' 
2022-06-02 00:50:24.800 DEBUG [acme.Launcher@main] Found classpath entry '/C:/Users/david/.m2/repository/org/apiguardian/apiguardian-api/1.1.0/apiguardian-api-1.1.0.jar' 
2022-06-02 00:50:24.800 DEBUG [acme.Launcher@main] Found classpath entry '/C:/Users/david/.m2/repository/org/junit/platform/junit-platform-engine/1.7.0/junit-platform-engine-1.7.0.jar' 
2022-06-02 00:50:24.800 DEBUG [acme.Launcher@main] Found classpath entry '/C:/Users/david/.m2/repository/org/junit/jupiter/junit-jupiter-api/5.7.0/junit-jupiter-api-5.7.0.jar' 
2022-06-02 00:50:24.800 DEBUG [acme.Launcher@main] Found classpath entry '/C:/Users/david/.m2/repository/org/opentest4j/opentest4j/1.2.0/opentest4j-1.2.0.jar' 
2022-06-02 00:50:24.801 DEBUG [acme.Launcher@main] Found classpath entry '/C:/Users/david/.m2/repository/org/junit/platform/junit-platform-commons/1.7.0/junit-platform-commons-1.7.0.jar' 
2022-06-02 00:50:24.801 DEBUG [acme.Launcher@main] Found classpath entry '/C:/Users/david/.m2/repository/org/junit/jupiter/junit-jupiter-params/5.7.0/junit-jupiter-params-5.7.0.jar' 
2022-06-02 00:50:24.801 DEBUG [acme.Launcher@main] Found classpath entry '/C:/Users/david/.m2/repository/org/junit/platform/junit-platform-launcher/1.7.0/junit-platform-launcher-1.7.0.jar' 
2022-06-02 00:50:24.801 DEBUG [acme.Launcher@main] Found classpath entry '/C:/Users/david/.m2/repository/org/seleniumhq/selenium/selenium-java/3.141.59/selenium-java-3.141.59.jar' 
2022-06-02 00:50:24.801 DEBUG [acme.Launcher@main] Found classpath entry '/C:/Users/david/.m2/repository/org/seleniumhq/selenium/selenium-api/3.141.59/selenium-api-3.141.59.jar' 
2022-06-02 00:50:24.801 DEBUG [acme.Launcher@main] Found classpath entry '/C:/Users/david/.m2/repository/org/seleniumhq/selenium/selenium-chrome-driver/3.141.59/selenium-chrome-driver-3.141.59.jar' 
2022-06-02 00:50:24.801 DEBUG [acme.Launcher@main] Found classpath entry '/C:/Users/david/.m2/repository/org/seleniumhq/selenium/selenium-edge-driver/3.141.59/selenium-edge-driver-3.141.59.jar' 
2022-06-02 00:50:24.802 DEBUG [acme.Launcher@main] Found classpath entry '/C:/Users/david/.m2/repository/org/seleniumhq/selenium/selenium-firefox-driver/3.141.59/selenium-firefox-driver-3.141.59.jar' 
2022-06-02 00:50:24.802 DEBUG [acme.Launcher@main] Found classpath entry '/C:/Users/david/.m2/repository/org/seleniumhq/selenium/selenium-ie-driver/3.141.59/selenium-ie-driver-3.141.59.jar' 
2022-06-02 00:50:24.803 DEBUG [acme.Launcher@main] Found classpath entry '/C:/Users/david/.m2/repository/org/seleniumhq/selenium/selenium-opera-driver/3.141.59/selenium-opera-driver-3.141.59.jar' 
2022-06-02 00:50:24.803 DEBUG [acme.Launcher@main] Found classpath entry '/C:/Users/david/.m2/repository/org/seleniumhq/selenium/selenium-remote-driver/3.141.59/selenium-remote-driver-3.141.59.jar' 
2022-06-02 00:50:24.803 DEBUG [acme.Launcher@main] Found classpath entry '/C:/Users/david/.m2/repository/org/seleniumhq/selenium/selenium-safari-driver/3.141.59/selenium-safari-driver-3.141.59.jar' 
2022-06-02 00:50:24.803 DEBUG [acme.Launcher@main] Found classpath entry '/C:/Users/david/.m2/repository/org/seleniumhq/selenium/selenium-support/3.141.59/selenium-support-3.141.59.jar' 
2022-06-02 00:50:24.803 DEBUG [acme.Launcher@main] Found classpath entry '/C:/Users/david/.m2/repository/net/bytebuddy/byte-buddy/1.10.19/byte-buddy-1.10.19.jar' 
2022-06-02 00:50:24.803 DEBUG [acme.Launcher@main] Found classpath entry '/C:/Users/david/.m2/repository/org/apache/commons/commons-exec/1.3/commons-exec-1.3.jar' 
2022-06-02 00:50:24.803 DEBUG [acme.Launcher@main] Found classpath entry '/C:/Users/david/.m2/repository/com/google/guava/guava/25.0-jre/guava-25.0-jre.jar' 
2022-06-02 00:50:24.804 DEBUG [acme.Launcher@main] Found classpath entry '/C:/Users/david/.m2/repository/com/google/code/findbugs/jsr305/1.3.9/jsr305-1.3.9.jar' 
2022-06-02 00:50:24.804 DEBUG [acme.Launcher@main] Found classpath entry '/C:/Users/david/.m2/repository/org/checkerframework/checker-compat-qual/2.0.0/checker-compat-qual-2.0.0.jar' 
2022-06-02 00:50:24.804 DEBUG [acme.Launcher@main] Found classpath entry '/C:/Users/david/.m2/repository/com/google/errorprone/error_prone_annotations/2.1.3/error_prone_annotations-2.1.3.jar' 
2022-06-02 00:50:24.804 DEBUG [acme.Launcher@main] Found classpath entry '/C:/Users/david/.m2/repository/com/google/j2objc/j2objc-annotations/1.1/j2objc-annotations-1.1.jar' 
2022-06-02 00:50:24.804 DEBUG [acme.Launcher@main] Found classpath entry '/C:/Users/david/.m2/repository/org/codehaus/mojo/animal-sniffer-annotations/1.14/animal-sniffer-annotations-1.14.jar' 
2022-06-02 00:50:24.804 DEBUG [acme.Launcher@main] Found classpath entry '/C:/Users/david/.m2/repository/com/squareup/okhttp3/okhttp/3.14.9/okhttp-3.14.9.jar' 
2022-06-02 00:50:24.804 DEBUG [acme.Launcher@main] Found classpath entry '/C:/Users/david/.m2/repository/com/squareup/okio/okio/1.14.0/okio-1.14.0.jar' 
2022-06-02 00:50:24.804 DEBUG [acme.Launcher@main] Found classpath entry '/C:/Users/david/.m2/repository/org/apache/commons/commons-lang3/3.11/commons-lang3-3.11.jar' 
2022-06-02 00:50:24.805 DEBUG [acme.Launcher@main] Found classpath entry '/C:/Users/david/.m2/repository/org/apache/commons/commons-text/1.8/commons-text-1.8.jar' 
2022-06-02 00:50:24.805 DEBUG [acme.Launcher@main] Found classpath entry '/C:/Users/david/.m2/repository/commons-io/commons-io/2.6/commons-io-2.6.jar' 
2022-06-02 00:50:24.805 DEBUG [acme.Launcher@main] Found classpath entry '/C:/Users/david/.m2/repository/commons-cli/commons-cli/1.4/commons-cli-1.4.jar' 
2022-06-02 00:50:24.806 DEBUG [acme.Launcher@main] Found classpath entry '/C:/Users/david/.m2/repository/org/projectlombok/lombok/1.18.16/lombok-1.18.16.jar' 
2022-06-02 00:50:24.807 DEBUG [acme.Launcher@main] Found classpath entry '/C:/Users/david/.m2/repository/com/opencsv/opencsv/5.4/opencsv-5.4.jar' 
2022-06-02 00:50:24.807 DEBUG [acme.Launcher@main] Found classpath entry '/C:/Users/david/.m2/repository/commons-beanutils/commons-beanutils/1.9.4/commons-beanutils-1.9.4.jar' 
2022-06-02 00:50:24.807 DEBUG [acme.Launcher@main] Found classpath entry '/C:/Users/david/.m2/repository/commons-logging/commons-logging/1.2/commons-logging-1.2.jar' 
2022-06-02 00:50:24.807 DEBUG [acme.Launcher@main] Found classpath entry '/C:/Users/david/.m2/repository/commons-collections/commons-collections/3.2.2/commons-collections-3.2.2.jar' 
2022-06-02 00:50:24.808 DEBUG [acme.Launcher@main] Found classpath entry '/C:/Users/david/.m2/repository/org/apache/commons/commons-collections4/4.4/commons-collections4-4.4.jar' 
2022-06-02 00:50:25.023 DEBUG [acme.Launcher@main] Found entity class 'acme.entities.CHIMPUM.CHIMPUM 
2022-06-02 00:50:25.023 DEBUG [acme.Launcher@main] Found entity class 'acme.entities.announcements.Announcement 
2022-06-02 00:50:25.023 DEBUG [acme.Launcher@main] Found entity class 'acme.entities.artifacts.Artifact 
2022-06-02 00:50:25.023 DEBUG [acme.Launcher@main] Found entity class 'acme.entities.artifacts.Quantity 
2022-06-02 00:50:25.024 DEBUG [acme.Launcher@main] Found entity class 'acme.entities.artifacts.Toolkit 
2022-06-02 00:50:25.024 DEBUG [acme.Launcher@main] Found entity class 'acme.entities.chirps.Chirp 
2022-06-02 00:50:25.024 DEBUG [acme.Launcher@main] Found entity class 'acme.entities.configData.ConfigData 
2022-06-02 00:50:25.024 DEBUG [acme.Launcher@main] Found entity class 'acme.entities.patronage.Patronage 
2022-06-02 00:50:25.024 DEBUG [acme.Launcher@main] Found entity class 'acme.entities.patronage.PatronageReport 
2022-06-02 00:50:25.024 DEBUG [acme.Launcher@main] Found entity class 'acme.roles.Inventor 
2022-06-02 00:50:25.025 DEBUG [acme.Launcher@main] Found entity class 'acme.roles.Patron 
2022-06-02 00:50:25.026 DEBUG [acme.Launcher@main] Found entity class 'acme.framework.entities.UserAccount 
2022-06-02 00:50:25.026 DEBUG [acme.Launcher@main] Found entity class 'acme.framework.roles.Administrator 
2022-06-02 00:50:25.026 DEBUG [acme.Launcher@main] Found entity class 'acme.framework.roles.Anonymous 
2022-06-02 00:50:25.027 DEBUG [acme.Launcher@main] Found entity class 'acme.framework.roles.Any 
2022-06-02 00:50:25.028 DEBUG [acme.Launcher@main] Found entity class 'acme.framework.roles.Authenticated 
2022-06-02 00:50:25.036 INFO  [acme.Launcher@main] Running application (Standalone) 
2022-06-02 00:50:39.379 DEBUG [org.hibernate.SQL@http-nio-8080-exec-9] select useraccoun0_.id as id1_0_, useraccoun0_.version as version2_0_, useraccoun0_.enabled as enabled1_16_, useraccoun0_.identity as identity2_16_, useraccoun0_.password as password3_16_, useraccoun0_.username as username4_16_ from user_account useraccoun0_ where useraccoun0_.username=? 
2022-06-02 00:50:39.420 TRACE [org.hibernate.type.descriptor.sql.BasicBinder@http-nio-8080-exec-9] binding parameter [1] as [VARCHAR] - [inventor1] 
2022-06-02 00:50:39.521 DEBUG [org.hibernate.SQL@http-nio-8080-exec-9] select roles0_.user_account_id as user_acc1_17_0_, roles0_.id as id1_17_0_, roles0_.id as id1_0_1_, roles0_.version as version2_0_1_, roles0_.user_account_id as user_acc1_17_1_, roles0_.company as company1_10_1_, roles0_.link as link2_10_1_, roles0_.statement as statemen3_10_1_, roles0_.company as company1_11_1_, roles0_.link as link2_11_1_, roles0_.statement as statemen3_11_1_, roles0_.clazz_ as clazz_1_ from ( select id, version, user_account_id, company, link, statement, 11 as clazz_ from inventor union all select id, version, user_account_id, company, link, statement, 12 as clazz_ from patron union all select id, version, user_account_id, null as company, null as link, null as statement, 14 as clazz_ from administrator union all select id, version, user_account_id, null as company, null as link, null as statement, 15 as clazz_ from anonymous union all select id, version, user_account_id, null as company, null as link, null as statement, 16 as clazz_ from any union all select id, version, user_account_id, null as company, null as link, null as statement, 17 as clazz_ from authenticated ) roles0_ where roles0_.user_account_id=? 
2022-06-02 00:50:39.522 TRACE [org.hibernate.type.descriptor.sql.BasicBinder@http-nio-8080-exec-9] binding parameter [1] as [INTEGER] - [7] 
2022-06-02 00:50:39.667 DEBUG [acme.framework.components.tiles.DynamicTilesView@http-nio-8080-exec-9] View name 'fragments/welcome', model {} 
2022-06-02 00:50:39.696 DEBUG [org.apache.tiles.definition.dao.BaseLocaleUrlDefinitionDAO@http-nio-8080-exec-9] File Resource file:/C:/Workspace-22.0/Projects/Acme-Toolkits-Individual-Deliverable/target/classes/WEB-INF/views/master/tiles_en.xml at file:/C:/Workspace-22.0/Projects/Acme-Toolkits-Individual-Deliverable/target/classes/WEB-INF/views/master/tiles_en.xml not found, continue 
2022-06-02 00:50:39.707 DEBUG [org.apache.jasper.servlet.JspServlet@http-nio-8080-exec-9] JspEngine --> /WEB-INF/views/master/page.jsp 
2022-06-02 00:50:39.708 DEBUG [org.apache.jasper.servlet.JspServlet@http-nio-8080-exec-9] ServletPath: /WEB-INF/views/master/page.jsp 
2022-06-02 00:50:39.710 DEBUG [org.apache.jasper.servlet.JspServlet@http-nio-8080-exec-9] PathInfo: null 
2022-06-02 00:50:39.712 DEBUG [org.apache.jasper.servlet.JspServlet@http-nio-8080-exec-9] RealPath: C:\Workspace-22.0\Projects\Acme-Toolkits-Individual-Deliverable\target\classes\WEB-INF\views\master\page.jsp 
2022-06-02 00:50:39.713 DEBUG [org.apache.jasper.servlet.JspServlet@http-nio-8080-exec-9] RequestURI: /acme-toolkits-22.7/WEB-INF/views/master/page.jsp 
2022-06-02 00:50:39.713 DEBUG [org.apache.jasper.servlet.JspServlet@http-nio-8080-exec-9] QueryString: null 
2022-06-02 00:50:46.058 DEBUG [acme.framework.configuration.ExtendedMessageSource@http-nio-8080-exec-9] Loading properties [C:\Workspace-22.0\Projects\Acme-Toolkits-Individual-Deliverable\target\classes\WEB-INF\views\administrator\administrator-dashboard\messages-en.i18n] with encoding 'utf-8' 
2022-06-02 00:50:46.060 DEBUG [acme.framework.configuration.ExtendedMessageSource@http-nio-8080-exec-9] Loading properties [C:\Workspace-22.0\Projects\Acme-Toolkits-Individual-Deliverable\target\classes\WEB-INF\views\administrator\announcement\messsages-en.i18n] with encoding 'utf-8' 
2022-06-02 00:50:46.064 DEBUG [acme.framework.configuration.ExtendedMessageSource@http-nio-8080-exec-9] Loading properties [C:\Workspace-22.0\Projects\Acme-Toolkits-Individual-Deliverable\target\classes\WEB-INF\views\administrator\config-data\messsages-en.i18n] with encoding 'utf-8' 
2022-06-02 00:50:46.065 DEBUG [acme.framework.configuration.ExtendedMessageSource@http-nio-8080-exec-9] Loading properties [C:\Workspace-22.0\Projects\Acme-Toolkits-Individual-Deliverable\target\classes\WEB-INF\views\administrator\user-account\messages-en.i18n] with encoding 'utf-8' 
2022-06-02 00:50:46.066 DEBUG [acme.framework.configuration.ExtendedMessageSource@http-nio-8080-exec-9] Loading properties [C:\Workspace-22.0\Projects\Acme-Toolkits-Individual-Deliverable\target\classes\WEB-INF\views\anonymous\user-account\messages-en.i18n] with encoding 'utf-8' 
2022-06-02 00:50:46.070 DEBUG [acme.framework.configuration.ExtendedMessageSource@http-nio-8080-exec-9] Loading properties [C:\Workspace-22.0\Projects\Acme-Toolkits-Individual-Deliverable\target\classes\WEB-INF\views\any\artifact\messages-en.i18n] with encoding 'utf-8' 
2022-06-02 00:50:46.071 DEBUG [acme.framework.configuration.ExtendedMessageSource@http-nio-8080-exec-9] Loading properties [C:\Workspace-22.0\Projects\Acme-Toolkits-Individual-Deliverable\target\classes\WEB-INF\views\any\chirp\messages-en.i18n] with encoding 'utf-8' 
2022-06-02 00:50:46.072 DEBUG [acme.framework.configuration.ExtendedMessageSource@http-nio-8080-exec-9] Loading properties [C:\Workspace-22.0\Projects\Acme-Toolkits-Individual-Deliverable\target\classes\WEB-INF\views\any\toolkit\messages-en.i18n] with encoding 'utf-8' 
2022-06-02 00:50:46.073 DEBUG [acme.framework.configuration.ExtendedMessageSource@http-nio-8080-exec-9] Loading properties [C:\Workspace-22.0\Projects\Acme-Toolkits-Individual-Deliverable\target\classes\WEB-INF\views\any\user-account\messages-en.i18n] with encoding 'utf-8' 
2022-06-02 00:50:46.073 DEBUG [acme.framework.configuration.ExtendedMessageSource@http-nio-8080-exec-9] Loading properties [C:\Workspace-22.0\Projects\Acme-Toolkits-Individual-Deliverable\target\classes\WEB-INF\views\authenticated\announcement\messsages-en.i18n] with encoding 'utf-8' 
2022-06-02 00:50:46.074 DEBUG [acme.framework.configuration.ExtendedMessageSource@http-nio-8080-exec-9] Loading properties [C:\Workspace-22.0\Projects\Acme-Toolkits-Individual-Deliverable\target\classes\WEB-INF\views\authenticated\config-data\messsages-en.i18n] with encoding 'utf-8' 
2022-06-02 00:50:46.076 DEBUG [acme.framework.configuration.ExtendedMessageSource@http-nio-8080-exec-9] Loading properties [C:\Workspace-22.0\Projects\Acme-Toolkits-Individual-Deliverable\target\classes\WEB-INF\views\authenticated\consumer\messsages-en.i18n] with encoding 'utf-8' 
2022-06-02 00:50:46.076 DEBUG [acme.framework.configuration.ExtendedMessageSource@http-nio-8080-exec-9] Loading properties [C:\Workspace-22.0\Projects\Acme-Toolkits-Individual-Deliverable\target\classes\WEB-INF\views\authenticated\inventor\messsages-en.i18n] with encoding 'utf-8' 
2022-06-02 00:50:46.077 DEBUG [acme.framework.configuration.ExtendedMessageSource@http-nio-8080-exec-9] Loading properties [C:\Workspace-22.0\Projects\Acme-Toolkits-Individual-Deliverable\target\classes\WEB-INF\views\authenticated\patron\messsages-en.i18n] with encoding 'utf-8' 
2022-06-02 00:50:46.078 DEBUG [acme.framework.configuration.ExtendedMessageSource@http-nio-8080-exec-9] Loading properties [C:\Workspace-22.0\Projects\Acme-Toolkits-Individual-Deliverable\target\classes\WEB-INF\views\authenticated\provider\messsages-en.i18n] with encoding 'utf-8' 
2022-06-02 00:50:46.079 DEBUG [acme.framework.configuration.ExtendedMessageSource@http-nio-8080-exec-9] Loading properties [C:\Workspace-22.0\Projects\Acme-Toolkits-Individual-Deliverable\target\classes\WEB-INF\views\authenticated\user-account\messages-en.i18n] with encoding 'utf-8' 
2022-06-02 00:50:46.080 DEBUG [acme.framework.configuration.ExtendedMessageSource@http-nio-8080-exec-9] Loading properties [C:\Workspace-22.0\Projects\Acme-Toolkits-Individual-Deliverable\target\classes\WEB-INF\views\fragments\banner-en.i18n] with encoding 'utf-8' 
2022-06-02 00:50:46.081 DEBUG [acme.framework.configuration.ExtendedMessageSource@http-nio-8080-exec-9] Loading properties [C:\Workspace-22.0\Projects\Acme-Toolkits-Individual-Deliverable\target\classes\WEB-INF\views\fragments\company-en.i18n] with encoding 'utf-8' 
2022-06-02 00:50:46.082 DEBUG [acme.framework.configuration.ExtendedMessageSource@http-nio-8080-exec-9] Loading properties [C:\Workspace-22.0\Projects\Acme-Toolkits-Individual-Deliverable\target\classes\WEB-INF\views\fragments\footer-en.i18n] with encoding 'utf-8' 
2022-06-02 00:50:46.083 DEBUG [acme.framework.configuration.ExtendedMessageSource@http-nio-8080-exec-9] Loading properties [C:\Workspace-22.0\Projects\Acme-Toolkits-Individual-Deliverable\target\classes\WEB-INF\views\fragments\license-en.i18n] with encoding 'utf-8' 
2022-06-02 00:50:46.084 DEBUG [acme.framework.configuration.ExtendedMessageSource@http-nio-8080-exec-9] Loading properties [C:\Workspace-22.0\Projects\Acme-Toolkits-Individual-Deliverable\target\classes\WEB-INF\views\fragments\menu-en.i18n] with encoding 'utf-8' 
2022-06-02 00:50:46.093 DEBUG [acme.framework.configuration.ExtendedMessageSource@http-nio-8080-exec-9] Loading properties [C:\Workspace-22.0\Projects\Acme-Toolkits-Individual-Deliverable\target\classes\WEB-INF\views\fragments\messsages-en.i18n] with encoding 'utf-8' 
2022-06-02 00:50:46.096 DEBUG [acme.framework.configuration.ExtendedMessageSource@http-nio-8080-exec-9] Loading properties [C:\Workspace-22.0\Projects\Acme-Toolkits-Individual-Deliverable\target\classes\WEB-INF\views\fragments\title-en.i18n] with encoding 'utf-8' 
2022-06-02 00:50:46.097 DEBUG [acme.framework.configuration.ExtendedMessageSource@http-nio-8080-exec-9] Loading properties [C:\Workspace-22.0\Projects\Acme-Toolkits-Individual-Deliverable\target\classes\WEB-INF\views\fragments\welcome-en.i18n] with encoding 'utf-8' 
2022-06-02 00:50:46.104 DEBUG [acme.framework.configuration.ExtendedMessageSource@http-nio-8080-exec-9] Loading properties [C:\Workspace-22.0\Projects\Acme-Toolkits-Individual-Deliverable\target\classes\WEB-INF\views\inventor\artifact\messages-en.i18n] with encoding 'utf-8' 
2022-06-02 00:50:46.106 DEBUG [acme.framework.configuration.ExtendedMessageSource@http-nio-8080-exec-9] Loading properties [C:\Workspace-22.0\Projects\Acme-Toolkits-Individual-Deliverable\target\classes\WEB-INF\views\inventor\chimpum\messages-en.i18n] with encoding 'utf-8' 
2022-06-02 00:50:46.107 DEBUG [acme.framework.configuration.ExtendedMessageSource@http-nio-8080-exec-9] Loading properties [C:\Workspace-22.0\Projects\Acme-Toolkits-Individual-Deliverable\target\classes\WEB-INF\views\inventor\patronage\messages-en.i18n] with encoding 'utf-8' 
2022-06-02 00:50:46.108 DEBUG [acme.framework.configuration.ExtendedMessageSource@http-nio-8080-exec-9] Loading properties [C:\Workspace-22.0\Projects\Acme-Toolkits-Individual-Deliverable\target\classes\WEB-INF\views\inventor\patronage-report\messages-en.i18n] with encoding 'utf-8' 
2022-06-02 00:50:46.109 DEBUG [acme.framework.configuration.ExtendedMessageSource@http-nio-8080-exec-9] Loading properties [C:\Workspace-22.0\Projects\Acme-Toolkits-Individual-Deliverable\target\classes\WEB-INF\views\inventor\quantity\messages-en.i18n] with encoding 'utf-8' 
2022-06-02 00:50:46.109 DEBUG [acme.framework.configuration.ExtendedMessageSource@http-nio-8080-exec-9] Loading properties [C:\Workspace-22.0\Projects\Acme-Toolkits-Individual-Deliverable\target\classes\WEB-INF\views\inventor\toolkit\messages-en.i18n] with encoding 'utf-8' 
2022-06-02 00:50:46.110 DEBUG [acme.framework.configuration.ExtendedMessageSource@http-nio-8080-exec-9] Loading properties [C:\Workspace-22.0\Projects\Acme-Toolkits-Individual-Deliverable\target\classes\WEB-INF\views\master\defaults-en.i18n] with encoding 'utf-8' 
2022-06-02 00:50:46.111 DEBUG [acme.framework.configuration.ExtendedMessageSource@http-nio-8080-exec-9] Loading properties [C:\Workspace-22.0\Projects\Acme-Toolkits-Individual-Deliverable\target\classes\WEB-INF\views\master\master-en.i18n] with encoding 'utf-8' 
2022-06-02 00:50:46.112 DEBUG [acme.framework.configuration.ExtendedMessageSource@http-nio-8080-exec-9] Loading properties [C:\Workspace-22.0\Projects\Acme-Toolkits-Individual-Deliverable\target\classes\WEB-INF\views\master\throwables-en.i18n] with encoding 'utf-8' 
2022-06-02 00:50:46.113 DEBUG [acme.framework.configuration.ExtendedMessageSource@http-nio-8080-exec-9] Loading properties [C:\Workspace-22.0\Projects\Acme-Toolkits-Individual-Deliverable\target\classes\WEB-INF\views\master\validation-en.i18n] with encoding 'utf-8' 
2022-06-02 00:50:46.114 DEBUG [acme.framework.configuration.ExtendedMessageSource@http-nio-8080-exec-9] Loading properties [C:\Workspace-22.0\Projects\Acme-Toolkits-Individual-Deliverable\target\classes\WEB-INF\views\patron\patron-dashboard\messages-en.i18n] with encoding 'utf-8' 
2022-06-02 00:50:46.115 DEBUG [acme.framework.configuration.ExtendedMessageSource@http-nio-8080-exec-9] Loading properties [C:\Workspace-22.0\Projects\Acme-Toolkits-Individual-Deliverable\target\classes\WEB-INF\views\patron\patronage\messages-en.i18n] with encoding 'utf-8' 
2022-06-02 00:50:46.116 DEBUG [acme.framework.configuration.ExtendedMessageSource@http-nio-8080-exec-9] Loading properties [C:\Workspace-22.0\Projects\Acme-Toolkits-Individual-Deliverable\target\classes\WEB-INF\views\patron\patronage-report\messages-en.i18n] with encoding 'utf-8' 
2022-06-02 00:50:46.420 DEBUG [org.apache.jasper.servlet.JspServlet@http-nio-8080-exec-9] JspEngine --> /WEB-INF/views/fragments/welcome.jsp 
2022-06-02 00:50:46.422 DEBUG [org.apache.jasper.servlet.JspServlet@http-nio-8080-exec-9] ServletPath: /WEB-INF/views/master/page.jsp 
2022-06-02 00:50:46.422 DEBUG [org.apache.jasper.servlet.JspServlet@http-nio-8080-exec-9] PathInfo: null 
2022-06-02 00:50:46.426 DEBUG [org.apache.jasper.servlet.JspServlet@http-nio-8080-exec-9] RealPath: C:\Workspace-22.0\Projects\Acme-Toolkits-Individual-Deliverable\target\classes\WEB-INF\views\fragments\welcome.jsp 
2022-06-02 00:50:46.429 DEBUG [org.apache.jasper.servlet.JspServlet@http-nio-8080-exec-9] RequestURI: /acme-toolkits-22.7/WEB-INF/views/master/page.jsp 
2022-06-02 00:50:46.430 DEBUG [org.apache.jasper.servlet.JspServlet@http-nio-8080-exec-9] QueryString: null 
2022-06-02 00:51:20.493 DEBUG [acme.framework.controllers.AbstractController@http-nio-8080-exec-10] DISPATCHING GET /acme-toolkits-22.7/inventor/toolkit/list 
2022-06-02 00:51:20.493 DEBUG [acme.framework.controllers.AbstractController@http-nio-8080-exec-10] Command: list 
2022-06-02 00:51:20.493 DEBUG [acme.framework.controllers.AbstractController@http-nio-8080-exec-10] Model:   {} 
2022-06-02 00:51:20.493 DEBUG [acme.framework.controllers.AbstractController@http-nio-8080-exec-10] Locale:  en 
2022-06-02 00:51:20.494 DEBUG [acme.framework.controllers.AbstractController@http-nio-8080-exec-10] Starting transaction 0c5bd987-8d54-4ec0-a727-58d5c1637b5c 
2022-06-02 00:51:20.508 DEBUG [org.hibernate.SQL@http-nio-8080-exec-10] select toolkit0_.id as id1_0_, toolkit0_.version as version2_0_, toolkit0_.assembly_notes as assembly1_15_, toolkit0_.code as code2_15_, toolkit0_.description as descript3_15_, toolkit0_.inventor_id as inventor7_15_, toolkit0_.link as link4_15_, toolkit0_.published as publishe5_15_, toolkit0_.title as title6_15_ from toolkit toolkit0_ where toolkit0_.inventor_id=? 
2022-06-02 00:51:20.508 TRACE [org.hibernate.type.descriptor.sql.BasicBinder@http-nio-8080-exec-10] binding parameter [1] as [INTEGER] - [9] 
2022-06-02 00:51:20.510 DEBUG [org.hibernate.SQL@http-nio-8080-exec-10] select inventor0_.id as id1_0_0_, inventor0_.version as version2_0_0_, inventor0_.user_account_id as user_acc1_17_0_, inventor0_.company as company1_10_0_, inventor0_.link as link2_10_0_, inventor0_.statement as statemen3_10_0_, useraccoun1_.id as id1_0_1_, useraccoun1_.version as version2_0_1_, useraccoun1_.enabled as enabled1_16_1_, useraccoun1_.identity as identity2_16_1_, useraccoun1_.password as password3_16_1_, useraccoun1_.username as username4_16_1_ from inventor inventor0_ inner join user_account useraccoun1_ on inventor0_.user_account_id=useraccoun1_.id where inventor0_.id=? 
2022-06-02 00:51:20.511 TRACE [org.hibernate.type.descriptor.sql.BasicBinder@http-nio-8080-exec-10] binding parameter [1] as [INTEGER] - [9] 
2022-06-02 00:51:20.546 DEBUG [acme.framework.controllers.AbstractController@http-nio-8080-exec-10] Committing transaction 0c5bd987-8d54-4ec0-a727-58d5c1637b5c 
2022-06-02 00:51:20.550 DEBUG [acme.framework.controllers.AbstractController@http-nio-8080-exec-10] Starting transaction 3a83cc35-1a4c-44f8-9aa2-8dca863a2fa7 
2022-06-02 00:51:20.552 DEBUG [acme.framework.controllers.AbstractController@http-nio-8080-exec-10] Committing transaction 3a83cc35-1a4c-44f8-9aa2-8dca863a2fa7 
2022-06-02 00:51:20.553 DEBUG [acme.framework.controllers.AbstractController@http-nio-8080-exec-10] SERVING GET /acme-toolkits-22.7/inventor/toolkit/list 
2022-06-02 00:51:20.553 DEBUG [acme.framework.controllers.AbstractController@http-nio-8080-exec-10] Result: ModelAndView [view="inventor/toolkit/list"; model={description[1]=a, description[2]=as, title[1]=Awesome Tool Kit, version[2]=0, description[0]=A complete tech tool kit, version[1]=0, title[2]=pitardo, list$size=3, version[0]=1, title[0]=aaaaaaaaaaaaaaaa, id[1]=30, id[0]=29, id[2]=41, command=list, principal=acme.framework.entities.Principal@524fd0ad}] 
2022-06-02 00:51:20.560 DEBUG [acme.framework.components.tiles.DynamicTilesView@http-nio-8080-exec-10] View name 'inventor/toolkit/list', model {description[1]=a, description[2]=as, title[1]=Awesome Tool Kit, version[2]=0, description[0]=A complete tech tool kit, version[1]=0, title[2]=pitardo, list$size=3, version[0]=1, title[0]=aaaaaaaaaaaaaaaa, id[1]=30, id[0]=29, id[2]=41, command=list, principal=acme.framework.entities.Principal@524fd0ad, org.springframework.validation.BindingResult.principal=org.springframework.validation.BeanPropertyBindingResult: 0 errors} 
2022-06-02 00:51:20.562 DEBUG [org.apache.jasper.servlet.JspServlet@http-nio-8080-exec-10] JspEngine --> /WEB-INF/views/master/page.jsp 
2022-06-02 00:51:20.563 DEBUG [org.apache.jasper.servlet.JspServlet@http-nio-8080-exec-10] ServletPath: /WEB-INF/views/master/page.jsp 
2022-06-02 00:51:20.563 DEBUG [org.apache.jasper.servlet.JspServlet@http-nio-8080-exec-10] PathInfo: null 
2022-06-02 00:51:20.565 DEBUG [org.apache.jasper.servlet.JspServlet@http-nio-8080-exec-10] RealPath: C:\Workspace-22.0\Projects\Acme-Toolkits-Individual-Deliverable\target\classes\WEB-INF\views\master\page.jsp 
2022-06-02 00:51:20.565 DEBUG [org.apache.jasper.servlet.JspServlet@http-nio-8080-exec-10] RequestURI: /acme-toolkits-22.7/WEB-INF/views/master/page.jsp 
2022-06-02 00:51:20.566 DEBUG [org.apache.jasper.servlet.JspServlet@http-nio-8080-exec-10] QueryString: null 
2022-06-02 00:51:20.790 DEBUG [org.apache.jasper.servlet.JspServlet@http-nio-8080-exec-10] JspEngine --> /WEB-INF/views/inventor/toolkit/list.jsp 
2022-06-02 00:51:20.791 DEBUG [org.apache.jasper.servlet.JspServlet@http-nio-8080-exec-10] ServletPath: /WEB-INF/views/master/page.jsp 
2022-06-02 00:51:20.792 DEBUG [org.apache.jasper.servlet.JspServlet@http-nio-8080-exec-10] PathInfo: null 
2022-06-02 00:51:20.794 DEBUG [org.apache.jasper.servlet.JspServlet@http-nio-8080-exec-10] RealPath: C:\Workspace-22.0\Projects\Acme-Toolkits-Individual-Deliverable\target\classes\WEB-INF\views\inventor\toolkit\list.jsp 
2022-06-02 00:51:20.794 DEBUG [org.apache.jasper.servlet.JspServlet@http-nio-8080-exec-10] RequestURI: /acme-toolkits-22.7/WEB-INF/views/master/page.jsp 
2022-06-02 00:51:20.795 DEBUG [org.apache.jasper.servlet.JspServlet@http-nio-8080-exec-10] QueryString: null 
2022-06-02 00:51:23.909 DEBUG [acme.framework.controllers.AbstractController@http-nio-8080-exec-10] DISPATCHING GET /acme-toolkits-22.7/inventor/toolkit/show 
2022-06-02 00:51:23.910 DEBUG [acme.framework.controllers.AbstractController@http-nio-8080-exec-10] Command: show 
2022-06-02 00:51:23.910 DEBUG [acme.framework.controllers.AbstractController@http-nio-8080-exec-10] Model:   {id=41} 
2022-06-02 00:51:23.910 DEBUG [acme.framework.controllers.AbstractController@http-nio-8080-exec-10] Locale:  en 
2022-06-02 00:51:23.910 DEBUG [acme.framework.controllers.AbstractController@http-nio-8080-exec-10] Starting transaction bc813707-22bb-4399-9aae-01a7244b356d 
2022-06-02 00:51:23.915 DEBUG [org.hibernate.SQL@http-nio-8080-exec-10] select inventor1_.id as id1_0_, inventor1_.version as version2_0_, inventor1_.user_account_id as user_acc1_17_, inventor1_.company as company1_10_, inventor1_.link as link2_10_, inventor1_.statement as statemen3_10_ from toolkit toolkit0_ inner join inventor inventor1_ on toolkit0_.inventor_id=inventor1_.id where toolkit0_.id=? 
2022-06-02 00:51:23.916 TRACE [org.hibernate.type.descriptor.sql.BasicBinder@http-nio-8080-exec-10] binding parameter [1] as [INTEGER] - [41] 
2022-06-02 00:51:23.917 DEBUG [org.hibernate.SQL@http-nio-8080-exec-10] select useraccoun0_.id as id1_0_0_, useraccoun0_.version as version2_0_0_, useraccoun0_.enabled as enabled1_16_0_, useraccoun0_.identity as identity2_16_0_, useraccoun0_.password as password3_16_0_, useraccoun0_.username as username4_16_0_ from user_account useraccoun0_ where useraccoun0_.id=? 
2022-06-02 00:51:23.917 TRACE [org.hibernate.type.descriptor.sql.BasicBinder@http-nio-8080-exec-10] binding parameter [1] as [INTEGER] - [7] 
2022-06-02 00:51:23.937 DEBUG [org.hibernate.SQL@http-nio-8080-exec-10] select toolkit0_.id as id1_0_, toolkit0_.version as version2_0_, toolkit0_.assembly_notes as assembly1_15_, toolkit0_.code as code2_15_, toolkit0_.description as descript3_15_, toolkit0_.inventor_id as inventor7_15_, toolkit0_.link as link4_15_, toolkit0_.published as publishe5_15_, toolkit0_.title as title6_15_ from toolkit toolkit0_ where toolkit0_.id=? 
2022-06-02 00:51:23.938 TRACE [org.hibernate.type.descriptor.sql.BasicBinder@http-nio-8080-exec-10] binding parameter [1] as [INTEGER] - [41] 
2022-06-02 00:51:23.942 DEBUG [org.hibernate.SQL@http-nio-8080-exec-10] select sum(artifact1_.retail_price_amount*quantity0_.amount) as col_0_0_ from quantity quantity0_ cross join artifact artifact1_ where quantity0_.artifact_id=artifact1_.id and quantity0_.toolkit_id=? 
2022-06-02 00:51:23.943 TRACE [org.hibernate.type.descriptor.sql.BasicBinder@http-nio-8080-exec-10] binding parameter [1] as [INTEGER] - [41] 
2022-06-02 00:51:23.947 DEBUG [acme.framework.controllers.AbstractController@http-nio-8080-exec-10] Committing transaction bc813707-22bb-4399-9aae-01a7244b356d 
2022-06-02 00:51:23.948 DEBUG [acme.framework.controllers.AbstractController@http-nio-8080-exec-10] Starting transaction 06921dc6-ff5f-4b95-91c8-725cb88bc269 
2022-06-02 00:51:23.949 DEBUG [acme.framework.controllers.AbstractController@http-nio-8080-exec-10] Committing transaction 06921dc6-ff5f-4b95-91c8-725cb88bc269 
2022-06-02 00:51:23.949 DEBUG [acme.framework.controllers.AbstractController@http-nio-8080-exec-10] SERVING GET /acme-toolkits-22.7/inventor/toolkit/show 
2022-06-02 00:51:23.951 DEBUG [acme.framework.controllers.AbstractController@http-nio-8080-exec-10] Result: ModelAndView [view="inventor/toolkit/form"; model={assemblyNotes=as, code=ABC-084-K, price=<<EUR 0.00>>, link=, description=as, published=false, id=41, title=pitardo, version=0, command=show, principal=acme.framework.entities.Principal@524fd0ad}] 
2022-06-02 00:51:23.952 DEBUG [acme.framework.components.tiles.DynamicTilesView@http-nio-8080-exec-10] View name 'inventor/toolkit/form', model {assemblyNotes=as, code=ABC-084-K, price=<<EUR 0.00>>, link=, description=as, published=false, id=41, title=pitardo, version=0, command=show, principal=acme.framework.entities.Principal@524fd0ad, org.springframework.validation.BindingResult.price=org.springframework.validation.BeanPropertyBindingResult: 0 errors, org.springframework.validation.BindingResult.principal=org.springframework.validation.BeanPropertyBindingResult: 0 errors} 
2022-06-02 00:51:23.953 DEBUG [org.apache.jasper.servlet.JspServlet@http-nio-8080-exec-10] JspEngine --> /WEB-INF/views/master/page.jsp 
2022-06-02 00:51:23.954 DEBUG [org.apache.jasper.servlet.JspServlet@http-nio-8080-exec-10] ServletPath: /WEB-INF/views/master/page.jsp 
2022-06-02 00:51:23.954 DEBUG [org.apache.jasper.servlet.JspServlet@http-nio-8080-exec-10] PathInfo: null 
2022-06-02 00:51:23.955 DEBUG [org.apache.jasper.servlet.JspServlet@http-nio-8080-exec-10] RealPath: C:\Workspace-22.0\Projects\Acme-Toolkits-Individual-Deliverable\target\classes\WEB-INF\views\master\page.jsp 
2022-06-02 00:51:23.956 DEBUG [org.apache.jasper.servlet.JspServlet@http-nio-8080-exec-10] RequestURI: /acme-toolkits-22.7/WEB-INF/views/master/page.jsp 
2022-06-02 00:51:23.957 DEBUG [org.apache.jasper.servlet.JspServlet@http-nio-8080-exec-10] QueryString: id=41 
2022-06-02 00:51:24.155 DEBUG [org.apache.jasper.servlet.JspServlet@http-nio-8080-exec-10] JspEngine --> /WEB-INF/views/inventor/toolkit/form.jsp 
2022-06-02 00:51:24.156 DEBUG [org.apache.jasper.servlet.JspServlet@http-nio-8080-exec-10] ServletPath: /WEB-INF/views/master/page.jsp 
2022-06-02 00:51:24.156 DEBUG [org.apache.jasper.servlet.JspServlet@http-nio-8080-exec-10] PathInfo: null 
2022-06-02 00:51:24.159 DEBUG [org.apache.jasper.servlet.JspServlet@http-nio-8080-exec-10] RealPath: C:\Workspace-22.0\Projects\Acme-Toolkits-Individual-Deliverable\target\classes\WEB-INF\views\inventor\toolkit\form.jsp 
2022-06-02 00:51:24.160 DEBUG [org.apache.jasper.servlet.JspServlet@http-nio-8080-exec-10] RequestURI: /acme-toolkits-22.7/WEB-INF/views/master/page.jsp 
2022-06-02 00:51:24.160 DEBUG [org.apache.jasper.servlet.JspServlet@http-nio-8080-exec-10] QueryString: id=41 
2022-06-02 00:51:28.849 DEBUG [acme.framework.controllers.AbstractController@http-nio-8080-exec-2] DISPATCHING GET /acme-toolkits-22.7/inventor/quantity/list 
2022-06-02 00:51:28.849 DEBUG [acme.framework.controllers.AbstractController@http-nio-8080-exec-2] Command: list 
2022-06-02 00:51:28.849 DEBUG [acme.framework.controllers.AbstractController@http-nio-8080-exec-2] Model:   {toolkitId=41} 
2022-06-02 00:51:28.849 DEBUG [acme.framework.controllers.AbstractController@http-nio-8080-exec-2] Locale:  en 
2022-06-02 00:51:28.849 DEBUG [acme.framework.controllers.AbstractController@http-nio-8080-exec-2] Starting transaction 213c1769-10fa-47ba-a576-ad2164f1d954 
2022-06-02 00:51:28.852 DEBUG [org.hibernate.SQL@http-nio-8080-exec-2] select toolkit0_.id as id1_0_, toolkit0_.version as version2_0_, toolkit0_.assembly_notes as assembly1_15_, toolkit0_.code as code2_15_, toolkit0_.description as descript3_15_, toolkit0_.inventor_id as inventor7_15_, toolkit0_.link as link4_15_, toolkit0_.published as publishe5_15_, toolkit0_.title as title6_15_ from toolkit toolkit0_ where toolkit0_.id=? 
2022-06-02 00:51:28.852 TRACE [org.hibernate.type.descriptor.sql.BasicBinder@http-nio-8080-exec-2] binding parameter [1] as [INTEGER] - [41] 
2022-06-02 00:51:28.853 DEBUG [org.hibernate.SQL@http-nio-8080-exec-2] select inventor0_.id as id1_0_0_, inventor0_.version as version2_0_0_, inventor0_.user_account_id as user_acc1_17_0_, inventor0_.company as company1_10_0_, inventor0_.link as link2_10_0_, inventor0_.statement as statemen3_10_0_, useraccoun1_.id as id1_0_1_, useraccoun1_.version as version2_0_1_, useraccoun1_.enabled as enabled1_16_1_, useraccoun1_.identity as identity2_16_1_, useraccoun1_.password as password3_16_1_, useraccoun1_.username as username4_16_1_ from inventor inventor0_ inner join user_account useraccoun1_ on inventor0_.user_account_id=useraccoun1_.id where inventor0_.id=? 
2022-06-02 00:51:28.854 TRACE [org.hibernate.type.descriptor.sql.BasicBinder@http-nio-8080-exec-2] binding parameter [1] as [INTEGER] - [9] 
2022-06-02 00:51:28.858 DEBUG [org.hibernate.SQL@http-nio-8080-exec-2] select quantity0_.id as id1_0_, quantity0_.version as version2_0_, quantity0_.amount as amount1_14_, quantity0_.artifact_id as artifact2_14_, quantity0_.toolkit_id as toolkit_3_14_ from quantity quantity0_ where quantity0_.toolkit_id=? 
2022-06-02 00:51:28.859 TRACE [org.hibernate.type.descriptor.sql.BasicBinder@http-nio-8080-exec-2] binding parameter [1] as [INTEGER] - [41] 
2022-06-02 00:51:28.861 DEBUG [org.hibernate.SQL@http-nio-8080-exec-2] select toolkit0_.id as id1_0_, toolkit0_.version as version2_0_, toolkit0_.assembly_notes as assembly1_15_, toolkit0_.code as code2_15_, toolkit0_.description as descript3_15_, toolkit0_.inventor_id as inventor7_15_, toolkit0_.link as link4_15_, toolkit0_.published as publishe5_15_, toolkit0_.title as title6_15_ from toolkit toolkit0_ where toolkit0_.id=? 
2022-06-02 00:51:28.862 TRACE [org.hibernate.type.descriptor.sql.BasicBinder@http-nio-8080-exec-2] binding parameter [1] as [INTEGER] - [41] 
2022-06-02 00:51:28.864 DEBUG [org.hibernate.SQL@http-nio-8080-exec-2] select inventor0_.id as id1_0_0_, inventor0_.version as version2_0_0_, inventor0_.user_account_id as user_acc1_17_0_, inventor0_.company as company1_10_0_, inventor0_.link as link2_10_0_, inventor0_.statement as statemen3_10_0_, useraccoun1_.id as id1_0_1_, useraccoun1_.version as version2_0_1_, useraccoun1_.enabled as enabled1_16_1_, useraccoun1_.identity as identity2_16_1_, useraccoun1_.password as password3_16_1_, useraccoun1_.username as username4_16_1_ from inventor inventor0_ inner join user_account useraccoun1_ on inventor0_.user_account_id=useraccoun1_.id where inventor0_.id=? 
2022-06-02 00:51:28.868 TRACE [org.hibernate.type.descriptor.sql.BasicBinder@http-nio-8080-exec-2] binding parameter [1] as [INTEGER] - [9] 
2022-06-02 00:51:28.880 DEBUG [org.hibernate.SQL@http-nio-8080-exec-2] select artifact0_.id as id1_0_, artifact0_.version as version2_0_, artifact0_.artifact_type as artifact1_5_, artifact0_.chimpum_id as chimpum10_5_, artifact0_.code as code2_5_, artifact0_.description as descript3_5_, artifact0_.inventor_id as invento11_5_, artifact0_.link as link4_5_, artifact0_.name as name5_5_, artifact0_.published as publishe6_5_, artifact0_.retail_price_amount as retail_p7_5_, artifact0_.retail_price_currency as retail_p8_5_, artifact0_.technology as technolo9_5_ from artifact artifact0_ where artifact0_.published=1 
2022-06-02 00:51:28.883 DEBUG [org.hibernate.SQL@http-nio-8080-exec-2] select inventor0_.id as id1_0_0_, inventor0_.version as version2_0_0_, inventor0_.user_account_id as user_acc1_17_0_, inventor0_.company as company1_10_0_, inventor0_.link as link2_10_0_, inventor0_.statement as statemen3_10_0_, useraccoun1_.id as id1_0_1_, useraccoun1_.version as version2_0_1_, useraccoun1_.enabled as enabled1_16_1_, useraccoun1_.identity as identity2_16_1_, useraccoun1_.password as password3_16_1_, useraccoun1_.username as username4_16_1_ from inventor inventor0_ inner join user_account useraccoun1_ on inventor0_.user_account_id=useraccoun1_.id where inventor0_.id=? 
2022-06-02 00:51:28.883 TRACE [org.hibernate.type.descriptor.sql.BasicBinder@http-nio-8080-exec-2] binding parameter [1] as [INTEGER] - [8] 
2022-06-02 00:51:28.886 DEBUG [org.hibernate.SQL@http-nio-8080-exec-2] select chimpum0_.id as id1_0_0_, chimpum0_.version as version2_0_0_, chimpum0_.budget_amount as budget_a1_7_0_, chimpum0_.budget_currency as budget_c2_7_0_, chimpum0_.creation_moment as creation3_7_0_, chimpum0_.description as descript4_7_0_, chimpum0_.finish_date as finish_d5_7_0_, chimpum0_.link as link6_7_0_, chimpum0_.pattern as pattern7_7_0_, chimpum0_.start_date as start_da8_7_0_, chimpum0_.title as title9_7_0_ from chimpum chimpum0_ where chimpum0_.id=? 
2022-06-02 00:51:28.886 TRACE [org.hibernate.type.descriptor.sql.BasicBinder@http-nio-8080-exec-2] binding parameter [1] as [INTEGER] - [11] 
2022-06-02 00:51:28.891 DEBUG [acme.framework.controllers.AbstractController@http-nio-8080-exec-2] Committing transaction 213c1769-10fa-47ba-a576-ad2164f1d954 
2022-06-02 00:51:28.900 DEBUG [acme.framework.controllers.AbstractController@http-nio-8080-exec-2] Starting transaction 2d07b856-fb31-4721-af93-08caa2b9f2d4 
2022-06-02 00:51:28.901 DEBUG [acme.framework.controllers.AbstractController@http-nio-8080-exec-2] Committing transaction 2d07b856-fb31-4721-af93-08caa2b9f2d4 
2022-06-02 00:51:28.902 DEBUG [acme.framework.controllers.AbstractController@http-nio-8080-exec-2] SERVING GET /acme-toolkits-22.7/inventor/quantity/list 
2022-06-02 00:51:28.902 DEBUG [acme.framework.controllers.AbstractController@http-nio-8080-exec-2] Result: ModelAndView [view="inventor/quantity/list"; model={toolkitId=41, showCreate=true, publishedArtifacts=true, list$size=0, command=list, principal=acme.framework.entities.Principal@524fd0ad}] 
2022-06-02 00:51:28.904 DEBUG [acme.framework.components.tiles.DynamicTilesView@http-nio-8080-exec-2] View name 'inventor/quantity/list', model {toolkitId=41, showCreate=true, publishedArtifacts=true, list$size=0, command=list, principal=acme.framework.entities.Principal@524fd0ad, org.springframework.validation.BindingResult.principal=org.springframework.validation.BeanPropertyBindingResult: 0 errors} 
2022-06-02 00:51:28.906 DEBUG [org.apache.jasper.servlet.JspServlet@http-nio-8080-exec-2] JspEngine --> /WEB-INF/views/master/page.jsp 
2022-06-02 00:51:28.906 DEBUG [org.apache.jasper.servlet.JspServlet@http-nio-8080-exec-2] ServletPath: /WEB-INF/views/master/page.jsp 
2022-06-02 00:51:28.907 DEBUG [org.apache.jasper.servlet.JspServlet@http-nio-8080-exec-2] PathInfo: null 
2022-06-02 00:51:28.909 DEBUG [org.apache.jasper.servlet.JspServlet@http-nio-8080-exec-2] RealPath: C:\Workspace-22.0\Projects\Acme-Toolkits-Individual-Deliverable\target\classes\WEB-INF\views\master\page.jsp 
2022-06-02 00:51:28.910 DEBUG [org.apache.jasper.servlet.JspServlet@http-nio-8080-exec-2] RequestURI: /acme-toolkits-22.7/WEB-INF/views/master/page.jsp 
2022-06-02 00:51:28.911 DEBUG [org.apache.jasper.servlet.JspServlet@http-nio-8080-exec-2] QueryString: toolkitId=41 
2022-06-02 00:51:29.090 DEBUG [org.apache.jasper.servlet.JspServlet@http-nio-8080-exec-2] JspEngine --> /WEB-INF/views/inventor/quantity/list.jsp 
2022-06-02 00:51:29.091 DEBUG [org.apache.jasper.servlet.JspServlet@http-nio-8080-exec-2] ServletPath: /WEB-INF/views/master/page.jsp 
2022-06-02 00:51:29.091 DEBUG [org.apache.jasper.servlet.JspServlet@http-nio-8080-exec-2] PathInfo: null 
2022-06-02 00:51:29.093 DEBUG [org.apache.jasper.servlet.JspServlet@http-nio-8080-exec-2] RealPath: C:\Workspace-22.0\Projects\Acme-Toolkits-Individual-Deliverable\target\classes\WEB-INF\views\inventor\quantity\list.jsp 
2022-06-02 00:51:29.094 DEBUG [org.apache.jasper.servlet.JspServlet@http-nio-8080-exec-2] RequestURI: /acme-toolkits-22.7/WEB-INF/views/master/page.jsp 
2022-06-02 00:51:29.095 DEBUG [org.apache.jasper.servlet.JspServlet@http-nio-8080-exec-2] QueryString: toolkitId=41 
2022-06-02 00:51:31.571 DEBUG [acme.framework.controllers.AbstractController@http-nio-8080-exec-2] DISPATCHING GET /acme-toolkits-22.7/inventor/quantity/create 
2022-06-02 00:51:31.571 DEBUG [acme.framework.controllers.AbstractController@http-nio-8080-exec-2] Command: create 
2022-06-02 00:51:31.572 DEBUG [acme.framework.controllers.AbstractController@http-nio-8080-exec-2] Model:   {toolkitId=41} 
2022-06-02 00:51:31.572 DEBUG [acme.framework.controllers.AbstractController@http-nio-8080-exec-2] Locale:  en 
2022-06-02 00:51:31.572 DEBUG [acme.framework.controllers.AbstractController@http-nio-8080-exec-2] Starting transaction 4bba2e19-6dd6-4b52-83aa-1f40d20f2057 
2022-06-02 00:51:31.583 DEBUG [org.hibernate.SQL@http-nio-8080-exec-2] select toolkit0_.id as id1_0_, toolkit0_.version as version2_0_, toolkit0_.assembly_notes as assembly1_15_, toolkit0_.code as code2_15_, toolkit0_.description as descript3_15_, toolkit0_.inventor_id as inventor7_15_, toolkit0_.link as link4_15_, toolkit0_.published as publishe5_15_, toolkit0_.title as title6_15_ from toolkit toolkit0_ where toolkit0_.id=? 
2022-06-02 00:51:31.584 TRACE [org.hibernate.type.descriptor.sql.BasicBinder@http-nio-8080-exec-2] binding parameter [1] as [INTEGER] - [41] 
2022-06-02 00:51:31.587 DEBUG [org.hibernate.SQL@http-nio-8080-exec-2] select inventor0_.id as id1_0_0_, inventor0_.version as version2_0_0_, inventor0_.user_account_id as user_acc1_17_0_, inventor0_.company as company1_10_0_, inventor0_.link as link2_10_0_, inventor0_.statement as statemen3_10_0_, useraccoun1_.id as id1_0_1_, useraccoun1_.version as version2_0_1_, useraccoun1_.enabled as enabled1_16_1_, useraccoun1_.identity as identity2_16_1_, useraccoun1_.password as password3_16_1_, useraccoun1_.username as username4_16_1_ from inventor inventor0_ inner join user_account useraccoun1_ on inventor0_.user_account_id=useraccoun1_.id where inventor0_.id=? 
2022-06-02 00:51:31.593 TRACE [org.hibernate.type.descriptor.sql.BasicBinder@http-nio-8080-exec-2] binding parameter [1] as [INTEGER] - [9] 
2022-06-02 00:51:31.600 DEBUG [org.hibernate.SQL@http-nio-8080-exec-2] select artifact0_.id as id1_0_, artifact0_.version as version2_0_, artifact0_.artifact_type as artifact1_5_, artifact0_.chimpum_id as chimpum10_5_, artifact0_.code as code2_5_, artifact0_.description as descript3_5_, artifact0_.inventor_id as invento11_5_, artifact0_.link as link4_5_, artifact0_.name as name5_5_, artifact0_.published as publishe6_5_, artifact0_.retail_price_amount as retail_p7_5_, artifact0_.retail_price_currency as retail_p8_5_, artifact0_.technology as technolo9_5_ from artifact artifact0_ where artifact0_.published=1 
2022-06-02 00:51:31.603 DEBUG [org.hibernate.SQL@http-nio-8080-exec-2] select inventor0_.id as id1_0_0_, inventor0_.version as version2_0_0_, inventor0_.user_account_id as user_acc1_17_0_, inventor0_.company as company1_10_0_, inventor0_.link as link2_10_0_, inventor0_.statement as statemen3_10_0_, useraccoun1_.id as id1_0_1_, useraccoun1_.version as version2_0_1_, useraccoun1_.enabled as enabled1_16_1_, useraccoun1_.identity as identity2_16_1_, useraccoun1_.password as password3_16_1_, useraccoun1_.username as username4_16_1_ from inventor inventor0_ inner join user_account useraccoun1_ on inventor0_.user_account_id=useraccoun1_.id where inventor0_.id=? 
2022-06-02 00:51:31.604 TRACE [org.hibernate.type.descriptor.sql.BasicBinder@http-nio-8080-exec-2] binding parameter [1] as [INTEGER] - [8] 
2022-06-02 00:51:31.608 DEBUG [org.hibernate.SQL@http-nio-8080-exec-2] select chimpum0_.id as id1_0_0_, chimpum0_.version as version2_0_0_, chimpum0_.budget_amount as budget_a1_7_0_, chimpum0_.budget_currency as budget_c2_7_0_, chimpum0_.creation_moment as creation3_7_0_, chimpum0_.description as descript4_7_0_, chimpum0_.finish_date as finish_d5_7_0_, chimpum0_.link as link6_7_0_, chimpum0_.pattern as pattern7_7_0_, chimpum0_.start_date as start_da8_7_0_, chimpum0_.title as title9_7_0_ from chimpum chimpum0_ where chimpum0_.id=? 
2022-06-02 00:51:31.608 TRACE [org.hibernate.type.descriptor.sql.BasicBinder@http-nio-8080-exec-2] binding parameter [1] as [INTEGER] - [11] 
2022-06-02 00:51:31.615 DEBUG [org.hibernate.SQL@http-nio-8080-exec-2] select toolkit0_.id as id1_0_, toolkit0_.version as version2_0_, toolkit0_.assembly_notes as assembly1_15_, toolkit0_.code as code2_15_, toolkit0_.description as descript3_15_, toolkit0_.inventor_id as inventor7_15_, toolkit0_.link as link4_15_, toolkit0_.published as publishe5_15_, toolkit0_.title as title6_15_ from toolkit toolkit0_ where toolkit0_.id=? 
2022-06-02 00:51:31.615 TRACE [org.hibernate.type.descriptor.sql.BasicBinder@http-nio-8080-exec-2] binding parameter [1] as [INTEGER] - [41] 
2022-06-02 00:51:31.622 DEBUG [org.hibernate.SQL@http-nio-8080-exec-2] select artifact0_.id as id1_0_, artifact0_.version as version2_0_, artifact0_.artifact_type as artifact1_5_, artifact0_.chimpum_id as chimpum10_5_, artifact0_.code as code2_5_, artifact0_.description as descript3_5_, artifact0_.inventor_id as invento11_5_, artifact0_.link as link4_5_, artifact0_.name as name5_5_, artifact0_.published as publishe6_5_, artifact0_.retail_price_amount as retail_p7_5_, artifact0_.retail_price_currency as retail_p8_5_, artifact0_.technology as technolo9_5_ from artifact artifact0_ where artifact0_.published=1 
2022-06-02 00:51:31.650 DEBUG [acme.framework.controllers.AbstractController@http-nio-8080-exec-2] Committing transaction 4bba2e19-6dd6-4b52-83aa-1f40d20f2057 
2022-06-02 00:51:31.665 DEBUG [acme.framework.controllers.AbstractController@http-nio-8080-exec-2] Starting transaction 4bd13f20-183b-4fb9-a380-743b03367681 
2022-06-02 00:51:31.666 DEBUG [acme.framework.controllers.AbstractController@http-nio-8080-exec-2] Committing transaction 4bd13f20-183b-4fb9-a380-743b03367681 
2022-06-02 00:51:31.667 DEBUG [acme.framework.controllers.AbstractController@http-nio-8080-exec-2] SERVING GET /acme-toolkits-22.7/inventor/quantity/create 
2022-06-02 00:51:31.667 DEBUG [acme.framework.controllers.AbstractController@http-nio-8080-exec-2] Result: ModelAndView [view="inventor/quantity/form"; model={toolkitId=41, amount=0, artifact.name=null, id=0, published=false, version=0, artifacts=[acme.entities.artifacts.Artifact{id=15, version=0}, acme.entities.artifacts.Artifact{id=16, version=0}, acme.entities.artifacts.Artifact{id=17, version=0}, acme.entities.artifacts.Artifact{id=18, version=0}, acme.entities.artifacts.Artifact{id=39, version=1}, acme.entities.artifacts.Artifact{id=40, version=1}, acme.entities.artifacts.Artifact{id=42, version=1}], command=create, principal=acme.framework.entities.Principal@524fd0ad}] 
2022-06-02 00:51:31.668 DEBUG [acme.framework.components.tiles.DynamicTilesView@http-nio-8080-exec-2] View name 'inventor/quantity/form', model {toolkitId=41, amount=0, artifact.name=null, id=0, published=false, version=0, artifacts=[acme.entities.artifacts.Artifact{id=15, version=0}, acme.entities.artifacts.Artifact{id=16, version=0}, acme.entities.artifacts.Artifact{id=17, version=0}, acme.entities.artifacts.Artifact{id=18, version=0}, acme.entities.artifacts.Artifact{id=39, version=1}, acme.entities.artifacts.Artifact{id=40, version=1}, acme.entities.artifacts.Artifact{id=42, version=1}], command=create, principal=acme.framework.entities.Principal@524fd0ad, org.springframework.validation.BindingResult.principal=org.springframework.validation.BeanPropertyBindingResult: 0 errors} 
2022-06-02 00:51:31.670 DEBUG [org.apache.jasper.servlet.JspServlet@http-nio-8080-exec-2] JspEngine --> /WEB-INF/views/master/page.jsp 
2022-06-02 00:51:31.670 DEBUG [org.apache.jasper.servlet.JspServlet@http-nio-8080-exec-2] ServletPath: /WEB-INF/views/master/page.jsp 
2022-06-02 00:51:31.671 DEBUG [org.apache.jasper.servlet.JspServlet@http-nio-8080-exec-2] PathInfo: null 
2022-06-02 00:51:31.673 DEBUG [org.apache.jasper.servlet.JspServlet@http-nio-8080-exec-2] RealPath: C:\Workspace-22.0\Projects\Acme-Toolkits-Individual-Deliverable\target\classes\WEB-INF\views\master\page.jsp 
2022-06-02 00:51:31.673 DEBUG [org.apache.jasper.servlet.JspServlet@http-nio-8080-exec-2] RequestURI: /acme-toolkits-22.7/WEB-INF/views/master/page.jsp 
2022-06-02 00:51:31.674 DEBUG [org.apache.jasper.servlet.JspServlet@http-nio-8080-exec-2] QueryString: toolkitId=41 
2022-06-02 00:51:31.908 DEBUG [org.apache.jasper.servlet.JspServlet@http-nio-8080-exec-2] JspEngine --> /WEB-INF/views/inventor/quantity/form.jsp 
2022-06-02 00:51:31.908 DEBUG [org.apache.jasper.servlet.JspServlet@http-nio-8080-exec-2] ServletPath: /WEB-INF/views/master/page.jsp 
2022-06-02 00:51:31.909 DEBUG [org.apache.jasper.servlet.JspServlet@http-nio-8080-exec-2] PathInfo: null 
2022-06-02 00:51:31.910 DEBUG [org.apache.jasper.servlet.JspServlet@http-nio-8080-exec-2] RealPath: C:\Workspace-22.0\Projects\Acme-Toolkits-Individual-Deliverable\target\classes\WEB-INF\views\inventor\quantity\form.jsp 
2022-06-02 00:51:31.911 DEBUG [org.apache.jasper.servlet.JspServlet@http-nio-8080-exec-2] RequestURI: /acme-toolkits-22.7/WEB-INF/views/master/page.jsp 
2022-06-02 00:51:31.911 DEBUG [org.apache.jasper.servlet.JspServlet@http-nio-8080-exec-2] QueryString: toolkitId=41 
2022-06-02 00:51:35.136 DEBUG [acme.framework.controllers.AbstractController@http-nio-8080-exec-1] DISPATCHING POST /acme-toolkits-22.7/inventor/quantity/create 
2022-06-02 00:51:35.136 DEBUG [acme.framework.controllers.AbstractController@http-nio-8080-exec-1] Command: create 
2022-06-02 00:51:35.136 DEBUG [acme.framework.controllers.AbstractController@http-nio-8080-exec-1] Model:   {toolkitId=41, id=0, version=0, _csrf=f3fb8561-ad4e-4833-aff2-0ececcc2d38a, amount=1, artifactName=Adobo photocho, artifactName_proxy=Adobo photocho} 
2022-06-02 00:51:35.136 DEBUG [acme.framework.controllers.AbstractController@http-nio-8080-exec-1] Locale:  en 
2022-06-02 00:51:35.136 DEBUG [acme.framework.controllers.AbstractController@http-nio-8080-exec-1] Starting transaction 0162aefe-7c0c-405c-a506-5abbd7d118ae 
2022-06-02 00:51:35.137 DEBUG [org.hibernate.SQL@http-nio-8080-exec-1] select toolkit0_.id as id1_0_, toolkit0_.version as version2_0_, toolkit0_.assembly_notes as assembly1_15_, toolkit0_.code as code2_15_, toolkit0_.description as descript3_15_, toolkit0_.inventor_id as inventor7_15_, toolkit0_.link as link4_15_, toolkit0_.published as publishe5_15_, toolkit0_.title as title6_15_ from toolkit toolkit0_ where toolkit0_.id=? 
2022-06-02 00:51:35.137 TRACE [org.hibernate.type.descriptor.sql.BasicBinder@http-nio-8080-exec-1] binding parameter [1] as [INTEGER] - [41] 
2022-06-02 00:51:35.139 DEBUG [org.hibernate.SQL@http-nio-8080-exec-1] select inventor0_.id as id1_0_0_, inventor0_.version as version2_0_0_, inventor0_.user_account_id as user_acc1_17_0_, inventor0_.company as company1_10_0_, inventor0_.link as link2_10_0_, inventor0_.statement as statemen3_10_0_, useraccoun1_.id as id1_0_1_, useraccoun1_.version as version2_0_1_, useraccoun1_.enabled as enabled1_16_1_, useraccoun1_.identity as identity2_16_1_, useraccoun1_.password as password3_16_1_, useraccoun1_.username as username4_16_1_ from inventor inventor0_ inner join user_account useraccoun1_ on inventor0_.user_account_id=useraccoun1_.id where inventor0_.id=? 
2022-06-02 00:51:35.139 TRACE [org.hibernate.type.descriptor.sql.BasicBinder@http-nio-8080-exec-1] binding parameter [1] as [INTEGER] - [9] 
2022-06-02 00:51:35.141 DEBUG [org.hibernate.SQL@http-nio-8080-exec-1] select artifact0_.id as id1_0_, artifact0_.version as version2_0_, artifact0_.artifact_type as artifact1_5_, artifact0_.chimpum_id as chimpum10_5_, artifact0_.code as code2_5_, artifact0_.description as descript3_5_, artifact0_.inventor_id as invento11_5_, artifact0_.link as link4_5_, artifact0_.name as name5_5_, artifact0_.published as publishe6_5_, artifact0_.retail_price_amount as retail_p7_5_, artifact0_.retail_price_currency as retail_p8_5_, artifact0_.technology as technolo9_5_ from artifact artifact0_ where artifact0_.published=1 
2022-06-02 00:51:35.147 DEBUG [org.hibernate.SQL@http-nio-8080-exec-1] select inventor0_.id as id1_0_0_, inventor0_.version as version2_0_0_, inventor0_.user_account_id as user_acc1_17_0_, inventor0_.company as company1_10_0_, inventor0_.link as link2_10_0_, inventor0_.statement as statemen3_10_0_, useraccoun1_.id as id1_0_1_, useraccoun1_.version as version2_0_1_, useraccoun1_.enabled as enabled1_16_1_, useraccoun1_.identity as identity2_16_1_, useraccoun1_.password as password3_16_1_, useraccoun1_.username as username4_16_1_ from inventor inventor0_ inner join user_account useraccoun1_ on inventor0_.user_account_id=useraccoun1_.id where inventor0_.id=? 
2022-06-02 00:51:35.148 TRACE [org.hibernate.type.descriptor.sql.BasicBinder@http-nio-8080-exec-1] binding parameter [1] as [INTEGER] - [8] 
2022-06-02 00:51:35.153 DEBUG [org.hibernate.SQL@http-nio-8080-exec-1] select chimpum0_.id as id1_0_0_, chimpum0_.version as version2_0_0_, chimpum0_.budget_amount as budget_a1_7_0_, chimpum0_.budget_currency as budget_c2_7_0_, chimpum0_.creation_moment as creation3_7_0_, chimpum0_.description as descript4_7_0_, chimpum0_.finish_date as finish_d5_7_0_, chimpum0_.link as link6_7_0_, chimpum0_.pattern as pattern7_7_0_, chimpum0_.start_date as start_da8_7_0_, chimpum0_.title as title9_7_0_ from chimpum chimpum0_ where chimpum0_.id=? 
2022-06-02 00:51:35.154 TRACE [org.hibernate.type.descriptor.sql.BasicBinder@http-nio-8080-exec-1] binding parameter [1] as [INTEGER] - [11] 
2022-06-02 00:51:35.158 DEBUG [org.hibernate.SQL@http-nio-8080-exec-1] select toolkit0_.id as id1_0_, toolkit0_.version as version2_0_, toolkit0_.assembly_notes as assembly1_15_, toolkit0_.code as code2_15_, toolkit0_.description as descript3_15_, toolkit0_.inventor_id as inventor7_15_, toolkit0_.link as link4_15_, toolkit0_.published as publishe5_15_, toolkit0_.title as title6_15_ from toolkit toolkit0_ where toolkit0_.id=? 
2022-06-02 00:51:35.158 TRACE [org.hibernate.type.descriptor.sql.BasicBinder@http-nio-8080-exec-1] binding parameter [1] as [INTEGER] - [41] 
2022-06-02 00:51:35.164 DEBUG [org.hibernate.SQL@http-nio-8080-exec-1] select artifact0_.id as id1_0_, artifact0_.version as version2_0_, artifact0_.artifact_type as artifact1_5_, artifact0_.chimpum_id as chimpum10_5_, artifact0_.code as code2_5_, artifact0_.description as descript3_5_, artifact0_.inventor_id as invento11_5_, artifact0_.link as link4_5_, artifact0_.name as name5_5_, artifact0_.published as publishe6_5_, artifact0_.retail_price_amount as retail_p7_5_, artifact0_.retail_price_currency as retail_p8_5_, artifact0_.technology as technolo9_5_ from artifact artifact0_ where artifact0_.name=? 
2022-06-02 00:51:35.164 TRACE [org.hibernate.type.descriptor.sql.BasicBinder@http-nio-8080-exec-1] binding parameter [1] as [VARCHAR] - [Adobo photocho] 
2022-06-02 00:51:35.271 DEBUG [org.hibernate.SQL@http-nio-8080-exec-1] select quantity0_.id as id1_0_, quantity0_.version as version2_0_, quantity0_.amount as amount1_14_, quantity0_.artifact_id as artifact2_14_, quantity0_.toolkit_id as toolkit_3_14_ from quantity quantity0_ where quantity0_.toolkit_id=? 
2022-06-02 00:51:35.273 TRACE [org.hibernate.type.descriptor.sql.BasicBinder@http-nio-8080-exec-1] binding parameter [1] as [INTEGER] - [41] 
2022-06-02 00:51:35.279 DEBUG [acme.framework.controllers.AbstractController@http-nio-8080-exec-1] Rolling transaction 0162aefe-7c0c-405c-a506-5abbd7d118ae back 
2022-06-02 00:51:35.284 DEBUG [acme.framework.controllers.AbstractController@http-nio-8080-exec-1] Starting transaction 2e5b1126-f1ed-4370-b92f-a90818f88a7d 
2022-06-02 00:51:35.285 DEBUG [acme.framework.controllers.AbstractController@http-nio-8080-exec-1] Committing transaction 2e5b1126-f1ed-4370-b92f-a90818f88a7d 
2022-06-02 00:51:35.286 DEBUG [acme.framework.controllers.AbstractController@http-nio-8080-exec-1] SERVING POST /acme-toolkits-22.7/inventor/quantity/create 
2022-06-02 00:51:35.287 DEBUG [acme.framework.controllers.AbstractController@http-nio-8080-exec-1] Result: ModelAndView [view="master/panic"; model={oops=java.lang.AssertionError: Attribute 'artifact.name' is missing in your model}] 
2022-06-02 00:51:35.287 DEBUG [acme.framework.components.tiles.DynamicTilesView@http-nio-8080-exec-1] View name 'master/panic', model {oops=java.lang.AssertionError: Attribute 'artifact.name' is missing in your model, org.springframework.validation.BindingResult.oops=org.springframework.validation.BeanPropertyBindingResult: 0 errors} 
2022-06-02 00:51:35.290 DEBUG [org.apache.jasper.servlet.JspServlet@http-nio-8080-exec-1] JspEngine --> /WEB-INF/views/master/page.jsp 
2022-06-02 00:51:35.291 DEBUG [org.apache.jasper.servlet.JspServlet@http-nio-8080-exec-1] ServletPath: /WEB-INF/views/master/page.jsp 
2022-06-02 00:51:35.292 DEBUG [org.apache.jasper.servlet.JspServlet@http-nio-8080-exec-1] PathInfo: null 
2022-06-02 00:51:35.296 DEBUG [org.apache.jasper.servlet.JspServlet@http-nio-8080-exec-1] RealPath: C:\Workspace-22.0\Projects\Acme-Toolkits-Individual-Deliverable\target\classes\WEB-INF\views\master\page.jsp 
2022-06-02 00:51:35.297 DEBUG [org.apache.jasper.servlet.JspServlet@http-nio-8080-exec-1] RequestURI: /acme-toolkits-22.7/WEB-INF/views/master/page.jsp 
2022-06-02 00:51:35.298 DEBUG [org.apache.jasper.servlet.JspServlet@http-nio-8080-exec-1] QueryString: toolkitId=41 
2022-06-02 00:51:35.540 DEBUG [org.apache.jasper.servlet.JspServlet@http-nio-8080-exec-1] JspEngine --> /WEB-INF/views/master/panic.jsp 
2022-06-02 00:51:35.541 DEBUG [org.apache.jasper.servlet.JspServlet@http-nio-8080-exec-1] ServletPath: /WEB-INF/views/master/page.jsp 
2022-06-02 00:51:35.543 DEBUG [org.apache.jasper.servlet.JspServlet@http-nio-8080-exec-1] PathInfo: null 
2022-06-02 00:51:35.544 DEBUG [org.apache.jasper.servlet.JspServlet@http-nio-8080-exec-1] RealPath: C:\Workspace-22.0\Projects\Acme-Toolkits-Individual-Deliverable\target\classes\WEB-INF\views\master\panic.jsp 
2022-06-02 00:51:35.545 DEBUG [org.apache.jasper.servlet.JspServlet@http-nio-8080-exec-1] RequestURI: /acme-toolkits-22.7/WEB-INF/views/master/page.jsp 
2022-06-02 00:51:35.546 DEBUG [org.apache.jasper.servlet.JspServlet@http-nio-8080-exec-1] QueryString: toolkitId=41 
2022-06-02 00:51:35.865 ERROR [org.apache.jsp.WEB_002dINF.views.master.panic_jsp@http-nio-8080-exec-1] HTTP POST /acme-toolkits-22.7/WEB-INF/views/master/page.jsp HTTP/1.1 
2022-06-02 00:51:35.865 ERROR [org.apache.jsp.WEB_002dINF.views.master.panic_jsp@http-nio-8080-exec-1] Status: 500 
2022-06-02 00:51:35.866 ERROR [org.apache.jsp.WEB_002dINF.views.master.panic_jsp@http-nio-8080-exec-1] Exception: acme.framework.components.models.Model.getAttribute(Model.java:136): Attribute 'artifact.name' is missing in your model 
