2022-05-29 12:38:22.315 INFO  [acme.Launcher@main] Starting Launcher using Java 1.8.0_281 on DESKTOP-UDQDLDQ with PID 5764 (C:\Workspace-22.0\Frameworks\Acme-Framework-22.7\target\classes started by david in C:\Workspace-22.0\Projects\Acme-Toolkits-Individual-Deliverable) 
2022-05-29 12:38:22.316 DEBUG [acme.Launcher@main] Running with Spring Boot v2.4.2, Spring v5.3.3 
2022-05-29 12:38:22.318 INFO  [acme.Launcher@main] The following profiles are active: development,default 
2022-05-29 12:38:26.926 DEBUG [org.apache.jasper.servlet.JasperInitializer@main] Initializing Jasper for context [application] 
2022-05-29 12:38:34.767 DEBUG [org.apache.jasper.servlet.JspServlet@main] Scratch dir for the JSP engine is: [C:\Users\david\AppData\Local\Temp\tomcat.8080.3903192988191784985\work\Tomcat\localhost\acme-toolkits-22.7] 
2022-05-29 12:38:34.768 DEBUG [org.apache.jasper.servlet.JspServlet@main] IMPORTANT: Do not modify the generated servlets 
2022-05-29 12:38:34.782 INFO  [acme.Launcher@main] Started Launcher in 13.455 seconds (JVM running for 14.321) 
2022-05-29 12:38:34.788 DEBUG [acme.Launcher@main] Found classpath entry '/C:/Workspace-22.0/Projects/Acme-Toolkits-Individual-Deliverable/target/test-classes/' 
2022-05-29 12:38:34.788 DEBUG [acme.Launcher@main] Found classpath entry '/C:/Workspace-22.0/Projects/Acme-Toolkits-Individual-Deliverable/target/classes/' 
2022-05-29 12:38:34.788 DEBUG [acme.Launcher@main] Found classpath entry '/C:/Workspace-22.0/Projects/Acme-Toolkits-Individual-Deliverable/lib/SpamDetector.jar' 
2022-05-29 12:38:34.788 DEBUG [acme.Launcher@main] Found classpath entry '/C:/Workspace-22.0/Frameworks/Acme-Framework-22.7/target/classes/' 
2022-05-29 12:38:34.788 DEBUG [acme.Launcher@main] Found classpath entry '/C:/Workspace-22.0/Frameworks/Acme-Framework-22.7/target/test-classes/' 
2022-05-29 12:38:34.789 DEBUG [acme.Launcher@main] Found classpath entry '/C:/Users/david/.m2/repository/org/springframework/boot/spring-boot-starter-tomcat/2.4.2/spring-boot-starter-tomcat-2.4.2.jar' 
2022-05-29 12:38:34.789 DEBUG [acme.Launcher@main] Found classpath entry '/C:/Users/david/.m2/repository/jakarta/annotation/jakarta.annotation-api/1.3.5/jakarta.annotation-api-1.3.5.jar' 
2022-05-29 12:38:34.789 DEBUG [acme.Launcher@main] Found classpath entry '/C:/Users/david/.m2/repository/org/apache/tomcat/embed/tomcat-embed-core/9.0.41/tomcat-embed-core-9.0.41.jar' 
2022-05-29 12:38:34.789 DEBUG [acme.Launcher@main] Found classpath entry '/C:/Users/david/.m2/repository/org/glassfish/jakarta.el/3.0.3/jakarta.el-3.0.3.jar' 
2022-05-29 12:38:34.789 DEBUG [acme.Launcher@main] Found classpath entry '/C:/Users/david/.m2/repository/org/apache/tomcat/embed/tomcat-embed-websocket/9.0.41/tomcat-embed-websocket-9.0.41.jar' 
2022-05-29 12:38:34.789 DEBUG [acme.Launcher@main] Found classpath entry '/C:/Users/david/.m2/repository/org/apache/tomcat/embed/tomcat-embed-jasper/9.0.41/tomcat-embed-jasper-9.0.41.jar' 
2022-05-29 12:38:34.790 DEBUG [acme.Launcher@main] Found classpath entry '/C:/Users/david/.m2/repository/org/apache/tomcat/embed/tomcat-embed-el/9.0.41/tomcat-embed-el-9.0.41.jar' 
2022-05-29 12:38:34.790 DEBUG [acme.Launcher@main] Found classpath entry '/C:/Users/david/.m2/repository/org/eclipse/jdt/ecj/3.18.0/ecj-3.18.0.jar' 
2022-05-29 12:38:34.790 DEBUG [acme.Launcher@main] Found classpath entry '/C:/Users/david/.m2/repository/javax/servlet/jstl/1.2/jstl-1.2.jar' 
2022-05-29 12:38:34.790 DEBUG [acme.Launcher@main] Found classpath entry '/C:/Users/david/.m2/repository/org/springframework/boot/spring-boot-starter-security/2.4.2/spring-boot-starter-security-2.4.2.jar' 
2022-05-29 12:38:34.790 DEBUG [acme.Launcher@main] Found classpath entry '/C:/Users/david/.m2/repository/org/springframework/boot/spring-boot-starter/2.4.2/spring-boot-starter-2.4.2.jar' 
2022-05-29 12:38:34.791 DEBUG [acme.Launcher@main] Found classpath entry '/C:/Users/david/.m2/repository/org/springframework/boot/spring-boot/2.4.2/spring-boot-2.4.2.jar' 
2022-05-29 12:38:34.791 DEBUG [acme.Launcher@main] Found classpath entry '/C:/Users/david/.m2/repository/org/springframework/boot/spring-boot-autoconfigure/2.4.2/spring-boot-autoconfigure-2.4.2.jar' 
2022-05-29 12:38:34.791 DEBUG [acme.Launcher@main] Found classpath entry '/C:/Users/david/.m2/repository/org/springframework/boot/spring-boot-starter-logging/2.4.2/spring-boot-starter-logging-2.4.2.jar' 
2022-05-29 12:38:34.791 DEBUG [acme.Launcher@main] Found classpath entry '/C:/Users/david/.m2/repository/ch/qos/logback/logback-classic/1.2.3/logback-classic-1.2.3.jar' 
2022-05-29 12:38:34.791 DEBUG [acme.Launcher@main] Found classpath entry '/C:/Users/david/.m2/repository/ch/qos/logback/logback-core/1.2.3/logback-core-1.2.3.jar' 
2022-05-29 12:38:34.791 DEBUG [acme.Launcher@main] Found classpath entry '/C:/Users/david/.m2/repository/org/apache/logging/log4j/log4j-to-slf4j/2.13.3/log4j-to-slf4j-2.13.3.jar' 
2022-05-29 12:38:34.791 DEBUG [acme.Launcher@main] Found classpath entry '/C:/Users/david/.m2/repository/org/apache/logging/log4j/log4j-api/2.13.3/log4j-api-2.13.3.jar' 
2022-05-29 12:38:34.791 DEBUG [acme.Launcher@main] Found classpath entry '/C:/Users/david/.m2/repository/org/slf4j/jul-to-slf4j/1.7.30/jul-to-slf4j-1.7.30.jar' 
2022-05-29 12:38:34.792 DEBUG [acme.Launcher@main] Found classpath entry '/C:/Users/david/.m2/repository/org/yaml/snakeyaml/1.27/snakeyaml-1.27.jar' 
2022-05-29 12:38:34.792 DEBUG [acme.Launcher@main] Found classpath entry '/C:/Users/david/.m2/repository/org/springframework/spring-aop/5.3.3/spring-aop-5.3.3.jar' 
2022-05-29 12:38:34.792 DEBUG [acme.Launcher@main] Found classpath entry '/C:/Users/david/.m2/repository/org/springframework/security/spring-security-web/5.4.2/spring-security-web-5.4.2.jar' 
2022-05-29 12:38:34.792 DEBUG [acme.Launcher@main] Found classpath entry '/C:/Users/david/.m2/repository/org/springframework/security/spring-security-core/5.4.2/spring-security-core-5.4.2.jar' 
2022-05-29 12:38:34.792 DEBUG [acme.Launcher@main] Found classpath entry '/C:/Users/david/.m2/repository/org/springframework/spring-beans/5.3.3/spring-beans-5.3.3.jar' 
2022-05-29 12:38:34.792 DEBUG [acme.Launcher@main] Found classpath entry '/C:/Users/david/.m2/repository/org/springframework/spring-context/5.3.3/spring-context-5.3.3.jar' 
2022-05-29 12:38:34.793 DEBUG [acme.Launcher@main] Found classpath entry '/C:/Users/david/.m2/repository/org/springframework/spring-core/5.3.3/spring-core-5.3.3.jar' 
2022-05-29 12:38:34.793 DEBUG [acme.Launcher@main] Found classpath entry '/C:/Users/david/.m2/repository/org/springframework/spring-jcl/5.3.3/spring-jcl-5.3.3.jar' 
2022-05-29 12:38:34.793 DEBUG [acme.Launcher@main] Found classpath entry '/C:/Users/david/.m2/repository/org/springframework/spring-expression/5.3.3/spring-expression-5.3.3.jar' 
2022-05-29 12:38:34.793 DEBUG [acme.Launcher@main] Found classpath entry '/C:/Users/david/.m2/repository/org/springframework/spring-web/5.3.3/spring-web-5.3.3.jar' 
2022-05-29 12:38:34.793 DEBUG [acme.Launcher@main] Found classpath entry '/C:/Users/david/.m2/repository/org/springframework/security/spring-security-config/5.4.2/spring-security-config-5.4.2.jar' 
2022-05-29 12:38:34.793 DEBUG [acme.Launcher@main] Found classpath entry '/C:/Users/david/.m2/repository/org/springframework/security/spring-security-taglibs/5.4.2/spring-security-taglibs-5.4.2.jar' 
2022-05-29 12:38:34.794 DEBUG [acme.Launcher@main] Found classpath entry '/C:/Users/david/.m2/repository/org/springframework/security/spring-security-acl/5.4.2/spring-security-acl-5.4.2.jar' 
2022-05-29 12:38:34.794 DEBUG [acme.Launcher@main] Found classpath entry '/C:/Users/david/.m2/repository/org/springframework/spring-jdbc/5.3.3/spring-jdbc-5.3.3.jar' 
2022-05-29 12:38:34.794 DEBUG [acme.Launcher@main] Found classpath entry '/C:/Users/david/.m2/repository/org/springframework/spring-tx/5.3.3/spring-tx-5.3.3.jar' 
2022-05-29 12:38:34.794 DEBUG [acme.Launcher@main] Found classpath entry '/C:/Users/david/.m2/repository/org/springframework/boot/spring-boot-starter-web/2.4.2/spring-boot-starter-web-2.4.2.jar' 
2022-05-29 12:38:34.794 DEBUG [acme.Launcher@main] Found classpath entry '/C:/Users/david/.m2/repository/org/springframework/boot/spring-boot-starter-json/2.4.2/spring-boot-starter-json-2.4.2.jar' 
2022-05-29 12:38:34.795 DEBUG [acme.Launcher@main] Found classpath entry '/C:/Users/david/.m2/repository/com/fasterxml/jackson/core/jackson-databind/2.11.4/jackson-databind-2.11.4.jar' 
2022-05-29 12:38:34.795 DEBUG [acme.Launcher@main] Found classpath entry '/C:/Users/david/.m2/repository/com/fasterxml/jackson/core/jackson-annotations/2.11.4/jackson-annotations-2.11.4.jar' 
2022-05-29 12:38:34.795 DEBUG [acme.Launcher@main] Found classpath entry '/C:/Users/david/.m2/repository/com/fasterxml/jackson/core/jackson-core/2.11.4/jackson-core-2.11.4.jar' 
2022-05-29 12:38:34.795 DEBUG [acme.Launcher@main] Found classpath entry '/C:/Users/david/.m2/repository/com/fasterxml/jackson/datatype/jackson-datatype-jdk8/2.11.4/jackson-datatype-jdk8-2.11.4.jar' 
2022-05-29 12:38:34.795 DEBUG [acme.Launcher@main] Found classpath entry '/C:/Users/david/.m2/repository/com/fasterxml/jackson/datatype/jackson-datatype-jsr310/2.11.4/jackson-datatype-jsr310-2.11.4.jar' 
2022-05-29 12:38:34.795 DEBUG [acme.Launcher@main] Found classpath entry '/C:/Users/david/.m2/repository/com/fasterxml/jackson/module/jackson-module-parameter-names/2.11.4/jackson-module-parameter-names-2.11.4.jar' 
2022-05-29 12:38:34.796 DEBUG [acme.Launcher@main] Found classpath entry '/C:/Users/david/.m2/repository/org/springframework/spring-webmvc/5.3.3/spring-webmvc-5.3.3.jar' 
2022-05-29 12:38:34.796 DEBUG [acme.Launcher@main] Found classpath entry '/C:/Users/david/.m2/repository/org/apache/tiles/tiles-jsp/3.0.8/tiles-jsp-3.0.8.jar' 
2022-05-29 12:38:34.796 DEBUG [acme.Launcher@main] Found classpath entry '/C:/Users/david/.m2/repository/org/apache/tiles/tiles-servlet/3.0.8/tiles-servlet-3.0.8.jar' 
2022-05-29 12:38:34.796 DEBUG [acme.Launcher@main] Found classpath entry '/C:/Users/david/.m2/repository/org/apache/tiles/tiles-core/3.0.8/tiles-core-3.0.8.jar' 
2022-05-29 12:38:34.796 DEBUG [acme.Launcher@main] Found classpath entry '/C:/Users/david/.m2/repository/commons-digester/commons-digester/2.0/commons-digester-2.0.jar' 
2022-05-29 12:38:34.796 DEBUG [acme.Launcher@main] Found classpath entry '/C:/Users/david/.m2/repository/org/slf4j/jcl-over-slf4j/1.7.30/jcl-over-slf4j-1.7.30.jar' 
2022-05-29 12:38:34.796 DEBUG [acme.Launcher@main] Found classpath entry '/C:/Users/david/.m2/repository/org/apache/tiles/tiles-request-servlet/1.0.7/tiles-request-servlet-1.0.7.jar' 
2022-05-29 12:38:34.797 DEBUG [acme.Launcher@main] Found classpath entry '/C:/Users/david/.m2/repository/org/apache/tiles/tiles-template/3.0.8/tiles-template-3.0.8.jar' 
2022-05-29 12:38:34.797 DEBUG [acme.Launcher@main] Found classpath entry '/C:/Users/david/.m2/repository/org/apache/tiles/tiles-api/3.0.8/tiles-api-3.0.8.jar' 
2022-05-29 12:38:34.797 DEBUG [acme.Launcher@main] Found classpath entry '/C:/Users/david/.m2/repository/org/apache/tiles/tiles-autotag-core-runtime/1.2/tiles-autotag-core-runtime-1.2.jar' 
2022-05-29 12:38:34.797 DEBUG [acme.Launcher@main] Found classpath entry '/C:/Users/david/.m2/repository/org/slf4j/slf4j-api/1.7.30/slf4j-api-1.7.30.jar' 
2022-05-29 12:38:34.797 DEBUG [acme.Launcher@main] Found classpath entry '/C:/Users/david/.m2/repository/org/apache/tiles/tiles-request-jsp/1.0.7/tiles-request-jsp-1.0.7.jar' 
2022-05-29 12:38:34.797 DEBUG [acme.Launcher@main] Found classpath entry '/C:/Users/david/.m2/repository/org/apache/tiles/tiles-request-api/1.0.7/tiles-request-api-1.0.7.jar' 
2022-05-29 12:38:34.798 DEBUG [acme.Launcher@main] Found classpath entry '/C:/Users/david/.m2/repository/org/springframework/boot/spring-boot-starter-data-jpa/2.4.2/spring-boot-starter-data-jpa-2.4.2.jar' 
2022-05-29 12:38:34.798 DEBUG [acme.Launcher@main] Found classpath entry '/C:/Users/david/.m2/repository/org/springframework/boot/spring-boot-starter-aop/2.4.2/spring-boot-starter-aop-2.4.2.jar' 
2022-05-29 12:38:34.798 DEBUG [acme.Launcher@main] Found classpath entry '/C:/Users/david/.m2/repository/org/aspectj/aspectjweaver/1.9.6/aspectjweaver-1.9.6.jar' 
2022-05-29 12:38:34.798 DEBUG [acme.Launcher@main] Found classpath entry '/C:/Users/david/.m2/repository/org/springframework/boot/spring-boot-starter-jdbc/2.4.2/spring-boot-starter-jdbc-2.4.2.jar' 
2022-05-29 12:38:34.798 DEBUG [acme.Launcher@main] Found classpath entry '/C:/Users/david/.m2/repository/jakarta/transaction/jakarta.transaction-api/1.3.3/jakarta.transaction-api-1.3.3.jar' 
2022-05-29 12:38:34.798 DEBUG [acme.Launcher@main] Found classpath entry '/C:/Users/david/.m2/repository/jakarta/persistence/jakarta.persistence-api/2.2.3/jakarta.persistence-api-2.2.3.jar' 
2022-05-29 12:38:34.799 DEBUG [acme.Launcher@main] Found classpath entry '/C:/Users/david/.m2/repository/org/hibernate/hibernate-core/5.4.27.Final/hibernate-core-5.4.27.Final.jar' 
2022-05-29 12:38:34.799 DEBUG [acme.Launcher@main] Found classpath entry '/C:/Users/david/.m2/repository/org/jboss/logging/jboss-logging/3.4.1.Final/jboss-logging-3.4.1.Final.jar' 
2022-05-29 12:38:34.799 DEBUG [acme.Launcher@main] Found classpath entry '/C:/Users/david/.m2/repository/org/javassist/javassist/3.27.0-GA/javassist-3.27.0-GA.jar' 
2022-05-29 12:38:34.799 DEBUG [acme.Launcher@main] Found classpath entry '/C:/Users/david/.m2/repository/antlr/antlr/2.7.7/antlr-2.7.7.jar' 
2022-05-29 12:38:34.800 DEBUG [acme.Launcher@main] Found classpath entry '/C:/Users/david/.m2/repository/org/jboss/jandex/2.1.3.Final/jandex-2.1.3.Final.jar' 
2022-05-29 12:38:34.800 DEBUG [acme.Launcher@main] Found classpath entry '/C:/Users/david/.m2/repository/com/fasterxml/classmate/1.5.1/classmate-1.5.1.jar' 
2022-05-29 12:38:34.800 DEBUG [acme.Launcher@main] Found classpath entry '/C:/Users/david/.m2/repository/org/dom4j/dom4j/2.1.3/dom4j-2.1.3.jar' 
2022-05-29 12:38:34.800 DEBUG [acme.Launcher@main] Found classpath entry '/C:/Users/david/.m2/repository/org/hibernate/common/hibernate-commons-annotations/5.1.2.Final/hibernate-commons-annotations-5.1.2.Final.jar' 
2022-05-29 12:38:34.800 DEBUG [acme.Launcher@main] Found classpath entry '/C:/Users/david/.m2/repository/org/glassfish/jaxb/jaxb-runtime/2.3.3/jaxb-runtime-2.3.3.jar' 
2022-05-29 12:38:34.800 DEBUG [acme.Launcher@main] Found classpath entry '/C:/Users/david/.m2/repository/org/glassfish/jaxb/txw2/2.3.3/txw2-2.3.3.jar' 
2022-05-29 12:38:34.800 DEBUG [acme.Launcher@main] Found classpath entry '/C:/Users/david/.m2/repository/com/sun/istack/istack-commons-runtime/3.0.11/istack-commons-runtime-3.0.11.jar' 
2022-05-29 12:38:34.801 DEBUG [acme.Launcher@main] Found classpath entry '/C:/Users/david/.m2/repository/com/sun/activation/jakarta.activation/1.2.2/jakarta.activation-1.2.2.jar' 
2022-05-29 12:38:34.802 DEBUG [acme.Launcher@main] Found classpath entry '/C:/Users/david/.m2/repository/org/springframework/data/spring-data-jpa/2.4.3/spring-data-jpa-2.4.3.jar' 
2022-05-29 12:38:34.802 DEBUG [acme.Launcher@main] Found classpath entry '/C:/Users/david/.m2/repository/org/springframework/data/spring-data-commons/2.4.3/spring-data-commons-2.4.3.jar' 
2022-05-29 12:38:34.802 DEBUG [acme.Launcher@main] Found classpath entry '/C:/Users/david/.m2/repository/org/springframework/spring-orm/5.3.3/spring-orm-5.3.3.jar' 
2022-05-29 12:38:34.802 DEBUG [acme.Launcher@main] Found classpath entry '/C:/Users/david/.m2/repository/org/springframework/spring-aspects/5.3.3/spring-aspects-5.3.3.jar' 
2022-05-29 12:38:34.802 DEBUG [acme.Launcher@main] Found classpath entry '/C:/Users/david/.m2/repository/org/springframework/boot/spring-boot-starter-validation/2.4.2/spring-boot-starter-validation-2.4.2.jar' 
2022-05-29 12:38:34.802 DEBUG [acme.Launcher@main] Found classpath entry '/C:/Users/david/.m2/repository/org/hibernate/validator/hibernate-validator/6.1.7.Final/hibernate-validator-6.1.7.Final.jar' 
2022-05-29 12:38:34.803 DEBUG [acme.Launcher@main] Found classpath entry '/C:/Users/david/.m2/repository/jakarta/validation/jakarta.validation-api/2.0.2/jakarta.validation-api-2.0.2.jar' 
2022-05-29 12:38:34.803 DEBUG [acme.Launcher@main] Found classpath entry '/C:/Users/david/.m2/repository/mysql/mysql-connector-java/8.0.22/mysql-connector-java-8.0.22.jar' 
2022-05-29 12:38:34.803 DEBUG [acme.Launcher@main] Found classpath entry '/C:/Users/david/.m2/repository/com/zaxxer/HikariCP/3.4.5/HikariCP-3.4.5.jar' 
2022-05-29 12:38:34.803 DEBUG [acme.Launcher@main] Found classpath entry '/C:/Users/david/.m2/repository/org/springframework/boot/spring-boot-starter-test/2.4.2/spring-boot-starter-test-2.4.2.jar' 
2022-05-29 12:38:34.803 DEBUG [acme.Launcher@main] Found classpath entry '/C:/Users/david/.m2/repository/org/springframework/boot/spring-boot-test/2.4.2/spring-boot-test-2.4.2.jar' 
2022-05-29 12:38:34.803 DEBUG [acme.Launcher@main] Found classpath entry '/C:/Users/david/.m2/repository/org/springframework/boot/spring-boot-test-autoconfigure/2.4.2/spring-boot-test-autoconfigure-2.4.2.jar' 
2022-05-29 12:38:34.804 DEBUG [acme.Launcher@main] Found classpath entry '/C:/Users/david/.m2/repository/com/jayway/jsonpath/json-path/2.4.0/json-path-2.4.0.jar' 
2022-05-29 12:38:34.804 DEBUG [acme.Launcher@main] Found classpath entry '/C:/Users/david/.m2/repository/net/minidev/json-smart/2.3/json-smart-2.3.jar' 
2022-05-29 12:38:34.804 DEBUG [acme.Launcher@main] Found classpath entry '/C:/Users/david/.m2/repository/net/minidev/accessors-smart/1.2/accessors-smart-1.2.jar' 
2022-05-29 12:38:34.804 DEBUG [acme.Launcher@main] Found classpath entry '/C:/Users/david/.m2/repository/org/ow2/asm/asm/5.0.4/asm-5.0.4.jar' 
2022-05-29 12:38:34.804 DEBUG [acme.Launcher@main] Found classpath entry '/C:/Users/david/.m2/repository/jakarta/xml/bind/jakarta.xml.bind-api/2.3.3/jakarta.xml.bind-api-2.3.3.jar' 
2022-05-29 12:38:34.804 DEBUG [acme.Launcher@main] Found classpath entry '/C:/Users/david/.m2/repository/jakarta/activation/jakarta.activation-api/1.2.2/jakarta.activation-api-1.2.2.jar' 
2022-05-29 12:38:34.804 DEBUG [acme.Launcher@main] Found classpath entry '/C:/Users/david/.m2/repository/org/assertj/assertj-core/3.18.1/assertj-core-3.18.1.jar' 
2022-05-29 12:38:34.805 DEBUG [acme.Launcher@main] Found classpath entry '/C:/Users/david/.m2/repository/org/hamcrest/hamcrest/2.2/hamcrest-2.2.jar' 
2022-05-29 12:38:34.805 DEBUG [acme.Launcher@main] Found classpath entry '/C:/Users/david/.m2/repository/org/junit/jupiter/junit-jupiter/5.7.0/junit-jupiter-5.7.0.jar' 
2022-05-29 12:38:34.805 DEBUG [acme.Launcher@main] Found classpath entry '/C:/Users/david/.m2/repository/org/mockito/mockito-core/3.6.28/mockito-core-3.6.28.jar' 
2022-05-29 12:38:34.805 DEBUG [acme.Launcher@main] Found classpath entry '/C:/Users/david/.m2/repository/net/bytebuddy/byte-buddy-agent/1.10.19/byte-buddy-agent-1.10.19.jar' 
2022-05-29 12:38:34.805 DEBUG [acme.Launcher@main] Found classpath entry '/C:/Users/david/.m2/repository/org/objenesis/objenesis/3.1/objenesis-3.1.jar' 
2022-05-29 12:38:34.805 DEBUG [acme.Launcher@main] Found classpath entry '/C:/Users/david/.m2/repository/org/mockito/mockito-junit-jupiter/3.6.28/mockito-junit-jupiter-3.6.28.jar' 
2022-05-29 12:38:34.805 DEBUG [acme.Launcher@main] Found classpath entry '/C:/Users/david/.m2/repository/org/skyscreamer/jsonassert/1.5.0/jsonassert-1.5.0.jar' 
2022-05-29 12:38:34.806 DEBUG [acme.Launcher@main] Found classpath entry '/C:/Users/david/.m2/repository/com/vaadin/external/google/android-json/0.0.20131108.vaadin1/android-json-0.0.20131108.vaadin1.jar' 
2022-05-29 12:38:34.806 DEBUG [acme.Launcher@main] Found classpath entry '/C:/Users/david/.m2/repository/org/springframework/spring-test/5.3.3/spring-test-5.3.3.jar' 
2022-05-29 12:38:34.806 DEBUG [acme.Launcher@main] Found classpath entry '/C:/Users/david/.m2/repository/org/xmlunit/xmlunit-core/2.7.0/xmlunit-core-2.7.0.jar' 
2022-05-29 12:38:34.806 DEBUG [acme.Launcher@main] Found classpath entry '/C:/Users/david/.m2/repository/org/junit/jupiter/junit-jupiter-engine/5.7.0/junit-jupiter-engine-5.7.0.jar' 
2022-05-29 12:38:34.806 DEBUG [acme.Launcher@main] Found classpath entry '/C:/Users/david/.m2/repository/org/apiguardian/apiguardian-api/1.1.0/apiguardian-api-1.1.0.jar' 
2022-05-29 12:38:34.806 DEBUG [acme.Launcher@main] Found classpath entry '/C:/Users/david/.m2/repository/org/junit/platform/junit-platform-engine/1.7.0/junit-platform-engine-1.7.0.jar' 
2022-05-29 12:38:34.806 DEBUG [acme.Launcher@main] Found classpath entry '/C:/Users/david/.m2/repository/org/junit/jupiter/junit-jupiter-api/5.7.0/junit-jupiter-api-5.7.0.jar' 
2022-05-29 12:38:34.806 DEBUG [acme.Launcher@main] Found classpath entry '/C:/Users/david/.m2/repository/org/opentest4j/opentest4j/1.2.0/opentest4j-1.2.0.jar' 
2022-05-29 12:38:34.807 DEBUG [acme.Launcher@main] Found classpath entry '/C:/Users/david/.m2/repository/org/junit/platform/junit-platform-commons/1.7.0/junit-platform-commons-1.7.0.jar' 
2022-05-29 12:38:34.807 DEBUG [acme.Launcher@main] Found classpath entry '/C:/Users/david/.m2/repository/org/junit/jupiter/junit-jupiter-params/5.7.0/junit-jupiter-params-5.7.0.jar' 
2022-05-29 12:38:34.807 DEBUG [acme.Launcher@main] Found classpath entry '/C:/Users/david/.m2/repository/org/junit/platform/junit-platform-launcher/1.7.0/junit-platform-launcher-1.7.0.jar' 
2022-05-29 12:38:34.807 DEBUG [acme.Launcher@main] Found classpath entry '/C:/Users/david/.m2/repository/org/seleniumhq/selenium/selenium-java/3.141.59/selenium-java-3.141.59.jar' 
2022-05-29 12:38:34.807 DEBUG [acme.Launcher@main] Found classpath entry '/C:/Users/david/.m2/repository/org/seleniumhq/selenium/selenium-api/3.141.59/selenium-api-3.141.59.jar' 
2022-05-29 12:38:34.807 DEBUG [acme.Launcher@main] Found classpath entry '/C:/Users/david/.m2/repository/org/seleniumhq/selenium/selenium-chrome-driver/3.141.59/selenium-chrome-driver-3.141.59.jar' 
2022-05-29 12:38:34.807 DEBUG [acme.Launcher@main] Found classpath entry '/C:/Users/david/.m2/repository/org/seleniumhq/selenium/selenium-edge-driver/3.141.59/selenium-edge-driver-3.141.59.jar' 
2022-05-29 12:38:34.808 DEBUG [acme.Launcher@main] Found classpath entry '/C:/Users/david/.m2/repository/org/seleniumhq/selenium/selenium-firefox-driver/3.141.59/selenium-firefox-driver-3.141.59.jar' 
2022-05-29 12:38:34.808 DEBUG [acme.Launcher@main] Found classpath entry '/C:/Users/david/.m2/repository/org/seleniumhq/selenium/selenium-ie-driver/3.141.59/selenium-ie-driver-3.141.59.jar' 
2022-05-29 12:38:34.808 DEBUG [acme.Launcher@main] Found classpath entry '/C:/Users/david/.m2/repository/org/seleniumhq/selenium/selenium-opera-driver/3.141.59/selenium-opera-driver-3.141.59.jar' 
2022-05-29 12:38:34.808 DEBUG [acme.Launcher@main] Found classpath entry '/C:/Users/david/.m2/repository/org/seleniumhq/selenium/selenium-remote-driver/3.141.59/selenium-remote-driver-3.141.59.jar' 
2022-05-29 12:38:34.808 DEBUG [acme.Launcher@main] Found classpath entry '/C:/Users/david/.m2/repository/org/seleniumhq/selenium/selenium-safari-driver/3.141.59/selenium-safari-driver-3.141.59.jar' 
2022-05-29 12:38:34.808 DEBUG [acme.Launcher@main] Found classpath entry '/C:/Users/david/.m2/repository/org/seleniumhq/selenium/selenium-support/3.141.59/selenium-support-3.141.59.jar' 
2022-05-29 12:38:34.808 DEBUG [acme.Launcher@main] Found classpath entry '/C:/Users/david/.m2/repository/net/bytebuddy/byte-buddy/1.10.19/byte-buddy-1.10.19.jar' 
2022-05-29 12:38:34.809 DEBUG [acme.Launcher@main] Found classpath entry '/C:/Users/david/.m2/repository/org/apache/commons/commons-exec/1.3/commons-exec-1.3.jar' 
2022-05-29 12:38:34.809 DEBUG [acme.Launcher@main] Found classpath entry '/C:/Users/david/.m2/repository/com/google/guava/guava/25.0-jre/guava-25.0-jre.jar' 
2022-05-29 12:38:34.809 DEBUG [acme.Launcher@main] Found classpath entry '/C:/Users/david/.m2/repository/com/google/code/findbugs/jsr305/1.3.9/jsr305-1.3.9.jar' 
2022-05-29 12:38:34.809 DEBUG [acme.Launcher@main] Found classpath entry '/C:/Users/david/.m2/repository/org/checkerframework/checker-compat-qual/2.0.0/checker-compat-qual-2.0.0.jar' 
2022-05-29 12:38:34.809 DEBUG [acme.Launcher@main] Found classpath entry '/C:/Users/david/.m2/repository/com/google/errorprone/error_prone_annotations/2.1.3/error_prone_annotations-2.1.3.jar' 
2022-05-29 12:38:34.809 DEBUG [acme.Launcher@main] Found classpath entry '/C:/Users/david/.m2/repository/com/google/j2objc/j2objc-annotations/1.1/j2objc-annotations-1.1.jar' 
2022-05-29 12:38:34.809 DEBUG [acme.Launcher@main] Found classpath entry '/C:/Users/david/.m2/repository/org/codehaus/mojo/animal-sniffer-annotations/1.14/animal-sniffer-annotations-1.14.jar' 
2022-05-29 12:38:34.810 DEBUG [acme.Launcher@main] Found classpath entry '/C:/Users/david/.m2/repository/com/squareup/okhttp3/okhttp/3.14.9/okhttp-3.14.9.jar' 
2022-05-29 12:38:34.810 DEBUG [acme.Launcher@main] Found classpath entry '/C:/Users/david/.m2/repository/com/squareup/okio/okio/1.14.0/okio-1.14.0.jar' 
2022-05-29 12:38:34.810 DEBUG [acme.Launcher@main] Found classpath entry '/C:/Users/david/.m2/repository/org/apache/commons/commons-lang3/3.11/commons-lang3-3.11.jar' 
2022-05-29 12:38:34.810 DEBUG [acme.Launcher@main] Found classpath entry '/C:/Users/david/.m2/repository/org/apache/commons/commons-text/1.8/commons-text-1.8.jar' 
2022-05-29 12:38:34.810 DEBUG [acme.Launcher@main] Found classpath entry '/C:/Users/david/.m2/repository/commons-io/commons-io/2.6/commons-io-2.6.jar' 
2022-05-29 12:38:34.810 DEBUG [acme.Launcher@main] Found classpath entry '/C:/Users/david/.m2/repository/commons-cli/commons-cli/1.4/commons-cli-1.4.jar' 
2022-05-29 12:38:34.810 DEBUG [acme.Launcher@main] Found classpath entry '/C:/Users/david/.m2/repository/org/projectlombok/lombok/1.18.16/lombok-1.18.16.jar' 
2022-05-29 12:38:34.810 DEBUG [acme.Launcher@main] Found classpath entry '/C:/Users/david/.m2/repository/com/opencsv/opencsv/5.4/opencsv-5.4.jar' 
2022-05-29 12:38:34.811 DEBUG [acme.Launcher@main] Found classpath entry '/C:/Users/david/.m2/repository/commons-beanutils/commons-beanutils/1.9.4/commons-beanutils-1.9.4.jar' 
2022-05-29 12:38:34.811 DEBUG [acme.Launcher@main] Found classpath entry '/C:/Users/david/.m2/repository/commons-logging/commons-logging/1.2/commons-logging-1.2.jar' 
2022-05-29 12:38:34.811 DEBUG [acme.Launcher@main] Found classpath entry '/C:/Users/david/.m2/repository/commons-collections/commons-collections/3.2.2/commons-collections-3.2.2.jar' 
2022-05-29 12:38:34.811 DEBUG [acme.Launcher@main] Found classpath entry '/C:/Users/david/.m2/repository/org/apache/commons/commons-collections4/4.4/commons-collections4-4.4.jar' 
2022-05-29 12:38:35.032 DEBUG [acme.Launcher@main] Found entity class 'acme.entities.CHIMPUM.CHIMPUM 
2022-05-29 12:38:35.032 DEBUG [acme.Launcher@main] Found entity class 'acme.entities.announcements.Announcement 
2022-05-29 12:38:35.032 DEBUG [acme.Launcher@main] Found entity class 'acme.entities.artifacts.Artifact 
2022-05-29 12:38:35.032 DEBUG [acme.Launcher@main] Found entity class 'acme.entities.artifacts.Quantity 
2022-05-29 12:38:35.032 DEBUG [acme.Launcher@main] Found entity class 'acme.entities.artifacts.Toolkit 
2022-05-29 12:38:35.032 DEBUG [acme.Launcher@main] Found entity class 'acme.entities.chirps.Chirp 
2022-05-29 12:38:35.032 DEBUG [acme.Launcher@main] Found entity class 'acme.entities.configData.ConfigData 
2022-05-29 12:38:35.032 DEBUG [acme.Launcher@main] Found entity class 'acme.entities.patronage.Patronage 
2022-05-29 12:38:35.033 DEBUG [acme.Launcher@main] Found entity class 'acme.entities.patronage.PatronageReport 
2022-05-29 12:38:35.033 DEBUG [acme.Launcher@main] Found entity class 'acme.roles.Inventor 
2022-05-29 12:38:35.033 DEBUG [acme.Launcher@main] Found entity class 'acme.roles.Patron 
2022-05-29 12:38:35.033 DEBUG [acme.Launcher@main] Found entity class 'acme.framework.entities.UserAccount 
2022-05-29 12:38:35.033 DEBUG [acme.Launcher@main] Found entity class 'acme.framework.roles.Administrator 
2022-05-29 12:38:35.034 DEBUG [acme.Launcher@main] Found entity class 'acme.framework.roles.Anonymous 
2022-05-29 12:38:35.034 DEBUG [acme.Launcher@main] Found entity class 'acme.framework.roles.Any 
2022-05-29 12:38:35.034 DEBUG [acme.Launcher@main] Found entity class 'acme.framework.roles.Authenticated 
2022-05-29 12:38:35.041 INFO  [acme.Launcher@main] Running application (Standalone) 
2022-05-29 12:38:53.956 DEBUG [org.hibernate.SQL@http-nio-8080-exec-1] select useraccoun0_.id as id1_0_, useraccoun0_.version as version2_0_, useraccoun0_.enabled as enabled1_16_, useraccoun0_.identity as identity2_16_, useraccoun0_.password as password3_16_, useraccoun0_.username as username4_16_ from user_account useraccoun0_ where useraccoun0_.username=? 
2022-05-29 12:38:53.983 TRACE [org.hibernate.type.descriptor.sql.BasicBinder@http-nio-8080-exec-1] binding parameter [1] as [VARCHAR] - [inventor1] 
2022-05-29 12:38:54.056 DEBUG [org.hibernate.SQL@http-nio-8080-exec-1] select roles0_.user_account_id as user_acc1_17_0_, roles0_.id as id1_17_0_, roles0_.id as id1_0_1_, roles0_.version as version2_0_1_, roles0_.user_account_id as user_acc1_17_1_, roles0_.company as company1_10_1_, roles0_.link as link2_10_1_, roles0_.statement as statemen3_10_1_, roles0_.company as company1_11_1_, roles0_.link as link2_11_1_, roles0_.statement as statemen3_11_1_, roles0_.clazz_ as clazz_1_ from ( select id, version, user_account_id, company, link, statement, 11 as clazz_ from inventor union all select id, version, user_account_id, company, link, statement, 12 as clazz_ from patron union all select id, version, user_account_id, null as company, null as link, null as statement, 14 as clazz_ from administrator union all select id, version, user_account_id, null as company, null as link, null as statement, 15 as clazz_ from anonymous union all select id, version, user_account_id, null as company, null as link, null as statement, 16 as clazz_ from any union all select id, version, user_account_id, null as company, null as link, null as statement, 17 as clazz_ from authenticated ) roles0_ where roles0_.user_account_id=? 
2022-05-29 12:38:54.056 TRACE [org.hibernate.type.descriptor.sql.BasicBinder@http-nio-8080-exec-1] binding parameter [1] as [INTEGER] - [6] 
2022-05-29 12:38:54.182 DEBUG [acme.framework.components.tiles.DynamicTilesView@http-nio-8080-exec-1] View name 'fragments/welcome', model {} 
2022-05-29 12:38:54.210 DEBUG [org.apache.tiles.definition.dao.BaseLocaleUrlDefinitionDAO@http-nio-8080-exec-1] File Resource file:/C:/Workspace-22.0/Projects/Acme-Toolkits-Individual-Deliverable/target/classes/WEB-INF/views/master/tiles_en.xml at file:/C:/Workspace-22.0/Projects/Acme-Toolkits-Individual-Deliverable/target/classes/WEB-INF/views/master/tiles_en.xml not found, continue 
2022-05-29 12:38:54.223 DEBUG [org.apache.jasper.servlet.JspServlet@http-nio-8080-exec-1] JspEngine --> /WEB-INF/views/master/page.jsp 
2022-05-29 12:38:54.224 DEBUG [org.apache.jasper.servlet.JspServlet@http-nio-8080-exec-1] ServletPath: /WEB-INF/views/master/page.jsp 
2022-05-29 12:38:54.224 DEBUG [org.apache.jasper.servlet.JspServlet@http-nio-8080-exec-1] PathInfo: null 
2022-05-29 12:38:54.225 DEBUG [org.apache.jasper.servlet.JspServlet@http-nio-8080-exec-1] RealPath: C:\Workspace-22.0\Projects\Acme-Toolkits-Individual-Deliverable\target\classes\WEB-INF\views\master\page.jsp 
2022-05-29 12:38:54.226 DEBUG [org.apache.jasper.servlet.JspServlet@http-nio-8080-exec-1] RequestURI: /acme-toolkits-22.7/WEB-INF/views/master/page.jsp 
2022-05-29 12:38:54.226 DEBUG [org.apache.jasper.servlet.JspServlet@http-nio-8080-exec-1] QueryString: null 
2022-05-29 12:38:58.770 DEBUG [acme.framework.configuration.ExtendedMessageSource@http-nio-8080-exec-1] Loading properties [C:\Workspace-22.0\Projects\Acme-Toolkits-Individual-Deliverable\target\classes\WEB-INF\views\administrator\administrator-dashboard\messages-en.i18n] with encoding 'utf-8' 
2022-05-29 12:38:58.772 DEBUG [acme.framework.configuration.ExtendedMessageSource@http-nio-8080-exec-1] Loading properties [C:\Workspace-22.0\Projects\Acme-Toolkits-Individual-Deliverable\target\classes\WEB-INF\views\administrator\announcement\messsages-en.i18n] with encoding 'utf-8' 
2022-05-29 12:38:58.773 DEBUG [acme.framework.configuration.ExtendedMessageSource@http-nio-8080-exec-1] Loading properties [C:\Workspace-22.0\Projects\Acme-Toolkits-Individual-Deliverable\target\classes\WEB-INF\views\administrator\config-data\messsages-en.i18n] with encoding 'utf-8' 
2022-05-29 12:38:58.774 DEBUG [acme.framework.configuration.ExtendedMessageSource@http-nio-8080-exec-1] Loading properties [C:\Workspace-22.0\Projects\Acme-Toolkits-Individual-Deliverable\target\classes\WEB-INF\views\administrator\user-account\messages-en.i18n] with encoding 'utf-8' 
2022-05-29 12:38:58.775 DEBUG [acme.framework.configuration.ExtendedMessageSource@http-nio-8080-exec-1] Loading properties [C:\Workspace-22.0\Projects\Acme-Toolkits-Individual-Deliverable\target\classes\WEB-INF\views\anonymous\user-account\messages-en.i18n] with encoding 'utf-8' 
2022-05-29 12:38:58.776 DEBUG [acme.framework.configuration.ExtendedMessageSource@http-nio-8080-exec-1] Loading properties [C:\Workspace-22.0\Projects\Acme-Toolkits-Individual-Deliverable\target\classes\WEB-INF\views\any\artifact\messages-en.i18n] with encoding 'utf-8' 
2022-05-29 12:38:58.777 DEBUG [acme.framework.configuration.ExtendedMessageSource@http-nio-8080-exec-1] Loading properties [C:\Workspace-22.0\Projects\Acme-Toolkits-Individual-Deliverable\target\classes\WEB-INF\views\any\chirp\messages-en.i18n] with encoding 'utf-8' 
2022-05-29 12:38:58.777 DEBUG [acme.framework.configuration.ExtendedMessageSource@http-nio-8080-exec-1] Loading properties [C:\Workspace-22.0\Projects\Acme-Toolkits-Individual-Deliverable\target\classes\WEB-INF\views\any\toolkit\messages-en.i18n] with encoding 'utf-8' 
2022-05-29 12:38:58.778 DEBUG [acme.framework.configuration.ExtendedMessageSource@http-nio-8080-exec-1] Loading properties [C:\Workspace-22.0\Projects\Acme-Toolkits-Individual-Deliverable\target\classes\WEB-INF\views\any\user-account\messages-en.i18n] with encoding 'utf-8' 
2022-05-29 12:38:58.779 DEBUG [acme.framework.configuration.ExtendedMessageSource@http-nio-8080-exec-1] Loading properties [C:\Workspace-22.0\Projects\Acme-Toolkits-Individual-Deliverable\target\classes\WEB-INF\views\authenticated\announcement\messsages-en.i18n] with encoding 'utf-8' 
2022-05-29 12:38:58.780 DEBUG [acme.framework.configuration.ExtendedMessageSource@http-nio-8080-exec-1] Loading properties [C:\Workspace-22.0\Projects\Acme-Toolkits-Individual-Deliverable\target\classes\WEB-INF\views\authenticated\config-data\messsages-en.i18n] with encoding 'utf-8' 
2022-05-29 12:38:58.781 DEBUG [acme.framework.configuration.ExtendedMessageSource@http-nio-8080-exec-1] Loading properties [C:\Workspace-22.0\Projects\Acme-Toolkits-Individual-Deliverable\target\classes\WEB-INF\views\authenticated\consumer\messsages-en.i18n] with encoding 'utf-8' 
2022-05-29 12:38:58.781 DEBUG [acme.framework.configuration.ExtendedMessageSource@http-nio-8080-exec-1] Loading properties [C:\Workspace-22.0\Projects\Acme-Toolkits-Individual-Deliverable\target\classes\WEB-INF\views\authenticated\inventor\messsages-en.i18n] with encoding 'utf-8' 
2022-05-29 12:38:58.782 DEBUG [acme.framework.configuration.ExtendedMessageSource@http-nio-8080-exec-1] Loading properties [C:\Workspace-22.0\Projects\Acme-Toolkits-Individual-Deliverable\target\classes\WEB-INF\views\authenticated\patron\messsages-en.i18n] with encoding 'utf-8' 
2022-05-29 12:38:58.783 DEBUG [acme.framework.configuration.ExtendedMessageSource@http-nio-8080-exec-1] Loading properties [C:\Workspace-22.0\Projects\Acme-Toolkits-Individual-Deliverable\target\classes\WEB-INF\views\authenticated\provider\messsages-en.i18n] with encoding 'utf-8' 
2022-05-29 12:38:58.784 DEBUG [acme.framework.configuration.ExtendedMessageSource@http-nio-8080-exec-1] Loading properties [C:\Workspace-22.0\Projects\Acme-Toolkits-Individual-Deliverable\target\classes\WEB-INF\views\authenticated\user-account\messages-en.i18n] with encoding 'utf-8' 
2022-05-29 12:38:58.785 DEBUG [acme.framework.configuration.ExtendedMessageSource@http-nio-8080-exec-1] Loading properties [C:\Workspace-22.0\Projects\Acme-Toolkits-Individual-Deliverable\target\classes\WEB-INF\views\fragments\banner-en.i18n] with encoding 'utf-8' 
2022-05-29 12:38:58.785 DEBUG [acme.framework.configuration.ExtendedMessageSource@http-nio-8080-exec-1] Loading properties [C:\Workspace-22.0\Projects\Acme-Toolkits-Individual-Deliverable\target\classes\WEB-INF\views\fragments\company-en.i18n] with encoding 'utf-8' 
2022-05-29 12:38:58.786 DEBUG [acme.framework.configuration.ExtendedMessageSource@http-nio-8080-exec-1] Loading properties [C:\Workspace-22.0\Projects\Acme-Toolkits-Individual-Deliverable\target\classes\WEB-INF\views\fragments\footer-en.i18n] with encoding 'utf-8' 
2022-05-29 12:38:58.787 DEBUG [acme.framework.configuration.ExtendedMessageSource@http-nio-8080-exec-1] Loading properties [C:\Workspace-22.0\Projects\Acme-Toolkits-Individual-Deliverable\target\classes\WEB-INF\views\fragments\license-en.i18n] with encoding 'utf-8' 
2022-05-29 12:38:58.787 DEBUG [acme.framework.configuration.ExtendedMessageSource@http-nio-8080-exec-1] Loading properties [C:\Workspace-22.0\Projects\Acme-Toolkits-Individual-Deliverable\target\classes\WEB-INF\views\fragments\menu-en.i18n] with encoding 'utf-8' 
2022-05-29 12:38:58.789 DEBUG [acme.framework.configuration.ExtendedMessageSource@http-nio-8080-exec-1] Loading properties [C:\Workspace-22.0\Projects\Acme-Toolkits-Individual-Deliverable\target\classes\WEB-INF\views\fragments\messsages-en.i18n] with encoding 'utf-8' 
2022-05-29 12:38:58.789 DEBUG [acme.framework.configuration.ExtendedMessageSource@http-nio-8080-exec-1] Loading properties [C:\Workspace-22.0\Projects\Acme-Toolkits-Individual-Deliverable\target\classes\WEB-INF\views\fragments\title-en.i18n] with encoding 'utf-8' 
2022-05-29 12:38:58.790 DEBUG [acme.framework.configuration.ExtendedMessageSource@http-nio-8080-exec-1] Loading properties [C:\Workspace-22.0\Projects\Acme-Toolkits-Individual-Deliverable\target\classes\WEB-INF\views\fragments\welcome-en.i18n] with encoding 'utf-8' 
2022-05-29 12:38:58.791 DEBUG [acme.framework.configuration.ExtendedMessageSource@http-nio-8080-exec-1] Loading properties [C:\Workspace-22.0\Projects\Acme-Toolkits-Individual-Deliverable\target\classes\WEB-INF\views\inventor\artifact\messages-en.i18n] with encoding 'utf-8' 
2022-05-29 12:38:58.792 DEBUG [acme.framework.configuration.ExtendedMessageSource@http-nio-8080-exec-1] Loading properties [C:\Workspace-22.0\Projects\Acme-Toolkits-Individual-Deliverable\target\classes\WEB-INF\views\inventor\chimpum\messages-en.i18n] with encoding 'utf-8' 
2022-05-29 12:38:58.793 DEBUG [acme.framework.configuration.ExtendedMessageSource@http-nio-8080-exec-1] Loading properties [C:\Workspace-22.0\Projects\Acme-Toolkits-Individual-Deliverable\target\classes\WEB-INF\views\inventor\patronage\messages-en.i18n] with encoding 'utf-8' 
2022-05-29 12:38:58.794 DEBUG [acme.framework.configuration.ExtendedMessageSource@http-nio-8080-exec-1] Loading properties [C:\Workspace-22.0\Projects\Acme-Toolkits-Individual-Deliverable\target\classes\WEB-INF\views\inventor\patronage-report\messages-en.i18n] with encoding 'utf-8' 
2022-05-29 12:38:58.795 DEBUG [acme.framework.configuration.ExtendedMessageSource@http-nio-8080-exec-1] Loading properties [C:\Workspace-22.0\Projects\Acme-Toolkits-Individual-Deliverable\target\classes\WEB-INF\views\inventor\quantity\messages-en.i18n] with encoding 'utf-8' 
2022-05-29 12:38:58.796 DEBUG [acme.framework.configuration.ExtendedMessageSource@http-nio-8080-exec-1] Loading properties [C:\Workspace-22.0\Projects\Acme-Toolkits-Individual-Deliverable\target\classes\WEB-INF\views\inventor\toolkit\messages-en.i18n] with encoding 'utf-8' 
2022-05-29 12:38:58.797 DEBUG [acme.framework.configuration.ExtendedMessageSource@http-nio-8080-exec-1] Loading properties [C:\Workspace-22.0\Projects\Acme-Toolkits-Individual-Deliverable\target\classes\WEB-INF\views\master\defaults-en.i18n] with encoding 'utf-8' 
2022-05-29 12:38:58.798 DEBUG [acme.framework.configuration.ExtendedMessageSource@http-nio-8080-exec-1] Loading properties [C:\Workspace-22.0\Projects\Acme-Toolkits-Individual-Deliverable\target\classes\WEB-INF\views\master\master-en.i18n] with encoding 'utf-8' 
2022-05-29 12:38:58.799 DEBUG [acme.framework.configuration.ExtendedMessageSource@http-nio-8080-exec-1] Loading properties [C:\Workspace-22.0\Projects\Acme-Toolkits-Individual-Deliverable\target\classes\WEB-INF\views\master\throwables-en.i18n] with encoding 'utf-8' 
2022-05-29 12:38:58.799 DEBUG [acme.framework.configuration.ExtendedMessageSource@http-nio-8080-exec-1] Loading properties [C:\Workspace-22.0\Projects\Acme-Toolkits-Individual-Deliverable\target\classes\WEB-INF\views\master\validation-en.i18n] with encoding 'utf-8' 
2022-05-29 12:38:58.800 DEBUG [acme.framework.configuration.ExtendedMessageSource@http-nio-8080-exec-1] Loading properties [C:\Workspace-22.0\Projects\Acme-Toolkits-Individual-Deliverable\target\classes\WEB-INF\views\patron\patron-dashboard\messages-en.i18n] with encoding 'utf-8' 
2022-05-29 12:38:58.801 DEBUG [acme.framework.configuration.ExtendedMessageSource@http-nio-8080-exec-1] Loading properties [C:\Workspace-22.0\Projects\Acme-Toolkits-Individual-Deliverable\target\classes\WEB-INF\views\patron\patronage\messages-en.i18n] with encoding 'utf-8' 
2022-05-29 12:38:58.802 DEBUG [acme.framework.configuration.ExtendedMessageSource@http-nio-8080-exec-1] Loading properties [C:\Workspace-22.0\Projects\Acme-Toolkits-Individual-Deliverable\target\classes\WEB-INF\views\patron\patronage-report\messages-en.i18n] with encoding 'utf-8' 
2022-05-29 12:38:59.041 DEBUG [org.apache.jasper.servlet.JspServlet@http-nio-8080-exec-1] JspEngine --> /WEB-INF/views/fragments/welcome.jsp 
2022-05-29 12:38:59.042 DEBUG [org.apache.jasper.servlet.JspServlet@http-nio-8080-exec-1] ServletPath: /WEB-INF/views/master/page.jsp 
2022-05-29 12:38:59.042 DEBUG [org.apache.jasper.servlet.JspServlet@http-nio-8080-exec-1] PathInfo: null 
2022-05-29 12:38:59.044 DEBUG [org.apache.jasper.servlet.JspServlet@http-nio-8080-exec-1] RealPath: C:\Workspace-22.0\Projects\Acme-Toolkits-Individual-Deliverable\target\classes\WEB-INF\views\fragments\welcome.jsp 
2022-05-29 12:38:59.045 DEBUG [org.apache.jasper.servlet.JspServlet@http-nio-8080-exec-1] RequestURI: /acme-toolkits-22.7/WEB-INF/views/master/page.jsp 
2022-05-29 12:38:59.045 DEBUG [org.apache.jasper.servlet.JspServlet@http-nio-8080-exec-1] QueryString: null 
2022-05-29 12:39:14.193 DEBUG [acme.framework.controllers.AbstractController@http-nio-8080-exec-10] DISPATCHING GET /acme-toolkits-22.7/inventor/chimpum/list 
2022-05-29 12:39:14.193 DEBUG [acme.framework.controllers.AbstractController@http-nio-8080-exec-10] Command: list 
2022-05-29 12:39:14.193 DEBUG [acme.framework.controllers.AbstractController@http-nio-8080-exec-10] Model:   {} 
2022-05-29 12:39:14.193 DEBUG [acme.framework.controllers.AbstractController@http-nio-8080-exec-10] Locale:  en 
2022-05-29 12:39:14.193 DEBUG [acme.framework.controllers.AbstractController@http-nio-8080-exec-10] Starting transaction dabe12a1-2fbb-40ce-abd8-8474e3e717fd 
2022-05-29 12:39:14.208 DEBUG [org.hibernate.SQL@http-nio-8080-exec-10] select chimpum0_.id as id1_0_, chimpum0_.version as version2_0_, chimpum0_.budget_amount as budget_a1_7_, chimpum0_.budget_currency as budget_c2_7_, chimpum0_.code as code3_7_, chimpum0_.creation_moment as creation4_7_, chimpum0_.description as descript5_7_, chimpum0_.finish_date as finish_d6_7_, chimpum0_.link as link7_7_, chimpum0_.start_date as start_da8_7_, chimpum0_.title as title9_7_ from chimpum chimpum0_ 
2022-05-29 12:39:14.238 DEBUG [acme.framework.controllers.AbstractController@http-nio-8080-exec-10] Committing transaction dabe12a1-2fbb-40ce-abd8-8474e3e717fd 
2022-05-29 12:39:14.239 DEBUG [acme.framework.controllers.AbstractController@http-nio-8080-exec-10] Starting transaction 0c99c61e-51d4-4535-adfe-b4450ae30461 
2022-05-29 12:39:14.240 DEBUG [acme.framework.controllers.AbstractController@http-nio-8080-exec-10] Committing transaction 0c99c61e-51d4-4535-adfe-b4450ae30461 
2022-05-29 12:39:14.241 DEBUG [acme.framework.controllers.AbstractController@http-nio-8080-exec-10] SERVING GET /acme-toolkits-22.7/inventor/chimpum/list 
2022-05-29 12:39:14.241 DEBUG [acme.framework.controllers.AbstractController@http-nio-8080-exec-10] Result: ModelAndView [view="inventor/chimpum/list"; model={description[1]=A complete chimpum, title[1]=Chimpun1, description[0]=a chimpum, version[1]=0, version[0]=0, title[0]=Chimpun2, id[1]=19, id[0]=18, list$size=2, command=list, principal=acme.framework.entities.Principal@41df3123}] 
2022-05-29 12:39:14.247 DEBUG [acme.framework.components.tiles.DynamicTilesView@http-nio-8080-exec-10] View name 'inventor/chimpum/list', model {description[1]=A complete chimpum, title[1]=Chimpun1, description[0]=a chimpum, version[1]=0, version[0]=0, title[0]=Chimpun2, id[1]=19, id[0]=18, list$size=2, command=list, principal=acme.framework.entities.Principal@41df3123, org.springframework.validation.BindingResult.principal=org.springframework.validation.BeanPropertyBindingResult: 0 errors} 
2022-05-29 12:39:14.248 DEBUG [org.apache.jasper.servlet.JspServlet@http-nio-8080-exec-10] JspEngine --> /WEB-INF/views/master/page.jsp 
2022-05-29 12:39:14.249 DEBUG [org.apache.jasper.servlet.JspServlet@http-nio-8080-exec-10] ServletPath: /WEB-INF/views/master/page.jsp 
2022-05-29 12:39:14.249 DEBUG [org.apache.jasper.servlet.JspServlet@http-nio-8080-exec-10] PathInfo: null 
2022-05-29 12:39:14.251 DEBUG [org.apache.jasper.servlet.JspServlet@http-nio-8080-exec-10] RealPath: C:\Workspace-22.0\Projects\Acme-Toolkits-Individual-Deliverable\target\classes\WEB-INF\views\master\page.jsp 
2022-05-29 12:39:14.252 DEBUG [org.apache.jasper.servlet.JspServlet@http-nio-8080-exec-10] RequestURI: /acme-toolkits-22.7/WEB-INF/views/master/page.jsp 
2022-05-29 12:39:14.252 DEBUG [org.apache.jasper.servlet.JspServlet@http-nio-8080-exec-10] QueryString: null 
2022-05-29 12:39:14.409 DEBUG [org.apache.jasper.servlet.JspServlet@http-nio-8080-exec-10] JspEngine --> /WEB-INF/views/inventor/chimpum/list.jsp 
2022-05-29 12:39:14.409 DEBUG [org.apache.jasper.servlet.JspServlet@http-nio-8080-exec-10] ServletPath: /WEB-INF/views/master/page.jsp 
2022-05-29 12:39:14.410 DEBUG [org.apache.jasper.servlet.JspServlet@http-nio-8080-exec-10] PathInfo: null 
2022-05-29 12:39:14.412 DEBUG [org.apache.jasper.servlet.JspServlet@http-nio-8080-exec-10] RealPath: C:\Workspace-22.0\Projects\Acme-Toolkits-Individual-Deliverable\target\classes\WEB-INF\views\inventor\chimpum\list.jsp 
2022-05-29 12:39:14.412 DEBUG [org.apache.jasper.servlet.JspServlet@http-nio-8080-exec-10] RequestURI: /acme-toolkits-22.7/WEB-INF/views/master/page.jsp 
2022-05-29 12:39:14.412 DEBUG [org.apache.jasper.servlet.JspServlet@http-nio-8080-exec-10] QueryString: null 
2022-05-29 12:39:20.966 DEBUG [acme.framework.controllers.AbstractController@http-nio-8080-exec-10] DISPATCHING GET /acme-toolkits-22.7/inventor/chimpum/show 
2022-05-29 12:39:20.966 DEBUG [acme.framework.controllers.AbstractController@http-nio-8080-exec-10] Command: show 
2022-05-29 12:39:20.966 DEBUG [acme.framework.controllers.AbstractController@http-nio-8080-exec-10] Model:   {id=19} 
2022-05-29 12:39:20.967 DEBUG [acme.framework.controllers.AbstractController@http-nio-8080-exec-10] Locale:  en 
2022-05-29 12:39:20.967 DEBUG [acme.framework.controllers.AbstractController@http-nio-8080-exec-10] Starting transaction 2715048a-b524-4c8b-88f6-226ea007ad58 
2022-05-29 12:39:20.970 DEBUG [org.hibernate.SQL@http-nio-8080-exec-10] select chimpum0_.id as id1_0_, chimpum0_.version as version2_0_, chimpum0_.budget_amount as budget_a1_7_, chimpum0_.budget_currency as budget_c2_7_, chimpum0_.code as code3_7_, chimpum0_.creation_moment as creation4_7_, chimpum0_.description as descript5_7_, chimpum0_.finish_date as finish_d6_7_, chimpum0_.link as link7_7_, chimpum0_.start_date as start_da8_7_, chimpum0_.title as title9_7_ from chimpum chimpum0_ where chimpum0_.id=? 
2022-05-29 12:39:20.971 TRACE [org.hibernate.type.descriptor.sql.BasicBinder@http-nio-8080-exec-10] binding parameter [1] as [INTEGER] - [19] 
2022-05-29 12:39:20.974 DEBUG [acme.framework.controllers.AbstractController@http-nio-8080-exec-10] Committing transaction 2715048a-b524-4c8b-88f6-226ea007ad58 
2022-05-29 12:39:20.975 DEBUG [acme.framework.controllers.AbstractController@http-nio-8080-exec-10] Starting transaction 4545db92-cc62-4aaa-bbf6-28b01d6efcd9 
2022-05-29 12:39:20.981 DEBUG [acme.framework.controllers.AbstractController@http-nio-8080-exec-10] Committing transaction 4545db92-cc62-4aaa-bbf6-28b01d6efcd9 
2022-05-29 12:39:20.982 DEBUG [acme.framework.controllers.AbstractController@http-nio-8080-exec-10] SERVING GET /acme-toolkits-22.7/inventor/chimpum/show 
2022-05-29 12:39:20.984 DEBUG [acme.framework.controllers.AbstractController@http-nio-8080-exec-10] Result: ModelAndView [view="inventor/chimpum/form"; model={code=PATTERN, creationMoment=2021-12-01 12:00:00.0, link=https://www.tool.com, description=A complete chimpum, finishDate=2022-12-31 15:00:00.0, id=19, title=Chimpun1, version=0, startDate=2021-12-31 12:00:00.0, budget=<<EUR 250.00>>, command=show, principal=acme.framework.entities.Principal@41df3123}] 
2022-05-29 12:39:20.985 DEBUG [acme.framework.components.tiles.DynamicTilesView@http-nio-8080-exec-10] View name 'inventor/chimpum/form', model {code=PATTERN, creationMoment=2021-12-01 12:00:00.0, link=https://www.tool.com, description=A complete chimpum, finishDate=2022-12-31 15:00:00.0, id=19, title=Chimpun1, version=0, startDate=2021-12-31 12:00:00.0, budget=<<EUR 250.00>>, command=show, principal=acme.framework.entities.Principal@41df3123, org.springframework.validation.BindingResult.budget=org.springframework.validation.BeanPropertyBindingResult: 0 errors, org.springframework.validation.BindingResult.principal=org.springframework.validation.BeanPropertyBindingResult: 0 errors} 
2022-05-29 12:39:20.987 DEBUG [org.apache.jasper.servlet.JspServlet@http-nio-8080-exec-10] JspEngine --> /WEB-INF/views/master/page.jsp 
2022-05-29 12:39:20.987 DEBUG [org.apache.jasper.servlet.JspServlet@http-nio-8080-exec-10] ServletPath: /WEB-INF/views/master/page.jsp 
2022-05-29 12:39:20.987 DEBUG [org.apache.jasper.servlet.JspServlet@http-nio-8080-exec-10] PathInfo: null 
2022-05-29 12:39:20.990 DEBUG [org.apache.jasper.servlet.JspServlet@http-nio-8080-exec-10] RealPath: C:\Workspace-22.0\Projects\Acme-Toolkits-Individual-Deliverable\target\classes\WEB-INF\views\master\page.jsp 
2022-05-29 12:39:20.991 DEBUG [org.apache.jasper.servlet.JspServlet@http-nio-8080-exec-10] RequestURI: /acme-toolkits-22.7/WEB-INF/views/master/page.jsp 
2022-05-29 12:39:20.991 DEBUG [org.apache.jasper.servlet.JspServlet@http-nio-8080-exec-10] QueryString: id=19 
2022-05-29 12:39:21.140 DEBUG [org.apache.jasper.servlet.JspServlet@http-nio-8080-exec-10] JspEngine --> /WEB-INF/views/inventor/chimpum/form.jsp 
2022-05-29 12:39:21.141 DEBUG [org.apache.jasper.servlet.JspServlet@http-nio-8080-exec-10] ServletPath: /WEB-INF/views/master/page.jsp 
2022-05-29 12:39:21.142 DEBUG [org.apache.jasper.servlet.JspServlet@http-nio-8080-exec-10] PathInfo: null 
2022-05-29 12:39:21.143 DEBUG [org.apache.jasper.servlet.JspServlet@http-nio-8080-exec-10] RealPath: C:\Workspace-22.0\Projects\Acme-Toolkits-Individual-Deliverable\target\classes\WEB-INF\views\inventor\chimpum\form.jsp 
2022-05-29 12:39:21.144 DEBUG [org.apache.jasper.servlet.JspServlet@http-nio-8080-exec-10] RequestURI: /acme-toolkits-22.7/WEB-INF/views/master/page.jsp 
2022-05-29 12:39:21.144 DEBUG [org.apache.jasper.servlet.JspServlet@http-nio-8080-exec-10] QueryString: id=19 
2022-05-29 12:39:25.741 DEBUG [acme.framework.controllers.AbstractController@http-nio-8080-exec-9] DISPATCHING GET /acme-toolkits-22.7/any/artifact/list-published 
2022-05-29 12:39:25.742 DEBUG [acme.framework.controllers.AbstractController@http-nio-8080-exec-9] Command: list-published 
2022-05-29 12:39:25.742 DEBUG [acme.framework.controllers.AbstractController@http-nio-8080-exec-9] Model:   {chimpumId=19} 
2022-05-29 12:39:25.742 DEBUG [acme.framework.controllers.AbstractController@http-nio-8080-exec-9] Locale:  en 
2022-05-29 12:39:25.743 DEBUG [acme.framework.controllers.AbstractController@http-nio-8080-exec-9] Starting transaction 37095f79-007f-417a-adb9-851d3ed29a5c 
2022-05-29 12:39:25.744 DEBUG [acme.framework.controllers.AbstractController@http-nio-8080-exec-9] Rolling transaction 37095f79-007f-417a-adb9-851d3ed29a5c back 
2022-05-29 12:39:25.747 DEBUG [acme.framework.controllers.AbstractController@http-nio-8080-exec-9] Starting transaction d693369c-b7bc-44cc-a354-5fb3d38951dd 
2022-05-29 12:39:25.748 DEBUG [acme.framework.controllers.AbstractController@http-nio-8080-exec-9] Committing transaction d693369c-b7bc-44cc-a354-5fb3d38951dd 
2022-05-29 12:39:25.748 DEBUG [acme.framework.controllers.AbstractController@http-nio-8080-exec-9] SERVING GET /acme-toolkits-22.7/any/artifact/list-published 
2022-05-29 12:39:25.749 DEBUG [acme.framework.controllers.AbstractController@http-nio-8080-exec-9] Result: ModelAndView [view="master/panic"; model={oops=java.lang.AssertionError: Attribute 'type' is missing in your model}] 
2022-05-29 12:39:25.749 DEBUG [acme.framework.components.tiles.DynamicTilesView@http-nio-8080-exec-9] View name 'master/panic', model {oops=java.lang.AssertionError: Attribute 'type' is missing in your model, org.springframework.validation.BindingResult.oops=org.springframework.validation.BeanPropertyBindingResult: 0 errors} 
2022-05-29 12:39:25.751 DEBUG [org.apache.jasper.servlet.JspServlet@http-nio-8080-exec-9] JspEngine --> /WEB-INF/views/master/page.jsp 
2022-05-29 12:39:25.752 DEBUG [org.apache.jasper.servlet.JspServlet@http-nio-8080-exec-9] ServletPath: /WEB-INF/views/master/page.jsp 
2022-05-29 12:39:25.752 DEBUG [org.apache.jasper.servlet.JspServlet@http-nio-8080-exec-9] PathInfo: null 
2022-05-29 12:39:25.754 DEBUG [org.apache.jasper.servlet.JspServlet@http-nio-8080-exec-9] RealPath: C:\Workspace-22.0\Projects\Acme-Toolkits-Individual-Deliverable\target\classes\WEB-INF\views\master\page.jsp 
2022-05-29 12:39:25.754 DEBUG [org.apache.jasper.servlet.JspServlet@http-nio-8080-exec-9] RequestURI: /acme-toolkits-22.7/WEB-INF/views/master/page.jsp 
2022-05-29 12:39:25.755 DEBUG [org.apache.jasper.servlet.JspServlet@http-nio-8080-exec-9] QueryString: chimpumId=19 
2022-05-29 12:39:25.886 DEBUG [org.apache.jasper.servlet.JspServlet@http-nio-8080-exec-9] JspEngine --> /WEB-INF/views/master/panic.jsp 
2022-05-29 12:39:25.886 DEBUG [org.apache.jasper.servlet.JspServlet@http-nio-8080-exec-9] ServletPath: /WEB-INF/views/master/page.jsp 
2022-05-29 12:39:25.887 DEBUG [org.apache.jasper.servlet.JspServlet@http-nio-8080-exec-9] PathInfo: null 
2022-05-29 12:39:25.888 DEBUG [org.apache.jasper.servlet.JspServlet@http-nio-8080-exec-9] RealPath: C:\Workspace-22.0\Projects\Acme-Toolkits-Individual-Deliverable\target\classes\WEB-INF\views\master\panic.jsp 
2022-05-29 12:39:25.888 DEBUG [org.apache.jasper.servlet.JspServlet@http-nio-8080-exec-9] RequestURI: /acme-toolkits-22.7/WEB-INF/views/master/page.jsp 
2022-05-29 12:39:25.888 DEBUG [org.apache.jasper.servlet.JspServlet@http-nio-8080-exec-9] QueryString: chimpumId=19 
2022-05-29 12:39:26.124 ERROR [org.apache.jsp.WEB_002dINF.views.master.panic_jsp@http-nio-8080-exec-9] HTTP GET /acme-toolkits-22.7/WEB-INF/views/master/page.jsp HTTP/1.1 
2022-05-29 12:39:26.125 ERROR [org.apache.jsp.WEB_002dINF.views.master.panic_jsp@http-nio-8080-exec-9] Status: 500 
2022-05-29 12:39:26.126 ERROR [org.apache.jsp.WEB_002dINF.views.master.panic_jsp@http-nio-8080-exec-9] Exception: acme.framework.components.models.Model.getString(Model.java:199): Attribute 'type' is missing in your model 
2022-05-29 12:39:45.181 DEBUG [acme.framework.controllers.AbstractController@http-nio-8080-exec-8] DISPATCHING GET /acme-toolkits-22.7/any/artifact/list-published 
2022-05-29 12:39:45.181 DEBUG [acme.framework.controllers.AbstractController@http-nio-8080-exec-8] Command: list-published 
2022-05-29 12:39:45.181 DEBUG [acme.framework.controllers.AbstractController@http-nio-8080-exec-8] Model:   {type=tool} 
2022-05-29 12:39:45.181 DEBUG [acme.framework.controllers.AbstractController@http-nio-8080-exec-8] Locale:  en 
2022-05-29 12:39:45.181 DEBUG [acme.framework.controllers.AbstractController@http-nio-8080-exec-8] Starting transaction 560c79ca-0ec7-4e1f-840c-ad4b4fb0d0ad 
2022-05-29 12:39:45.183 DEBUG [org.hibernate.SQL@http-nio-8080-exec-8] select artifact0_.id as id1_0_, artifact0_.version as version2_0_, artifact0_.artifact_type as artifact1_5_, artifact0_.chimpum_id as chimpum10_5_, artifact0_.code as code2_5_, artifact0_.description as descript3_5_, artifact0_.inventor_id as invento11_5_, artifact0_.link as link4_5_, artifact0_.name as name5_5_, artifact0_.published as publishe6_5_, artifact0_.retail_price_amount as retail_p7_5_, artifact0_.retail_price_currency as retail_p8_5_, artifact0_.technology as technolo9_5_ from artifact artifact0_ where artifact0_.artifact_type=0 and artifact0_.published=1 
2022-05-29 12:39:45.186 DEBUG [org.hibernate.SQL@http-nio-8080-exec-8] select inventor0_.id as id1_0_0_, inventor0_.version as version2_0_0_, inventor0_.user_account_id as user_acc1_17_0_, inventor0_.company as company1_10_0_, inventor0_.link as link2_10_0_, inventor0_.statement as statemen3_10_0_, useraccoun1_.id as id1_0_1_, useraccoun1_.version as version2_0_1_, useraccoun1_.enabled as enabled1_16_1_, useraccoun1_.identity as identity2_16_1_, useraccoun1_.password as password3_16_1_, useraccoun1_.username as username4_16_1_ from inventor inventor0_ inner join user_account useraccoun1_ on inventor0_.user_account_id=useraccoun1_.id where inventor0_.id=? 
2022-05-29 12:39:45.186 TRACE [org.hibernate.type.descriptor.sql.BasicBinder@http-nio-8080-exec-8] binding parameter [1] as [INTEGER] - [7] 
2022-05-29 12:39:45.192 DEBUG [org.hibernate.SQL@http-nio-8080-exec-8] select inventor0_.id as id1_0_0_, inventor0_.version as version2_0_0_, inventor0_.user_account_id as user_acc1_17_0_, inventor0_.company as company1_10_0_, inventor0_.link as link2_10_0_, inventor0_.statement as statemen3_10_0_, useraccoun1_.id as id1_0_1_, useraccoun1_.version as version2_0_1_, useraccoun1_.enabled as enabled1_16_1_, useraccoun1_.identity as identity2_16_1_, useraccoun1_.password as password3_16_1_, useraccoun1_.username as username4_16_1_ from inventor inventor0_ inner join user_account useraccoun1_ on inventor0_.user_account_id=useraccoun1_.id where inventor0_.id=? 
2022-05-29 12:39:45.193 TRACE [org.hibernate.type.descriptor.sql.BasicBinder@http-nio-8080-exec-8] binding parameter [1] as [INTEGER] - [8] 
2022-05-29 12:39:45.199 DEBUG [org.hibernate.SQL@http-nio-8080-exec-8] select chimpum0_.id as id1_0_0_, chimpum0_.version as version2_0_0_, chimpum0_.budget_amount as budget_a1_7_0_, chimpum0_.budget_currency as budget_c2_7_0_, chimpum0_.code as code3_7_0_, chimpum0_.creation_moment as creation4_7_0_, chimpum0_.description as descript5_7_0_, chimpum0_.finish_date as finish_d6_7_0_, chimpum0_.link as link7_7_0_, chimpum0_.start_date as start_da8_7_0_, chimpum0_.title as title9_7_0_ from chimpum chimpum0_ where chimpum0_.id=? 
2022-05-29 12:39:45.200 TRACE [org.hibernate.type.descriptor.sql.BasicBinder@http-nio-8080-exec-8] binding parameter [1] as [INTEGER] - [18] 
2022-05-29 12:39:45.219 DEBUG [acme.framework.controllers.AbstractController@http-nio-8080-exec-8] Committing transaction 560c79ca-0ec7-4e1f-840c-ad4b4fb0d0ad 
2022-05-29 12:39:45.220 DEBUG [acme.framework.controllers.AbstractController@http-nio-8080-exec-8] Starting transaction 01ec13f4-659d-412c-8a40-d97715a82e6c 
2022-05-29 12:39:45.221 DEBUG [acme.framework.controllers.AbstractController@http-nio-8080-exec-8] Committing transaction 01ec13f4-659d-412c-8a40-d97715a82e6c 
2022-05-29 12:39:45.224 DEBUG [acme.framework.controllers.AbstractController@http-nio-8080-exec-8] SERVING GET /acme-toolkits-22.7/any/artifact/list-published 
2022-05-29 12:39:45.224 DEBUG [acme.framework.controllers.AbstractController@http-nio-8080-exec-8] Result: ModelAndView [view="any/artifact/list"; model={version[2]=7, version[1]=0, artifactType[0]=TOOL, retailPrice[1]=<<EUR 60.00>>, retailPrice[2]=<<EUR 123.00>>, list$size=3, artifactType[2]=TOOL, retailPrice[0]=<<EUR 20.00>>, artifactType[1]=TOOL, version[0]=0, name[2]=asd, id[1]=14, id[0]=12, id[2]=42, name[1]=MariaDB, name[0]=Adobo photocho, command=list-published, principal=acme.framework.entities.Principal@41df3123}] 
2022-05-29 12:39:45.225 DEBUG [acme.framework.components.tiles.DynamicTilesView@http-nio-8080-exec-8] View name 'any/artifact/list', model {version[2]=7, version[1]=0, artifactType[0]=TOOL, retailPrice[1]=<<EUR 60.00>>, retailPrice[2]=<<EUR 123.00>>, list$size=3, artifactType[2]=TOOL, retailPrice[0]=<<EUR 20.00>>, artifactType[1]=TOOL, version[0]=0, name[2]=asd, id[1]=14, id[0]=12, id[2]=42, name[1]=MariaDB, name[0]=Adobo photocho, command=list-published, principal=acme.framework.entities.Principal@41df3123, org.springframework.validation.BindingResult.retailPrice[1]=org.springframework.validation.BeanPropertyBindingResult: 0 errors, org.springframework.validation.BindingResult.retailPrice[2]=org.springframework.validation.BeanPropertyBindingResult: 0 errors, org.springframework.validation.BindingResult.retailPrice[0]=org.springframework.validation.BeanPropertyBindingResult: 0 errors, org.springframework.validation.BindingResult.principal=org.springframework.validation.BeanPropertyBindingResult: 0 errors} 
2022-05-29 12:39:45.227 DEBUG [org.apache.jasper.servlet.JspServlet@http-nio-8080-exec-8] JspEngine --> /WEB-INF/views/master/page.jsp 
2022-05-29 12:39:45.228 DEBUG [org.apache.jasper.servlet.JspServlet@http-nio-8080-exec-8] ServletPath: /WEB-INF/views/master/page.jsp 
2022-05-29 12:39:45.228 DEBUG [org.apache.jasper.servlet.JspServlet@http-nio-8080-exec-8] PathInfo: null 
2022-05-29 12:39:45.230 DEBUG [org.apache.jasper.servlet.JspServlet@http-nio-8080-exec-8] RealPath: C:\Workspace-22.0\Projects\Acme-Toolkits-Individual-Deliverable\target\classes\WEB-INF\views\master\page.jsp 
2022-05-29 12:39:45.231 DEBUG [org.apache.jasper.servlet.JspServlet@http-nio-8080-exec-8] RequestURI: /acme-toolkits-22.7/WEB-INF/views/master/page.jsp 
2022-05-29 12:39:45.231 DEBUG [org.apache.jasper.servlet.JspServlet@http-nio-8080-exec-8] QueryString: type=tool 
2022-05-29 12:39:45.390 DEBUG [org.apache.jasper.servlet.JspServlet@http-nio-8080-exec-8] JspEngine --> /WEB-INF/views/any/artifact/list.jsp 
2022-05-29 12:39:45.391 DEBUG [org.apache.jasper.servlet.JspServlet@http-nio-8080-exec-8] ServletPath: /WEB-INF/views/master/page.jsp 
2022-05-29 12:39:45.391 DEBUG [org.apache.jasper.servlet.JspServlet@http-nio-8080-exec-8] PathInfo: null 
2022-05-29 12:39:45.392 DEBUG [org.apache.jasper.servlet.JspServlet@http-nio-8080-exec-8] RealPath: C:\Workspace-22.0\Projects\Acme-Toolkits-Individual-Deliverable\target\classes\WEB-INF\views\any\artifact\list.jsp 
2022-05-29 12:39:45.392 DEBUG [org.apache.jasper.servlet.JspServlet@http-nio-8080-exec-8] RequestURI: /acme-toolkits-22.7/WEB-INF/views/master/page.jsp 
2022-05-29 12:39:45.393 DEBUG [org.apache.jasper.servlet.JspServlet@http-nio-8080-exec-8] QueryString: type=tool 
