2022-06-01 21:47:01.300 INFO  [acme.Launcher@main] Starting Launcher using Java 1.8.0_281 on DESKTOP-UDQDLDQ with PID 10168 (C:\Workspace-22.0\Frameworks\Acme-Framework-22.7\target\classes started by david in C:\Workspace-22.0\Projects\Acme-Toolkits-Individual-Deliverable) 
2022-06-01 21:47:01.300 DEBUG [acme.Launcher@main] Running with Spring Boot v2.4.2, Spring v5.3.3 
2022-06-01 21:47:01.302 INFO  [acme.Launcher@main] The following profiles are active: development,default 
2022-06-01 21:47:07.116 DEBUG [org.apache.jasper.servlet.JasperInitializer@main] Initializing Jasper for context [application] 
2022-06-01 21:47:15.793 DEBUG [org.apache.jasper.servlet.JspServlet@main] Scratch dir for the JSP engine is: [C:\Users\david\AppData\Local\Temp\tomcat.8080.3752605414825367688\work\Tomcat\localhost\acme-toolkits-22.7] 
2022-06-01 21:47:15.794 DEBUG [org.apache.jasper.servlet.JspServlet@main] IMPORTANT: Do not modify the generated servlets 
2022-06-01 21:47:15.813 INFO  [acme.Launcher@main] Started Launcher in 15.572 seconds (JVM running for 16.544) 
2022-06-01 21:47:15.820 DEBUG [acme.Launcher@main] Found classpath entry '/C:/Workspace-22.0/Projects/Acme-Toolkits-Individual-Deliverable/target/test-classes/' 
2022-06-01 21:47:15.821 DEBUG [acme.Launcher@main] Found classpath entry '/C:/Workspace-22.0/Projects/Acme-Toolkits-Individual-Deliverable/target/classes/' 
2022-06-01 21:47:15.836 DEBUG [acme.Launcher@main] Found classpath entry '/C:/Workspace-22.0/Projects/Acme-Toolkits-Individual-Deliverable/lib/SpamDetector.jar' 
2022-06-01 21:47:15.836 DEBUG [acme.Launcher@main] Found classpath entry '/C:/Workspace-22.0/Frameworks/Acme-Framework-22.7/target/classes/' 
2022-06-01 21:47:15.836 DEBUG [acme.Launcher@main] Found classpath entry '/C:/Workspace-22.0/Frameworks/Acme-Framework-22.7/target/test-classes/' 
2022-06-01 21:47:15.836 DEBUG [acme.Launcher@main] Found classpath entry '/C:/Users/david/.m2/repository/org/springframework/boot/spring-boot-starter-tomcat/2.4.2/spring-boot-starter-tomcat-2.4.2.jar' 
2022-06-01 21:47:15.837 DEBUG [acme.Launcher@main] Found classpath entry '/C:/Users/david/.m2/repository/jakarta/annotation/jakarta.annotation-api/1.3.5/jakarta.annotation-api-1.3.5.jar' 
2022-06-01 21:47:15.837 DEBUG [acme.Launcher@main] Found classpath entry '/C:/Users/david/.m2/repository/org/apache/tomcat/embed/tomcat-embed-core/9.0.41/tomcat-embed-core-9.0.41.jar' 
2022-06-01 21:47:15.837 DEBUG [acme.Launcher@main] Found classpath entry '/C:/Users/david/.m2/repository/org/glassfish/jakarta.el/3.0.3/jakarta.el-3.0.3.jar' 
2022-06-01 21:47:15.837 DEBUG [acme.Launcher@main] Found classpath entry '/C:/Users/david/.m2/repository/org/apache/tomcat/embed/tomcat-embed-websocket/9.0.41/tomcat-embed-websocket-9.0.41.jar' 
2022-06-01 21:47:15.837 DEBUG [acme.Launcher@main] Found classpath entry '/C:/Users/david/.m2/repository/org/apache/tomcat/embed/tomcat-embed-jasper/9.0.41/tomcat-embed-jasper-9.0.41.jar' 
2022-06-01 21:47:15.838 DEBUG [acme.Launcher@main] Found classpath entry '/C:/Users/david/.m2/repository/org/apache/tomcat/embed/tomcat-embed-el/9.0.41/tomcat-embed-el-9.0.41.jar' 
2022-06-01 21:47:15.838 DEBUG [acme.Launcher@main] Found classpath entry '/C:/Users/david/.m2/repository/org/eclipse/jdt/ecj/3.18.0/ecj-3.18.0.jar' 
2022-06-01 21:47:15.839 DEBUG [acme.Launcher@main] Found classpath entry '/C:/Users/david/.m2/repository/javax/servlet/jstl/1.2/jstl-1.2.jar' 
2022-06-01 21:47:15.839 DEBUG [acme.Launcher@main] Found classpath entry '/C:/Users/david/.m2/repository/org/springframework/boot/spring-boot-starter-security/2.4.2/spring-boot-starter-security-2.4.2.jar' 
2022-06-01 21:47:15.840 DEBUG [acme.Launcher@main] Found classpath entry '/C:/Users/david/.m2/repository/org/springframework/boot/spring-boot-starter/2.4.2/spring-boot-starter-2.4.2.jar' 
2022-06-01 21:47:15.840 DEBUG [acme.Launcher@main] Found classpath entry '/C:/Users/david/.m2/repository/org/springframework/boot/spring-boot/2.4.2/spring-boot-2.4.2.jar' 
2022-06-01 21:47:15.840 DEBUG [acme.Launcher@main] Found classpath entry '/C:/Users/david/.m2/repository/org/springframework/boot/spring-boot-autoconfigure/2.4.2/spring-boot-autoconfigure-2.4.2.jar' 
2022-06-01 21:47:15.840 DEBUG [acme.Launcher@main] Found classpath entry '/C:/Users/david/.m2/repository/org/springframework/boot/spring-boot-starter-logging/2.4.2/spring-boot-starter-logging-2.4.2.jar' 
2022-06-01 21:47:15.841 DEBUG [acme.Launcher@main] Found classpath entry '/C:/Users/david/.m2/repository/ch/qos/logback/logback-classic/1.2.3/logback-classic-1.2.3.jar' 
2022-06-01 21:47:15.841 DEBUG [acme.Launcher@main] Found classpath entry '/C:/Users/david/.m2/repository/ch/qos/logback/logback-core/1.2.3/logback-core-1.2.3.jar' 
2022-06-01 21:47:15.841 DEBUG [acme.Launcher@main] Found classpath entry '/C:/Users/david/.m2/repository/org/apache/logging/log4j/log4j-to-slf4j/2.13.3/log4j-to-slf4j-2.13.3.jar' 
2022-06-01 21:47:15.841 DEBUG [acme.Launcher@main] Found classpath entry '/C:/Users/david/.m2/repository/org/apache/logging/log4j/log4j-api/2.13.3/log4j-api-2.13.3.jar' 
2022-06-01 21:47:15.841 DEBUG [acme.Launcher@main] Found classpath entry '/C:/Users/david/.m2/repository/org/slf4j/jul-to-slf4j/1.7.30/jul-to-slf4j-1.7.30.jar' 
2022-06-01 21:47:15.841 DEBUG [acme.Launcher@main] Found classpath entry '/C:/Users/david/.m2/repository/org/yaml/snakeyaml/1.27/snakeyaml-1.27.jar' 
2022-06-01 21:47:15.841 DEBUG [acme.Launcher@main] Found classpath entry '/C:/Users/david/.m2/repository/org/springframework/spring-aop/5.3.3/spring-aop-5.3.3.jar' 
2022-06-01 21:47:15.841 DEBUG [acme.Launcher@main] Found classpath entry '/C:/Users/david/.m2/repository/org/springframework/security/spring-security-web/5.4.2/spring-security-web-5.4.2.jar' 
2022-06-01 21:47:15.841 DEBUG [acme.Launcher@main] Found classpath entry '/C:/Users/david/.m2/repository/org/springframework/security/spring-security-core/5.4.2/spring-security-core-5.4.2.jar' 
2022-06-01 21:47:15.842 DEBUG [acme.Launcher@main] Found classpath entry '/C:/Users/david/.m2/repository/org/springframework/spring-beans/5.3.3/spring-beans-5.3.3.jar' 
2022-06-01 21:47:15.842 DEBUG [acme.Launcher@main] Found classpath entry '/C:/Users/david/.m2/repository/org/springframework/spring-context/5.3.3/spring-context-5.3.3.jar' 
2022-06-01 21:47:15.842 DEBUG [acme.Launcher@main] Found classpath entry '/C:/Users/david/.m2/repository/org/springframework/spring-core/5.3.3/spring-core-5.3.3.jar' 
2022-06-01 21:47:15.842 DEBUG [acme.Launcher@main] Found classpath entry '/C:/Users/david/.m2/repository/org/springframework/spring-jcl/5.3.3/spring-jcl-5.3.3.jar' 
2022-06-01 21:47:15.842 DEBUG [acme.Launcher@main] Found classpath entry '/C:/Users/david/.m2/repository/org/springframework/spring-expression/5.3.3/spring-expression-5.3.3.jar' 
2022-06-01 21:47:15.843 DEBUG [acme.Launcher@main] Found classpath entry '/C:/Users/david/.m2/repository/org/springframework/spring-web/5.3.3/spring-web-5.3.3.jar' 
2022-06-01 21:47:15.843 DEBUG [acme.Launcher@main] Found classpath entry '/C:/Users/david/.m2/repository/org/springframework/security/spring-security-config/5.4.2/spring-security-config-5.4.2.jar' 
2022-06-01 21:47:15.843 DEBUG [acme.Launcher@main] Found classpath entry '/C:/Users/david/.m2/repository/org/springframework/security/spring-security-taglibs/5.4.2/spring-security-taglibs-5.4.2.jar' 
2022-06-01 21:47:15.843 DEBUG [acme.Launcher@main] Found classpath entry '/C:/Users/david/.m2/repository/org/springframework/security/spring-security-acl/5.4.2/spring-security-acl-5.4.2.jar' 
2022-06-01 21:47:15.843 DEBUG [acme.Launcher@main] Found classpath entry '/C:/Users/david/.m2/repository/org/springframework/spring-jdbc/5.3.3/spring-jdbc-5.3.3.jar' 
2022-06-01 21:47:15.843 DEBUG [acme.Launcher@main] Found classpath entry '/C:/Users/david/.m2/repository/org/springframework/spring-tx/5.3.3/spring-tx-5.3.3.jar' 
2022-06-01 21:47:15.844 DEBUG [acme.Launcher@main] Found classpath entry '/C:/Users/david/.m2/repository/org/springframework/boot/spring-boot-starter-web/2.4.2/spring-boot-starter-web-2.4.2.jar' 
2022-06-01 21:47:15.844 DEBUG [acme.Launcher@main] Found classpath entry '/C:/Users/david/.m2/repository/org/springframework/boot/spring-boot-starter-json/2.4.2/spring-boot-starter-json-2.4.2.jar' 
2022-06-01 21:47:15.844 DEBUG [acme.Launcher@main] Found classpath entry '/C:/Users/david/.m2/repository/com/fasterxml/jackson/core/jackson-databind/2.11.4/jackson-databind-2.11.4.jar' 
2022-06-01 21:47:15.844 DEBUG [acme.Launcher@main] Found classpath entry '/C:/Users/david/.m2/repository/com/fasterxml/jackson/core/jackson-annotations/2.11.4/jackson-annotations-2.11.4.jar' 
2022-06-01 21:47:15.844 DEBUG [acme.Launcher@main] Found classpath entry '/C:/Users/david/.m2/repository/com/fasterxml/jackson/core/jackson-core/2.11.4/jackson-core-2.11.4.jar' 
2022-06-01 21:47:15.845 DEBUG [acme.Launcher@main] Found classpath entry '/C:/Users/david/.m2/repository/com/fasterxml/jackson/datatype/jackson-datatype-jdk8/2.11.4/jackson-datatype-jdk8-2.11.4.jar' 
2022-06-01 21:47:15.845 DEBUG [acme.Launcher@main] Found classpath entry '/C:/Users/david/.m2/repository/com/fasterxml/jackson/datatype/jackson-datatype-jsr310/2.11.4/jackson-datatype-jsr310-2.11.4.jar' 
2022-06-01 21:47:15.847 DEBUG [acme.Launcher@main] Found classpath entry '/C:/Users/david/.m2/repository/com/fasterxml/jackson/module/jackson-module-parameter-names/2.11.4/jackson-module-parameter-names-2.11.4.jar' 
2022-06-01 21:47:15.847 DEBUG [acme.Launcher@main] Found classpath entry '/C:/Users/david/.m2/repository/org/springframework/spring-webmvc/5.3.3/spring-webmvc-5.3.3.jar' 
2022-06-01 21:47:15.847 DEBUG [acme.Launcher@main] Found classpath entry '/C:/Users/david/.m2/repository/org/apache/tiles/tiles-jsp/3.0.8/tiles-jsp-3.0.8.jar' 
2022-06-01 21:47:15.847 DEBUG [acme.Launcher@main] Found classpath entry '/C:/Users/david/.m2/repository/org/apache/tiles/tiles-servlet/3.0.8/tiles-servlet-3.0.8.jar' 
2022-06-01 21:47:15.847 DEBUG [acme.Launcher@main] Found classpath entry '/C:/Users/david/.m2/repository/org/apache/tiles/tiles-core/3.0.8/tiles-core-3.0.8.jar' 
2022-06-01 21:47:15.848 DEBUG [acme.Launcher@main] Found classpath entry '/C:/Users/david/.m2/repository/commons-digester/commons-digester/2.0/commons-digester-2.0.jar' 
2022-06-01 21:47:15.848 DEBUG [acme.Launcher@main] Found classpath entry '/C:/Users/david/.m2/repository/org/slf4j/jcl-over-slf4j/1.7.30/jcl-over-slf4j-1.7.30.jar' 
2022-06-01 21:47:15.848 DEBUG [acme.Launcher@main] Found classpath entry '/C:/Users/david/.m2/repository/org/apache/tiles/tiles-request-servlet/1.0.7/tiles-request-servlet-1.0.7.jar' 
2022-06-01 21:47:15.848 DEBUG [acme.Launcher@main] Found classpath entry '/C:/Users/david/.m2/repository/org/apache/tiles/tiles-template/3.0.8/tiles-template-3.0.8.jar' 
2022-06-01 21:47:15.848 DEBUG [acme.Launcher@main] Found classpath entry '/C:/Users/david/.m2/repository/org/apache/tiles/tiles-api/3.0.8/tiles-api-3.0.8.jar' 
2022-06-01 21:47:15.848 DEBUG [acme.Launcher@main] Found classpath entry '/C:/Users/david/.m2/repository/org/apache/tiles/tiles-autotag-core-runtime/1.2/tiles-autotag-core-runtime-1.2.jar' 
2022-06-01 21:47:15.849 DEBUG [acme.Launcher@main] Found classpath entry '/C:/Users/david/.m2/repository/org/slf4j/slf4j-api/1.7.30/slf4j-api-1.7.30.jar' 
2022-06-01 21:47:15.849 DEBUG [acme.Launcher@main] Found classpath entry '/C:/Users/david/.m2/repository/org/apache/tiles/tiles-request-jsp/1.0.7/tiles-request-jsp-1.0.7.jar' 
2022-06-01 21:47:15.849 DEBUG [acme.Launcher@main] Found classpath entry '/C:/Users/david/.m2/repository/org/apache/tiles/tiles-request-api/1.0.7/tiles-request-api-1.0.7.jar' 
2022-06-01 21:47:15.849 DEBUG [acme.Launcher@main] Found classpath entry '/C:/Users/david/.m2/repository/org/springframework/boot/spring-boot-starter-data-jpa/2.4.2/spring-boot-starter-data-jpa-2.4.2.jar' 
2022-06-01 21:47:15.849 DEBUG [acme.Launcher@main] Found classpath entry '/C:/Users/david/.m2/repository/org/springframework/boot/spring-boot-starter-aop/2.4.2/spring-boot-starter-aop-2.4.2.jar' 
2022-06-01 21:47:15.849 DEBUG [acme.Launcher@main] Found classpath entry '/C:/Users/david/.m2/repository/org/aspectj/aspectjweaver/1.9.6/aspectjweaver-1.9.6.jar' 
2022-06-01 21:47:15.850 DEBUG [acme.Launcher@main] Found classpath entry '/C:/Users/david/.m2/repository/org/springframework/boot/spring-boot-starter-jdbc/2.4.2/spring-boot-starter-jdbc-2.4.2.jar' 
2022-06-01 21:47:15.850 DEBUG [acme.Launcher@main] Found classpath entry '/C:/Users/david/.m2/repository/jakarta/transaction/jakarta.transaction-api/1.3.3/jakarta.transaction-api-1.3.3.jar' 
2022-06-01 21:47:15.851 DEBUG [acme.Launcher@main] Found classpath entry '/C:/Users/david/.m2/repository/jakarta/persistence/jakarta.persistence-api/2.2.3/jakarta.persistence-api-2.2.3.jar' 
2022-06-01 21:47:15.851 DEBUG [acme.Launcher@main] Found classpath entry '/C:/Users/david/.m2/repository/org/hibernate/hibernate-core/5.4.27.Final/hibernate-core-5.4.27.Final.jar' 
2022-06-01 21:47:15.851 DEBUG [acme.Launcher@main] Found classpath entry '/C:/Users/david/.m2/repository/org/jboss/logging/jboss-logging/3.4.1.Final/jboss-logging-3.4.1.Final.jar' 
2022-06-01 21:47:15.851 DEBUG [acme.Launcher@main] Found classpath entry '/C:/Users/david/.m2/repository/org/javassist/javassist/3.27.0-GA/javassist-3.27.0-GA.jar' 
2022-06-01 21:47:15.851 DEBUG [acme.Launcher@main] Found classpath entry '/C:/Users/david/.m2/repository/antlr/antlr/2.7.7/antlr-2.7.7.jar' 
2022-06-01 21:47:15.852 DEBUG [acme.Launcher@main] Found classpath entry '/C:/Users/david/.m2/repository/org/jboss/jandex/2.1.3.Final/jandex-2.1.3.Final.jar' 
2022-06-01 21:47:15.852 DEBUG [acme.Launcher@main] Found classpath entry '/C:/Users/david/.m2/repository/com/fasterxml/classmate/1.5.1/classmate-1.5.1.jar' 
2022-06-01 21:47:15.852 DEBUG [acme.Launcher@main] Found classpath entry '/C:/Users/david/.m2/repository/org/dom4j/dom4j/2.1.3/dom4j-2.1.3.jar' 
2022-06-01 21:47:15.852 DEBUG [acme.Launcher@main] Found classpath entry '/C:/Users/david/.m2/repository/org/hibernate/common/hibernate-commons-annotations/5.1.2.Final/hibernate-commons-annotations-5.1.2.Final.jar' 
2022-06-01 21:47:15.852 DEBUG [acme.Launcher@main] Found classpath entry '/C:/Users/david/.m2/repository/org/glassfish/jaxb/jaxb-runtime/2.3.3/jaxb-runtime-2.3.3.jar' 
2022-06-01 21:47:15.852 DEBUG [acme.Launcher@main] Found classpath entry '/C:/Users/david/.m2/repository/org/glassfish/jaxb/txw2/2.3.3/txw2-2.3.3.jar' 
2022-06-01 21:47:15.852 DEBUG [acme.Launcher@main] Found classpath entry '/C:/Users/david/.m2/repository/com/sun/istack/istack-commons-runtime/3.0.11/istack-commons-runtime-3.0.11.jar' 
2022-06-01 21:47:15.852 DEBUG [acme.Launcher@main] Found classpath entry '/C:/Users/david/.m2/repository/com/sun/activation/jakarta.activation/1.2.2/jakarta.activation-1.2.2.jar' 
2022-06-01 21:47:15.853 DEBUG [acme.Launcher@main] Found classpath entry '/C:/Users/david/.m2/repository/org/springframework/data/spring-data-jpa/2.4.3/spring-data-jpa-2.4.3.jar' 
2022-06-01 21:47:15.853 DEBUG [acme.Launcher@main] Found classpath entry '/C:/Users/david/.m2/repository/org/springframework/data/spring-data-commons/2.4.3/spring-data-commons-2.4.3.jar' 
2022-06-01 21:47:15.855 DEBUG [acme.Launcher@main] Found classpath entry '/C:/Users/david/.m2/repository/org/springframework/spring-orm/5.3.3/spring-orm-5.3.3.jar' 
2022-06-01 21:47:15.855 DEBUG [acme.Launcher@main] Found classpath entry '/C:/Users/david/.m2/repository/org/springframework/spring-aspects/5.3.3/spring-aspects-5.3.3.jar' 
2022-06-01 21:47:15.855 DEBUG [acme.Launcher@main] Found classpath entry '/C:/Users/david/.m2/repository/org/springframework/boot/spring-boot-starter-validation/2.4.2/spring-boot-starter-validation-2.4.2.jar' 
2022-06-01 21:47:15.855 DEBUG [acme.Launcher@main] Found classpath entry '/C:/Users/david/.m2/repository/org/hibernate/validator/hibernate-validator/6.1.7.Final/hibernate-validator-6.1.7.Final.jar' 
2022-06-01 21:47:15.855 DEBUG [acme.Launcher@main] Found classpath entry '/C:/Users/david/.m2/repository/jakarta/validation/jakarta.validation-api/2.0.2/jakarta.validation-api-2.0.2.jar' 
2022-06-01 21:47:15.856 DEBUG [acme.Launcher@main] Found classpath entry '/C:/Users/david/.m2/repository/mysql/mysql-connector-java/8.0.22/mysql-connector-java-8.0.22.jar' 
2022-06-01 21:47:15.856 DEBUG [acme.Launcher@main] Found classpath entry '/C:/Users/david/.m2/repository/com/zaxxer/HikariCP/3.4.5/HikariCP-3.4.5.jar' 
2022-06-01 21:47:15.856 DEBUG [acme.Launcher@main] Found classpath entry '/C:/Users/david/.m2/repository/org/springframework/boot/spring-boot-starter-test/2.4.2/spring-boot-starter-test-2.4.2.jar' 
2022-06-01 21:47:15.856 DEBUG [acme.Launcher@main] Found classpath entry '/C:/Users/david/.m2/repository/org/springframework/boot/spring-boot-test/2.4.2/spring-boot-test-2.4.2.jar' 
2022-06-01 21:47:15.856 DEBUG [acme.Launcher@main] Found classpath entry '/C:/Users/david/.m2/repository/org/springframework/boot/spring-boot-test-autoconfigure/2.4.2/spring-boot-test-autoconfigure-2.4.2.jar' 
2022-06-01 21:47:15.856 DEBUG [acme.Launcher@main] Found classpath entry '/C:/Users/david/.m2/repository/com/jayway/jsonpath/json-path/2.4.0/json-path-2.4.0.jar' 
2022-06-01 21:47:15.856 DEBUG [acme.Launcher@main] Found classpath entry '/C:/Users/david/.m2/repository/net/minidev/json-smart/2.3/json-smart-2.3.jar' 
2022-06-01 21:47:15.858 DEBUG [acme.Launcher@main] Found classpath entry '/C:/Users/david/.m2/repository/net/minidev/accessors-smart/1.2/accessors-smart-1.2.jar' 
2022-06-01 21:47:15.859 DEBUG [acme.Launcher@main] Found classpath entry '/C:/Users/david/.m2/repository/org/ow2/asm/asm/5.0.4/asm-5.0.4.jar' 
2022-06-01 21:47:15.859 DEBUG [acme.Launcher@main] Found classpath entry '/C:/Users/david/.m2/repository/jakarta/xml/bind/jakarta.xml.bind-api/2.3.3/jakarta.xml.bind-api-2.3.3.jar' 
2022-06-01 21:47:15.859 DEBUG [acme.Launcher@main] Found classpath entry '/C:/Users/david/.m2/repository/jakarta/activation/jakarta.activation-api/1.2.2/jakarta.activation-api-1.2.2.jar' 
2022-06-01 21:47:15.859 DEBUG [acme.Launcher@main] Found classpath entry '/C:/Users/david/.m2/repository/org/assertj/assertj-core/3.18.1/assertj-core-3.18.1.jar' 
2022-06-01 21:47:15.859 DEBUG [acme.Launcher@main] Found classpath entry '/C:/Users/david/.m2/repository/org/hamcrest/hamcrest/2.2/hamcrest-2.2.jar' 
2022-06-01 21:47:15.859 DEBUG [acme.Launcher@main] Found classpath entry '/C:/Users/david/.m2/repository/org/junit/jupiter/junit-jupiter/5.7.0/junit-jupiter-5.7.0.jar' 
2022-06-01 21:47:15.859 DEBUG [acme.Launcher@main] Found classpath entry '/C:/Users/david/.m2/repository/org/mockito/mockito-core/3.6.28/mockito-core-3.6.28.jar' 
2022-06-01 21:47:15.859 DEBUG [acme.Launcher@main] Found classpath entry '/C:/Users/david/.m2/repository/net/bytebuddy/byte-buddy-agent/1.10.19/byte-buddy-agent-1.10.19.jar' 
2022-06-01 21:47:15.860 DEBUG [acme.Launcher@main] Found classpath entry '/C:/Users/david/.m2/repository/org/objenesis/objenesis/3.1/objenesis-3.1.jar' 
2022-06-01 21:47:15.860 DEBUG [acme.Launcher@main] Found classpath entry '/C:/Users/david/.m2/repository/org/mockito/mockito-junit-jupiter/3.6.28/mockito-junit-jupiter-3.6.28.jar' 
2022-06-01 21:47:15.860 DEBUG [acme.Launcher@main] Found classpath entry '/C:/Users/david/.m2/repository/org/skyscreamer/jsonassert/1.5.0/jsonassert-1.5.0.jar' 
2022-06-01 21:47:15.860 DEBUG [acme.Launcher@main] Found classpath entry '/C:/Users/david/.m2/repository/com/vaadin/external/google/android-json/0.0.20131108.vaadin1/android-json-0.0.20131108.vaadin1.jar' 
2022-06-01 21:47:15.860 DEBUG [acme.Launcher@main] Found classpath entry '/C:/Users/david/.m2/repository/org/springframework/spring-test/5.3.3/spring-test-5.3.3.jar' 
2022-06-01 21:47:15.860 DEBUG [acme.Launcher@main] Found classpath entry '/C:/Users/david/.m2/repository/org/xmlunit/xmlunit-core/2.7.0/xmlunit-core-2.7.0.jar' 
2022-06-01 21:47:15.860 DEBUG [acme.Launcher@main] Found classpath entry '/C:/Users/david/.m2/repository/org/junit/jupiter/junit-jupiter-engine/5.7.0/junit-jupiter-engine-5.7.0.jar' 
2022-06-01 21:47:15.861 DEBUG [acme.Launcher@main] Found classpath entry '/C:/Users/david/.m2/repository/org/apiguardian/apiguardian-api/1.1.0/apiguardian-api-1.1.0.jar' 
2022-06-01 21:47:15.861 DEBUG [acme.Launcher@main] Found classpath entry '/C:/Users/david/.m2/repository/org/junit/platform/junit-platform-engine/1.7.0/junit-platform-engine-1.7.0.jar' 
2022-06-01 21:47:15.863 DEBUG [acme.Launcher@main] Found classpath entry '/C:/Users/david/.m2/repository/org/junit/jupiter/junit-jupiter-api/5.7.0/junit-jupiter-api-5.7.0.jar' 
2022-06-01 21:47:15.863 DEBUG [acme.Launcher@main] Found classpath entry '/C:/Users/david/.m2/repository/org/opentest4j/opentest4j/1.2.0/opentest4j-1.2.0.jar' 
2022-06-01 21:47:15.863 DEBUG [acme.Launcher@main] Found classpath entry '/C:/Users/david/.m2/repository/org/junit/platform/junit-platform-commons/1.7.0/junit-platform-commons-1.7.0.jar' 
2022-06-01 21:47:15.863 DEBUG [acme.Launcher@main] Found classpath entry '/C:/Users/david/.m2/repository/org/junit/jupiter/junit-jupiter-params/5.7.0/junit-jupiter-params-5.7.0.jar' 
2022-06-01 21:47:15.863 DEBUG [acme.Launcher@main] Found classpath entry '/C:/Users/david/.m2/repository/org/junit/platform/junit-platform-launcher/1.7.0/junit-platform-launcher-1.7.0.jar' 
2022-06-01 21:47:15.863 DEBUG [acme.Launcher@main] Found classpath entry '/C:/Users/david/.m2/repository/org/seleniumhq/selenium/selenium-java/3.141.59/selenium-java-3.141.59.jar' 
2022-06-01 21:47:15.864 DEBUG [acme.Launcher@main] Found classpath entry '/C:/Users/david/.m2/repository/org/seleniumhq/selenium/selenium-api/3.141.59/selenium-api-3.141.59.jar' 
2022-06-01 21:47:15.864 DEBUG [acme.Launcher@main] Found classpath entry '/C:/Users/david/.m2/repository/org/seleniumhq/selenium/selenium-chrome-driver/3.141.59/selenium-chrome-driver-3.141.59.jar' 
2022-06-01 21:47:15.864 DEBUG [acme.Launcher@main] Found classpath entry '/C:/Users/david/.m2/repository/org/seleniumhq/selenium/selenium-edge-driver/3.141.59/selenium-edge-driver-3.141.59.jar' 
2022-06-01 21:47:15.864 DEBUG [acme.Launcher@main] Found classpath entry '/C:/Users/david/.m2/repository/org/seleniumhq/selenium/selenium-firefox-driver/3.141.59/selenium-firefox-driver-3.141.59.jar' 
2022-06-01 21:47:15.864 DEBUG [acme.Launcher@main] Found classpath entry '/C:/Users/david/.m2/repository/org/seleniumhq/selenium/selenium-ie-driver/3.141.59/selenium-ie-driver-3.141.59.jar' 
2022-06-01 21:47:15.864 DEBUG [acme.Launcher@main] Found classpath entry '/C:/Users/david/.m2/repository/org/seleniumhq/selenium/selenium-opera-driver/3.141.59/selenium-opera-driver-3.141.59.jar' 
2022-06-01 21:47:15.864 DEBUG [acme.Launcher@main] Found classpath entry '/C:/Users/david/.m2/repository/org/seleniumhq/selenium/selenium-remote-driver/3.141.59/selenium-remote-driver-3.141.59.jar' 
2022-06-01 21:47:15.865 DEBUG [acme.Launcher@main] Found classpath entry '/C:/Users/david/.m2/repository/org/seleniumhq/selenium/selenium-safari-driver/3.141.59/selenium-safari-driver-3.141.59.jar' 
2022-06-01 21:47:15.865 DEBUG [acme.Launcher@main] Found classpath entry '/C:/Users/david/.m2/repository/org/seleniumhq/selenium/selenium-support/3.141.59/selenium-support-3.141.59.jar' 
2022-06-01 21:47:15.865 DEBUG [acme.Launcher@main] Found classpath entry '/C:/Users/david/.m2/repository/net/bytebuddy/byte-buddy/1.10.19/byte-buddy-1.10.19.jar' 
2022-06-01 21:47:15.865 DEBUG [acme.Launcher@main] Found classpath entry '/C:/Users/david/.m2/repository/org/apache/commons/commons-exec/1.3/commons-exec-1.3.jar' 
2022-06-01 21:47:15.865 DEBUG [acme.Launcher@main] Found classpath entry '/C:/Users/david/.m2/repository/com/google/guava/guava/25.0-jre/guava-25.0-jre.jar' 
2022-06-01 21:47:15.865 DEBUG [acme.Launcher@main] Found classpath entry '/C:/Users/david/.m2/repository/com/google/code/findbugs/jsr305/1.3.9/jsr305-1.3.9.jar' 
2022-06-01 21:47:15.865 DEBUG [acme.Launcher@main] Found classpath entry '/C:/Users/david/.m2/repository/org/checkerframework/checker-compat-qual/2.0.0/checker-compat-qual-2.0.0.jar' 
2022-06-01 21:47:15.865 DEBUG [acme.Launcher@main] Found classpath entry '/C:/Users/david/.m2/repository/com/google/errorprone/error_prone_annotations/2.1.3/error_prone_annotations-2.1.3.jar' 
2022-06-01 21:47:15.866 DEBUG [acme.Launcher@main] Found classpath entry '/C:/Users/david/.m2/repository/com/google/j2objc/j2objc-annotations/1.1/j2objc-annotations-1.1.jar' 
2022-06-01 21:47:15.866 DEBUG [acme.Launcher@main] Found classpath entry '/C:/Users/david/.m2/repository/org/codehaus/mojo/animal-sniffer-annotations/1.14/animal-sniffer-annotations-1.14.jar' 
2022-06-01 21:47:15.866 DEBUG [acme.Launcher@main] Found classpath entry '/C:/Users/david/.m2/repository/com/squareup/okhttp3/okhttp/3.14.9/okhttp-3.14.9.jar' 
2022-06-01 21:47:15.866 DEBUG [acme.Launcher@main] Found classpath entry '/C:/Users/david/.m2/repository/com/squareup/okio/okio/1.14.0/okio-1.14.0.jar' 
2022-06-01 21:47:15.866 DEBUG [acme.Launcher@main] Found classpath entry '/C:/Users/david/.m2/repository/org/apache/commons/commons-lang3/3.11/commons-lang3-3.11.jar' 
2022-06-01 21:47:15.866 DEBUG [acme.Launcher@main] Found classpath entry '/C:/Users/david/.m2/repository/org/apache/commons/commons-text/1.8/commons-text-1.8.jar' 
2022-06-01 21:47:15.866 DEBUG [acme.Launcher@main] Found classpath entry '/C:/Users/david/.m2/repository/commons-io/commons-io/2.6/commons-io-2.6.jar' 
2022-06-01 21:47:15.867 DEBUG [acme.Launcher@main] Found classpath entry '/C:/Users/david/.m2/repository/commons-cli/commons-cli/1.4/commons-cli-1.4.jar' 
2022-06-01 21:47:15.867 DEBUG [acme.Launcher@main] Found classpath entry '/C:/Users/david/.m2/repository/org/projectlombok/lombok/1.18.16/lombok-1.18.16.jar' 
2022-06-01 21:47:15.867 DEBUG [acme.Launcher@main] Found classpath entry '/C:/Users/david/.m2/repository/com/opencsv/opencsv/5.4/opencsv-5.4.jar' 
2022-06-01 21:47:15.867 DEBUG [acme.Launcher@main] Found classpath entry '/C:/Users/david/.m2/repository/commons-beanutils/commons-beanutils/1.9.4/commons-beanutils-1.9.4.jar' 
2022-06-01 21:47:15.867 DEBUG [acme.Launcher@main] Found classpath entry '/C:/Users/david/.m2/repository/commons-logging/commons-logging/1.2/commons-logging-1.2.jar' 
2022-06-01 21:47:15.867 DEBUG [acme.Launcher@main] Found classpath entry '/C:/Users/david/.m2/repository/commons-collections/commons-collections/3.2.2/commons-collections-3.2.2.jar' 
2022-06-01 21:47:15.867 DEBUG [acme.Launcher@main] Found classpath entry '/C:/Users/david/.m2/repository/org/apache/commons/commons-collections4/4.4/commons-collections4-4.4.jar' 
2022-06-01 21:47:16.144 DEBUG [acme.Launcher@main] Found entity class 'acme.entities.CHIMPUM.CHIMPUM 
2022-06-01 21:47:16.144 DEBUG [acme.Launcher@main] Found entity class 'acme.entities.announcements.Announcement 
2022-06-01 21:47:16.144 DEBUG [acme.Launcher@main] Found entity class 'acme.entities.artifacts.Artifact 
2022-06-01 21:47:16.144 DEBUG [acme.Launcher@main] Found entity class 'acme.entities.artifacts.Quantity 
2022-06-01 21:47:16.144 DEBUG [acme.Launcher@main] Found entity class 'acme.entities.artifacts.Toolkit 
2022-06-01 21:47:16.144 DEBUG [acme.Launcher@main] Found entity class 'acme.entities.chirps.Chirp 
2022-06-01 21:47:16.144 DEBUG [acme.Launcher@main] Found entity class 'acme.entities.configData.ConfigData 
2022-06-01 21:47:16.144 DEBUG [acme.Launcher@main] Found entity class 'acme.entities.patronage.Patronage 
2022-06-01 21:47:16.145 DEBUG [acme.Launcher@main] Found entity class 'acme.entities.patronage.PatronageReport 
2022-06-01 21:47:16.145 DEBUG [acme.Launcher@main] Found entity class 'acme.roles.Inventor 
2022-06-01 21:47:16.145 DEBUG [acme.Launcher@main] Found entity class 'acme.roles.Patron 
2022-06-01 21:47:16.145 DEBUG [acme.Launcher@main] Found entity class 'acme.framework.entities.UserAccount 
2022-06-01 21:47:16.145 DEBUG [acme.Launcher@main] Found entity class 'acme.framework.roles.Administrator 
2022-06-01 21:47:16.145 DEBUG [acme.Launcher@main] Found entity class 'acme.framework.roles.Anonymous 
2022-06-01 21:47:16.145 DEBUG [acme.Launcher@main] Found entity class 'acme.framework.roles.Any 
2022-06-01 21:47:16.145 DEBUG [acme.Launcher@main] Found entity class 'acme.framework.roles.Authenticated 
2022-06-01 21:47:16.154 INFO  [acme.Launcher@main] Running application (Standalone) 
2022-06-01 21:47:16.604 DEBUG [org.hibernate.SQL@http-nio-8080-exec-1] select useraccoun0_.id as id1_0_, useraccoun0_.version as version2_0_, useraccoun0_.enabled as enabled1_16_, useraccoun0_.identity as identity2_16_, useraccoun0_.password as password3_16_, useraccoun0_.username as username4_16_ from user_account useraccoun0_ where useraccoun0_.username=? 
2022-06-01 21:47:16.639 TRACE [org.hibernate.type.descriptor.sql.BasicBinder@http-nio-8080-exec-1] binding parameter [1] as [VARCHAR] - [inventor1] 
2022-06-01 21:47:16.717 DEBUG [org.hibernate.SQL@http-nio-8080-exec-1] select roles0_.user_account_id as user_acc1_17_0_, roles0_.id as id1_17_0_, roles0_.id as id1_0_1_, roles0_.version as version2_0_1_, roles0_.user_account_id as user_acc1_17_1_, roles0_.company as company1_10_1_, roles0_.link as link2_10_1_, roles0_.statement as statemen3_10_1_, roles0_.company as company1_11_1_, roles0_.link as link2_11_1_, roles0_.statement as statemen3_11_1_, roles0_.clazz_ as clazz_1_ from ( select id, version, user_account_id, company, link, statement, 11 as clazz_ from inventor union all select id, version, user_account_id, company, link, statement, 12 as clazz_ from patron union all select id, version, user_account_id, null as company, null as link, null as statement, 14 as clazz_ from administrator union all select id, version, user_account_id, null as company, null as link, null as statement, 15 as clazz_ from anonymous union all select id, version, user_account_id, null as company, null as link, null as statement, 16 as clazz_ from any union all select id, version, user_account_id, null as company, null as link, null as statement, 17 as clazz_ from authenticated ) roles0_ where roles0_.user_account_id=? 
2022-06-01 21:47:16.718 TRACE [org.hibernate.type.descriptor.sql.BasicBinder@http-nio-8080-exec-1] binding parameter [1] as [INTEGER] - [6] 
2022-06-01 21:47:16.831 DEBUG [acme.framework.controllers.AbstractController@http-nio-8080-exec-1] DISPATCHING GET /acme-toolkits-22.7/inventor/chimpum/create 
2022-06-01 21:47:16.832 DEBUG [acme.framework.controllers.AbstractController@http-nio-8080-exec-1] Command: create 
2022-06-01 21:47:16.832 DEBUG [acme.framework.controllers.AbstractController@http-nio-8080-exec-1] Model:   {} 
2022-06-01 21:47:16.832 DEBUG [acme.framework.controllers.AbstractController@http-nio-8080-exec-1] Locale:  en 
2022-06-01 21:47:16.832 DEBUG [acme.framework.controllers.AbstractController@http-nio-8080-exec-1] Starting transaction fd5320a9-cfe4-4168-a5f2-f7e869e17c10 
2022-06-01 21:47:16.855 DEBUG [acme.framework.controllers.AbstractController@http-nio-8080-exec-1] Committing transaction fd5320a9-cfe4-4168-a5f2-f7e869e17c10 
2022-06-01 21:47:16.858 DEBUG [acme.framework.controllers.AbstractController@http-nio-8080-exec-1] Starting transaction b1a2fa0a-dbf9-4599-bd5e-786532de250a 
2022-06-01 21:47:16.859 DEBUG [acme.framework.controllers.AbstractController@http-nio-8080-exec-1] Committing transaction b1a2fa0a-dbf9-4599-bd5e-786532de250a 
2022-06-01 21:47:16.860 DEBUG [acme.framework.controllers.AbstractController@http-nio-8080-exec-1] SERVING GET /acme-toolkits-22.7/inventor/chimpum/create 
2022-06-01 21:47:16.861 DEBUG [acme.framework.controllers.AbstractController@http-nio-8080-exec-1] Result: ModelAndView [view="inventor/chimpum/form"; model={pattern=null, link=null, description=null, finishDate=null, id=0, title=null, version=0, startDate=null, budget=null, command=create, principal=acme.framework.entities.Principal@5d4d5f26}] 
2022-06-01 21:47:16.882 DEBUG [acme.framework.components.tiles.DynamicTilesView@http-nio-8080-exec-1] View name 'inventor/chimpum/form', model {pattern=null, link=null, description=null, finishDate=null, id=0, title=null, version=0, startDate=null, budget=null, command=create, principal=acme.framework.entities.Principal@5d4d5f26, org.springframework.validation.BindingResult.principal=org.springframework.validation.BeanPropertyBindingResult: 0 errors} 
2022-06-01 21:47:16.905 DEBUG [org.apache.tiles.definition.dao.BaseLocaleUrlDefinitionDAO@http-nio-8080-exec-1] File Resource file:/C:/Workspace-22.0/Projects/Acme-Toolkits-Individual-Deliverable/target/classes/WEB-INF/views/master/tiles_en.xml at file:/C:/Workspace-22.0/Projects/Acme-Toolkits-Individual-Deliverable/target/classes/WEB-INF/views/master/tiles_en.xml not found, continue 
2022-06-01 21:47:16.916 DEBUG [org.apache.jasper.servlet.JspServlet@http-nio-8080-exec-1] JspEngine --> /WEB-INF/views/master/page.jsp 
2022-06-01 21:47:16.916 DEBUG [org.apache.jasper.servlet.JspServlet@http-nio-8080-exec-1] ServletPath: /WEB-INF/views/master/page.jsp 
2022-06-01 21:47:16.916 DEBUG [org.apache.jasper.servlet.JspServlet@http-nio-8080-exec-1] PathInfo: null 
2022-06-01 21:47:16.919 DEBUG [org.apache.jasper.servlet.JspServlet@http-nio-8080-exec-1] RealPath: C:\Workspace-22.0\Projects\Acme-Toolkits-Individual-Deliverable\target\classes\WEB-INF\views\master\page.jsp 
2022-06-01 21:47:16.920 DEBUG [org.apache.jasper.servlet.JspServlet@http-nio-8080-exec-1] RequestURI: /acme-toolkits-22.7/WEB-INF/views/master/page.jsp 
2022-06-01 21:47:16.921 DEBUG [org.apache.jasper.servlet.JspServlet@http-nio-8080-exec-1] QueryString: null 
2022-06-01 21:47:21.433 DEBUG [acme.framework.configuration.ExtendedMessageSource@http-nio-8080-exec-1] Loading properties [C:\Workspace-22.0\Projects\Acme-Toolkits-Individual-Deliverable\target\classes\WEB-INF\views\administrator\administrator-dashboard\messages-en.i18n] with encoding 'utf-8' 
2022-06-01 21:47:21.434 DEBUG [acme.framework.configuration.ExtendedMessageSource@http-nio-8080-exec-1] Loading properties [C:\Workspace-22.0\Projects\Acme-Toolkits-Individual-Deliverable\target\classes\WEB-INF\views\administrator\announcement\messsages-en.i18n] with encoding 'utf-8' 
2022-06-01 21:47:21.435 DEBUG [acme.framework.configuration.ExtendedMessageSource@http-nio-8080-exec-1] Loading properties [C:\Workspace-22.0\Projects\Acme-Toolkits-Individual-Deliverable\target\classes\WEB-INF\views\administrator\config-data\messsages-en.i18n] with encoding 'utf-8' 
2022-06-01 21:47:21.436 DEBUG [acme.framework.configuration.ExtendedMessageSource@http-nio-8080-exec-1] Loading properties [C:\Workspace-22.0\Projects\Acme-Toolkits-Individual-Deliverable\target\classes\WEB-INF\views\administrator\user-account\messages-en.i18n] with encoding 'utf-8' 
2022-06-01 21:47:21.437 DEBUG [acme.framework.configuration.ExtendedMessageSource@http-nio-8080-exec-1] Loading properties [C:\Workspace-22.0\Projects\Acme-Toolkits-Individual-Deliverable\target\classes\WEB-INF\views\anonymous\user-account\messages-en.i18n] with encoding 'utf-8' 
2022-06-01 21:47:21.438 DEBUG [acme.framework.configuration.ExtendedMessageSource@http-nio-8080-exec-1] Loading properties [C:\Workspace-22.0\Projects\Acme-Toolkits-Individual-Deliverable\target\classes\WEB-INF\views\any\artifact\messages-en.i18n] with encoding 'utf-8' 
2022-06-01 21:47:21.439 DEBUG [acme.framework.configuration.ExtendedMessageSource@http-nio-8080-exec-1] Loading properties [C:\Workspace-22.0\Projects\Acme-Toolkits-Individual-Deliverable\target\classes\WEB-INF\views\any\chirp\messages-en.i18n] with encoding 'utf-8' 
2022-06-01 21:47:21.439 DEBUG [acme.framework.configuration.ExtendedMessageSource@http-nio-8080-exec-1] Loading properties [C:\Workspace-22.0\Projects\Acme-Toolkits-Individual-Deliverable\target\classes\WEB-INF\views\any\toolkit\messages-en.i18n] with encoding 'utf-8' 
2022-06-01 21:47:21.440 DEBUG [acme.framework.configuration.ExtendedMessageSource@http-nio-8080-exec-1] Loading properties [C:\Workspace-22.0\Projects\Acme-Toolkits-Individual-Deliverable\target\classes\WEB-INF\views\any\user-account\messages-en.i18n] with encoding 'utf-8' 
2022-06-01 21:47:21.442 DEBUG [acme.framework.configuration.ExtendedMessageSource@http-nio-8080-exec-1] Loading properties [C:\Workspace-22.0\Projects\Acme-Toolkits-Individual-Deliverable\target\classes\WEB-INF\views\authenticated\announcement\messsages-en.i18n] with encoding 'utf-8' 
2022-06-01 21:47:21.442 DEBUG [acme.framework.configuration.ExtendedMessageSource@http-nio-8080-exec-1] Loading properties [C:\Workspace-22.0\Projects\Acme-Toolkits-Individual-Deliverable\target\classes\WEB-INF\views\authenticated\config-data\messsages-en.i18n] with encoding 'utf-8' 
2022-06-01 21:47:21.442 DEBUG [acme.framework.configuration.ExtendedMessageSource@http-nio-8080-exec-1] Loading properties [C:\Workspace-22.0\Projects\Acme-Toolkits-Individual-Deliverable\target\classes\WEB-INF\views\authenticated\consumer\messsages-en.i18n] with encoding 'utf-8' 
2022-06-01 21:47:21.443 DEBUG [acme.framework.configuration.ExtendedMessageSource@http-nio-8080-exec-1] Loading properties [C:\Workspace-22.0\Projects\Acme-Toolkits-Individual-Deliverable\target\classes\WEB-INF\views\authenticated\inventor\messsages-en.i18n] with encoding 'utf-8' 
2022-06-01 21:47:21.444 DEBUG [acme.framework.configuration.ExtendedMessageSource@http-nio-8080-exec-1] Loading properties [C:\Workspace-22.0\Projects\Acme-Toolkits-Individual-Deliverable\target\classes\WEB-INF\views\authenticated\patron\messsages-en.i18n] with encoding 'utf-8' 
2022-06-01 21:47:21.445 DEBUG [acme.framework.configuration.ExtendedMessageSource@http-nio-8080-exec-1] Loading properties [C:\Workspace-22.0\Projects\Acme-Toolkits-Individual-Deliverable\target\classes\WEB-INF\views\authenticated\provider\messsages-en.i18n] with encoding 'utf-8' 
2022-06-01 21:47:21.445 DEBUG [acme.framework.configuration.ExtendedMessageSource@http-nio-8080-exec-1] Loading properties [C:\Workspace-22.0\Projects\Acme-Toolkits-Individual-Deliverable\target\classes\WEB-INF\views\authenticated\user-account\messages-en.i18n] with encoding 'utf-8' 
2022-06-01 21:47:21.446 DEBUG [acme.framework.configuration.ExtendedMessageSource@http-nio-8080-exec-1] Loading properties [C:\Workspace-22.0\Projects\Acme-Toolkits-Individual-Deliverable\target\classes\WEB-INF\views\fragments\banner-en.i18n] with encoding 'utf-8' 
2022-06-01 21:47:21.446 DEBUG [acme.framework.configuration.ExtendedMessageSource@http-nio-8080-exec-1] Loading properties [C:\Workspace-22.0\Projects\Acme-Toolkits-Individual-Deliverable\target\classes\WEB-INF\views\fragments\company-en.i18n] with encoding 'utf-8' 
2022-06-01 21:47:21.447 DEBUG [acme.framework.configuration.ExtendedMessageSource@http-nio-8080-exec-1] Loading properties [C:\Workspace-22.0\Projects\Acme-Toolkits-Individual-Deliverable\target\classes\WEB-INF\views\fragments\footer-en.i18n] with encoding 'utf-8' 
2022-06-01 21:47:21.448 DEBUG [acme.framework.configuration.ExtendedMessageSource@http-nio-8080-exec-1] Loading properties [C:\Workspace-22.0\Projects\Acme-Toolkits-Individual-Deliverable\target\classes\WEB-INF\views\fragments\license-en.i18n] with encoding 'utf-8' 
2022-06-01 21:47:21.449 DEBUG [acme.framework.configuration.ExtendedMessageSource@http-nio-8080-exec-1] Loading properties [C:\Workspace-22.0\Projects\Acme-Toolkits-Individual-Deliverable\target\classes\WEB-INF\views\fragments\menu-en.i18n] with encoding 'utf-8' 
2022-06-01 21:47:21.450 DEBUG [acme.framework.configuration.ExtendedMessageSource@http-nio-8080-exec-1] Loading properties [C:\Workspace-22.0\Projects\Acme-Toolkits-Individual-Deliverable\target\classes\WEB-INF\views\fragments\messsages-en.i18n] with encoding 'utf-8' 
2022-06-01 21:47:21.451 DEBUG [acme.framework.configuration.ExtendedMessageSource@http-nio-8080-exec-1] Loading properties [C:\Workspace-22.0\Projects\Acme-Toolkits-Individual-Deliverable\target\classes\WEB-INF\views\fragments\title-en.i18n] with encoding 'utf-8' 
2022-06-01 21:47:21.451 DEBUG [acme.framework.configuration.ExtendedMessageSource@http-nio-8080-exec-1] Loading properties [C:\Workspace-22.0\Projects\Acme-Toolkits-Individual-Deliverable\target\classes\WEB-INF\views\fragments\welcome-en.i18n] with encoding 'utf-8' 
2022-06-01 21:47:21.452 DEBUG [acme.framework.configuration.ExtendedMessageSource@http-nio-8080-exec-1] Loading properties [C:\Workspace-22.0\Projects\Acme-Toolkits-Individual-Deliverable\target\classes\WEB-INF\views\inventor\artifact\messages-en.i18n] with encoding 'utf-8' 
2022-06-01 21:47:21.453 DEBUG [acme.framework.configuration.ExtendedMessageSource@http-nio-8080-exec-1] Loading properties [C:\Workspace-22.0\Projects\Acme-Toolkits-Individual-Deliverable\target\classes\WEB-INF\views\inventor\chimpum\messages-en.i18n] with encoding 'utf-8' 
2022-06-01 21:47:21.454 DEBUG [acme.framework.configuration.ExtendedMessageSource@http-nio-8080-exec-1] Loading properties [C:\Workspace-22.0\Projects\Acme-Toolkits-Individual-Deliverable\target\classes\WEB-INF\views\inventor\patronage\messages-en.i18n] with encoding 'utf-8' 
2022-06-01 21:47:21.455 DEBUG [acme.framework.configuration.ExtendedMessageSource@http-nio-8080-exec-1] Loading properties [C:\Workspace-22.0\Projects\Acme-Toolkits-Individual-Deliverable\target\classes\WEB-INF\views\inventor\patronage-report\messages-en.i18n] with encoding 'utf-8' 
2022-06-01 21:47:21.455 DEBUG [acme.framework.configuration.ExtendedMessageSource@http-nio-8080-exec-1] Loading properties [C:\Workspace-22.0\Projects\Acme-Toolkits-Individual-Deliverable\target\classes\WEB-INF\views\inventor\quantity\messages-en.i18n] with encoding 'utf-8' 
2022-06-01 21:47:21.456 DEBUG [acme.framework.configuration.ExtendedMessageSource@http-nio-8080-exec-1] Loading properties [C:\Workspace-22.0\Projects\Acme-Toolkits-Individual-Deliverable\target\classes\WEB-INF\views\inventor\toolkit\messages-en.i18n] with encoding 'utf-8' 
2022-06-01 21:47:21.457 DEBUG [acme.framework.configuration.ExtendedMessageSource@http-nio-8080-exec-1] Loading properties [C:\Workspace-22.0\Projects\Acme-Toolkits-Individual-Deliverable\target\classes\WEB-INF\views\master\defaults-en.i18n] with encoding 'utf-8' 
2022-06-01 21:47:21.458 DEBUG [acme.framework.configuration.ExtendedMessageSource@http-nio-8080-exec-1] Loading properties [C:\Workspace-22.0\Projects\Acme-Toolkits-Individual-Deliverable\target\classes\WEB-INF\views\master\master-en.i18n] with encoding 'utf-8' 
2022-06-01 21:47:21.459 DEBUG [acme.framework.configuration.ExtendedMessageSource@http-nio-8080-exec-1] Loading properties [C:\Workspace-22.0\Projects\Acme-Toolkits-Individual-Deliverable\target\classes\WEB-INF\views\master\throwables-en.i18n] with encoding 'utf-8' 
2022-06-01 21:47:21.460 DEBUG [acme.framework.configuration.ExtendedMessageSource@http-nio-8080-exec-1] Loading properties [C:\Workspace-22.0\Projects\Acme-Toolkits-Individual-Deliverable\target\classes\WEB-INF\views\master\validation-en.i18n] with encoding 'utf-8' 
2022-06-01 21:47:21.460 DEBUG [acme.framework.configuration.ExtendedMessageSource@http-nio-8080-exec-1] Loading properties [C:\Workspace-22.0\Projects\Acme-Toolkits-Individual-Deliverable\target\classes\WEB-INF\views\patron\patron-dashboard\messages-en.i18n] with encoding 'utf-8' 
2022-06-01 21:47:21.461 DEBUG [acme.framework.configuration.ExtendedMessageSource@http-nio-8080-exec-1] Loading properties [C:\Workspace-22.0\Projects\Acme-Toolkits-Individual-Deliverable\target\classes\WEB-INF\views\patron\patronage\messages-en.i18n] with encoding 'utf-8' 
2022-06-01 21:47:21.462 DEBUG [acme.framework.configuration.ExtendedMessageSource@http-nio-8080-exec-1] Loading properties [C:\Workspace-22.0\Projects\Acme-Toolkits-Individual-Deliverable\target\classes\WEB-INF\views\patron\patronage-report\messages-en.i18n] with encoding 'utf-8' 
2022-06-01 21:47:21.716 DEBUG [org.apache.jasper.servlet.JspServlet@http-nio-8080-exec-1] JspEngine --> /WEB-INF/views/inventor/chimpum/form.jsp 
2022-06-01 21:47:21.717 DEBUG [org.apache.jasper.servlet.JspServlet@http-nio-8080-exec-1] ServletPath: /WEB-INF/views/master/page.jsp 
2022-06-01 21:47:21.718 DEBUG [org.apache.jasper.servlet.JspServlet@http-nio-8080-exec-1] PathInfo: null 
2022-06-01 21:47:21.720 DEBUG [org.apache.jasper.servlet.JspServlet@http-nio-8080-exec-1] RealPath: C:\Workspace-22.0\Projects\Acme-Toolkits-Individual-Deliverable\target\classes\WEB-INF\views\inventor\chimpum\form.jsp 
2022-06-01 21:47:21.720 DEBUG [org.apache.jasper.servlet.JspServlet@http-nio-8080-exec-1] RequestURI: /acme-toolkits-22.7/WEB-INF/views/master/page.jsp 
2022-06-01 21:47:21.721 DEBUG [org.apache.jasper.servlet.JspServlet@http-nio-8080-exec-1] QueryString: null 
2022-06-01 21:47:30.384 DEBUG [acme.framework.controllers.AbstractController@http-nio-8080-exec-10] DISPATCHING POST /acme-toolkits-22.7/inventor/chimpum/create 
2022-06-01 21:47:30.384 DEBUG [acme.framework.controllers.AbstractController@http-nio-8080-exec-10] Command: create 
2022-06-01 21:47:30.385 DEBUG [acme.framework.controllers.AbstractController@http-nio-8080-exec-10] Model:   {id=0, version=0, _csrf=443e3fbe-8d24-4589-87fd-cd28c28e8bd9, title=q, description=, startDate=, finishDate=, budget=, link=, pattern=PATTERN} 
2022-06-01 21:47:30.385 DEBUG [acme.framework.controllers.AbstractController@http-nio-8080-exec-10] Locale:  en 
2022-06-01 21:47:30.385 DEBUG [acme.framework.controllers.AbstractController@http-nio-8080-exec-10] Starting transaction 1725fcd5-02dc-4668-8f44-202f565c5bfb 
2022-06-01 21:47:30.485 DEBUG [acme.framework.configuration.ExtendedMessageSource@http-nio-8080-exec-10] Loading properties [C:\Workspace-22.0\Projects\Acme-Toolkits-Individual-Deliverable\target\classes\WEB-INF\views\administrator\administrator-dashboard\messages-en.i18n] with encoding 'utf-8' 
2022-06-01 21:47:30.486 DEBUG [acme.framework.configuration.ExtendedMessageSource@http-nio-8080-exec-10] Loading properties [C:\Workspace-22.0\Projects\Acme-Toolkits-Individual-Deliverable\target\classes\WEB-INF\views\administrator\announcement\messsages-en.i18n] with encoding 'utf-8' 
2022-06-01 21:47:30.487 DEBUG [acme.framework.configuration.ExtendedMessageSource@http-nio-8080-exec-10] Loading properties [C:\Workspace-22.0\Projects\Acme-Toolkits-Individual-Deliverable\target\classes\WEB-INF\views\administrator\config-data\messsages-en.i18n] with encoding 'utf-8' 
2022-06-01 21:47:30.488 DEBUG [acme.framework.configuration.ExtendedMessageSource@http-nio-8080-exec-10] Loading properties [C:\Workspace-22.0\Projects\Acme-Toolkits-Individual-Deliverable\target\classes\WEB-INF\views\administrator\user-account\messages-en.i18n] with encoding 'utf-8' 
2022-06-01 21:47:30.489 DEBUG [acme.framework.configuration.ExtendedMessageSource@http-nio-8080-exec-10] Loading properties [C:\Workspace-22.0\Projects\Acme-Toolkits-Individual-Deliverable\target\classes\WEB-INF\views\anonymous\user-account\messages-en.i18n] with encoding 'utf-8' 
2022-06-01 21:47:30.490 DEBUG [acme.framework.configuration.ExtendedMessageSource@http-nio-8080-exec-10] Loading properties [C:\Workspace-22.0\Projects\Acme-Toolkits-Individual-Deliverable\target\classes\WEB-INF\views\any\artifact\messages-en.i18n] with encoding 'utf-8' 
2022-06-01 21:47:30.491 DEBUG [acme.framework.configuration.ExtendedMessageSource@http-nio-8080-exec-10] Loading properties [C:\Workspace-22.0\Projects\Acme-Toolkits-Individual-Deliverable\target\classes\WEB-INF\views\any\chirp\messages-en.i18n] with encoding 'utf-8' 
2022-06-01 21:47:30.492 DEBUG [acme.framework.configuration.ExtendedMessageSource@http-nio-8080-exec-10] Loading properties [C:\Workspace-22.0\Projects\Acme-Toolkits-Individual-Deliverable\target\classes\WEB-INF\views\any\toolkit\messages-en.i18n] with encoding 'utf-8' 
2022-06-01 21:47:30.493 DEBUG [acme.framework.configuration.ExtendedMessageSource@http-nio-8080-exec-10] Loading properties [C:\Workspace-22.0\Projects\Acme-Toolkits-Individual-Deliverable\target\classes\WEB-INF\views\any\user-account\messages-en.i18n] with encoding 'utf-8' 
2022-06-01 21:47:30.494 DEBUG [acme.framework.configuration.ExtendedMessageSource@http-nio-8080-exec-10] Loading properties [C:\Workspace-22.0\Projects\Acme-Toolkits-Individual-Deliverable\target\classes\WEB-INF\views\authenticated\announcement\messsages-en.i18n] with encoding 'utf-8' 
2022-06-01 21:47:30.495 DEBUG [acme.framework.configuration.ExtendedMessageSource@http-nio-8080-exec-10] Loading properties [C:\Workspace-22.0\Projects\Acme-Toolkits-Individual-Deliverable\target\classes\WEB-INF\views\authenticated\config-data\messsages-en.i18n] with encoding 'utf-8' 
2022-06-01 21:47:30.496 DEBUG [acme.framework.configuration.ExtendedMessageSource@http-nio-8080-exec-10] Loading properties [C:\Workspace-22.0\Projects\Acme-Toolkits-Individual-Deliverable\target\classes\WEB-INF\views\authenticated\consumer\messsages-en.i18n] with encoding 'utf-8' 
2022-06-01 21:47:30.497 DEBUG [acme.framework.configuration.ExtendedMessageSource@http-nio-8080-exec-10] Loading properties [C:\Workspace-22.0\Projects\Acme-Toolkits-Individual-Deliverable\target\classes\WEB-INF\views\authenticated\inventor\messsages-en.i18n] with encoding 'utf-8' 
2022-06-01 21:47:30.499 DEBUG [acme.framework.configuration.ExtendedMessageSource@http-nio-8080-exec-10] Loading properties [C:\Workspace-22.0\Projects\Acme-Toolkits-Individual-Deliverable\target\classes\WEB-INF\views\authenticated\patron\messsages-en.i18n] with encoding 'utf-8' 
2022-06-01 21:47:30.500 DEBUG [acme.framework.configuration.ExtendedMessageSource@http-nio-8080-exec-10] Loading properties [C:\Workspace-22.0\Projects\Acme-Toolkits-Individual-Deliverable\target\classes\WEB-INF\views\authenticated\provider\messsages-en.i18n] with encoding 'utf-8' 
2022-06-01 21:47:30.501 DEBUG [acme.framework.configuration.ExtendedMessageSource@http-nio-8080-exec-10] Loading properties [C:\Workspace-22.0\Projects\Acme-Toolkits-Individual-Deliverable\target\classes\WEB-INF\views\authenticated\user-account\messages-en.i18n] with encoding 'utf-8' 
2022-06-01 21:47:30.502 DEBUG [acme.framework.configuration.ExtendedMessageSource@http-nio-8080-exec-10] Loading properties [C:\Workspace-22.0\Projects\Acme-Toolkits-Individual-Deliverable\target\classes\WEB-INF\views\fragments\banner-en.i18n] with encoding 'utf-8' 
2022-06-01 21:47:30.503 DEBUG [acme.framework.configuration.ExtendedMessageSource@http-nio-8080-exec-10] Loading properties [C:\Workspace-22.0\Projects\Acme-Toolkits-Individual-Deliverable\target\classes\WEB-INF\views\fragments\company-en.i18n] with encoding 'utf-8' 
2022-06-01 21:47:30.504 DEBUG [acme.framework.configuration.ExtendedMessageSource@http-nio-8080-exec-10] Loading properties [C:\Workspace-22.0\Projects\Acme-Toolkits-Individual-Deliverable\target\classes\WEB-INF\views\fragments\footer-en.i18n] with encoding 'utf-8' 
2022-06-01 21:47:30.505 DEBUG [acme.framework.configuration.ExtendedMessageSource@http-nio-8080-exec-10] Loading properties [C:\Workspace-22.0\Projects\Acme-Toolkits-Individual-Deliverable\target\classes\WEB-INF\views\fragments\license-en.i18n] with encoding 'utf-8' 
2022-06-01 21:47:30.506 DEBUG [acme.framework.configuration.ExtendedMessageSource@http-nio-8080-exec-10] Loading properties [C:\Workspace-22.0\Projects\Acme-Toolkits-Individual-Deliverable\target\classes\WEB-INF\views\fragments\menu-en.i18n] with encoding 'utf-8' 
2022-06-01 21:47:30.507 DEBUG [acme.framework.configuration.ExtendedMessageSource@http-nio-8080-exec-10] Loading properties [C:\Workspace-22.0\Projects\Acme-Toolkits-Individual-Deliverable\target\classes\WEB-INF\views\fragments\messsages-en.i18n] with encoding 'utf-8' 
2022-06-01 21:47:30.508 DEBUG [acme.framework.configuration.ExtendedMessageSource@http-nio-8080-exec-10] Loading properties [C:\Workspace-22.0\Projects\Acme-Toolkits-Individual-Deliverable\target\classes\WEB-INF\views\fragments\title-en.i18n] with encoding 'utf-8' 
2022-06-01 21:47:30.509 DEBUG [acme.framework.configuration.ExtendedMessageSource@http-nio-8080-exec-10] Loading properties [C:\Workspace-22.0\Projects\Acme-Toolkits-Individual-Deliverable\target\classes\WEB-INF\views\fragments\welcome-en.i18n] with encoding 'utf-8' 
2022-06-01 21:47:30.511 DEBUG [acme.framework.configuration.ExtendedMessageSource@http-nio-8080-exec-10] Loading properties [C:\Workspace-22.0\Projects\Acme-Toolkits-Individual-Deliverable\target\classes\WEB-INF\views\inventor\artifact\messages-en.i18n] with encoding 'utf-8' 
2022-06-01 21:47:30.512 DEBUG [acme.framework.configuration.ExtendedMessageSource@http-nio-8080-exec-10] Loading properties [C:\Workspace-22.0\Projects\Acme-Toolkits-Individual-Deliverable\target\classes\WEB-INF\views\inventor\chimpum\messages-en.i18n] with encoding 'utf-8' 
2022-06-01 21:47:30.513 DEBUG [acme.framework.configuration.ExtendedMessageSource@http-nio-8080-exec-10] Loading properties [C:\Workspace-22.0\Projects\Acme-Toolkits-Individual-Deliverable\target\classes\WEB-INF\views\inventor\patronage\messages-en.i18n] with encoding 'utf-8' 
2022-06-01 21:47:30.514 DEBUG [acme.framework.configuration.ExtendedMessageSource@http-nio-8080-exec-10] Loading properties [C:\Workspace-22.0\Projects\Acme-Toolkits-Individual-Deliverable\target\classes\WEB-INF\views\inventor\patronage-report\messages-en.i18n] with encoding 'utf-8' 
2022-06-01 21:47:30.515 DEBUG [acme.framework.configuration.ExtendedMessageSource@http-nio-8080-exec-10] Loading properties [C:\Workspace-22.0\Projects\Acme-Toolkits-Individual-Deliverable\target\classes\WEB-INF\views\inventor\quantity\messages-en.i18n] with encoding 'utf-8' 
2022-06-01 21:47:30.516 DEBUG [acme.framework.configuration.ExtendedMessageSource@http-nio-8080-exec-10] Loading properties [C:\Workspace-22.0\Projects\Acme-Toolkits-Individual-Deliverable\target\classes\WEB-INF\views\inventor\toolkit\messages-en.i18n] with encoding 'utf-8' 
2022-06-01 21:47:30.516 DEBUG [acme.framework.configuration.ExtendedMessageSource@http-nio-8080-exec-10] Loading properties [C:\Workspace-22.0\Projects\Acme-Toolkits-Individual-Deliverable\target\classes\WEB-INF\views\master\defaults-en.i18n] with encoding 'utf-8' 
2022-06-01 21:47:30.518 DEBUG [acme.framework.configuration.ExtendedMessageSource@http-nio-8080-exec-10] Loading properties [C:\Workspace-22.0\Projects\Acme-Toolkits-Individual-Deliverable\target\classes\WEB-INF\views\master\master-en.i18n] with encoding 'utf-8' 
2022-06-01 21:47:30.518 DEBUG [acme.framework.configuration.ExtendedMessageSource@http-nio-8080-exec-10] Loading properties [C:\Workspace-22.0\Projects\Acme-Toolkits-Individual-Deliverable\target\classes\WEB-INF\views\master\throwables-en.i18n] with encoding 'utf-8' 
2022-06-01 21:47:30.519 DEBUG [acme.framework.configuration.ExtendedMessageSource@http-nio-8080-exec-10] Loading properties [C:\Workspace-22.0\Projects\Acme-Toolkits-Individual-Deliverable\target\classes\WEB-INF\views\master\validation-en.i18n] with encoding 'utf-8' 
2022-06-01 21:47:30.519 DEBUG [acme.framework.configuration.ExtendedMessageSource@http-nio-8080-exec-10] Loading properties [C:\Workspace-22.0\Projects\Acme-Toolkits-Individual-Deliverable\target\classes\WEB-INF\views\patron\patron-dashboard\messages-en.i18n] with encoding 'utf-8' 
2022-06-01 21:47:30.520 DEBUG [acme.framework.configuration.ExtendedMessageSource@http-nio-8080-exec-10] Loading properties [C:\Workspace-22.0\Projects\Acme-Toolkits-Individual-Deliverable\target\classes\WEB-INF\views\patron\patronage\messages-en.i18n] with encoding 'utf-8' 
2022-06-01 21:47:30.521 DEBUG [acme.framework.configuration.ExtendedMessageSource@http-nio-8080-exec-10] Loading properties [C:\Workspace-22.0\Projects\Acme-Toolkits-Individual-Deliverable\target\classes\WEB-INF\views\patron\patronage-report\messages-en.i18n] with encoding 'utf-8' 
2022-06-01 21:47:30.547 DEBUG [org.hibernate.SQL@http-nio-8080-exec-10] select configdata0_.strong_spam_terms as col_0_0_ from config_data configdata0_ 
2022-06-01 21:47:30.549 DEBUG [org.hibernate.SQL@http-nio-8080-exec-10] select configdata0_.weak_spam_terms as col_0_0_ from config_data configdata0_ 
2022-06-01 21:47:30.551 DEBUG [org.hibernate.SQL@http-nio-8080-exec-10] select configdata0_.strong_spam_treshold as col_0_0_ from config_data configdata0_ 
2022-06-01 21:47:30.554 DEBUG [org.hibernate.SQL@http-nio-8080-exec-10] select configdata0_.weak_spam_treshold as col_0_0_ from config_data configdata0_ 
2022-06-01 21:47:30.557 DEBUG [org.hibernate.SQL@http-nio-8080-exec-10] select chimpum0_.id as id1_0_, chimpum0_.version as version2_0_, chimpum0_.budget_amount as budget_a1_7_, chimpum0_.budget_currency as budget_c2_7_, chimpum0_.creation_moment as creation3_7_, chimpum0_.description as descript4_7_, chimpum0_.finish_date as finish_d5_7_, chimpum0_.link as link6_7_, chimpum0_.pattern as pattern7_7_, chimpum0_.start_date as start_da8_7_, chimpum0_.title as title9_7_ from chimpum chimpum0_ 
2022-06-01 21:47:30.565 DEBUG [acme.framework.controllers.AbstractController@http-nio-8080-exec-10] Rolling transaction 1725fcd5-02dc-4668-8f44-202f565c5bfb back 
2022-06-01 21:47:30.570 DEBUG [acme.framework.controllers.AbstractController@http-nio-8080-exec-10] Starting transaction 32c9f818-79f9-4d07-bd6e-9af8f51131a8 
2022-06-01 21:47:30.571 DEBUG [acme.framework.controllers.AbstractController@http-nio-8080-exec-10] Committing transaction 32c9f818-79f9-4d07-bd6e-9af8f51131a8 
2022-06-01 21:47:30.572 DEBUG [acme.framework.controllers.AbstractController@http-nio-8080-exec-10] SERVING POST /acme-toolkits-22.7/inventor/chimpum/create 
2022-06-01 21:47:30.572 DEBUG [acme.framework.controllers.AbstractController@http-nio-8080-exec-10] Result: ModelAndView [view="inventor/chimpum/form"; model={pattern=PATTERN, link=, description=, finishDate=, id=0, title=q, version=0, startDate=, budget=, pattern$error=PATTERN || 01/06/22., description$error=Must not be blank., finishDate$error=May not be null., startDate$error=May not be null., budget$error=May not be null., command=create, principal=acme.framework.entities.Principal@5d4d5f26}] 
2022-06-01 21:47:30.573 DEBUG [acme.framework.components.tiles.DynamicTilesView@http-nio-8080-exec-10] View name 'inventor/chimpum/form', model {pattern=PATTERN, link=, description=, finishDate=, id=0, title=q, version=0, startDate=, budget=, pattern$error=PATTERN || 01/06/22., description$error=Must not be blank., finishDate$error=May not be null., startDate$error=May not be null., budget$error=May not be null., command=create, principal=acme.framework.entities.Principal@5d4d5f26, org.springframework.validation.BindingResult.principal=org.springframework.validation.BeanPropertyBindingResult: 0 errors} 
2022-06-01 21:47:30.575 DEBUG [org.apache.jasper.servlet.JspServlet@http-nio-8080-exec-10] JspEngine --> /WEB-INF/views/master/page.jsp 
2022-06-01 21:47:30.575 DEBUG [org.apache.jasper.servlet.JspServlet@http-nio-8080-exec-10] ServletPath: /WEB-INF/views/master/page.jsp 
2022-06-01 21:47:30.576 DEBUG [org.apache.jasper.servlet.JspServlet@http-nio-8080-exec-10] PathInfo: null 
2022-06-01 21:47:30.579 DEBUG [org.apache.jasper.servlet.JspServlet@http-nio-8080-exec-10] RealPath: C:\Workspace-22.0\Projects\Acme-Toolkits-Individual-Deliverable\target\classes\WEB-INF\views\master\page.jsp 
2022-06-01 21:47:30.580 DEBUG [org.apache.jasper.servlet.JspServlet@http-nio-8080-exec-10] RequestURI: /acme-toolkits-22.7/WEB-INF/views/master/page.jsp 
2022-06-01 21:47:30.580 DEBUG [org.apache.jasper.servlet.JspServlet@http-nio-8080-exec-10] QueryString: null 
2022-06-01 21:47:30.833 DEBUG [org.apache.jasper.servlet.JspServlet@http-nio-8080-exec-10] JspEngine --> /WEB-INF/views/inventor/chimpum/form.jsp 
2022-06-01 21:47:30.834 DEBUG [org.apache.jasper.servlet.JspServlet@http-nio-8080-exec-10] ServletPath: /WEB-INF/views/master/page.jsp 
2022-06-01 21:47:30.835 DEBUG [org.apache.jasper.servlet.JspServlet@http-nio-8080-exec-10] PathInfo: null 
2022-06-01 21:47:30.837 DEBUG [org.apache.jasper.servlet.JspServlet@http-nio-8080-exec-10] RealPath: C:\Workspace-22.0\Projects\Acme-Toolkits-Individual-Deliverable\target\classes\WEB-INF\views\inventor\chimpum\form.jsp 
2022-06-01 21:47:30.838 DEBUG [org.apache.jasper.servlet.JspServlet@http-nio-8080-exec-10] RequestURI: /acme-toolkits-22.7/WEB-INF/views/master/page.jsp 
2022-06-01 21:47:30.839 DEBUG [org.apache.jasper.servlet.JspServlet@http-nio-8080-exec-10] QueryString: null 
