2022-05-28 19:03:40.167 INFO  [acme.Launcher@main] Starting Launcher using Java 1.8.0_281 on DESKTOP-UDQDLDQ with PID 4852 (C:\Workspace-22.0\Frameworks\Acme-Framework-22.7\target\classes started by david in C:\Workspace-22.0\Projects\Acme-Toolkits-Individual-Deliverable) 
2022-05-28 19:03:40.169 DEBUG [acme.Launcher@main] Running with Spring Boot v2.4.2, Spring v5.3.3 
2022-05-28 19:03:40.170 INFO  [acme.Launcher@main] The following profiles are active: development,default 
2022-05-28 19:03:45.042 DEBUG [org.apache.jasper.servlet.JasperInitializer@main] Initializing Jasper for context [application] 
2022-05-28 19:03:53.853 DEBUG [org.apache.jasper.servlet.JspServlet@main] Scratch dir for the JSP engine is: [C:\Users\david\AppData\Local\Temp\tomcat.8080.5825302295518997975\work\Tomcat\localhost\acme-toolkits-22.7] 
2022-05-28 19:03:53.853 DEBUG [org.apache.jasper.servlet.JspServlet@main] IMPORTANT: Do not modify the generated servlets 
2022-05-28 19:03:53.868 INFO  [acme.Launcher@main] Started Launcher in 14.763 seconds (JVM running for 15.688) 
2022-05-28 19:03:53.875 DEBUG [acme.Launcher@main] Found classpath entry '/C:/Workspace-22.0/Projects/Acme-Toolkits-Individual-Deliverable/target/test-classes/' 
2022-05-28 19:03:53.875 DEBUG [acme.Launcher@main] Found classpath entry '/C:/Workspace-22.0/Projects/Acme-Toolkits-Individual-Deliverable/target/classes/' 
2022-05-28 19:03:53.876 DEBUG [acme.Launcher@main] Found classpath entry '/C:/Workspace-22.0/Projects/Acme-Toolkits-Individual-Deliverable/lib/SpamDetector.jar' 
2022-05-28 19:03:53.876 DEBUG [acme.Launcher@main] Found classpath entry '/C:/Workspace-22.0/Frameworks/Acme-Framework-22.7/target/classes/' 
2022-05-28 19:03:53.876 DEBUG [acme.Launcher@main] Found classpath entry '/C:/Workspace-22.0/Frameworks/Acme-Framework-22.7/target/test-classes/' 
2022-05-28 19:03:53.876 DEBUG [acme.Launcher@main] Found classpath entry '/C:/Users/david/.m2/repository/org/springframework/boot/spring-boot-starter-tomcat/2.4.2/spring-boot-starter-tomcat-2.4.2.jar' 
2022-05-28 19:03:53.876 DEBUG [acme.Launcher@main] Found classpath entry '/C:/Users/david/.m2/repository/jakarta/annotation/jakarta.annotation-api/1.3.5/jakarta.annotation-api-1.3.5.jar' 
2022-05-28 19:03:53.877 DEBUG [acme.Launcher@main] Found classpath entry '/C:/Users/david/.m2/repository/org/apache/tomcat/embed/tomcat-embed-core/9.0.41/tomcat-embed-core-9.0.41.jar' 
2022-05-28 19:03:53.877 DEBUG [acme.Launcher@main] Found classpath entry '/C:/Users/david/.m2/repository/org/glassfish/jakarta.el/3.0.3/jakarta.el-3.0.3.jar' 
2022-05-28 19:03:53.877 DEBUG [acme.Launcher@main] Found classpath entry '/C:/Users/david/.m2/repository/org/apache/tomcat/embed/tomcat-embed-websocket/9.0.41/tomcat-embed-websocket-9.0.41.jar' 
2022-05-28 19:03:53.877 DEBUG [acme.Launcher@main] Found classpath entry '/C:/Users/david/.m2/repository/org/apache/tomcat/embed/tomcat-embed-jasper/9.0.41/tomcat-embed-jasper-9.0.41.jar' 
2022-05-28 19:03:53.877 DEBUG [acme.Launcher@main] Found classpath entry '/C:/Users/david/.m2/repository/org/apache/tomcat/embed/tomcat-embed-el/9.0.41/tomcat-embed-el-9.0.41.jar' 
2022-05-28 19:03:53.879 DEBUG [acme.Launcher@main] Found classpath entry '/C:/Users/david/.m2/repository/org/eclipse/jdt/ecj/3.18.0/ecj-3.18.0.jar' 
2022-05-28 19:03:53.881 DEBUG [acme.Launcher@main] Found classpath entry '/C:/Users/david/.m2/repository/javax/servlet/jstl/1.2/jstl-1.2.jar' 
2022-05-28 19:03:53.881 DEBUG [acme.Launcher@main] Found classpath entry '/C:/Users/david/.m2/repository/org/springframework/boot/spring-boot-starter-security/2.4.2/spring-boot-starter-security-2.4.2.jar' 
2022-05-28 19:03:53.881 DEBUG [acme.Launcher@main] Found classpath entry '/C:/Users/david/.m2/repository/org/springframework/boot/spring-boot-starter/2.4.2/spring-boot-starter-2.4.2.jar' 
2022-05-28 19:03:53.882 DEBUG [acme.Launcher@main] Found classpath entry '/C:/Users/david/.m2/repository/org/springframework/boot/spring-boot/2.4.2/spring-boot-2.4.2.jar' 
2022-05-28 19:03:53.882 DEBUG [acme.Launcher@main] Found classpath entry '/C:/Users/david/.m2/repository/org/springframework/boot/spring-boot-autoconfigure/2.4.2/spring-boot-autoconfigure-2.4.2.jar' 
2022-05-28 19:03:53.882 DEBUG [acme.Launcher@main] Found classpath entry '/C:/Users/david/.m2/repository/org/springframework/boot/spring-boot-starter-logging/2.4.2/spring-boot-starter-logging-2.4.2.jar' 
2022-05-28 19:03:53.882 DEBUG [acme.Launcher@main] Found classpath entry '/C:/Users/david/.m2/repository/ch/qos/logback/logback-classic/1.2.3/logback-classic-1.2.3.jar' 
2022-05-28 19:03:53.883 DEBUG [acme.Launcher@main] Found classpath entry '/C:/Users/david/.m2/repository/ch/qos/logback/logback-core/1.2.3/logback-core-1.2.3.jar' 
2022-05-28 19:03:53.883 DEBUG [acme.Launcher@main] Found classpath entry '/C:/Users/david/.m2/repository/org/apache/logging/log4j/log4j-to-slf4j/2.13.3/log4j-to-slf4j-2.13.3.jar' 
2022-05-28 19:03:53.883 DEBUG [acme.Launcher@main] Found classpath entry '/C:/Users/david/.m2/repository/org/apache/logging/log4j/log4j-api/2.13.3/log4j-api-2.13.3.jar' 
2022-05-28 19:03:53.883 DEBUG [acme.Launcher@main] Found classpath entry '/C:/Users/david/.m2/repository/org/slf4j/jul-to-slf4j/1.7.30/jul-to-slf4j-1.7.30.jar' 
2022-05-28 19:03:53.883 DEBUG [acme.Launcher@main] Found classpath entry '/C:/Users/david/.m2/repository/org/yaml/snakeyaml/1.27/snakeyaml-1.27.jar' 
2022-05-28 19:03:53.884 DEBUG [acme.Launcher@main] Found classpath entry '/C:/Users/david/.m2/repository/org/springframework/spring-aop/5.3.3/spring-aop-5.3.3.jar' 
2022-05-28 19:03:53.884 DEBUG [acme.Launcher@main] Found classpath entry '/C:/Users/david/.m2/repository/org/springframework/security/spring-security-web/5.4.2/spring-security-web-5.4.2.jar' 
2022-05-28 19:03:53.884 DEBUG [acme.Launcher@main] Found classpath entry '/C:/Users/david/.m2/repository/org/springframework/security/spring-security-core/5.4.2/spring-security-core-5.4.2.jar' 
2022-05-28 19:03:53.884 DEBUG [acme.Launcher@main] Found classpath entry '/C:/Users/david/.m2/repository/org/springframework/spring-beans/5.3.3/spring-beans-5.3.3.jar' 
2022-05-28 19:03:53.884 DEBUG [acme.Launcher@main] Found classpath entry '/C:/Users/david/.m2/repository/org/springframework/spring-context/5.3.3/spring-context-5.3.3.jar' 
2022-05-28 19:03:53.885 DEBUG [acme.Launcher@main] Found classpath entry '/C:/Users/david/.m2/repository/org/springframework/spring-core/5.3.3/spring-core-5.3.3.jar' 
2022-05-28 19:03:53.885 DEBUG [acme.Launcher@main] Found classpath entry '/C:/Users/david/.m2/repository/org/springframework/spring-jcl/5.3.3/spring-jcl-5.3.3.jar' 
2022-05-28 19:03:53.885 DEBUG [acme.Launcher@main] Found classpath entry '/C:/Users/david/.m2/repository/org/springframework/spring-expression/5.3.3/spring-expression-5.3.3.jar' 
2022-05-28 19:03:53.885 DEBUG [acme.Launcher@main] Found classpath entry '/C:/Users/david/.m2/repository/org/springframework/spring-web/5.3.3/spring-web-5.3.3.jar' 
2022-05-28 19:03:53.885 DEBUG [acme.Launcher@main] Found classpath entry '/C:/Users/david/.m2/repository/org/springframework/security/spring-security-config/5.4.2/spring-security-config-5.4.2.jar' 
2022-05-28 19:03:53.885 DEBUG [acme.Launcher@main] Found classpath entry '/C:/Users/david/.m2/repository/org/springframework/security/spring-security-taglibs/5.4.2/spring-security-taglibs-5.4.2.jar' 
2022-05-28 19:03:53.886 DEBUG [acme.Launcher@main] Found classpath entry '/C:/Users/david/.m2/repository/org/springframework/security/spring-security-acl/5.4.2/spring-security-acl-5.4.2.jar' 
2022-05-28 19:03:53.886 DEBUG [acme.Launcher@main] Found classpath entry '/C:/Users/david/.m2/repository/org/springframework/spring-jdbc/5.3.3/spring-jdbc-5.3.3.jar' 
2022-05-28 19:03:53.886 DEBUG [acme.Launcher@main] Found classpath entry '/C:/Users/david/.m2/repository/org/springframework/spring-tx/5.3.3/spring-tx-5.3.3.jar' 
2022-05-28 19:03:53.886 DEBUG [acme.Launcher@main] Found classpath entry '/C:/Users/david/.m2/repository/org/springframework/boot/spring-boot-starter-web/2.4.2/spring-boot-starter-web-2.4.2.jar' 
2022-05-28 19:03:53.886 DEBUG [acme.Launcher@main] Found classpath entry '/C:/Users/david/.m2/repository/org/springframework/boot/spring-boot-starter-json/2.4.2/spring-boot-starter-json-2.4.2.jar' 
2022-05-28 19:03:53.887 DEBUG [acme.Launcher@main] Found classpath entry '/C:/Users/david/.m2/repository/com/fasterxml/jackson/core/jackson-databind/2.11.4/jackson-databind-2.11.4.jar' 
2022-05-28 19:03:53.887 DEBUG [acme.Launcher@main] Found classpath entry '/C:/Users/david/.m2/repository/com/fasterxml/jackson/core/jackson-annotations/2.11.4/jackson-annotations-2.11.4.jar' 
2022-05-28 19:03:53.887 DEBUG [acme.Launcher@main] Found classpath entry '/C:/Users/david/.m2/repository/com/fasterxml/jackson/core/jackson-core/2.11.4/jackson-core-2.11.4.jar' 
2022-05-28 19:03:53.887 DEBUG [acme.Launcher@main] Found classpath entry '/C:/Users/david/.m2/repository/com/fasterxml/jackson/datatype/jackson-datatype-jdk8/2.11.4/jackson-datatype-jdk8-2.11.4.jar' 
2022-05-28 19:03:53.887 DEBUG [acme.Launcher@main] Found classpath entry '/C:/Users/david/.m2/repository/com/fasterxml/jackson/datatype/jackson-datatype-jsr310/2.11.4/jackson-datatype-jsr310-2.11.4.jar' 
2022-05-28 19:03:53.888 DEBUG [acme.Launcher@main] Found classpath entry '/C:/Users/david/.m2/repository/com/fasterxml/jackson/module/jackson-module-parameter-names/2.11.4/jackson-module-parameter-names-2.11.4.jar' 
2022-05-28 19:03:53.888 DEBUG [acme.Launcher@main] Found classpath entry '/C:/Users/david/.m2/repository/org/springframework/spring-webmvc/5.3.3/spring-webmvc-5.3.3.jar' 
2022-05-28 19:03:53.888 DEBUG [acme.Launcher@main] Found classpath entry '/C:/Users/david/.m2/repository/org/apache/tiles/tiles-jsp/3.0.8/tiles-jsp-3.0.8.jar' 
2022-05-28 19:03:53.888 DEBUG [acme.Launcher@main] Found classpath entry '/C:/Users/david/.m2/repository/org/apache/tiles/tiles-servlet/3.0.8/tiles-servlet-3.0.8.jar' 
2022-05-28 19:03:53.888 DEBUG [acme.Launcher@main] Found classpath entry '/C:/Users/david/.m2/repository/org/apache/tiles/tiles-core/3.0.8/tiles-core-3.0.8.jar' 
2022-05-28 19:03:53.889 DEBUG [acme.Launcher@main] Found classpath entry '/C:/Users/david/.m2/repository/commons-digester/commons-digester/2.0/commons-digester-2.0.jar' 
2022-05-28 19:03:53.889 DEBUG [acme.Launcher@main] Found classpath entry '/C:/Users/david/.m2/repository/org/slf4j/jcl-over-slf4j/1.7.30/jcl-over-slf4j-1.7.30.jar' 
2022-05-28 19:03:53.889 DEBUG [acme.Launcher@main] Found classpath entry '/C:/Users/david/.m2/repository/org/apache/tiles/tiles-request-servlet/1.0.7/tiles-request-servlet-1.0.7.jar' 
2022-05-28 19:03:53.889 DEBUG [acme.Launcher@main] Found classpath entry '/C:/Users/david/.m2/repository/org/apache/tiles/tiles-template/3.0.8/tiles-template-3.0.8.jar' 
2022-05-28 19:03:53.889 DEBUG [acme.Launcher@main] Found classpath entry '/C:/Users/david/.m2/repository/org/apache/tiles/tiles-api/3.0.8/tiles-api-3.0.8.jar' 
2022-05-28 19:03:53.890 DEBUG [acme.Launcher@main] Found classpath entry '/C:/Users/david/.m2/repository/org/apache/tiles/tiles-autotag-core-runtime/1.2/tiles-autotag-core-runtime-1.2.jar' 
2022-05-28 19:03:53.890 DEBUG [acme.Launcher@main] Found classpath entry '/C:/Users/david/.m2/repository/org/slf4j/slf4j-api/1.7.30/slf4j-api-1.7.30.jar' 
2022-05-28 19:03:53.890 DEBUG [acme.Launcher@main] Found classpath entry '/C:/Users/david/.m2/repository/org/apache/tiles/tiles-request-jsp/1.0.7/tiles-request-jsp-1.0.7.jar' 
2022-05-28 19:03:53.890 DEBUG [acme.Launcher@main] Found classpath entry '/C:/Users/david/.m2/repository/org/apache/tiles/tiles-request-api/1.0.7/tiles-request-api-1.0.7.jar' 
2022-05-28 19:03:53.890 DEBUG [acme.Launcher@main] Found classpath entry '/C:/Users/david/.m2/repository/org/springframework/boot/spring-boot-starter-data-jpa/2.4.2/spring-boot-starter-data-jpa-2.4.2.jar' 
2022-05-28 19:03:53.890 DEBUG [acme.Launcher@main] Found classpath entry '/C:/Users/david/.m2/repository/org/springframework/boot/spring-boot-starter-aop/2.4.2/spring-boot-starter-aop-2.4.2.jar' 
2022-05-28 19:03:53.891 DEBUG [acme.Launcher@main] Found classpath entry '/C:/Users/david/.m2/repository/org/aspectj/aspectjweaver/1.9.6/aspectjweaver-1.9.6.jar' 
2022-05-28 19:03:53.891 DEBUG [acme.Launcher@main] Found classpath entry '/C:/Users/david/.m2/repository/org/springframework/boot/spring-boot-starter-jdbc/2.4.2/spring-boot-starter-jdbc-2.4.2.jar' 
2022-05-28 19:03:53.891 DEBUG [acme.Launcher@main] Found classpath entry '/C:/Users/david/.m2/repository/jakarta/transaction/jakarta.transaction-api/1.3.3/jakarta.transaction-api-1.3.3.jar' 
2022-05-28 19:03:53.891 DEBUG [acme.Launcher@main] Found classpath entry '/C:/Users/david/.m2/repository/jakarta/persistence/jakarta.persistence-api/2.2.3/jakarta.persistence-api-2.2.3.jar' 
2022-05-28 19:03:53.891 DEBUG [acme.Launcher@main] Found classpath entry '/C:/Users/david/.m2/repository/org/hibernate/hibernate-core/5.4.27.Final/hibernate-core-5.4.27.Final.jar' 
2022-05-28 19:03:53.891 DEBUG [acme.Launcher@main] Found classpath entry '/C:/Users/david/.m2/repository/org/jboss/logging/jboss-logging/3.4.1.Final/jboss-logging-3.4.1.Final.jar' 
2022-05-28 19:03:53.892 DEBUG [acme.Launcher@main] Found classpath entry '/C:/Users/david/.m2/repository/org/javassist/javassist/3.27.0-GA/javassist-3.27.0-GA.jar' 
2022-05-28 19:03:53.892 DEBUG [acme.Launcher@main] Found classpath entry '/C:/Users/david/.m2/repository/antlr/antlr/2.7.7/antlr-2.7.7.jar' 
2022-05-28 19:03:53.892 DEBUG [acme.Launcher@main] Found classpath entry '/C:/Users/david/.m2/repository/org/jboss/jandex/2.1.3.Final/jandex-2.1.3.Final.jar' 
2022-05-28 19:03:53.892 DEBUG [acme.Launcher@main] Found classpath entry '/C:/Users/david/.m2/repository/com/fasterxml/classmate/1.5.1/classmate-1.5.1.jar' 
2022-05-28 19:03:53.892 DEBUG [acme.Launcher@main] Found classpath entry '/C:/Users/david/.m2/repository/org/dom4j/dom4j/2.1.3/dom4j-2.1.3.jar' 
2022-05-28 19:03:53.892 DEBUG [acme.Launcher@main] Found classpath entry '/C:/Users/david/.m2/repository/org/hibernate/common/hibernate-commons-annotations/5.1.2.Final/hibernate-commons-annotations-5.1.2.Final.jar' 
2022-05-28 19:03:53.893 DEBUG [acme.Launcher@main] Found classpath entry '/C:/Users/david/.m2/repository/org/glassfish/jaxb/jaxb-runtime/2.3.3/jaxb-runtime-2.3.3.jar' 
2022-05-28 19:03:53.893 DEBUG [acme.Launcher@main] Found classpath entry '/C:/Users/david/.m2/repository/org/glassfish/jaxb/txw2/2.3.3/txw2-2.3.3.jar' 
2022-05-28 19:03:53.893 DEBUG [acme.Launcher@main] Found classpath entry '/C:/Users/david/.m2/repository/com/sun/istack/istack-commons-runtime/3.0.11/istack-commons-runtime-3.0.11.jar' 
2022-05-28 19:03:53.893 DEBUG [acme.Launcher@main] Found classpath entry '/C:/Users/david/.m2/repository/com/sun/activation/jakarta.activation/1.2.2/jakarta.activation-1.2.2.jar' 
2022-05-28 19:03:53.893 DEBUG [acme.Launcher@main] Found classpath entry '/C:/Users/david/.m2/repository/org/springframework/data/spring-data-jpa/2.4.3/spring-data-jpa-2.4.3.jar' 
2022-05-28 19:03:53.893 DEBUG [acme.Launcher@main] Found classpath entry '/C:/Users/david/.m2/repository/org/springframework/data/spring-data-commons/2.4.3/spring-data-commons-2.4.3.jar' 
2022-05-28 19:03:53.894 DEBUG [acme.Launcher@main] Found classpath entry '/C:/Users/david/.m2/repository/org/springframework/spring-orm/5.3.3/spring-orm-5.3.3.jar' 
2022-05-28 19:03:53.894 DEBUG [acme.Launcher@main] Found classpath entry '/C:/Users/david/.m2/repository/org/springframework/spring-aspects/5.3.3/spring-aspects-5.3.3.jar' 
2022-05-28 19:03:53.894 DEBUG [acme.Launcher@main] Found classpath entry '/C:/Users/david/.m2/repository/org/springframework/boot/spring-boot-starter-validation/2.4.2/spring-boot-starter-validation-2.4.2.jar' 
2022-05-28 19:03:53.894 DEBUG [acme.Launcher@main] Found classpath entry '/C:/Users/david/.m2/repository/org/hibernate/validator/hibernate-validator/6.1.7.Final/hibernate-validator-6.1.7.Final.jar' 
2022-05-28 19:03:53.894 DEBUG [acme.Launcher@main] Found classpath entry '/C:/Users/david/.m2/repository/jakarta/validation/jakarta.validation-api/2.0.2/jakarta.validation-api-2.0.2.jar' 
2022-05-28 19:03:53.894 DEBUG [acme.Launcher@main] Found classpath entry '/C:/Users/david/.m2/repository/mysql/mysql-connector-java/8.0.22/mysql-connector-java-8.0.22.jar' 
2022-05-28 19:03:53.895 DEBUG [acme.Launcher@main] Found classpath entry '/C:/Users/david/.m2/repository/com/zaxxer/HikariCP/3.4.5/HikariCP-3.4.5.jar' 
2022-05-28 19:03:53.895 DEBUG [acme.Launcher@main] Found classpath entry '/C:/Users/david/.m2/repository/org/springframework/boot/spring-boot-starter-test/2.4.2/spring-boot-starter-test-2.4.2.jar' 
2022-05-28 19:03:53.895 DEBUG [acme.Launcher@main] Found classpath entry '/C:/Users/david/.m2/repository/org/springframework/boot/spring-boot-test/2.4.2/spring-boot-test-2.4.2.jar' 
2022-05-28 19:03:53.895 DEBUG [acme.Launcher@main] Found classpath entry '/C:/Users/david/.m2/repository/org/springframework/boot/spring-boot-test-autoconfigure/2.4.2/spring-boot-test-autoconfigure-2.4.2.jar' 
2022-05-28 19:03:53.895 DEBUG [acme.Launcher@main] Found classpath entry '/C:/Users/david/.m2/repository/com/jayway/jsonpath/json-path/2.4.0/json-path-2.4.0.jar' 
2022-05-28 19:03:53.895 DEBUG [acme.Launcher@main] Found classpath entry '/C:/Users/david/.m2/repository/net/minidev/json-smart/2.3/json-smart-2.3.jar' 
2022-05-28 19:03:53.896 DEBUG [acme.Launcher@main] Found classpath entry '/C:/Users/david/.m2/repository/net/minidev/accessors-smart/1.2/accessors-smart-1.2.jar' 
2022-05-28 19:03:53.896 DEBUG [acme.Launcher@main] Found classpath entry '/C:/Users/david/.m2/repository/org/ow2/asm/asm/5.0.4/asm-5.0.4.jar' 
2022-05-28 19:03:53.896 DEBUG [acme.Launcher@main] Found classpath entry '/C:/Users/david/.m2/repository/jakarta/xml/bind/jakarta.xml.bind-api/2.3.3/jakarta.xml.bind-api-2.3.3.jar' 
2022-05-28 19:03:53.896 DEBUG [acme.Launcher@main] Found classpath entry '/C:/Users/david/.m2/repository/jakarta/activation/jakarta.activation-api/1.2.2/jakarta.activation-api-1.2.2.jar' 
2022-05-28 19:03:53.896 DEBUG [acme.Launcher@main] Found classpath entry '/C:/Users/david/.m2/repository/org/assertj/assertj-core/3.18.1/assertj-core-3.18.1.jar' 
2022-05-28 19:03:53.896 DEBUG [acme.Launcher@main] Found classpath entry '/C:/Users/david/.m2/repository/org/hamcrest/hamcrest/2.2/hamcrest-2.2.jar' 
2022-05-28 19:03:53.896 DEBUG [acme.Launcher@main] Found classpath entry '/C:/Users/david/.m2/repository/org/junit/jupiter/junit-jupiter/5.7.0/junit-jupiter-5.7.0.jar' 
2022-05-28 19:03:53.896 DEBUG [acme.Launcher@main] Found classpath entry '/C:/Users/david/.m2/repository/org/mockito/mockito-core/3.6.28/mockito-core-3.6.28.jar' 
2022-05-28 19:03:53.897 DEBUG [acme.Launcher@main] Found classpath entry '/C:/Users/david/.m2/repository/net/bytebuddy/byte-buddy-agent/1.10.19/byte-buddy-agent-1.10.19.jar' 
2022-05-28 19:03:53.897 DEBUG [acme.Launcher@main] Found classpath entry '/C:/Users/david/.m2/repository/org/objenesis/objenesis/3.1/objenesis-3.1.jar' 
2022-05-28 19:03:53.897 DEBUG [acme.Launcher@main] Found classpath entry '/C:/Users/david/.m2/repository/org/mockito/mockito-junit-jupiter/3.6.28/mockito-junit-jupiter-3.6.28.jar' 
2022-05-28 19:03:53.897 DEBUG [acme.Launcher@main] Found classpath entry '/C:/Users/david/.m2/repository/org/skyscreamer/jsonassert/1.5.0/jsonassert-1.5.0.jar' 
2022-05-28 19:03:53.897 DEBUG [acme.Launcher@main] Found classpath entry '/C:/Users/david/.m2/repository/com/vaadin/external/google/android-json/0.0.20131108.vaadin1/android-json-0.0.20131108.vaadin1.jar' 
2022-05-28 19:03:53.897 DEBUG [acme.Launcher@main] Found classpath entry '/C:/Users/david/.m2/repository/org/springframework/spring-test/5.3.3/spring-test-5.3.3.jar' 
2022-05-28 19:03:53.898 DEBUG [acme.Launcher@main] Found classpath entry '/C:/Users/david/.m2/repository/org/xmlunit/xmlunit-core/2.7.0/xmlunit-core-2.7.0.jar' 
2022-05-28 19:03:53.898 DEBUG [acme.Launcher@main] Found classpath entry '/C:/Users/david/.m2/repository/org/junit/jupiter/junit-jupiter-engine/5.7.0/junit-jupiter-engine-5.7.0.jar' 
2022-05-28 19:03:53.898 DEBUG [acme.Launcher@main] Found classpath entry '/C:/Users/david/.m2/repository/org/apiguardian/apiguardian-api/1.1.0/apiguardian-api-1.1.0.jar' 
2022-05-28 19:03:53.898 DEBUG [acme.Launcher@main] Found classpath entry '/C:/Users/david/.m2/repository/org/junit/platform/junit-platform-engine/1.7.0/junit-platform-engine-1.7.0.jar' 
2022-05-28 19:03:53.898 DEBUG [acme.Launcher@main] Found classpath entry '/C:/Users/david/.m2/repository/org/junit/jupiter/junit-jupiter-api/5.7.0/junit-jupiter-api-5.7.0.jar' 
2022-05-28 19:03:53.898 DEBUG [acme.Launcher@main] Found classpath entry '/C:/Users/david/.m2/repository/org/opentest4j/opentest4j/1.2.0/opentest4j-1.2.0.jar' 
2022-05-28 19:03:53.898 DEBUG [acme.Launcher@main] Found classpath entry '/C:/Users/david/.m2/repository/org/junit/platform/junit-platform-commons/1.7.0/junit-platform-commons-1.7.0.jar' 
2022-05-28 19:03:53.899 DEBUG [acme.Launcher@main] Found classpath entry '/C:/Users/david/.m2/repository/org/junit/jupiter/junit-jupiter-params/5.7.0/junit-jupiter-params-5.7.0.jar' 
2022-05-28 19:03:53.899 DEBUG [acme.Launcher@main] Found classpath entry '/C:/Users/david/.m2/repository/org/junit/platform/junit-platform-launcher/1.7.0/junit-platform-launcher-1.7.0.jar' 
2022-05-28 19:03:53.899 DEBUG [acme.Launcher@main] Found classpath entry '/C:/Users/david/.m2/repository/org/seleniumhq/selenium/selenium-java/3.141.59/selenium-java-3.141.59.jar' 
2022-05-28 19:03:53.899 DEBUG [acme.Launcher@main] Found classpath entry '/C:/Users/david/.m2/repository/org/seleniumhq/selenium/selenium-api/3.141.59/selenium-api-3.141.59.jar' 
2022-05-28 19:03:53.899 DEBUG [acme.Launcher@main] Found classpath entry '/C:/Users/david/.m2/repository/org/seleniumhq/selenium/selenium-chrome-driver/3.141.59/selenium-chrome-driver-3.141.59.jar' 
2022-05-28 19:03:53.899 DEBUG [acme.Launcher@main] Found classpath entry '/C:/Users/david/.m2/repository/org/seleniumhq/selenium/selenium-edge-driver/3.141.59/selenium-edge-driver-3.141.59.jar' 
2022-05-28 19:03:53.900 DEBUG [acme.Launcher@main] Found classpath entry '/C:/Users/david/.m2/repository/org/seleniumhq/selenium/selenium-firefox-driver/3.141.59/selenium-firefox-driver-3.141.59.jar' 
2022-05-28 19:03:53.900 DEBUG [acme.Launcher@main] Found classpath entry '/C:/Users/david/.m2/repository/org/seleniumhq/selenium/selenium-ie-driver/3.141.59/selenium-ie-driver-3.141.59.jar' 
2022-05-28 19:03:53.900 DEBUG [acme.Launcher@main] Found classpath entry '/C:/Users/david/.m2/repository/org/seleniumhq/selenium/selenium-opera-driver/3.141.59/selenium-opera-driver-3.141.59.jar' 
2022-05-28 19:03:53.900 DEBUG [acme.Launcher@main] Found classpath entry '/C:/Users/david/.m2/repository/org/seleniumhq/selenium/selenium-remote-driver/3.141.59/selenium-remote-driver-3.141.59.jar' 
2022-05-28 19:03:53.900 DEBUG [acme.Launcher@main] Found classpath entry '/C:/Users/david/.m2/repository/org/seleniumhq/selenium/selenium-safari-driver/3.141.59/selenium-safari-driver-3.141.59.jar' 
2022-05-28 19:03:53.900 DEBUG [acme.Launcher@main] Found classpath entry '/C:/Users/david/.m2/repository/org/seleniumhq/selenium/selenium-support/3.141.59/selenium-support-3.141.59.jar' 
2022-05-28 19:03:53.900 DEBUG [acme.Launcher@main] Found classpath entry '/C:/Users/david/.m2/repository/net/bytebuddy/byte-buddy/1.10.19/byte-buddy-1.10.19.jar' 
2022-05-28 19:03:53.901 DEBUG [acme.Launcher@main] Found classpath entry '/C:/Users/david/.m2/repository/org/apache/commons/commons-exec/1.3/commons-exec-1.3.jar' 
2022-05-28 19:03:53.901 DEBUG [acme.Launcher@main] Found classpath entry '/C:/Users/david/.m2/repository/com/google/guava/guava/25.0-jre/guava-25.0-jre.jar' 
2022-05-28 19:03:53.901 DEBUG [acme.Launcher@main] Found classpath entry '/C:/Users/david/.m2/repository/com/google/code/findbugs/jsr305/1.3.9/jsr305-1.3.9.jar' 
2022-05-28 19:03:53.901 DEBUG [acme.Launcher@main] Found classpath entry '/C:/Users/david/.m2/repository/org/checkerframework/checker-compat-qual/2.0.0/checker-compat-qual-2.0.0.jar' 
2022-05-28 19:03:53.901 DEBUG [acme.Launcher@main] Found classpath entry '/C:/Users/david/.m2/repository/com/google/errorprone/error_prone_annotations/2.1.3/error_prone_annotations-2.1.3.jar' 
2022-05-28 19:03:53.901 DEBUG [acme.Launcher@main] Found classpath entry '/C:/Users/david/.m2/repository/com/google/j2objc/j2objc-annotations/1.1/j2objc-annotations-1.1.jar' 
2022-05-28 19:03:53.901 DEBUG [acme.Launcher@main] Found classpath entry '/C:/Users/david/.m2/repository/org/codehaus/mojo/animal-sniffer-annotations/1.14/animal-sniffer-annotations-1.14.jar' 
2022-05-28 19:03:53.902 DEBUG [acme.Launcher@main] Found classpath entry '/C:/Users/david/.m2/repository/com/squareup/okhttp3/okhttp/3.14.9/okhttp-3.14.9.jar' 
2022-05-28 19:03:53.902 DEBUG [acme.Launcher@main] Found classpath entry '/C:/Users/david/.m2/repository/com/squareup/okio/okio/1.14.0/okio-1.14.0.jar' 
2022-05-28 19:03:53.902 DEBUG [acme.Launcher@main] Found classpath entry '/C:/Users/david/.m2/repository/org/apache/commons/commons-lang3/3.11/commons-lang3-3.11.jar' 
2022-05-28 19:03:53.902 DEBUG [acme.Launcher@main] Found classpath entry '/C:/Users/david/.m2/repository/org/apache/commons/commons-text/1.8/commons-text-1.8.jar' 
2022-05-28 19:03:53.902 DEBUG [acme.Launcher@main] Found classpath entry '/C:/Users/david/.m2/repository/commons-io/commons-io/2.6/commons-io-2.6.jar' 
2022-05-28 19:03:53.902 DEBUG [acme.Launcher@main] Found classpath entry '/C:/Users/david/.m2/repository/commons-cli/commons-cli/1.4/commons-cli-1.4.jar' 
2022-05-28 19:03:53.903 DEBUG [acme.Launcher@main] Found classpath entry '/C:/Users/david/.m2/repository/org/projectlombok/lombok/1.18.16/lombok-1.18.16.jar' 
2022-05-28 19:03:53.903 DEBUG [acme.Launcher@main] Found classpath entry '/C:/Users/david/.m2/repository/com/opencsv/opencsv/5.4/opencsv-5.4.jar' 
2022-05-28 19:03:53.903 DEBUG [acme.Launcher@main] Found classpath entry '/C:/Users/david/.m2/repository/commons-beanutils/commons-beanutils/1.9.4/commons-beanutils-1.9.4.jar' 
2022-05-28 19:03:53.903 DEBUG [acme.Launcher@main] Found classpath entry '/C:/Users/david/.m2/repository/commons-logging/commons-logging/1.2/commons-logging-1.2.jar' 
2022-05-28 19:03:53.903 DEBUG [acme.Launcher@main] Found classpath entry '/C:/Users/david/.m2/repository/commons-collections/commons-collections/3.2.2/commons-collections-3.2.2.jar' 
2022-05-28 19:03:53.903 DEBUG [acme.Launcher@main] Found classpath entry '/C:/Users/david/.m2/repository/org/apache/commons/commons-collections4/4.4/commons-collections4-4.4.jar' 
2022-05-28 19:03:54.072 DEBUG [acme.Launcher@main] Found entity class 'acme.entities.CHIMPUM.CHIMPUM 
2022-05-28 19:03:54.073 DEBUG [acme.Launcher@main] Found entity class 'acme.entities.announcements.Announcement 
2022-05-28 19:03:54.073 DEBUG [acme.Launcher@main] Found entity class 'acme.entities.artifacts.Artifact 
2022-05-28 19:03:54.073 DEBUG [acme.Launcher@main] Found entity class 'acme.entities.artifacts.Quantity 
2022-05-28 19:03:54.073 DEBUG [acme.Launcher@main] Found entity class 'acme.entities.artifacts.Toolkit 
2022-05-28 19:03:54.073 DEBUG [acme.Launcher@main] Found entity class 'acme.entities.chirps.Chirp 
2022-05-28 19:03:54.073 DEBUG [acme.Launcher@main] Found entity class 'acme.entities.configData.ConfigData 
2022-05-28 19:03:54.073 DEBUG [acme.Launcher@main] Found entity class 'acme.entities.patronage.Patronage 
2022-05-28 19:03:54.073 DEBUG [acme.Launcher@main] Found entity class 'acme.entities.patronage.PatronageReport 
2022-05-28 19:03:54.074 DEBUG [acme.Launcher@main] Found entity class 'acme.roles.Inventor 
2022-05-28 19:03:54.074 DEBUG [acme.Launcher@main] Found entity class 'acme.roles.Patron 
2022-05-28 19:03:54.074 DEBUG [acme.Launcher@main] Found entity class 'acme.framework.entities.UserAccount 
2022-05-28 19:03:54.074 DEBUG [acme.Launcher@main] Found entity class 'acme.framework.roles.Administrator 
2022-05-28 19:03:54.074 DEBUG [acme.Launcher@main] Found entity class 'acme.framework.roles.Anonymous 
2022-05-28 19:03:54.074 DEBUG [acme.Launcher@main] Found entity class 'acme.framework.roles.Any 
2022-05-28 19:03:54.074 DEBUG [acme.Launcher@main] Found entity class 'acme.framework.roles.Authenticated 
2022-05-28 19:03:54.079 INFO  [acme.Launcher@main] Running application (Standalone) 
2022-05-28 19:04:04.211 DEBUG [org.hibernate.SQL@http-nio-8080-exec-1] select useraccoun0_.id as id1_0_, useraccoun0_.version as version2_0_, useraccoun0_.enabled as enabled1_16_, useraccoun0_.identity as identity2_16_, useraccoun0_.password as password3_16_, useraccoun0_.username as username4_16_ from user_account useraccoun0_ where useraccoun0_.username=? 
2022-05-28 19:04:04.247 TRACE [org.hibernate.type.descriptor.sql.BasicBinder@http-nio-8080-exec-1] binding parameter [1] as [VARCHAR] - [inventor1] 
2022-05-28 19:04:04.318 DEBUG [org.hibernate.SQL@http-nio-8080-exec-1] select roles0_.user_account_id as user_acc1_17_0_, roles0_.id as id1_17_0_, roles0_.id as id1_0_1_, roles0_.version as version2_0_1_, roles0_.user_account_id as user_acc1_17_1_, roles0_.company as company1_10_1_, roles0_.link as link2_10_1_, roles0_.statement as statemen3_10_1_, roles0_.company as company1_11_1_, roles0_.link as link2_11_1_, roles0_.statement as statemen3_11_1_, roles0_.clazz_ as clazz_1_ from ( select id, version, user_account_id, company, link, statement, 11 as clazz_ from inventor union all select id, version, user_account_id, company, link, statement, 12 as clazz_ from patron union all select id, version, user_account_id, null as company, null as link, null as statement, 14 as clazz_ from administrator union all select id, version, user_account_id, null as company, null as link, null as statement, 15 as clazz_ from anonymous union all select id, version, user_account_id, null as company, null as link, null as statement, 16 as clazz_ from any union all select id, version, user_account_id, null as company, null as link, null as statement, 17 as clazz_ from authenticated ) roles0_ where roles0_.user_account_id=? 
2022-05-28 19:04:04.319 TRACE [org.hibernate.type.descriptor.sql.BasicBinder@http-nio-8080-exec-1] binding parameter [1] as [INTEGER] - [6] 
2022-05-28 19:04:04.441 DEBUG [acme.framework.controllers.AbstractController@http-nio-8080-exec-1] DISPATCHING GET /acme-toolkits-22.7/inventor/artifact/list-mine 
2022-05-28 19:04:04.441 DEBUG [acme.framework.controllers.AbstractController@http-nio-8080-exec-1] Command: list-mine 
2022-05-28 19:04:04.441 DEBUG [acme.framework.controllers.AbstractController@http-nio-8080-exec-1] Model:   {type=tool} 
2022-05-28 19:04:04.441 DEBUG [acme.framework.controllers.AbstractController@http-nio-8080-exec-1] Locale:  en 
2022-05-28 19:04:04.441 DEBUG [acme.framework.controllers.AbstractController@http-nio-8080-exec-1] Starting transaction 674e0f30-d839-48d6-8333-e47104a8b933 
2022-05-28 19:04:04.459 DEBUG [org.hibernate.SQL@http-nio-8080-exec-1] select artifact0_.id as id1_0_, artifact0_.version as version2_0_, artifact0_.artifact_type as artifact1_5_, artifact0_.chimpum_id as chimpum10_5_, artifact0_.code as code2_5_, artifact0_.description as descript3_5_, artifact0_.inventor_id as invento11_5_, artifact0_.link as link4_5_, artifact0_.name as name5_5_, artifact0_.published as publishe6_5_, artifact0_.retail_price_amount as retail_p7_5_, artifact0_.retail_price_currency as retail_p8_5_, artifact0_.technology as technolo9_5_ from artifact artifact0_ where artifact0_.inventor_id=? and artifact0_.artifact_type=0 
2022-05-28 19:04:04.459 TRACE [org.hibernate.type.descriptor.sql.BasicBinder@http-nio-8080-exec-1] binding parameter [1] as [INTEGER] - [8] 
2022-05-28 19:04:04.462 DEBUG [org.hibernate.SQL@http-nio-8080-exec-1] select inventor0_.id as id1_0_0_, inventor0_.version as version2_0_0_, inventor0_.user_account_id as user_acc1_17_0_, inventor0_.company as company1_10_0_, inventor0_.link as link2_10_0_, inventor0_.statement as statemen3_10_0_, useraccoun1_.id as id1_0_1_, useraccoun1_.version as version2_0_1_, useraccoun1_.enabled as enabled1_16_1_, useraccoun1_.identity as identity2_16_1_, useraccoun1_.password as password3_16_1_, useraccoun1_.username as username4_16_1_ from inventor inventor0_ inner join user_account useraccoun1_ on inventor0_.user_account_id=useraccoun1_.id where inventor0_.id=? 
2022-05-28 19:04:04.463 TRACE [org.hibernate.type.descriptor.sql.BasicBinder@http-nio-8080-exec-1] binding parameter [1] as [INTEGER] - [8] 
2022-05-28 19:04:04.495 DEBUG [acme.framework.controllers.AbstractController@http-nio-8080-exec-1] Committing transaction 674e0f30-d839-48d6-8333-e47104a8b933 
2022-05-28 19:04:04.497 DEBUG [acme.framework.controllers.AbstractController@http-nio-8080-exec-1] Starting transaction b297eb15-d7da-4153-b845-5a28adbc7533 
2022-05-28 19:04:04.498 DEBUG [acme.framework.controllers.AbstractController@http-nio-8080-exec-1] Committing transaction b297eb15-d7da-4153-b845-5a28adbc7533 
2022-05-28 19:04:04.499 DEBUG [acme.framework.controllers.AbstractController@http-nio-8080-exec-1] SERVING GET /acme-toolkits-22.7/inventor/artifact/list-mine 
2022-05-28 19:04:04.500 DEBUG [acme.framework.controllers.AbstractController@http-nio-8080-exec-1] Result: ModelAndView [view="inventor/artifact/list"; model={published[0]=true, artifactType[0]=TOOL, version[0]=0, id[0]=14, type=tool, list$size=1, name[0]=MariaDB, retailPrice[0]=<<EUR 60.00>>, command=list-mine, principal=acme.framework.entities.Principal@3ff5bedb}] 
2022-05-28 19:04:04.522 DEBUG [acme.framework.components.tiles.DynamicTilesView@http-nio-8080-exec-1] View name 'inventor/artifact/list', model {published[0]=true, artifactType[0]=TOOL, version[0]=0, id[0]=14, type=tool, list$size=1, name[0]=MariaDB, retailPrice[0]=<<EUR 60.00>>, command=list-mine, principal=acme.framework.entities.Principal@3ff5bedb, org.springframework.validation.BindingResult.retailPrice[0]=org.springframework.validation.BeanPropertyBindingResult: 0 errors, org.springframework.validation.BindingResult.principal=org.springframework.validation.BeanPropertyBindingResult: 0 errors} 
2022-05-28 19:04:04.549 DEBUG [org.apache.tiles.definition.dao.BaseLocaleUrlDefinitionDAO@http-nio-8080-exec-1] File Resource file:/C:/Workspace-22.0/Projects/Acme-Toolkits-Individual-Deliverable/target/classes/WEB-INF/views/master/tiles_en.xml at file:/C:/Workspace-22.0/Projects/Acme-Toolkits-Individual-Deliverable/target/classes/WEB-INF/views/master/tiles_en.xml not found, continue 
2022-05-28 19:04:04.558 DEBUG [org.apache.jasper.servlet.JspServlet@http-nio-8080-exec-1] JspEngine --> /WEB-INF/views/master/page.jsp 
2022-05-28 19:04:04.558 DEBUG [org.apache.jasper.servlet.JspServlet@http-nio-8080-exec-1] ServletPath: /WEB-INF/views/master/page.jsp 
2022-05-28 19:04:04.559 DEBUG [org.apache.jasper.servlet.JspServlet@http-nio-8080-exec-1] PathInfo: null 
2022-05-28 19:04:04.561 DEBUG [org.apache.jasper.servlet.JspServlet@http-nio-8080-exec-1] RealPath: C:\Workspace-22.0\Projects\Acme-Toolkits-Individual-Deliverable\target\classes\WEB-INF\views\master\page.jsp 
2022-05-28 19:04:04.562 DEBUG [org.apache.jasper.servlet.JspServlet@http-nio-8080-exec-1] RequestURI: /acme-toolkits-22.7/WEB-INF/views/master/page.jsp 
2022-05-28 19:04:04.562 DEBUG [org.apache.jasper.servlet.JspServlet@http-nio-8080-exec-1] QueryString: type=tool 
2022-05-28 19:04:09.657 DEBUG [acme.framework.configuration.ExtendedMessageSource@http-nio-8080-exec-1] Loading properties [C:\Workspace-22.0\Projects\Acme-Toolkits-Individual-Deliverable\target\classes\WEB-INF\views\administrator\administrator-dashboard\messages-en.i18n] with encoding 'utf-8' 
2022-05-28 19:04:09.659 DEBUG [acme.framework.configuration.ExtendedMessageSource@http-nio-8080-exec-1] Loading properties [C:\Workspace-22.0\Projects\Acme-Toolkits-Individual-Deliverable\target\classes\WEB-INF\views\administrator\announcement\messsages-en.i18n] with encoding 'utf-8' 
2022-05-28 19:04:09.660 DEBUG [acme.framework.configuration.ExtendedMessageSource@http-nio-8080-exec-1] Loading properties [C:\Workspace-22.0\Projects\Acme-Toolkits-Individual-Deliverable\target\classes\WEB-INF\views\administrator\config-data\messsages-en.i18n] with encoding 'utf-8' 
2022-05-28 19:04:09.661 DEBUG [acme.framework.configuration.ExtendedMessageSource@http-nio-8080-exec-1] Loading properties [C:\Workspace-22.0\Projects\Acme-Toolkits-Individual-Deliverable\target\classes\WEB-INF\views\administrator\user-account\messages-en.i18n] with encoding 'utf-8' 
2022-05-28 19:04:09.662 DEBUG [acme.framework.configuration.ExtendedMessageSource@http-nio-8080-exec-1] Loading properties [C:\Workspace-22.0\Projects\Acme-Toolkits-Individual-Deliverable\target\classes\WEB-INF\views\anonymous\user-account\messages-en.i18n] with encoding 'utf-8' 
2022-05-28 19:04:09.663 DEBUG [acme.framework.configuration.ExtendedMessageSource@http-nio-8080-exec-1] Loading properties [C:\Workspace-22.0\Projects\Acme-Toolkits-Individual-Deliverable\target\classes\WEB-INF\views\any\artifact\messages-en.i18n] with encoding 'utf-8' 
2022-05-28 19:04:09.663 DEBUG [acme.framework.configuration.ExtendedMessageSource@http-nio-8080-exec-1] Loading properties [C:\Workspace-22.0\Projects\Acme-Toolkits-Individual-Deliverable\target\classes\WEB-INF\views\any\chirp\messages-en.i18n] with encoding 'utf-8' 
2022-05-28 19:04:09.664 DEBUG [acme.framework.configuration.ExtendedMessageSource@http-nio-8080-exec-1] Loading properties [C:\Workspace-22.0\Projects\Acme-Toolkits-Individual-Deliverable\target\classes\WEB-INF\views\any\toolkit\messages-en.i18n] with encoding 'utf-8' 
2022-05-28 19:04:09.664 DEBUG [acme.framework.configuration.ExtendedMessageSource@http-nio-8080-exec-1] Loading properties [C:\Workspace-22.0\Projects\Acme-Toolkits-Individual-Deliverable\target\classes\WEB-INF\views\any\user-account\messages-en.i18n] with encoding 'utf-8' 
2022-05-28 19:04:09.665 DEBUG [acme.framework.configuration.ExtendedMessageSource@http-nio-8080-exec-1] Loading properties [C:\Workspace-22.0\Projects\Acme-Toolkits-Individual-Deliverable\target\classes\WEB-INF\views\authenticated\announcement\messsages-en.i18n] with encoding 'utf-8' 
2022-05-28 19:04:09.666 DEBUG [acme.framework.configuration.ExtendedMessageSource@http-nio-8080-exec-1] Loading properties [C:\Workspace-22.0\Projects\Acme-Toolkits-Individual-Deliverable\target\classes\WEB-INF\views\authenticated\config-data\messsages-en.i18n] with encoding 'utf-8' 
2022-05-28 19:04:09.666 DEBUG [acme.framework.configuration.ExtendedMessageSource@http-nio-8080-exec-1] Loading properties [C:\Workspace-22.0\Projects\Acme-Toolkits-Individual-Deliverable\target\classes\WEB-INF\views\authenticated\consumer\messsages-en.i18n] with encoding 'utf-8' 
2022-05-28 19:04:09.667 DEBUG [acme.framework.configuration.ExtendedMessageSource@http-nio-8080-exec-1] Loading properties [C:\Workspace-22.0\Projects\Acme-Toolkits-Individual-Deliverable\target\classes\WEB-INF\views\authenticated\inventor\messsages-en.i18n] with encoding 'utf-8' 
2022-05-28 19:04:09.667 DEBUG [acme.framework.configuration.ExtendedMessageSource@http-nio-8080-exec-1] Loading properties [C:\Workspace-22.0\Projects\Acme-Toolkits-Individual-Deliverable\target\classes\WEB-INF\views\authenticated\patron\messsages-en.i18n] with encoding 'utf-8' 
2022-05-28 19:04:09.668 DEBUG [acme.framework.configuration.ExtendedMessageSource@http-nio-8080-exec-1] Loading properties [C:\Workspace-22.0\Projects\Acme-Toolkits-Individual-Deliverable\target\classes\WEB-INF\views\authenticated\provider\messsages-en.i18n] with encoding 'utf-8' 
2022-05-28 19:04:09.669 DEBUG [acme.framework.configuration.ExtendedMessageSource@http-nio-8080-exec-1] Loading properties [C:\Workspace-22.0\Projects\Acme-Toolkits-Individual-Deliverable\target\classes\WEB-INF\views\authenticated\user-account\messages-en.i18n] with encoding 'utf-8' 
2022-05-28 19:04:09.669 DEBUG [acme.framework.configuration.ExtendedMessageSource@http-nio-8080-exec-1] Loading properties [C:\Workspace-22.0\Projects\Acme-Toolkits-Individual-Deliverable\target\classes\WEB-INF\views\fragments\banner-en.i18n] with encoding 'utf-8' 
2022-05-28 19:04:09.670 DEBUG [acme.framework.configuration.ExtendedMessageSource@http-nio-8080-exec-1] Loading properties [C:\Workspace-22.0\Projects\Acme-Toolkits-Individual-Deliverable\target\classes\WEB-INF\views\fragments\company-en.i18n] with encoding 'utf-8' 
2022-05-28 19:04:09.670 DEBUG [acme.framework.configuration.ExtendedMessageSource@http-nio-8080-exec-1] Loading properties [C:\Workspace-22.0\Projects\Acme-Toolkits-Individual-Deliverable\target\classes\WEB-INF\views\fragments\footer-en.i18n] with encoding 'utf-8' 
2022-05-28 19:04:09.671 DEBUG [acme.framework.configuration.ExtendedMessageSource@http-nio-8080-exec-1] Loading properties [C:\Workspace-22.0\Projects\Acme-Toolkits-Individual-Deliverable\target\classes\WEB-INF\views\fragments\license-en.i18n] with encoding 'utf-8' 
2022-05-28 19:04:09.671 DEBUG [acme.framework.configuration.ExtendedMessageSource@http-nio-8080-exec-1] Loading properties [C:\Workspace-22.0\Projects\Acme-Toolkits-Individual-Deliverable\target\classes\WEB-INF\views\fragments\menu-en.i18n] with encoding 'utf-8' 
2022-05-28 19:04:09.672 DEBUG [acme.framework.configuration.ExtendedMessageSource@http-nio-8080-exec-1] Loading properties [C:\Workspace-22.0\Projects\Acme-Toolkits-Individual-Deliverable\target\classes\WEB-INF\views\fragments\messsages-en.i18n] with encoding 'utf-8' 
2022-05-28 19:04:09.673 DEBUG [acme.framework.configuration.ExtendedMessageSource@http-nio-8080-exec-1] Loading properties [C:\Workspace-22.0\Projects\Acme-Toolkits-Individual-Deliverable\target\classes\WEB-INF\views\fragments\title-en.i18n] with encoding 'utf-8' 
2022-05-28 19:04:09.674 DEBUG [acme.framework.configuration.ExtendedMessageSource@http-nio-8080-exec-1] Loading properties [C:\Workspace-22.0\Projects\Acme-Toolkits-Individual-Deliverable\target\classes\WEB-INF\views\fragments\welcome-en.i18n] with encoding 'utf-8' 
2022-05-28 19:04:09.675 DEBUG [acme.framework.configuration.ExtendedMessageSource@http-nio-8080-exec-1] Loading properties [C:\Workspace-22.0\Projects\Acme-Toolkits-Individual-Deliverable\target\classes\WEB-INF\views\inventor\artifact\messages-en.i18n] with encoding 'utf-8' 
2022-05-28 19:04:09.676 DEBUG [acme.framework.configuration.ExtendedMessageSource@http-nio-8080-exec-1] Loading properties [C:\Workspace-22.0\Projects\Acme-Toolkits-Individual-Deliverable\target\classes\WEB-INF\views\inventor\chimpum\messages-en.i18n] with encoding 'utf-8' 
2022-05-28 19:04:09.677 DEBUG [acme.framework.configuration.ExtendedMessageSource@http-nio-8080-exec-1] Loading properties [C:\Workspace-22.0\Projects\Acme-Toolkits-Individual-Deliverable\target\classes\WEB-INF\views\inventor\patronage\messages-en.i18n] with encoding 'utf-8' 
2022-05-28 19:04:09.678 DEBUG [acme.framework.configuration.ExtendedMessageSource@http-nio-8080-exec-1] Loading properties [C:\Workspace-22.0\Projects\Acme-Toolkits-Individual-Deliverable\target\classes\WEB-INF\views\inventor\patronage-report\messages-en.i18n] with encoding 'utf-8' 
2022-05-28 19:04:09.679 DEBUG [acme.framework.configuration.ExtendedMessageSource@http-nio-8080-exec-1] Loading properties [C:\Workspace-22.0\Projects\Acme-Toolkits-Individual-Deliverable\target\classes\WEB-INF\views\inventor\quantity\messages-en.i18n] with encoding 'utf-8' 
2022-05-28 19:04:09.680 DEBUG [acme.framework.configuration.ExtendedMessageSource@http-nio-8080-exec-1] Loading properties [C:\Workspace-22.0\Projects\Acme-Toolkits-Individual-Deliverable\target\classes\WEB-INF\views\inventor\toolkit\messages-en.i18n] with encoding 'utf-8' 
2022-05-28 19:04:09.681 DEBUG [acme.framework.configuration.ExtendedMessageSource@http-nio-8080-exec-1] Loading properties [C:\Workspace-22.0\Projects\Acme-Toolkits-Individual-Deliverable\target\classes\WEB-INF\views\master\defaults-en.i18n] with encoding 'utf-8' 
2022-05-28 19:04:09.682 DEBUG [acme.framework.configuration.ExtendedMessageSource@http-nio-8080-exec-1] Loading properties [C:\Workspace-22.0\Projects\Acme-Toolkits-Individual-Deliverable\target\classes\WEB-INF\views\master\master-en.i18n] with encoding 'utf-8' 
2022-05-28 19:04:09.683 DEBUG [acme.framework.configuration.ExtendedMessageSource@http-nio-8080-exec-1] Loading properties [C:\Workspace-22.0\Projects\Acme-Toolkits-Individual-Deliverable\target\classes\WEB-INF\views\master\throwables-en.i18n] with encoding 'utf-8' 
2022-05-28 19:04:09.684 DEBUG [acme.framework.configuration.ExtendedMessageSource@http-nio-8080-exec-1] Loading properties [C:\Workspace-22.0\Projects\Acme-Toolkits-Individual-Deliverable\target\classes\WEB-INF\views\master\validation-en.i18n] with encoding 'utf-8' 
2022-05-28 19:04:09.685 DEBUG [acme.framework.configuration.ExtendedMessageSource@http-nio-8080-exec-1] Loading properties [C:\Workspace-22.0\Projects\Acme-Toolkits-Individual-Deliverable\target\classes\WEB-INF\views\patron\patron-dashboard\messages-en.i18n] with encoding 'utf-8' 
2022-05-28 19:04:09.686 DEBUG [acme.framework.configuration.ExtendedMessageSource@http-nio-8080-exec-1] Loading properties [C:\Workspace-22.0\Projects\Acme-Toolkits-Individual-Deliverable\target\classes\WEB-INF\views\patron\patronage\messages-en.i18n] with encoding 'utf-8' 
2022-05-28 19:04:09.687 DEBUG [acme.framework.configuration.ExtendedMessageSource@http-nio-8080-exec-1] Loading properties [C:\Workspace-22.0\Projects\Acme-Toolkits-Individual-Deliverable\target\classes\WEB-INF\views\patron\patronage-report\messages-en.i18n] with encoding 'utf-8' 
2022-05-28 19:04:09.914 DEBUG [org.apache.jasper.servlet.JspServlet@http-nio-8080-exec-1] JspEngine --> /WEB-INF/views/inventor/artifact/list.jsp 
2022-05-28 19:04:09.915 DEBUG [org.apache.jasper.servlet.JspServlet@http-nio-8080-exec-1] ServletPath: /WEB-INF/views/master/page.jsp 
2022-05-28 19:04:09.915 DEBUG [org.apache.jasper.servlet.JspServlet@http-nio-8080-exec-1] PathInfo: null 
2022-05-28 19:04:09.917 DEBUG [org.apache.jasper.servlet.JspServlet@http-nio-8080-exec-1] RealPath: C:\Workspace-22.0\Projects\Acme-Toolkits-Individual-Deliverable\target\classes\WEB-INF\views\inventor\artifact\list.jsp 
2022-05-28 19:04:09.917 DEBUG [org.apache.jasper.servlet.JspServlet@http-nio-8080-exec-1] RequestURI: /acme-toolkits-22.7/WEB-INF/views/master/page.jsp 
2022-05-28 19:04:09.918 DEBUG [org.apache.jasper.servlet.JspServlet@http-nio-8080-exec-1] QueryString: type=tool 
2022-05-28 19:04:13.297 DEBUG [acme.framework.controllers.AbstractController@http-nio-8080-exec-1] DISPATCHING GET /acme-toolkits-22.7/inventor/artifact/create 
2022-05-28 19:04:13.297 DEBUG [acme.framework.controllers.AbstractController@http-nio-8080-exec-1] Command: create 
2022-05-28 19:04:13.297 DEBUG [acme.framework.controllers.AbstractController@http-nio-8080-exec-1] Model:   {type=tool} 
2022-05-28 19:04:13.297 DEBUG [acme.framework.controllers.AbstractController@http-nio-8080-exec-1] Locale:  en 
2022-05-28 19:04:13.298 DEBUG [acme.framework.controllers.AbstractController@http-nio-8080-exec-1] Starting transaction 01ffa65a-63fd-493f-9743-b527a88a3466 
2022-05-28 19:04:13.300 DEBUG [org.hibernate.SQL@http-nio-8080-exec-1] select inventor0_.id as id1_0_, inventor0_.version as version2_0_, inventor0_.user_account_id as user_acc1_17_, inventor0_.company as company1_10_, inventor0_.link as link2_10_, inventor0_.statement as statemen3_10_ from inventor inventor0_ where inventor0_.id=? 
2022-05-28 19:04:13.300 TRACE [org.hibernate.type.descriptor.sql.BasicBinder@http-nio-8080-exec-1] binding parameter [1] as [INTEGER] - [8] 
2022-05-28 19:04:13.305 DEBUG [org.hibernate.SQL@http-nio-8080-exec-1] select useraccoun0_.id as id1_0_0_, useraccoun0_.version as version2_0_0_, useraccoun0_.enabled as enabled1_16_0_, useraccoun0_.identity as identity2_16_0_, useraccoun0_.password as password3_16_0_, useraccoun0_.username as username4_16_0_ from user_account useraccoun0_ where useraccoun0_.id=? 
2022-05-28 19:04:13.305 TRACE [org.hibernate.type.descriptor.sql.BasicBinder@http-nio-8080-exec-1] binding parameter [1] as [INTEGER] - [6] 
2022-05-28 19:04:13.323 DEBUG [org.hibernate.SQL@http-nio-8080-exec-1] select chimpum0_.id as id1_0_, chimpum0_.version as version2_0_, chimpum0_.budget_amount as budget_a1_7_, chimpum0_.budget_currency as budget_c2_7_, chimpum0_.code as code3_7_, chimpum0_.creation_moment as creation4_7_, chimpum0_.description as descript5_7_, chimpum0_.finish_date as finish_d6_7_, chimpum0_.link as link7_7_, chimpum0_.start_date as start_da8_7_, chimpum0_.title as title9_7_ from chimpum chimpum0_ 
2022-05-28 19:04:13.328 DEBUG [acme.framework.controllers.AbstractController@http-nio-8080-exec-1] Committing transaction 01ffa65a-63fd-493f-9743-b527a88a3466 
2022-05-28 19:04:13.332 DEBUG [acme.framework.controllers.AbstractController@http-nio-8080-exec-1] Starting transaction 4f4f1aff-8d86-4dc4-8d22-7c1e54e0bb28 
2022-05-28 19:04:13.333 DEBUG [acme.framework.controllers.AbstractController@http-nio-8080-exec-1] Committing transaction 4f4f1aff-8d86-4dc4-8d22-7c1e54e0bb28 
2022-05-28 19:04:13.334 DEBUG [acme.framework.controllers.AbstractController@http-nio-8080-exec-1] SERVING GET /acme-toolkits-22.7/inventor/artifact/create 
2022-05-28 19:04:13.334 DEBUG [acme.framework.controllers.AbstractController@http-nio-8080-exec-1] Result: ModelAndView [view="inventor/artifact/form"; model={code=null, name=null, link=null, chimpums=[acme.entities.CHIMPUM.CHIMPUM{id=18, version=0}, acme.entities.CHIMPUM.CHIMPUM{id=19, version=0}, acme.entities.CHIMPUM.CHIMPUM{id=39, version=0}], description=null, technology=null, published=false, id=0, type=TOOL, retailPrice=null, version=0, command=create, principal=acme.framework.entities.Principal@3ff5bedb}] 
2022-05-28 19:04:13.335 DEBUG [acme.framework.components.tiles.DynamicTilesView@http-nio-8080-exec-1] View name 'inventor/artifact/form', model {code=null, name=null, link=null, chimpums=[acme.entities.CHIMPUM.CHIMPUM{id=18, version=0}, acme.entities.CHIMPUM.CHIMPUM{id=19, version=0}, acme.entities.CHIMPUM.CHIMPUM{id=39, version=0}], description=null, technology=null, published=false, id=0, type=TOOL, retailPrice=null, version=0, command=create, principal=acme.framework.entities.Principal@3ff5bedb, org.springframework.validation.BindingResult.principal=org.springframework.validation.BeanPropertyBindingResult: 0 errors} 
2022-05-28 19:04:13.339 DEBUG [org.apache.jasper.servlet.JspServlet@http-nio-8080-exec-1] JspEngine --> /WEB-INF/views/master/page.jsp 
2022-05-28 19:04:13.339 DEBUG [org.apache.jasper.servlet.JspServlet@http-nio-8080-exec-1] ServletPath: /WEB-INF/views/master/page.jsp 
2022-05-28 19:04:13.340 DEBUG [org.apache.jasper.servlet.JspServlet@http-nio-8080-exec-1] PathInfo: null 
2022-05-28 19:04:13.342 DEBUG [org.apache.jasper.servlet.JspServlet@http-nio-8080-exec-1] RealPath: C:\Workspace-22.0\Projects\Acme-Toolkits-Individual-Deliverable\target\classes\WEB-INF\views\master\page.jsp 
2022-05-28 19:04:13.343 DEBUG [org.apache.jasper.servlet.JspServlet@http-nio-8080-exec-1] RequestURI: /acme-toolkits-22.7/WEB-INF/views/master/page.jsp 
2022-05-28 19:04:13.344 DEBUG [org.apache.jasper.servlet.JspServlet@http-nio-8080-exec-1] QueryString: type=tool 
2022-05-28 19:04:13.504 DEBUG [org.apache.jasper.servlet.JspServlet@http-nio-8080-exec-1] JspEngine --> /WEB-INF/views/inventor/artifact/form.jsp 
2022-05-28 19:04:13.504 DEBUG [org.apache.jasper.servlet.JspServlet@http-nio-8080-exec-1] ServletPath: /WEB-INF/views/master/page.jsp 
2022-05-28 19:04:13.505 DEBUG [org.apache.jasper.servlet.JspServlet@http-nio-8080-exec-1] PathInfo: null 
2022-05-28 19:04:13.507 DEBUG [org.apache.jasper.servlet.JspServlet@http-nio-8080-exec-1] RealPath: C:\Workspace-22.0\Projects\Acme-Toolkits-Individual-Deliverable\target\classes\WEB-INF\views\inventor\artifact\form.jsp 
2022-05-28 19:04:13.507 DEBUG [org.apache.jasper.servlet.JspServlet@http-nio-8080-exec-1] RequestURI: /acme-toolkits-22.7/WEB-INF/views/master/page.jsp 
2022-05-28 19:04:13.508 DEBUG [org.apache.jasper.servlet.JspServlet@http-nio-8080-exec-1] QueryString: type=tool 
2022-05-28 19:05:11.797 DEBUG [acme.framework.controllers.AbstractController@http-nio-8080-exec-9] DISPATCHING POST /acme-toolkits-22.7/inventor/artifact/create 
2022-05-28 19:05:11.797 DEBUG [acme.framework.controllers.AbstractController@http-nio-8080-exec-9] Command: create 
2022-05-28 19:05:11.798 DEBUG [acme.framework.controllers.AbstractController@http-nio-8080-exec-9] Model:   {id=0, version=0, _csrf=2cc8fd5e-d996-42fe-9deb-05f7a11bbbac, name=, code=, technology=, description=, retailPrice=, link=, CHIMPUM.id=, CHIMPUM.id_proxy=19, type=TOOL} 
2022-05-28 19:05:11.798 DEBUG [acme.framework.controllers.AbstractController@http-nio-8080-exec-9] Locale:  en 
2022-05-28 19:05:11.798 DEBUG [acme.framework.controllers.AbstractController@http-nio-8080-exec-9] Starting transaction bb6bdd05-298f-40cf-8951-8180c1c816e4 
2022-05-28 19:05:11.799 DEBUG [org.hibernate.SQL@http-nio-8080-exec-9] select inventor0_.id as id1_0_, inventor0_.version as version2_0_, inventor0_.user_account_id as user_acc1_17_, inventor0_.company as company1_10_, inventor0_.link as link2_10_, inventor0_.statement as statemen3_10_ from inventor inventor0_ where inventor0_.id=? 
2022-05-28 19:05:11.800 TRACE [org.hibernate.type.descriptor.sql.BasicBinder@http-nio-8080-exec-9] binding parameter [1] as [INTEGER] - [8] 
2022-05-28 19:05:11.801 DEBUG [org.hibernate.SQL@http-nio-8080-exec-9] select useraccoun0_.id as id1_0_0_, useraccoun0_.version as version2_0_0_, useraccoun0_.enabled as enabled1_16_0_, useraccoun0_.identity as identity2_16_0_, useraccoun0_.password as password3_16_0_, useraccoun0_.username as username4_16_0_ from user_account useraccoun0_ where useraccoun0_.id=? 
2022-05-28 19:05:11.802 TRACE [org.hibernate.type.descriptor.sql.BasicBinder@http-nio-8080-exec-9] binding parameter [1] as [INTEGER] - [6] 
2022-05-28 19:05:11.805 DEBUG [acme.framework.controllers.AbstractController@http-nio-8080-exec-9] Rolling transaction bb6bdd05-298f-40cf-8951-8180c1c816e4 back 
2022-05-28 19:05:11.807 DEBUG [acme.framework.controllers.AbstractController@http-nio-8080-exec-9] Starting transaction 7e3225b4-4c5c-46dd-a911-711c1b944285 
2022-05-28 19:05:11.809 DEBUG [acme.framework.controllers.AbstractController@http-nio-8080-exec-9] Committing transaction 7e3225b4-4c5c-46dd-a911-711c1b944285 
2022-05-28 19:05:11.810 DEBUG [acme.framework.controllers.AbstractController@http-nio-8080-exec-9] SERVING POST /acme-toolkits-22.7/inventor/artifact/create 
2022-05-28 19:05:11.811 DEBUG [acme.framework.controllers.AbstractController@http-nio-8080-exec-9] Result: ModelAndView [view="master/panic"; model={oops=java.lang.NumberFormatException: For input string: ""}] 
2022-05-28 19:05:11.812 DEBUG [acme.framework.components.tiles.DynamicTilesView@http-nio-8080-exec-9] View name 'master/panic', model {oops=java.lang.NumberFormatException: For input string: "", org.springframework.validation.BindingResult.oops=org.springframework.validation.BeanPropertyBindingResult: 0 errors} 
2022-05-28 19:05:11.813 DEBUG [org.apache.jasper.servlet.JspServlet@http-nio-8080-exec-9] JspEngine --> /WEB-INF/views/master/page.jsp 
2022-05-28 19:05:11.814 DEBUG [org.apache.jasper.servlet.JspServlet@http-nio-8080-exec-9] ServletPath: /WEB-INF/views/master/page.jsp 
2022-05-28 19:05:11.814 DEBUG [org.apache.jasper.servlet.JspServlet@http-nio-8080-exec-9] PathInfo: null 
2022-05-28 19:05:11.817 DEBUG [org.apache.jasper.servlet.JspServlet@http-nio-8080-exec-9] RealPath: C:\Workspace-22.0\Projects\Acme-Toolkits-Individual-Deliverable\target\classes\WEB-INF\views\master\page.jsp 
2022-05-28 19:05:11.818 DEBUG [org.apache.jasper.servlet.JspServlet@http-nio-8080-exec-9] RequestURI: /acme-toolkits-22.7/WEB-INF/views/master/page.jsp 
2022-05-28 19:05:11.818 DEBUG [org.apache.jasper.servlet.JspServlet@http-nio-8080-exec-9] QueryString: null 
2022-05-28 19:05:11.992 DEBUG [org.apache.jasper.servlet.JspServlet@http-nio-8080-exec-9] JspEngine --> /WEB-INF/views/master/panic.jsp 
2022-05-28 19:05:11.993 DEBUG [org.apache.jasper.servlet.JspServlet@http-nio-8080-exec-9] ServletPath: /WEB-INF/views/master/page.jsp 
2022-05-28 19:05:11.993 DEBUG [org.apache.jasper.servlet.JspServlet@http-nio-8080-exec-9] PathInfo: null 
2022-05-28 19:05:11.994 DEBUG [org.apache.jasper.servlet.JspServlet@http-nio-8080-exec-9] RealPath: C:\Workspace-22.0\Projects\Acme-Toolkits-Individual-Deliverable\target\classes\WEB-INF\views\master\panic.jsp 
2022-05-28 19:05:11.995 DEBUG [org.apache.jasper.servlet.JspServlet@http-nio-8080-exec-9] RequestURI: /acme-toolkits-22.7/WEB-INF/views/master/page.jsp 
2022-05-28 19:05:11.995 DEBUG [org.apache.jasper.servlet.JspServlet@http-nio-8080-exec-9] QueryString: null 
2022-05-28 19:05:12.282 ERROR [org.apache.jsp.WEB_002dINF.views.master.panic_jsp@http-nio-8080-exec-9] HTTP POST /acme-toolkits-22.7/WEB-INF/views/master/page.jsp HTTP/1.1 
2022-05-28 19:05:12.282 ERROR [org.apache.jsp.WEB_002dINF.views.master.panic_jsp@http-nio-8080-exec-9] Status: 500 
2022-05-28 19:05:12.283 ERROR [org.apache.jsp.WEB_002dINF.views.master.panic_jsp@http-nio-8080-exec-9] Exception: java.lang.NumberFormatException.forInputString(NumberFormatException.java:65): For input string: "" 
2022-05-28 19:05:20.036 DEBUG [acme.framework.controllers.AbstractController@http-nio-8080-exec-8] DISPATCHING GET /acme-toolkits-22.7/inventor/artifact/create 
2022-05-28 19:05:20.036 DEBUG [acme.framework.controllers.AbstractController@http-nio-8080-exec-8] Command: create 
2022-05-28 19:05:20.036 DEBUG [acme.framework.controllers.AbstractController@http-nio-8080-exec-8] Model:   {type=tool} 
2022-05-28 19:05:20.037 DEBUG [acme.framework.controllers.AbstractController@http-nio-8080-exec-8] Locale:  en 
2022-05-28 19:05:20.037 DEBUG [acme.framework.controllers.AbstractController@http-nio-8080-exec-8] Starting transaction e2a4815a-c8d3-427c-b68a-dd5bba9b3c59 
2022-05-28 19:05:20.038 DEBUG [org.hibernate.SQL@http-nio-8080-exec-8] select inventor0_.id as id1_0_, inventor0_.version as version2_0_, inventor0_.user_account_id as user_acc1_17_, inventor0_.company as company1_10_, inventor0_.link as link2_10_, inventor0_.statement as statemen3_10_ from inventor inventor0_ where inventor0_.id=? 
2022-05-28 19:05:20.038 TRACE [org.hibernate.type.descriptor.sql.BasicBinder@http-nio-8080-exec-8] binding parameter [1] as [INTEGER] - [8] 
2022-05-28 19:05:20.040 DEBUG [org.hibernate.SQL@http-nio-8080-exec-8] select useraccoun0_.id as id1_0_0_, useraccoun0_.version as version2_0_0_, useraccoun0_.enabled as enabled1_16_0_, useraccoun0_.identity as identity2_16_0_, useraccoun0_.password as password3_16_0_, useraccoun0_.username as username4_16_0_ from user_account useraccoun0_ where useraccoun0_.id=? 
2022-05-28 19:05:20.040 TRACE [org.hibernate.type.descriptor.sql.BasicBinder@http-nio-8080-exec-8] binding parameter [1] as [INTEGER] - [6] 
2022-05-28 19:05:20.048 DEBUG [org.hibernate.SQL@http-nio-8080-exec-8] select chimpum0_.id as id1_0_, chimpum0_.version as version2_0_, chimpum0_.budget_amount as budget_a1_7_, chimpum0_.budget_currency as budget_c2_7_, chimpum0_.code as code3_7_, chimpum0_.creation_moment as creation4_7_, chimpum0_.description as descript5_7_, chimpum0_.finish_date as finish_d6_7_, chimpum0_.link as link7_7_, chimpum0_.start_date as start_da8_7_, chimpum0_.title as title9_7_ from chimpum chimpum0_ 
2022-05-28 19:05:20.051 DEBUG [acme.framework.controllers.AbstractController@http-nio-8080-exec-8] Committing transaction e2a4815a-c8d3-427c-b68a-dd5bba9b3c59 
2022-05-28 19:05:20.053 DEBUG [acme.framework.controllers.AbstractController@http-nio-8080-exec-8] Starting transaction aa6aa56d-177f-4c5a-be85-6adaa964d607 
2022-05-28 19:05:20.054 DEBUG [acme.framework.controllers.AbstractController@http-nio-8080-exec-8] Committing transaction aa6aa56d-177f-4c5a-be85-6adaa964d607 
2022-05-28 19:05:20.055 DEBUG [acme.framework.controllers.AbstractController@http-nio-8080-exec-8] SERVING GET /acme-toolkits-22.7/inventor/artifact/create 
2022-05-28 19:05:20.055 DEBUG [acme.framework.controllers.AbstractController@http-nio-8080-exec-8] Result: ModelAndView [view="inventor/artifact/form"; model={code=null, name=null, link=null, chimpums=[acme.entities.CHIMPUM.CHIMPUM{id=18, version=0}, acme.entities.CHIMPUM.CHIMPUM{id=19, version=0}, acme.entities.CHIMPUM.CHIMPUM{id=39, version=0}], description=null, technology=null, published=false, id=0, type=TOOL, retailPrice=null, version=0, command=create, principal=acme.framework.entities.Principal@3ff5bedb}] 
2022-05-28 19:05:20.056 DEBUG [acme.framework.components.tiles.DynamicTilesView@http-nio-8080-exec-8] View name 'inventor/artifact/form', model {code=null, name=null, link=null, chimpums=[acme.entities.CHIMPUM.CHIMPUM{id=18, version=0}, acme.entities.CHIMPUM.CHIMPUM{id=19, version=0}, acme.entities.CHIMPUM.CHIMPUM{id=39, version=0}], description=null, technology=null, published=false, id=0, type=TOOL, retailPrice=null, version=0, command=create, principal=acme.framework.entities.Principal@3ff5bedb, org.springframework.validation.BindingResult.principal=org.springframework.validation.BeanPropertyBindingResult: 0 errors} 
2022-05-28 19:05:20.058 DEBUG [org.apache.jasper.servlet.JspServlet@http-nio-8080-exec-8] JspEngine --> /WEB-INF/views/master/page.jsp 
2022-05-28 19:05:20.058 DEBUG [org.apache.jasper.servlet.JspServlet@http-nio-8080-exec-8] ServletPath: /WEB-INF/views/master/page.jsp 
2022-05-28 19:05:20.059 DEBUG [org.apache.jasper.servlet.JspServlet@http-nio-8080-exec-8] PathInfo: null 
2022-05-28 19:05:20.062 DEBUG [org.apache.jasper.servlet.JspServlet@http-nio-8080-exec-8] RealPath: C:\Workspace-22.0\Projects\Acme-Toolkits-Individual-Deliverable\target\classes\WEB-INF\views\master\page.jsp 
2022-05-28 19:05:20.062 DEBUG [org.apache.jasper.servlet.JspServlet@http-nio-8080-exec-8] RequestURI: /acme-toolkits-22.7/WEB-INF/views/master/page.jsp 
2022-05-28 19:05:20.063 DEBUG [org.apache.jasper.servlet.JspServlet@http-nio-8080-exec-8] QueryString: type=tool 
2022-05-28 19:05:20.207 DEBUG [org.apache.jasper.servlet.JspServlet@http-nio-8080-exec-8] JspEngine --> /WEB-INF/views/inventor/artifact/form.jsp 
2022-05-28 19:05:20.207 DEBUG [org.apache.jasper.servlet.JspServlet@http-nio-8080-exec-8] ServletPath: /WEB-INF/views/master/page.jsp 
2022-05-28 19:05:20.208 DEBUG [org.apache.jasper.servlet.JspServlet@http-nio-8080-exec-8] PathInfo: null 
2022-05-28 19:05:20.210 DEBUG [org.apache.jasper.servlet.JspServlet@http-nio-8080-exec-8] RealPath: C:\Workspace-22.0\Projects\Acme-Toolkits-Individual-Deliverable\target\classes\WEB-INF\views\inventor\artifact\form.jsp 
2022-05-28 19:05:20.210 DEBUG [org.apache.jasper.servlet.JspServlet@http-nio-8080-exec-8] RequestURI: /acme-toolkits-22.7/WEB-INF/views/master/page.jsp 
2022-05-28 19:05:20.210 DEBUG [org.apache.jasper.servlet.JspServlet@http-nio-8080-exec-8] QueryString: type=tool 
2022-05-28 19:06:39.068 INFO  [acme.Launcher@main] Starting Launcher using Java 1.8.0_281 on DESKTOP-UDQDLDQ with PID 5672 (C:\Workspace-22.0\Frameworks\Acme-Framework-22.7\target\classes started by david in C:\Workspace-22.0\Projects\Acme-Toolkits-Individual-Deliverable) 
2022-05-28 19:06:39.069 DEBUG [acme.Launcher@main] Running with Spring Boot v2.4.2, Spring v5.3.3 
2022-05-28 19:06:39.071 INFO  [acme.Launcher@main] The following profiles are active: development,default 
2022-05-28 19:06:44.378 DEBUG [org.apache.jasper.servlet.JasperInitializer@main] Initializing Jasper for context [application] 
2022-05-28 19:06:52.246 WARN  [org.springframework.boot.web.servlet.context.AnnotationConfigServletWebServerApplicationContext@main] Exception encountered during context initialization - cancelling refresh attempt: org.springframework.context.ApplicationContextException: Failed to start bean 'webServerStartStop'; nested exception is org.springframework.boot.web.server.PortInUseException: Port 8080 is already in use 
2022-05-28 19:06:52.254 INFO  [acme.framework.configuration.ShutdownConfiguration@main] The system is shutting down... 
2022-05-28 19:06:52.369 ERROR [org.springframework.boot.diagnostics.LoggingFailureAnalysisReporter@main] ***************************\nAPPLICATION FAILED TO START\n***************************\nDescription:\nWeb server failed to start. Port 8080 was already in use.\nAction:\nIdentify and stop the process that's listening on port 8080 or configure this application to listen on another port. 
2022-05-28 19:06:52.373 ERROR [acme.Launcher@main] org.springframework.context.support.DefaultLifecycleProcessor.doStart(DefaultLifecycleProcessor.java:181): Failed to start bean 'webServerStartStop'; nested exception is org.springframework.boot.web.server.PortInUseException: Port 8080 is already in use\norg.springframework.boot.web.server.PortInUseException.lambda$throwIfPortBindingException$0(PortInUseException.java:70): Port 8080 is already in use\norg.apache.catalina.core.StandardService.addConnector(StandardService.java:244): standardService.connector.startFailed\norg.apache.catalina.connector.Connector.startInternal(Connector.java:1067): Protocol handler start failed\nsun.nio.ch.Net.bind0(Native Method): Address already in use: bind 
2022-05-28 19:06:52.374 INFO  [acme.Launcher@main] The application log provides additional debugging messages! 
2022-05-28 19:06:53.380 DEBUG [acme.Launcher@main] Exit code = 1 
