1654020178619	geckodriver	INFO	Listening on 127.0.0.1:24172
console.warn: SearchSettings: "get: No settings file exists, new profile?" (new NotFoundError("Could not open the file at C:\\Users\\david\\AppData\\Local\\Temp\\rust_mozprofileOH2sfh\\search.json.mozlz4", (void 0)))
console.warn: LoginRecipes: "getRecipes: falling back to a synchronous message for:" "http://localhost:8081"
console.warn: LoginRecipes: "getRecipes: Jfallinga vbaScript error:a crke sto ource://gre/modules/LoginMaanagerParent.jsm, li nsey n1c3h6r:o nToyupse Emrersosra:g eg Rfeocri:p"e M"ahntatgpe:r/ /ilocalhost:8081"
s null
console.warn: LogiJnaRveacSicpreisp:t "getRecipes: falling back  teor rao rs:y nrcehsroonous messaguer cfeo:r/:/"g r"eh/tmotdules/LoginManagerParent.jsm, line 136: TypeError: gRecipeManager is null
p://localhost:8081"
console.warn: LoginRecipes: "getReciJavpaeScript errosr: fal:l resouricneg: /b/agcrke /moduletso/L oag isnyMnchronous maenssagaeg efroPra:r"e n"th.jtstmp,:/ /llioncea l1h3o6s:t :T8y0p8e1E"rr
or: gRecipeManager is null
console.warn: LoginRecipes: "getRecipes: falling baJcakv atSoc rai psty necrhrroorn:o urse smoessage for:" "http://localhousrt:8081"
ce://gre/modules/LoginManagerParent.jsm, line 136: TypeError: gRecipeManager is null
console.warn: LoginRecipes: "getRecipJavaeScris: faplt erlring back too a synchrronous mess:a gre efosro:u"r ce":h/t/grtep/:m/o/dluolcesal/hLoosgti:n8081"
ManagerParent.jsm, line 136: TypeError: gRecipeManager is null
console.warn: LoginRecipes: "getRJavaeScipesc:ript  falling back to ae rsryonchronoru:s  rmessage efsooru:" "httrpc:e/:/localhos//gre/tm:8081"
odules/LoginManagerParent.jsm, line 136: TypeError: gRecipeManager is null
console.warn: LoginRecipes: "geJavaScripttRecip eesr:r ofra: resourcel://gre/modluing lbeasc/k to a synchroLnooguisn Mmaenssage for:" "http://localhost:80a8g1er"Pa
rent.jsm, line 136: TypeError: gRecipeManager is null
console.warn: LoginRecipes: "getRecipes: falling bacJakv atSoc rai psty necrhrroorn:ous  rmeessosuargce://gre/modules/Leo gfinManaogre:r"Parent.jsm, line 136: TypeError: gRecipeManag e"rh titsp :n/u/llloc
alhost:8081"
console.warn: LoginRecipes: "getRJavaScriepcipest: error:  frallinegs ource://bgarce/modulke s/Ltogion Ma asnyanchgreornPoaurse nmte.sjsasgme,  lifnoer :1"3 6"http:/:/localhost :T8y081"
peError: gRecipeManager is null
console.warn: LoginRecipes: "getRecipes: falling back to a JavaScripts yerror: resource://gre/modules/LoginManagerParent.jsm, line 136: TypeError: gRecipeManager is null
JavaScript error: resource://gre/modules/LoginManagerParent.jsm, line 136: TypeError: gRecipeManager is null
nchronous message for:" "http://localhost:8081"
console.warn: LoginRecipes: "getRecipes: falling back to a synchronous message for:" "http://localhost:8081"
console.warn: LoginRecipes: "getRecipes: falling Jbacakv atSoc rai psty necrhrronous omre:ssag er efsooru:r"c e":h/t/tgpr:e///mloodcules/LogianlMhaonsagerParent.jsm, line 136: Tty:p8e0E8r1r"or
: gRecipeManager is null
console.warn: LoginRecipes: "getRecipes: faJlling backa vaScript errtoor a sy:n crhersoonurce://gre/omouds messuales/LoginMagnea gfeorrP:a"r e"nhttt.pj:sm,/ /llioncea l1host3:68:0 8T1"
ypeError: gRecipeManager is null
console.warn: LoginRecipes: "gJaetRveacSicpreisp:t  fearlrloirn: resource://gre/gm back to a synocdhuronousl emse/sLsoaggien Mfaonra:g"e r"Phattp://localhost:8081"
rent.jsm, line 136: TypeError: gRecipeManager is null
console.warn: LoginRecipes: "getRecipeJsa:v afallingS criptb aecrk to a rsynchronous messoarge for:" "http://l:o resoucraclhost:8e0:8/1/"gre/m
odules/LoginManagerParent.jsm, line 136: TypeError: gRecipeManager is null
console.warn: LoginRecipes: "getRecipes: falling back to a synchronous message forJ:a"v a"Shctrtipp://localhost:8081"
t error: resource://gre/modules/LoginManagerParent.jsm, line 136: TypeError: gRecipeManager is null
console.warn: LoginRecipes: "getRecipesJ:av afSaclrliipntg  ebrarcokr :t or eas osuyrncceh:r//gorneou/sm omedsuslaegse/ Lfoogri:n"M a"nahgtetrpP:a/r/enlto.calhost:80j8s1m", 
line 136: TypeError: gRecipeManager is null
console.warn: LoginRecipes: "getRecipes: falling back to a synchronous message for:" "http://localhost:8081"
JavaScript error: resource://gre/modules/LoginManagerParent.jsm, line 136: TypeError: gRecipeManager is null
console.warn: LoginRecipes: "getRecipes: fallingJ abvaacSkc rtiop ta  esryrnocrh:r orneosus message for:" "http://localhost:8081"
ource://gre/modules/LoginManagerParent.jsm, line 136: TypeError: gRecipeManager is null
console.warn: LoginRecipes: "getRecipes: falling back to a synchronous message for:" "http://localhost:8081"
JavaScript error: resource://gre/modules/LoginManagerParent.jsm, line 136: TypeError: gRecipeManager is null
console.warn: LoginRecipes: "getRecipesJ:a vfaaSlclriinpgt  bearcrko rt:o  rae ssoyunrccher:o/no/ugrse/ mmoedsules/LsoagginManaeg efroPra:r"e n"th.tjtspm:,/ /lliocanleh o1s3t6::8 0T8y1p"eE
rror: gRecipeManager is null
console.warn: LoginRecipes: "getRecipes: falJlaing backv atSoc rai psty necrhrroorn:o urse smource://gre/modulese/ssage for:" "http://loLcoaglihost:8081n"Ma
nagerParent.jsm, line 136: TypeError: gRecipeManager is null
console.warn: LoginRecipes: "getRecipes: falling back tJoa vaa Sscyrnicphtr oenrroro:u sr message foers:o"u r"che:/t/tgpr:e///lmoocdaulhost:l8e0s8/1LoginManagerPa"re
nt.jsm, line 136: TypeError: gRecipeManager is null
console.warn: LoginRecipes: "getRecipes: falling back toJa av asSycnrcihpt errroonro:u sr emseosusracge for:" "http://localhost:8081"
e://gre/modules/LoginManagerParent.jsm, line 136: TypeError: gRecipeManager is null
console.warn: LoginRecipes: "getRecipes: Jfaavlaling back tSoc a syncrhironous mespsta gee for:" r"rhttopr::// localhost:r8e0s8o1u"rc
e://gre/modules/LoginManagerParent.jsm, line 136: TypeError: gRecipeManager is null
console.warn: LoginRecipes: "getRecipes: falling back to a synchronous mesJsage for:a"v "htatSpc:r/ipt error: /rleoscoaurlcheo:s/t/:8g0r8e1/"mo
dules/LoginManagerParent.jsm, line 136: TypeError: gRecipeManager is null
console.warn: LoginRecipes: "getReciJavapSes: cfrailpt erlror: resoiunrgc backe ://gre/mtoo ad suylnchreosn/oLuosg imneMsasnaaggereP afor:" rent.js"mhttp:, line 13/6/loca: TypeElrhror: goRst:8ecipeMana0ger is nul8l1"

console.warn: LoginRecipes: "getRecipes: falling baJackv atSoc rai psty necrhrroornou:s resource:/ messag/eg rfor:" "http://loec/amlohdouslt:8081"
es/LoginManagerParent.jsm, line 136: TypeError: gRecipeManager is null
console.warn: LoginRecipes: "getRecipes: faJlavalSicng back rtipt eror a synchoronorus message for:" "http://local:h ost:8081"resource:
//gre/modules/LoginManagerParent.jsm, line 136: TypeError: gRecipeManager is null
console.warn: LoginRecipes: "getRecipes: faJlling back to a synchronous message foarv:a"S c"rhitpttp :e/r/rloorc:a lhroessto:u8r0c8e1:"//
gre/modules/LoginManagerParent.jsm, line 136: TypeError: gRecipeManager is null
console.warn: LoginRecipes: "JavagetRecipes: falling back to a synScchript reorrnooru:s  rmessage for:" "http://localhost:8081"
esource://gre/modules/LoginManagerParent.jsm, line 136: TypeError: gRecipeManager is null
console.warn: LoginRecipes: "getRecipes: falling JabavcakS ctro a synchronous message for:" "httpi:p/t/ leorcraolrh:o srtesource://gre/modules/LoginManagerParent.jsm, line 13:68:0 8T1y"pe
Error: gRecipeManager is null
console.warn: LoginRecipes: "gJeavtaRSeccriippets :e rfraollri:n gr ebsaocukr ctoe :a/ /sgyrnec/hmroondouuls mesessa/gLeo gfor:"i n"ManagerhPtatrpe:n/t/.ljoscma,lh osltine 136: TypeEr:r8081"
or: gRecipeManager is null
console.warn: LoginRecipes: "getRecipes: falling back tJo a sayvnacShcrroinpotu se rmreosrs:a grees ofuorrc:e": /"/htgtrpe://m/oldouclaelsh/oLsotg:i8n0M8a1n"ag
erParent.jsm, line 136: TypeError: gRecipeManager is null
console.warn: LoginRecipes: "getRecipes: falling back to a synchronous message for:" "http://locJaalvhaoSsctr:i8pt 0e8r1r"or: resource://gre/
modules/LoginManagerParent.jsm, line 136: TypeError: gRecipeManager is null
console.warn: LoginRecipes: "getRecipes: falling back to a synchronous messageJ afvoarS:c"r i"phtt tepr:r/o/r: resource://gre/modules/LoginManagerParent.jsm, line 136: TypeElrorcoarl:h gRoescti:p8e0M8a1n"ag
er is null
console.warn: LoginRecipes: "getRecipes: JfavaSaclrlinigp tb aecrkr otro:  areso usrycen:c/h/rgorneo/umso dmuesslaegse/ Lfor:"o g"ihntMtapn:a/g/elroPcaarlent.jsm, line h1ost:80831"
6: TypeError: gRecipeManager is null
console.warn: LoginRecipes: "getRJecipes: falling back to a synchronous message for:" "http://locaalvaScript error: resource://gre/mhoodsutl:e8s0/LoginManagerPa8r1e"nt
.jsm, line 136: TypeError: gRecipeManager is null
console.warn: LoginRecipes: "getReciJpavaScript eerror: resource://gres/:m ofdaullleisn/gL oback to ag syincnhrMoannous messaaggeer Pfaorre:n"t "http://localhost:8081".jsm, 
line 136: TypeError: gRecipeManager is null
console.warn: LoginRecipes: "getRecipes: falling back to a synchronous message for:" "http://localhost:8081"
JavaScript error: resource://gre/modules/LoginManagerParent.jsm, line 136: TypeError: gRecipeManager is null
console.warn: LoginRecipes: "getRecipesJav: afSaclrliipntg  ebrarcokr :t o rae ssoyunrccher:o/nous me/sgsraeg/em ofdourl:e"s /"Lhttp://localhost:8081"
oginManagerParent.jsm, line 136: TypeError: gRecipeManager is null
console.warn: LoginRecipes: "getRecipes: falling back to a synchronous message for:" "http://localhost:8081"
JavaScript error: resource://gre/modules/LoginManagerParent.jsm, line 136: TypeError: gRecipeManager is null
console.warn: LoginRecipes: "getRecipes: falling back to a synchroJnavaous messSacgript e for:" "http://errolrocalhost:80:8 1r"es
ource://gre/modules/LoginManagerParent.jsm, line 136: TypeError: gRecipeManager is null
