1653840711289	geckodriver	INFO	Listening on 127.0.0.1:13074
console.warn: SearchSettings: "get: No settings file exists, new profile?" (new NotFoundError("Could not open the file at C:\\Users\\david\\AppData\\Local\\Temp\\rust_mozprofileyL5835\\search.json.mozlz4", (void 0)))
console.warn: LoginRecipes: "getRecipes: falling back to a synchronous message for:" "http://localhost:8081"
console.warn: LoginRecipesJavaSc:rip t"get Reerrocripe:s: fallin g barck teos ourace synchronous message for:" "http://localhost:8081"
://gre/modules/LoginManagerParent.jsm, line 136: TypeError: gRecipeManager is null
console.warn: LoginRecipes: "getJRaevcaiSpcersi:p tf aelrlrionrg:  braecsko utroc ea: /s/ygnrceh/rmoondouulse sm/eLsosgaige for:" "http://localhost:8081"
nManagerParent.jsm, line 136: TypeError: gRecipeManager is null
JavaScript error: resource://gre/modules/LoginManagerParent.jsm, line 136: TypeError: gRecipeManager is null
console.warn: LoginRecipes: "getRecipes: falling back to a synchronous message for:" "http://localhost:8081"
console.warn: LoginRecipes: "getRecipes: falling back to a synchronous message for:" "http://localhost:8081"Java
Script error: resource://gre/modules/LoginManagerParent.jsm, line 136: TypeError: gRecipeManager is null
console.warn: LoginRecipes:JavaS "cgreitpRte ceirpreosr::  fraelsloiurncge :b/a/cgkr et/om oad uslyensc/hLroonous message for:" "http://logcianlMhaonsatg:e8r0P8a1r"en
t.jsm, line 136: TypeError: gRecipeManager is null
console.warn: LoginRecipes: "getRecJavaScriippes: tf error:a lling barcesource://gre/mokdules/L oto a gsiynnMcanahgrerPoanrenotu.s jmsems,sage  lfionre:"  1"3h6: TypetEtrp://locraolrh: gReost:8081"
cipeManager is null
console.warn: LoginRecipes: "getRecipes: falling back to a synchronous message for:" "http://localhost:8081"
JavaScript error: resource://gre/modules/LoginManagerParent.jsm, line 136: TypeError: gRecipeManager is null
console.warn: LoginRecipes:J a"vgetReacScripitp ees: farlror: lriensgource://gre/modules/LoginManagerParent.j sbma,c kli ne 136: Tytpoe Earror: gR escyinchrpoeManagern is onuull
s message for:" "http://localhost:8081"
console.warn: LoginRecipes: "getRecipes: falliJavaScrnigp tb aecrkr otro:  ar essyonucrhcreo:n/o/ugsr em/emsosdauglee sf/oLro:g"i n"Mhatntapg:erPare/n/tl.jsomc,a llhionset :183068:1 "Ty
peError: gRecipeManager is null
console.warn: LoginRecipes: "getRecipes: falling back to a synchronous message for:" "http://localhost:8081"
JavaScript error: resource://gre/modules/LoginManagerParent.jsm, line 136: TypeError: gRecipeManager is null
console.warn: LoginRecipes: "getRecipes: falling back to a synchronous message for:" "http://localhost:808J1avaScri"pt
 error: resource://gre/modules/LoginManagerParent.jsm, line 136: TypeError: gRecipeManager is null
console.warn: LoginRecipes: "getRJeciapes:v afSaclrlipt error: resource://gre/modules/LoginManagerParenitn.gjsm, l ibne 136: TypeError: gRecipeManager isack to a  snyunlclhr
onous message for:" "http://localhost:8081"
console.warn: LoginRecipes: "getRecipJaevsa:S falling bacck to a syrnicphtr oenrourso rm:e srseasgoeu rce://gre/modulefso/rL:o"g i"nhMtanagerPatrpe:n/t/.ljoscma,l hloisnte: 8103861:" T
ypeError: gRecipeManager is null
console.warn: LoginRecipes: "getRecipJavaScriepst:  fallinegr ror:b ack to rae ssoynucrhcreo:no/us /mgersesa/gmeodules/Lo gfionrM:a"n a"ghetrtPapr://localhost:80e8n1t".jsm, line 136: Type
Error: gRecipeManager is null
console.warn: LoginRecipes: "getRecipes: falling back to a synchronous message for:" "http://localhost:8081"
JavaScript error: resource://gre/modules/LoginManagerParent.jsm, line 136: TypeError: gRecipeManager is null
console.warn: LoginRecipes: "getRecipes: fJallianvg back to a asSynchcrronous impets sage for:" e"rhrtotrp:: /r/elsoocuarlcheo://gsrte:/8081"modules/L
oginManagerParent.jsm, line 136: TypeError: gRecipeManager is null
console.warn: LoginRecipes: "getRecipes: falling back to a synchroJnouasv amSecssager ifpotr :e"r r"ohrt:t pr:es/o/ulocracleh:o/s/tg:r8e0/8m1o"du
les/LoginManagerParent.jsm, line 136: TypeError: gRecipeManager is null
console.warn: LoginRecipes: "getRecipes: falling back to a synchrJoanvoauScripst message for:" "http://local host:8081"e
rror: resource://gre/modules/LoginManagerParent.jsm, line 136: TypeError: gRecipeManager is null
console.warn: LoginRecipes: "getRecipes: falling back to a synchronous message for:" "http://localhost:8081"
JavaScript error: resource://gre/modules/LoginManagerParent.jsm, line 136: TypeError: gRecipeManager is null
console.warn: LoginRecipes: "getRecipes: falling bacJakv atSoc rai psty necrhrroorn:o urse smoeusrscaeg:e/ /fgorre:/m" o"dhutltes/Logpi:n/Manage/rlPoacraelnhto.sjts:m8,0 8l1i"ne
 136: TypeError: gRecipeManager is null
console.warn: LoginRecipes: "getRecipes: fallinJag vbaaScckr itpot  ae rsryonrc:h rroensoouusr cmee:s/s/aggree /fmoord:u" l"ehst/tLpo:g/i/nlMoacnaalgheorsPta:r8e0n8t1."js
m, line 136: TypeError: gRecipeManager is null
console.warn: LoginRecipes: "getRecipes: faJavlaling back Sto ac rsynchroinpot erruos messagre f:or :" "http://locraesoulhost:8081"
rce://gre/modules/LoginManagerParent.jsm, line 136: TypeError: gRecipeManager is null
console.warn: LoginRecipes: "getRecipes: falling back to a synchronous message for:" "http://localhost:8081"
JavaScript error: resource://gre/modules/LoginManagerParent.jsm, line 136: TypeError: gRecipeManager is null
console.warn: LoginRecipes: "getRecipes: falling back to a synchroJavaSncript erorus meosr: resourcsea:g/e/ gfroer/mo:d"u l"es/hLtotgpi:n/M/alnoacgaelrhPoasrte:n8t.0jsm, line 136: TypeError: gRecipeManag8e1r" is null

console.warn: LoginRecipes: "getRecipeJs: falling back to a synchronous message for:" "http://localhost:8081"a
vaScript error: resource://gre/modules/LoginManagerParent.jsm, line 136: TypeError: gRecipeManager is null
console.warn: LoginRecipes: "getRecJaipveasS:c rfiaplt error: resource://gre/modulelsi/ngL oback tog ianMana gseyrnPcahrernotn.ojussm ,m elsisnage ef o1r:" "36: TyhptetEpr:r/or: gRecipeManager is null
/localhost:8081"
console.warn: LoginRecipes: "getRecipes: falling back to a synchronous message for:" "http://localhost:8081"
JavaScript error: resource://gre/modules/LoginManagerParent.jsm, line 136: TypeError: gRecipeManager is null
console.warn: LoginRecipes: "getJRaveacSicpreisp:t  fearlrloring back to a synchr:o nrouess message for:" "http://localhost:8081"
ource://gre/modules/LoginManagerParent.jsm, line 136: TypeError: gRecipeManager is null
console.warn: LoginRecipes: "getRecipes: falling back to JavaSac synchronous message for:" "http://localhost:8081"
ript error: resource://gre/modules/LoginManagerParent.jsm, line 136: TypeError: gRecipeManager is null
console.warn: LoginRecipes: "getRecJipaevsa:S cfrailling back to a synchronous pmtes serargoer f:o rr:esou"rc e":h/t/tgpr:e///mlocoadluhlost:e8s0/8L1o"gi
nManagerParent.jsm, line 136: TypeError: gRecipeManager is null
console.warn: LoginRecipes: "getRecipes: falling back to a synchronous message for:" "http://localhost:8081"
JavaScript error: resource://gre/modules/LoginManagerParent.jsm, line 136: TypeError: gRecipeManager is null
console.warn: LoginRecipes: "getRecipes: falling back to a synchronous message for:" "http://localhost:8081"
JavaScript error: resource://gre/modules/LoginManagerParent.jsm, line 136: TypeError: gRecipeManager is null
[Parent 8580, IPC I/O Parent] WARNING: file /builds/worker/checkouts/gecko/ipc/chromium/src/base/process_util_win.cc:167
