2022-06-03 16:52:58.206 INFO  [acme.Launcher@main] Starting Launcher using Java 1.8.0_281 on DESKTOP-UDQDLDQ with PID 9856 (C:\Workspace-22.0\Frameworks\Acme-Framework-22.7\target\classes started by david in C:\Workspace-22.0\Projects\Acme-Toolkits-Individual-Deliverable) 
2022-06-03 16:52:58.209 DEBUG [acme.Launcher@main] Running with Spring Boot v2.4.2, Spring v5.3.3 
2022-06-03 16:52:58.211 INFO  [acme.Launcher@main] The following profiles are active: development,populator 
2022-06-03 16:53:06.403 DEBUG [org.apache.jasper.servlet.JasperInitializer@main] Initializing Jasper for context [application] 
2022-06-03 16:53:25.120 DEBUG [org.apache.jasper.servlet.JspServlet@main] Scratch dir for the JSP engine is: [C:\Users\david\AppData\Local\Temp\tomcat.8083.1576335354433731155\work\Tomcat\localhost\acme-toolkits-22.7] 
2022-06-03 16:53:25.121 DEBUG [org.apache.jasper.servlet.JspServlet@main] IMPORTANT: Do not modify the generated servlets 
2022-06-03 16:53:25.154 INFO  [acme.Launcher@main] Started Launcher in 28.663 seconds (JVM running for 30.197) 
2022-06-03 16:53:25.166 DEBUG [acme.Launcher@main] Found classpath entry '/C:/Workspace-22.0/Projects/Acme-Toolkits-Individual-Deliverable/target/test-classes/' 
2022-06-03 16:53:25.167 DEBUG [acme.Launcher@main] Found classpath entry '/C:/Workspace-22.0/Projects/Acme-Toolkits-Individual-Deliverable/target/classes/' 
2022-06-03 16:53:25.167 DEBUG [acme.Launcher@main] Found classpath entry '/C:/Workspace-22.0/Projects/Acme-Toolkits-Individual-Deliverable/lib/SpamDetector.jar' 
2022-06-03 16:53:25.167 DEBUG [acme.Launcher@main] Found classpath entry '/C:/Workspace-22.0/Frameworks/Acme-Framework-22.7/target/classes/' 
2022-06-03 16:53:25.168 DEBUG [acme.Launcher@main] Found classpath entry '/C:/Workspace-22.0/Frameworks/Acme-Framework-22.7/target/test-classes/' 
2022-06-03 16:53:25.168 DEBUG [acme.Launcher@main] Found classpath entry '/C:/Users/david/.m2/repository/org/springframework/boot/spring-boot-starter-tomcat/2.4.2/spring-boot-starter-tomcat-2.4.2.jar' 
2022-06-03 16:53:25.168 DEBUG [acme.Launcher@main] Found classpath entry '/C:/Users/david/.m2/repository/jakarta/annotation/jakarta.annotation-api/1.3.5/jakarta.annotation-api-1.3.5.jar' 
2022-06-03 16:53:25.169 DEBUG [acme.Launcher@main] Found classpath entry '/C:/Users/david/.m2/repository/org/apache/tomcat/embed/tomcat-embed-core/9.0.41/tomcat-embed-core-9.0.41.jar' 
2022-06-03 16:53:25.169 DEBUG [acme.Launcher@main] Found classpath entry '/C:/Users/david/.m2/repository/org/glassfish/jakarta.el/3.0.3/jakarta.el-3.0.3.jar' 
2022-06-03 16:53:25.169 DEBUG [acme.Launcher@main] Found classpath entry '/C:/Users/david/.m2/repository/org/apache/tomcat/embed/tomcat-embed-websocket/9.0.41/tomcat-embed-websocket-9.0.41.jar' 
2022-06-03 16:53:25.170 DEBUG [acme.Launcher@main] Found classpath entry '/C:/Users/david/.m2/repository/org/apache/tomcat/embed/tomcat-embed-jasper/9.0.41/tomcat-embed-jasper-9.0.41.jar' 
2022-06-03 16:53:25.170 DEBUG [acme.Launcher@main] Found classpath entry '/C:/Users/david/.m2/repository/org/apache/tomcat/embed/tomcat-embed-el/9.0.41/tomcat-embed-el-9.0.41.jar' 
2022-06-03 16:53:25.170 DEBUG [acme.Launcher@main] Found classpath entry '/C:/Users/david/.m2/repository/org/eclipse/jdt/ecj/3.18.0/ecj-3.18.0.jar' 
2022-06-03 16:53:25.171 DEBUG [acme.Launcher@main] Found classpath entry '/C:/Users/david/.m2/repository/javax/servlet/jstl/1.2/jstl-1.2.jar' 
2022-06-03 16:53:25.171 DEBUG [acme.Launcher@main] Found classpath entry '/C:/Users/david/.m2/repository/org/springframework/boot/spring-boot-starter-security/2.4.2/spring-boot-starter-security-2.4.2.jar' 
2022-06-03 16:53:25.172 DEBUG [acme.Launcher@main] Found classpath entry '/C:/Users/david/.m2/repository/org/springframework/boot/spring-boot-starter/2.4.2/spring-boot-starter-2.4.2.jar' 
2022-06-03 16:53:25.172 DEBUG [acme.Launcher@main] Found classpath entry '/C:/Users/david/.m2/repository/org/springframework/boot/spring-boot/2.4.2/spring-boot-2.4.2.jar' 
2022-06-03 16:53:25.173 DEBUG [acme.Launcher@main] Found classpath entry '/C:/Users/david/.m2/repository/org/springframework/boot/spring-boot-autoconfigure/2.4.2/spring-boot-autoconfigure-2.4.2.jar' 
2022-06-03 16:53:25.173 DEBUG [acme.Launcher@main] Found classpath entry '/C:/Users/david/.m2/repository/org/springframework/boot/spring-boot-starter-logging/2.4.2/spring-boot-starter-logging-2.4.2.jar' 
2022-06-03 16:53:25.174 DEBUG [acme.Launcher@main] Found classpath entry '/C:/Users/david/.m2/repository/ch/qos/logback/logback-classic/1.2.3/logback-classic-1.2.3.jar' 
2022-06-03 16:53:25.174 DEBUG [acme.Launcher@main] Found classpath entry '/C:/Users/david/.m2/repository/ch/qos/logback/logback-core/1.2.3/logback-core-1.2.3.jar' 
2022-06-03 16:53:25.174 DEBUG [acme.Launcher@main] Found classpath entry '/C:/Users/david/.m2/repository/org/apache/logging/log4j/log4j-to-slf4j/2.13.3/log4j-to-slf4j-2.13.3.jar' 
2022-06-03 16:53:25.175 DEBUG [acme.Launcher@main] Found classpath entry '/C:/Users/david/.m2/repository/org/apache/logging/log4j/log4j-api/2.13.3/log4j-api-2.13.3.jar' 
2022-06-03 16:53:25.175 DEBUG [acme.Launcher@main] Found classpath entry '/C:/Users/david/.m2/repository/org/slf4j/jul-to-slf4j/1.7.30/jul-to-slf4j-1.7.30.jar' 
2022-06-03 16:53:25.175 DEBUG [acme.Launcher@main] Found classpath entry '/C:/Users/david/.m2/repository/org/yaml/snakeyaml/1.27/snakeyaml-1.27.jar' 
2022-06-03 16:53:25.176 DEBUG [acme.Launcher@main] Found classpath entry '/C:/Users/david/.m2/repository/org/springframework/spring-aop/5.3.3/spring-aop-5.3.3.jar' 
2022-06-03 16:53:25.176 DEBUG [acme.Launcher@main] Found classpath entry '/C:/Users/david/.m2/repository/org/springframework/security/spring-security-web/5.4.2/spring-security-web-5.4.2.jar' 
2022-06-03 16:53:25.181 DEBUG [acme.Launcher@main] Found classpath entry '/C:/Users/david/.m2/repository/org/springframework/security/spring-security-core/5.4.2/spring-security-core-5.4.2.jar' 
2022-06-03 16:53:25.182 DEBUG [acme.Launcher@main] Found classpath entry '/C:/Users/david/.m2/repository/org/springframework/spring-beans/5.3.3/spring-beans-5.3.3.jar' 
2022-06-03 16:53:25.182 DEBUG [acme.Launcher@main] Found classpath entry '/C:/Users/david/.m2/repository/org/springframework/spring-context/5.3.3/spring-context-5.3.3.jar' 
2022-06-03 16:53:25.183 DEBUG [acme.Launcher@main] Found classpath entry '/C:/Users/david/.m2/repository/org/springframework/spring-core/5.3.3/spring-core-5.3.3.jar' 
2022-06-03 16:53:25.183 DEBUG [acme.Launcher@main] Found classpath entry '/C:/Users/david/.m2/repository/org/springframework/spring-jcl/5.3.3/spring-jcl-5.3.3.jar' 
2022-06-03 16:53:25.183 DEBUG [acme.Launcher@main] Found classpath entry '/C:/Users/david/.m2/repository/org/springframework/spring-expression/5.3.3/spring-expression-5.3.3.jar' 
2022-06-03 16:53:25.183 DEBUG [acme.Launcher@main] Found classpath entry '/C:/Users/david/.m2/repository/org/springframework/spring-web/5.3.3/spring-web-5.3.3.jar' 
2022-06-03 16:53:25.184 DEBUG [acme.Launcher@main] Found classpath entry '/C:/Users/david/.m2/repository/org/springframework/security/spring-security-config/5.4.2/spring-security-config-5.4.2.jar' 
2022-06-03 16:53:25.184 DEBUG [acme.Launcher@main] Found classpath entry '/C:/Users/david/.m2/repository/org/springframework/security/spring-security-taglibs/5.4.2/spring-security-taglibs-5.4.2.jar' 
2022-06-03 16:53:25.184 DEBUG [acme.Launcher@main] Found classpath entry '/C:/Users/david/.m2/repository/org/springframework/security/spring-security-acl/5.4.2/spring-security-acl-5.4.2.jar' 
2022-06-03 16:53:25.185 DEBUG [acme.Launcher@main] Found classpath entry '/C:/Users/david/.m2/repository/org/springframework/spring-jdbc/5.3.3/spring-jdbc-5.3.3.jar' 
2022-06-03 16:53:25.185 DEBUG [acme.Launcher@main] Found classpath entry '/C:/Users/david/.m2/repository/org/springframework/spring-tx/5.3.3/spring-tx-5.3.3.jar' 
2022-06-03 16:53:25.185 DEBUG [acme.Launcher@main] Found classpath entry '/C:/Users/david/.m2/repository/org/springframework/boot/spring-boot-starter-web/2.4.2/spring-boot-starter-web-2.4.2.jar' 
2022-06-03 16:53:25.185 DEBUG [acme.Launcher@main] Found classpath entry '/C:/Users/david/.m2/repository/org/springframework/boot/spring-boot-starter-json/2.4.2/spring-boot-starter-json-2.4.2.jar' 
2022-06-03 16:53:25.186 DEBUG [acme.Launcher@main] Found classpath entry '/C:/Users/david/.m2/repository/com/fasterxml/jackson/core/jackson-databind/2.11.4/jackson-databind-2.11.4.jar' 
2022-06-03 16:53:25.186 DEBUG [acme.Launcher@main] Found classpath entry '/C:/Users/david/.m2/repository/com/fasterxml/jackson/core/jackson-annotations/2.11.4/jackson-annotations-2.11.4.jar' 
2022-06-03 16:53:25.187 DEBUG [acme.Launcher@main] Found classpath entry '/C:/Users/david/.m2/repository/com/fasterxml/jackson/core/jackson-core/2.11.4/jackson-core-2.11.4.jar' 
2022-06-03 16:53:25.187 DEBUG [acme.Launcher@main] Found classpath entry '/C:/Users/david/.m2/repository/com/fasterxml/jackson/datatype/jackson-datatype-jdk8/2.11.4/jackson-datatype-jdk8-2.11.4.jar' 
2022-06-03 16:53:25.188 DEBUG [acme.Launcher@main] Found classpath entry '/C:/Users/david/.m2/repository/com/fasterxml/jackson/datatype/jackson-datatype-jsr310/2.11.4/jackson-datatype-jsr310-2.11.4.jar' 
2022-06-03 16:53:25.188 DEBUG [acme.Launcher@main] Found classpath entry '/C:/Users/david/.m2/repository/com/fasterxml/jackson/module/jackson-module-parameter-names/2.11.4/jackson-module-parameter-names-2.11.4.jar' 
2022-06-03 16:53:25.188 DEBUG [acme.Launcher@main] Found classpath entry '/C:/Users/david/.m2/repository/org/springframework/spring-webmvc/5.3.3/spring-webmvc-5.3.3.jar' 
2022-06-03 16:53:25.189 DEBUG [acme.Launcher@main] Found classpath entry '/C:/Users/david/.m2/repository/org/apache/tiles/tiles-jsp/3.0.8/tiles-jsp-3.0.8.jar' 
2022-06-03 16:53:25.189 DEBUG [acme.Launcher@main] Found classpath entry '/C:/Users/david/.m2/repository/org/apache/tiles/tiles-servlet/3.0.8/tiles-servlet-3.0.8.jar' 
2022-06-03 16:53:25.189 DEBUG [acme.Launcher@main] Found classpath entry '/C:/Users/david/.m2/repository/org/apache/tiles/tiles-core/3.0.8/tiles-core-3.0.8.jar' 
2022-06-03 16:53:25.190 DEBUG [acme.Launcher@main] Found classpath entry '/C:/Users/david/.m2/repository/commons-digester/commons-digester/2.0/commons-digester-2.0.jar' 
2022-06-03 16:53:25.190 DEBUG [acme.Launcher@main] Found classpath entry '/C:/Users/david/.m2/repository/org/slf4j/jcl-over-slf4j/1.7.30/jcl-over-slf4j-1.7.30.jar' 
2022-06-03 16:53:25.190 DEBUG [acme.Launcher@main] Found classpath entry '/C:/Users/david/.m2/repository/org/apache/tiles/tiles-request-servlet/1.0.7/tiles-request-servlet-1.0.7.jar' 
2022-06-03 16:53:25.191 DEBUG [acme.Launcher@main] Found classpath entry '/C:/Users/david/.m2/repository/org/apache/tiles/tiles-template/3.0.8/tiles-template-3.0.8.jar' 
2022-06-03 16:53:25.191 DEBUG [acme.Launcher@main] Found classpath entry '/C:/Users/david/.m2/repository/org/apache/tiles/tiles-api/3.0.8/tiles-api-3.0.8.jar' 
2022-06-03 16:53:25.191 DEBUG [acme.Launcher@main] Found classpath entry '/C:/Users/david/.m2/repository/org/apache/tiles/tiles-autotag-core-runtime/1.2/tiles-autotag-core-runtime-1.2.jar' 
2022-06-03 16:53:25.192 DEBUG [acme.Launcher@main] Found classpath entry '/C:/Users/david/.m2/repository/org/slf4j/slf4j-api/1.7.30/slf4j-api-1.7.30.jar' 
2022-06-03 16:53:25.192 DEBUG [acme.Launcher@main] Found classpath entry '/C:/Users/david/.m2/repository/org/apache/tiles/tiles-request-jsp/1.0.7/tiles-request-jsp-1.0.7.jar' 
2022-06-03 16:53:25.192 DEBUG [acme.Launcher@main] Found classpath entry '/C:/Users/david/.m2/repository/org/apache/tiles/tiles-request-api/1.0.7/tiles-request-api-1.0.7.jar' 
2022-06-03 16:53:25.193 DEBUG [acme.Launcher@main] Found classpath entry '/C:/Users/david/.m2/repository/org/springframework/boot/spring-boot-starter-data-jpa/2.4.2/spring-boot-starter-data-jpa-2.4.2.jar' 
2022-06-03 16:53:25.193 DEBUG [acme.Launcher@main] Found classpath entry '/C:/Users/david/.m2/repository/org/springframework/boot/spring-boot-starter-aop/2.4.2/spring-boot-starter-aop-2.4.2.jar' 
2022-06-03 16:53:25.193 DEBUG [acme.Launcher@main] Found classpath entry '/C:/Users/david/.m2/repository/org/aspectj/aspectjweaver/1.9.6/aspectjweaver-1.9.6.jar' 
2022-06-03 16:53:25.194 DEBUG [acme.Launcher@main] Found classpath entry '/C:/Users/david/.m2/repository/org/springframework/boot/spring-boot-starter-jdbc/2.4.2/spring-boot-starter-jdbc-2.4.2.jar' 
2022-06-03 16:53:25.194 DEBUG [acme.Launcher@main] Found classpath entry '/C:/Users/david/.m2/repository/jakarta/transaction/jakarta.transaction-api/1.3.3/jakarta.transaction-api-1.3.3.jar' 
2022-06-03 16:53:25.194 DEBUG [acme.Launcher@main] Found classpath entry '/C:/Users/david/.m2/repository/jakarta/persistence/jakarta.persistence-api/2.2.3/jakarta.persistence-api-2.2.3.jar' 
2022-06-03 16:53:25.195 DEBUG [acme.Launcher@main] Found classpath entry '/C:/Users/david/.m2/repository/org/hibernate/hibernate-core/5.4.27.Final/hibernate-core-5.4.27.Final.jar' 
2022-06-03 16:53:25.195 DEBUG [acme.Launcher@main] Found classpath entry '/C:/Users/david/.m2/repository/org/jboss/logging/jboss-logging/3.4.1.Final/jboss-logging-3.4.1.Final.jar' 
2022-06-03 16:53:25.195 DEBUG [acme.Launcher@main] Found classpath entry '/C:/Users/david/.m2/repository/org/javassist/javassist/3.27.0-GA/javassist-3.27.0-GA.jar' 
2022-06-03 16:53:25.195 DEBUG [acme.Launcher@main] Found classpath entry '/C:/Users/david/.m2/repository/antlr/antlr/2.7.7/antlr-2.7.7.jar' 
2022-06-03 16:53:25.196 DEBUG [acme.Launcher@main] Found classpath entry '/C:/Users/david/.m2/repository/org/jboss/jandex/2.1.3.Final/jandex-2.1.3.Final.jar' 
2022-06-03 16:53:25.196 DEBUG [acme.Launcher@main] Found classpath entry '/C:/Users/david/.m2/repository/com/fasterxml/classmate/1.5.1/classmate-1.5.1.jar' 
2022-06-03 16:53:25.196 DEBUG [acme.Launcher@main] Found classpath entry '/C:/Users/david/.m2/repository/org/dom4j/dom4j/2.1.3/dom4j-2.1.3.jar' 
2022-06-03 16:53:25.197 DEBUG [acme.Launcher@main] Found classpath entry '/C:/Users/david/.m2/repository/org/hibernate/common/hibernate-commons-annotations/5.1.2.Final/hibernate-commons-annotations-5.1.2.Final.jar' 
2022-06-03 16:53:25.197 DEBUG [acme.Launcher@main] Found classpath entry '/C:/Users/david/.m2/repository/org/glassfish/jaxb/jaxb-runtime/2.3.3/jaxb-runtime-2.3.3.jar' 
2022-06-03 16:53:25.197 DEBUG [acme.Launcher@main] Found classpath entry '/C:/Users/david/.m2/repository/org/glassfish/jaxb/txw2/2.3.3/txw2-2.3.3.jar' 
2022-06-03 16:53:25.198 DEBUG [acme.Launcher@main] Found classpath entry '/C:/Users/david/.m2/repository/com/sun/istack/istack-commons-runtime/3.0.11/istack-commons-runtime-3.0.11.jar' 
2022-06-03 16:53:25.198 DEBUG [acme.Launcher@main] Found classpath entry '/C:/Users/david/.m2/repository/com/sun/activation/jakarta.activation/1.2.2/jakarta.activation-1.2.2.jar' 
2022-06-03 16:53:25.198 DEBUG [acme.Launcher@main] Found classpath entry '/C:/Users/david/.m2/repository/org/springframework/data/spring-data-jpa/2.4.3/spring-data-jpa-2.4.3.jar' 
2022-06-03 16:53:25.199 DEBUG [acme.Launcher@main] Found classpath entry '/C:/Users/david/.m2/repository/org/springframework/data/spring-data-commons/2.4.3/spring-data-commons-2.4.3.jar' 
2022-06-03 16:53:25.199 DEBUG [acme.Launcher@main] Found classpath entry '/C:/Users/david/.m2/repository/org/springframework/spring-orm/5.3.3/spring-orm-5.3.3.jar' 
2022-06-03 16:53:25.199 DEBUG [acme.Launcher@main] Found classpath entry '/C:/Users/david/.m2/repository/org/springframework/spring-aspects/5.3.3/spring-aspects-5.3.3.jar' 
2022-06-03 16:53:25.200 DEBUG [acme.Launcher@main] Found classpath entry '/C:/Users/david/.m2/repository/org/springframework/boot/spring-boot-starter-validation/2.4.2/spring-boot-starter-validation-2.4.2.jar' 
2022-06-03 16:53:25.200 DEBUG [acme.Launcher@main] Found classpath entry '/C:/Users/david/.m2/repository/org/hibernate/validator/hibernate-validator/6.1.7.Final/hibernate-validator-6.1.7.Final.jar' 
2022-06-03 16:53:25.200 DEBUG [acme.Launcher@main] Found classpath entry '/C:/Users/david/.m2/repository/jakarta/validation/jakarta.validation-api/2.0.2/jakarta.validation-api-2.0.2.jar' 
2022-06-03 16:53:25.201 DEBUG [acme.Launcher@main] Found classpath entry '/C:/Users/david/.m2/repository/mysql/mysql-connector-java/8.0.22/mysql-connector-java-8.0.22.jar' 
2022-06-03 16:53:25.201 DEBUG [acme.Launcher@main] Found classpath entry '/C:/Users/david/.m2/repository/com/zaxxer/HikariCP/3.4.5/HikariCP-3.4.5.jar' 
2022-06-03 16:53:25.201 DEBUG [acme.Launcher@main] Found classpath entry '/C:/Users/david/.m2/repository/org/springframework/boot/spring-boot-starter-test/2.4.2/spring-boot-starter-test-2.4.2.jar' 
2022-06-03 16:53:25.202 DEBUG [acme.Launcher@main] Found classpath entry '/C:/Users/david/.m2/repository/org/springframework/boot/spring-boot-test/2.4.2/spring-boot-test-2.4.2.jar' 
2022-06-03 16:53:25.202 DEBUG [acme.Launcher@main] Found classpath entry '/C:/Users/david/.m2/repository/org/springframework/boot/spring-boot-test-autoconfigure/2.4.2/spring-boot-test-autoconfigure-2.4.2.jar' 
2022-06-03 16:53:25.203 DEBUG [acme.Launcher@main] Found classpath entry '/C:/Users/david/.m2/repository/com/jayway/jsonpath/json-path/2.4.0/json-path-2.4.0.jar' 
2022-06-03 16:53:25.203 DEBUG [acme.Launcher@main] Found classpath entry '/C:/Users/david/.m2/repository/net/minidev/json-smart/2.3/json-smart-2.3.jar' 
2022-06-03 16:53:25.203 DEBUG [acme.Launcher@main] Found classpath entry '/C:/Users/david/.m2/repository/net/minidev/accessors-smart/1.2/accessors-smart-1.2.jar' 
2022-06-03 16:53:25.203 DEBUG [acme.Launcher@main] Found classpath entry '/C:/Users/david/.m2/repository/org/ow2/asm/asm/5.0.4/asm-5.0.4.jar' 
2022-06-03 16:53:25.204 DEBUG [acme.Launcher@main] Found classpath entry '/C:/Users/david/.m2/repository/jakarta/xml/bind/jakarta.xml.bind-api/2.3.3/jakarta.xml.bind-api-2.3.3.jar' 
2022-06-03 16:53:25.204 DEBUG [acme.Launcher@main] Found classpath entry '/C:/Users/david/.m2/repository/jakarta/activation/jakarta.activation-api/1.2.2/jakarta.activation-api-1.2.2.jar' 
2022-06-03 16:53:25.204 DEBUG [acme.Launcher@main] Found classpath entry '/C:/Users/david/.m2/repository/org/assertj/assertj-core/3.18.1/assertj-core-3.18.1.jar' 
2022-06-03 16:53:25.204 DEBUG [acme.Launcher@main] Found classpath entry '/C:/Users/david/.m2/repository/org/hamcrest/hamcrest/2.2/hamcrest-2.2.jar' 
2022-06-03 16:53:25.205 DEBUG [acme.Launcher@main] Found classpath entry '/C:/Users/david/.m2/repository/org/junit/jupiter/junit-jupiter/5.7.0/junit-jupiter-5.7.0.jar' 
2022-06-03 16:53:25.205 DEBUG [acme.Launcher@main] Found classpath entry '/C:/Users/david/.m2/repository/org/mockito/mockito-core/3.6.28/mockito-core-3.6.28.jar' 
2022-06-03 16:53:25.206 DEBUG [acme.Launcher@main] Found classpath entry '/C:/Users/david/.m2/repository/net/bytebuddy/byte-buddy-agent/1.10.19/byte-buddy-agent-1.10.19.jar' 
2022-06-03 16:53:25.207 DEBUG [acme.Launcher@main] Found classpath entry '/C:/Users/david/.m2/repository/org/objenesis/objenesis/3.1/objenesis-3.1.jar' 
2022-06-03 16:53:25.207 DEBUG [acme.Launcher@main] Found classpath entry '/C:/Users/david/.m2/repository/org/mockito/mockito-junit-jupiter/3.6.28/mockito-junit-jupiter-3.6.28.jar' 
2022-06-03 16:53:25.207 DEBUG [acme.Launcher@main] Found classpath entry '/C:/Users/david/.m2/repository/org/skyscreamer/jsonassert/1.5.0/jsonassert-1.5.0.jar' 
2022-06-03 16:53:25.213 DEBUG [acme.Launcher@main] Found classpath entry '/C:/Users/david/.m2/repository/com/vaadin/external/google/android-json/0.0.20131108.vaadin1/android-json-0.0.20131108.vaadin1.jar' 
2022-06-03 16:53:25.213 DEBUG [acme.Launcher@main] Found classpath entry '/C:/Users/david/.m2/repository/org/springframework/spring-test/5.3.3/spring-test-5.3.3.jar' 
2022-06-03 16:53:25.214 DEBUG [acme.Launcher@main] Found classpath entry '/C:/Users/david/.m2/repository/org/xmlunit/xmlunit-core/2.7.0/xmlunit-core-2.7.0.jar' 
2022-06-03 16:53:25.214 DEBUG [acme.Launcher@main] Found classpath entry '/C:/Users/david/.m2/repository/org/junit/jupiter/junit-jupiter-engine/5.7.0/junit-jupiter-engine-5.7.0.jar' 
2022-06-03 16:53:25.215 DEBUG [acme.Launcher@main] Found classpath entry '/C:/Users/david/.m2/repository/org/apiguardian/apiguardian-api/1.1.0/apiguardian-api-1.1.0.jar' 
2022-06-03 16:53:25.215 DEBUG [acme.Launcher@main] Found classpath entry '/C:/Users/david/.m2/repository/org/junit/platform/junit-platform-engine/1.7.0/junit-platform-engine-1.7.0.jar' 
2022-06-03 16:53:25.215 DEBUG [acme.Launcher@main] Found classpath entry '/C:/Users/david/.m2/repository/org/junit/jupiter/junit-jupiter-api/5.7.0/junit-jupiter-api-5.7.0.jar' 
2022-06-03 16:53:25.215 DEBUG [acme.Launcher@main] Found classpath entry '/C:/Users/david/.m2/repository/org/opentest4j/opentest4j/1.2.0/opentest4j-1.2.0.jar' 
2022-06-03 16:53:25.216 DEBUG [acme.Launcher@main] Found classpath entry '/C:/Users/david/.m2/repository/org/junit/platform/junit-platform-commons/1.7.0/junit-platform-commons-1.7.0.jar' 
2022-06-03 16:53:25.216 DEBUG [acme.Launcher@main] Found classpath entry '/C:/Users/david/.m2/repository/org/junit/jupiter/junit-jupiter-params/5.7.0/junit-jupiter-params-5.7.0.jar' 
2022-06-03 16:53:25.216 DEBUG [acme.Launcher@main] Found classpath entry '/C:/Users/david/.m2/repository/org/junit/platform/junit-platform-launcher/1.7.0/junit-platform-launcher-1.7.0.jar' 
2022-06-03 16:53:25.216 DEBUG [acme.Launcher@main] Found classpath entry '/C:/Users/david/.m2/repository/org/seleniumhq/selenium/selenium-java/3.141.59/selenium-java-3.141.59.jar' 
2022-06-03 16:53:25.216 DEBUG [acme.Launcher@main] Found classpath entry '/C:/Users/david/.m2/repository/org/seleniumhq/selenium/selenium-api/3.141.59/selenium-api-3.141.59.jar' 
2022-06-03 16:53:25.216 DEBUG [acme.Launcher@main] Found classpath entry '/C:/Users/david/.m2/repository/org/seleniumhq/selenium/selenium-chrome-driver/3.141.59/selenium-chrome-driver-3.141.59.jar' 
2022-06-03 16:53:25.216 DEBUG [acme.Launcher@main] Found classpath entry '/C:/Users/david/.m2/repository/org/seleniumhq/selenium/selenium-edge-driver/3.141.59/selenium-edge-driver-3.141.59.jar' 
2022-06-03 16:53:25.220 DEBUG [acme.Launcher@main] Found classpath entry '/C:/Users/david/.m2/repository/org/seleniumhq/selenium/selenium-firefox-driver/3.141.59/selenium-firefox-driver-3.141.59.jar' 
2022-06-03 16:53:25.220 DEBUG [acme.Launcher@main] Found classpath entry '/C:/Users/david/.m2/repository/org/seleniumhq/selenium/selenium-ie-driver/3.141.59/selenium-ie-driver-3.141.59.jar' 
2022-06-03 16:53:25.220 DEBUG [acme.Launcher@main] Found classpath entry '/C:/Users/david/.m2/repository/org/seleniumhq/selenium/selenium-opera-driver/3.141.59/selenium-opera-driver-3.141.59.jar' 
2022-06-03 16:53:25.221 DEBUG [acme.Launcher@main] Found classpath entry '/C:/Users/david/.m2/repository/org/seleniumhq/selenium/selenium-remote-driver/3.141.59/selenium-remote-driver-3.141.59.jar' 
2022-06-03 16:53:25.221 DEBUG [acme.Launcher@main] Found classpath entry '/C:/Users/david/.m2/repository/org/seleniumhq/selenium/selenium-safari-driver/3.141.59/selenium-safari-driver-3.141.59.jar' 
2022-06-03 16:53:25.221 DEBUG [acme.Launcher@main] Found classpath entry '/C:/Users/david/.m2/repository/org/seleniumhq/selenium/selenium-support/3.141.59/selenium-support-3.141.59.jar' 
2022-06-03 16:53:25.221 DEBUG [acme.Launcher@main] Found classpath entry '/C:/Users/david/.m2/repository/net/bytebuddy/byte-buddy/1.10.19/byte-buddy-1.10.19.jar' 
2022-06-03 16:53:25.222 DEBUG [acme.Launcher@main] Found classpath entry '/C:/Users/david/.m2/repository/org/apache/commons/commons-exec/1.3/commons-exec-1.3.jar' 
2022-06-03 16:53:25.222 DEBUG [acme.Launcher@main] Found classpath entry '/C:/Users/david/.m2/repository/com/google/guava/guava/25.0-jre/guava-25.0-jre.jar' 
2022-06-03 16:53:25.222 DEBUG [acme.Launcher@main] Found classpath entry '/C:/Users/david/.m2/repository/com/google/code/findbugs/jsr305/1.3.9/jsr305-1.3.9.jar' 
2022-06-03 16:53:25.223 DEBUG [acme.Launcher@main] Found classpath entry '/C:/Users/david/.m2/repository/org/checkerframework/checker-compat-qual/2.0.0/checker-compat-qual-2.0.0.jar' 
2022-06-03 16:53:25.223 DEBUG [acme.Launcher@main] Found classpath entry '/C:/Users/david/.m2/repository/com/google/errorprone/error_prone_annotations/2.1.3/error_prone_annotations-2.1.3.jar' 
2022-06-03 16:53:25.223 DEBUG [acme.Launcher@main] Found classpath entry '/C:/Users/david/.m2/repository/com/google/j2objc/j2objc-annotations/1.1/j2objc-annotations-1.1.jar' 
2022-06-03 16:53:25.223 DEBUG [acme.Launcher@main] Found classpath entry '/C:/Users/david/.m2/repository/org/codehaus/mojo/animal-sniffer-annotations/1.14/animal-sniffer-annotations-1.14.jar' 
2022-06-03 16:53:25.224 DEBUG [acme.Launcher@main] Found classpath entry '/C:/Users/david/.m2/repository/com/squareup/okhttp3/okhttp/3.14.9/okhttp-3.14.9.jar' 
2022-06-03 16:53:25.224 DEBUG [acme.Launcher@main] Found classpath entry '/C:/Users/david/.m2/repository/com/squareup/okio/okio/1.14.0/okio-1.14.0.jar' 
2022-06-03 16:53:25.224 DEBUG [acme.Launcher@main] Found classpath entry '/C:/Users/david/.m2/repository/org/apache/commons/commons-lang3/3.11/commons-lang3-3.11.jar' 
2022-06-03 16:53:25.224 DEBUG [acme.Launcher@main] Found classpath entry '/C:/Users/david/.m2/repository/org/apache/commons/commons-text/1.8/commons-text-1.8.jar' 
2022-06-03 16:53:25.224 DEBUG [acme.Launcher@main] Found classpath entry '/C:/Users/david/.m2/repository/commons-io/commons-io/2.6/commons-io-2.6.jar' 
2022-06-03 16:53:25.225 DEBUG [acme.Launcher@main] Found classpath entry '/C:/Users/david/.m2/repository/commons-cli/commons-cli/1.4/commons-cli-1.4.jar' 
2022-06-03 16:53:25.225 DEBUG [acme.Launcher@main] Found classpath entry '/C:/Users/david/.m2/repository/org/projectlombok/lombok/1.18.16/lombok-1.18.16.jar' 
2022-06-03 16:53:25.225 DEBUG [acme.Launcher@main] Found classpath entry '/C:/Users/david/.m2/repository/com/opencsv/opencsv/5.4/opencsv-5.4.jar' 
2022-06-03 16:53:25.225 DEBUG [acme.Launcher@main] Found classpath entry '/C:/Users/david/.m2/repository/commons-beanutils/commons-beanutils/1.9.4/commons-beanutils-1.9.4.jar' 
2022-06-03 16:53:25.226 DEBUG [acme.Launcher@main] Found classpath entry '/C:/Users/david/.m2/repository/commons-logging/commons-logging/1.2/commons-logging-1.2.jar' 
2022-06-03 16:53:25.226 DEBUG [acme.Launcher@main] Found classpath entry '/C:/Users/david/.m2/repository/commons-collections/commons-collections/3.2.2/commons-collections-3.2.2.jar' 
2022-06-03 16:53:25.227 DEBUG [acme.Launcher@main] Found classpath entry '/C:/Users/david/.m2/repository/org/apache/commons/commons-collections4/4.4/commons-collections4-4.4.jar' 
2022-06-03 16:53:25.669 DEBUG [acme.Launcher@main] Found entity class 'acme.entities.announcements.Announcement 
2022-06-03 16:53:25.669 DEBUG [acme.Launcher@main] Found entity class 'acme.entities.artifacts.Artifact 
2022-06-03 16:53:25.669 DEBUG [acme.Launcher@main] Found entity class 'acme.entities.artifacts.Quantity 
2022-06-03 16:53:25.670 DEBUG [acme.Launcher@main] Found entity class 'acme.entities.artifacts.Toolkit 
2022-06-03 16:53:25.670 DEBUG [acme.Launcher@main] Found entity class 'acme.entities.chirps.Chirp 
2022-06-03 16:53:25.670 DEBUG [acme.Launcher@main] Found entity class 'acme.entities.configData.ConfigData 
2022-06-03 16:53:25.671 DEBUG [acme.Launcher@main] Found entity class 'acme.entities.patronage.Patronage 
2022-06-03 16:53:25.671 DEBUG [acme.Launcher@main] Found entity class 'acme.entities.patronage.PatronageReport 
2022-06-03 16:53:25.671 DEBUG [acme.Launcher@main] Found entity class 'acme.entities.troqua.Troqua 
2022-06-03 16:53:25.671 DEBUG [acme.Launcher@main] Found entity class 'acme.roles.Inventor 
2022-06-03 16:53:25.672 DEBUG [acme.Launcher@main] Found entity class 'acme.roles.Patron 
2022-06-03 16:53:25.672 DEBUG [acme.Launcher@main] Found entity class 'acme.framework.entities.UserAccount 
2022-06-03 16:53:25.672 DEBUG [acme.Launcher@main] Found entity class 'acme.framework.roles.Administrator 
2022-06-03 16:53:25.673 DEBUG [acme.Launcher@main] Found entity class 'acme.framework.roles.Anonymous 
2022-06-03 16:53:25.673 DEBUG [acme.Launcher@main] Found entity class 'acme.framework.roles.Any 
2022-06-03 16:53:25.673 DEBUG [acme.Launcher@main] Found entity class 'acme.framework.roles.Authenticated 
2022-06-03 16:53:25.681 INFO  [acme.Launcher@main] Populating (sample data) 
2022-06-03 16:53:25.687 INFO  [acme.framework.components.database.DatabasePopulator@main] Reading entities from 'classpath:/WEB-INF/resources/initial-data' 
2022-06-03 16:53:25.699 DEBUG [acme.framework.components.database.Dataset@main] Reading dataset from 'C:\Workspace-22.0\Projects\Acme-Toolkits-Individual-Deliverable\target\classes\WEB-INF\resources\initial-data\administrator.csv' 
2022-06-03 16:53:26.082 DEBUG [acme.framework.components.database.Dataset@main] Reading mapping '{key:user-account=user-account-administrator-01, key=administrator-01}' from 'C:\Workspace-22.0\Projects\Acme-Toolkits-Individual-Deliverable\target\classes\WEB-INF\resources\initial-data\administrator.csv' 
2022-06-03 16:53:26.086 DEBUG [acme.framework.components.database.Dataset@main] Reading dataset from 'C:\Workspace-22.0\Projects\Acme-Toolkits-Individual-Deliverable\target\classes\WEB-INF\resources\initial-data\anonymous.csv' 
2022-06-03 16:53:26.088 DEBUG [acme.framework.components.database.Dataset@main] Reading mapping '{key:user-account=user-account-anonymous-01, key=anonymous-01}' from 'C:\Workspace-22.0\Projects\Acme-Toolkits-Individual-Deliverable\target\classes\WEB-INF\resources\initial-data\anonymous.csv' 
2022-06-03 16:53:26.089 DEBUG [acme.framework.components.database.Dataset@main] Reading dataset from 'C:\Workspace-22.0\Projects\Acme-Toolkits-Individual-Deliverable\target\classes\WEB-INF\resources\initial-data\config-data.csv' 
2022-06-03 16:53:26.091 DEBUG [acme.framework.components.database.Dataset@main] Reading mapping '{weak-spam-terms=sexy,nigeria,you've won,has ganado, strong-spam-treshold=10, accepted-currencies=EUR, USD, GBP, weak-spam-treshold=25, system-currency=EUR, strong-spam-terms=sex,hard core,viagra,cialis,sexo,hardcore, key=config-data}' from 'C:\Workspace-22.0\Projects\Acme-Toolkits-Individual-Deliverable\target\classes\WEB-INF\resources\initial-data\config-data.csv' 
2022-06-03 16:53:26.098 DEBUG [acme.framework.components.database.Dataset@main] Reading dataset from 'C:\Workspace-22.0\Projects\Acme-Toolkits-Individual-Deliverable\target\classes\WEB-INF\resources\initial-data\inventor.csv' 
2022-06-03 16:53:26.104 DEBUG [acme.framework.components.database.Dataset@main] Reading mapping '{key:user-account=user-account-inventor1, statement=task failed, link=https://www.google.com, company=Apple, key=inventor-01}' from 'C:\Workspace-22.0\Projects\Acme-Toolkits-Individual-Deliverable\target\classes\WEB-INF\resources\initial-data\inventor.csv' 
2022-06-03 16:53:26.105 DEBUG [acme.framework.components.database.Dataset@main] Reading mapping '{key:user-account=user-account-inventor2, statement=Task failed, link=https://www.google.com, company=Apple, key=inventor-02}' from 'C:\Workspace-22.0\Projects\Acme-Toolkits-Individual-Deliverable\target\classes\WEB-INF\resources\initial-data\inventor.csv' 
2022-06-03 16:53:26.106 DEBUG [acme.framework.components.database.Dataset@main] Reading dataset from 'C:\Workspace-22.0\Projects\Acme-Toolkits-Individual-Deliverable\target\classes\WEB-INF\resources\initial-data\patron.csv' 
2022-06-03 16:53:26.108 DEBUG [acme.framework.components.database.Dataset@main] Reading mapping '{key:user-account=user-account-patron1, statement=Task completed, link=https://www.google.com, company=Microsoft, key=patron-01}' from 'C:\Workspace-22.0\Projects\Acme-Toolkits-Individual-Deliverable\target\classes\WEB-INF\resources\initial-data\patron.csv' 
2022-06-03 16:53:26.109 DEBUG [acme.framework.components.database.Dataset@main] Reading mapping '{key:user-account=user-account-patron2, statement=Task completed, link=https://www.google.com, company=Microsoft, key=patron-02}' from 'C:\Workspace-22.0\Projects\Acme-Toolkits-Individual-Deliverable\target\classes\WEB-INF\resources\initial-data\patron.csv' 
2022-06-03 16:53:26.110 DEBUG [acme.framework.components.database.Dataset@main] Reading dataset from 'C:\Workspace-22.0\Projects\Acme-Toolkits-Individual-Deliverable\target\classes\WEB-INF\resources\initial-data\user-account.csv' 
2022-06-03 16:53:26.113 DEBUG [acme.framework.components.database.Dataset@main] Reading mapping '{password=HIDDEN-PASSWORD, identity=UserIdentity{name: 'John', surname: 'Doe', email: 'john.doe@acme.com'}, key=user-account-anonymous-01, enabled=false, username=anonymous}' from 'C:\Workspace-22.0\Projects\Acme-Toolkits-Individual-Deliverable\target\classes\WEB-INF\resources\initial-data\user-account.csv' 
2022-06-03 16:53:26.113 DEBUG [acme.framework.components.database.Dataset@main] Reading mapping '{password=administrator, identity=UserIdentity{name: 'Administrator', surname: 'Acme', email: 'administrator@acme.com'}, key=user-account-administrator-01, enabled=true, username=administrator}' from 'C:\Workspace-22.0\Projects\Acme-Toolkits-Individual-Deliverable\target\classes\WEB-INF\resources\initial-data\user-account.csv' 
2022-06-03 16:53:26.114 DEBUG [acme.framework.components.database.Dataset@main] Reading mapping '{password=patron1, identity=UserIdentity{name: 'patron', surname: '1', email: 'patron@1.com'}, key=user-account-patron1, enabled=true, username=patron1}' from 'C:\Workspace-22.0\Projects\Acme-Toolkits-Individual-Deliverable\target\classes\WEB-INF\resources\initial-data\user-account.csv' 
2022-06-03 16:53:26.122 DEBUG [acme.framework.components.database.Dataset@main] Reading mapping '{password=patron2, identity=UserIdentity{name: 'patron', surname: '2', email: 'patron@2.com'}, key=user-account-patron2, enabled=true, username=patron2}' from 'C:\Workspace-22.0\Projects\Acme-Toolkits-Individual-Deliverable\target\classes\WEB-INF\resources\initial-data\user-account.csv' 
2022-06-03 16:53:26.135 DEBUG [acme.framework.components.database.Dataset@main] Reading mapping '{password=inventor1, identity=UserIdentity{name: 'inventor', surname: '1', email: 'inventor@1.com'}, key=user-account-inventor1, enabled=true, username=inventor1}' from 'C:\Workspace-22.0\Projects\Acme-Toolkits-Individual-Deliverable\target\classes\WEB-INF\resources\initial-data\user-account.csv' 
2022-06-03 16:53:26.135 DEBUG [acme.framework.components.database.Dataset@main] Reading mapping '{password=inventor2, identity=UserIdentity{name: 'inventor', surname: '2', email: 'inventor@2.com'}, key=user-account-inventor2, enabled=true, username=inventor2}' from 'C:\Workspace-22.0\Projects\Acme-Toolkits-Individual-Deliverable\target\classes\WEB-INF\resources\initial-data\user-account.csv' 
2022-06-03 16:53:26.136 DEBUG [acme.framework.components.database.EntityWeb@main] Setting attributes of entities of class acme.framework.roles.Anonymous 
2022-06-03 16:53:26.136 DEBUG [acme.framework.components.database.EntityWeb@main] Setting attributes of entities of class acme.framework.entities.UserAccount 
2022-06-03 16:53:27.031 DEBUG [acme.framework.components.database.EntityWeb@main] Setting attributes of entities of class acme.framework.roles.Administrator 
2022-06-03 16:53:27.033 DEBUG [acme.framework.components.database.EntityWeb@main] Setting attributes of entities of class acme.roles.Inventor 
2022-06-03 16:53:27.049 DEBUG [acme.framework.components.database.EntityWeb@main] Setting attributes of entities of class acme.roles.Patron 
2022-06-03 16:53:27.073 DEBUG [acme.framework.components.database.EntityWeb@main] Setting attributes of entities of class acme.entities.configData.ConfigData 
2022-06-03 16:53:27.097 DEBUG [acme.framework.components.database.EntityWeb@main] Linking entities of class acme.framework.roles.Anonymous 
2022-06-03 16:53:27.109 DEBUG [acme.framework.components.database.EntityWeb@main] Linking entities of class acme.framework.entities.UserAccount 
2022-06-03 16:53:27.109 DEBUG [acme.framework.components.database.EntityWeb@main] Linking entities of class acme.framework.roles.Administrator 
2022-06-03 16:53:27.131 DEBUG [acme.framework.components.database.EntityWeb@main] Linking entities of class acme.roles.Inventor 
2022-06-03 16:53:27.132 DEBUG [acme.framework.components.database.EntityWeb@main] Linking entities of class acme.roles.Patron 
2022-06-03 16:53:27.134 DEBUG [acme.framework.components.database.EntityWeb@main] Linking entities of class acme.entities.configData.ConfigData 
2022-06-03 16:53:27.134 INFO  [acme.framework.components.database.DatabasePopulator@main] Reading entities from 'classpath:/WEB-INF/resources/sample-data' 
2022-06-03 16:53:27.137 DEBUG [acme.framework.components.database.Dataset@main] Reading dataset from 'C:\Workspace-22.0\Projects\Acme-Toolkits-Individual-Deliverable\target\classes\WEB-INF\resources\sample-data\announcement.csv' 
2022-06-03 16:53:27.139 DEBUG [acme.framework.components.database.Dataset@main] Reading mapping '{critical=true, link=https://www.thebatman.com, title=The Batman only on cinemas now!, body=Go to the cinemas now, key=announcement-01, moment=2022/04/21 21:50}' from 'C:\Workspace-22.0\Projects\Acme-Toolkits-Individual-Deliverable\target\classes\WEB-INF\resources\sample-data\announcement.csv' 
2022-06-03 16:53:27.140 DEBUG [acme.framework.components.database.Dataset@main] Reading mapping '{critical=false, link=https://www.google.com, title=I don't know what to say!, body=Seriously i have no clue, key=announcement-02, moment=2022/04/22 21:45}' from 'C:\Workspace-22.0\Projects\Acme-Toolkits-Individual-Deliverable\target\classes\WEB-INF\resources\sample-data\announcement.csv' 
2022-06-03 16:53:27.142 DEBUG [acme.framework.components.database.Dataset@main] Reading dataset from 'C:\Workspace-22.0\Projects\Acme-Toolkits-Individual-Deliverable\target\classes\WEB-INF\resources\sample-data\artifact.csv' 
2022-06-03 16:53:27.145 DEBUG [acme.framework.components.database.Dataset@main] Reading mapping '{key:inventor=inventor-01, code=FBI-123-A, link=https://www.arduino.cc/, description=A component developed using Arduino technology, technology=Arduino, published=true, retail-price=EUR 50.0, key:troqua=null, artifact-type=COMPONENT, name=Placa arduino, key=artifact-01}' from 'C:\Workspace-22.0\Projects\Acme-Toolkits-Individual-Deliverable\target\classes\WEB-INF\resources\sample-data\artifact.csv' 
2022-06-03 16:53:27.146 DEBUG [acme.framework.components.database.Dataset@main] Reading mapping '{key:inventor=inventor-01, code=ABC-123-T, link=https://www.mariadb.com/, description=Database gestion system, technology=MySQL, published=true, retail-price=EUR 60.0, key:troqua=Troqua-01, artifact-type=TOOL, name=MariaDB, key=artifact-02}' from 'C:\Workspace-22.0\Projects\Acme-Toolkits-Individual-Deliverable\target\classes\WEB-INF\resources\sample-data\artifact.csv' 
2022-06-03 16:53:27.146 DEBUG [acme.framework.components.database.Dataset@main] Reading mapping '{key:inventor=inventor-02, code=AVR-001-A, link=https://start.atmel.com/, description=An easily programmable microcontroller , technology=RISC, published=true, retail-price=EUR 60.0, key:troqua=null, artifact-type=COMPONENT, name=AVR ATMega, key=artifact-03}' from 'C:\Workspace-22.0\Projects\Acme-Toolkits-Individual-Deliverable\target\classes\WEB-INF\resources\sample-data\artifact.csv' 
2022-06-03 16:53:27.147 DEBUG [acme.framework.components.database.Dataset@main] Reading mapping '{key:inventor=inventor-02, code=ZYX-084-B, link=https://www.adobe.com, description=A fast program for Graphic Desing, technology=Photoshop, published=true, retail-price=EUR 20.0, key:troqua=null, artifact-type=TOOL, name=Adobo photocho, key=artifact-04}' from 'C:\Workspace-22.0\Projects\Acme-Toolkits-Individual-Deliverable\target\classes\WEB-INF\resources\sample-data\artifact.csv' 
2022-06-03 16:53:27.149 DEBUG [acme.framework.components.database.Dataset@main] Reading mapping '{key:inventor=inventor-02, code=ABC-084-B, link=https://www.adobe.com, description=A small program for Graphic Desing, technology=Photoshop, published=false, retail-price=EUR 20.0, key:troqua=null, artifact-type=TOOL, name=Adobo sega, key=artifact-05}' from 'C:\Workspace-22.0\Projects\Acme-Toolkits-Individual-Deliverable\target\classes\WEB-INF\resources\sample-data\artifact.csv' 
2022-06-03 16:53:27.150 DEBUG [acme.framework.components.database.Dataset@main] Reading mapping '{key:inventor=inventor-02, code=AFR-001-A, link=https://start.atmel.com/, description=An easily programmable exam about test , technology=Ready, published=false, retail-price=EUR 20.0, key:troqua=null, artifact-type=COMPONENT, name=AC Prueba, key=artifact-06}' from 'C:\Workspace-22.0\Projects\Acme-Toolkits-Individual-Deliverable\target\classes\WEB-INF\resources\sample-data\artifact.csv' 
2022-06-03 16:53:27.150 DEBUG [acme.framework.components.database.Dataset@main] Reading mapping '{key:inventor=inventor-02, code=AFR-301-A, link=https://start.atmel.com/, description=An easily programmable exam about test , technology=Ready2, published=false, retail-price=EUR 10.0, key:troqua=null, artifact-type=COMPONENT, name=AZ Prueba, key=artifact-07}' from 'C:\Workspace-22.0\Projects\Acme-Toolkits-Individual-Deliverable\target\classes\WEB-INF\resources\sample-data\artifact.csv' 
2022-06-03 16:53:27.153 DEBUG [acme.framework.components.database.Dataset@main] Reading dataset from 'C:\Workspace-22.0\Projects\Acme-Toolkits-Individual-Deliverable\target\classes\WEB-INF\resources\sample-data\chirp.csv' 
2022-06-03 16:53:27.155 DEBUG [acme.framework.components.database.Dataset@main] Reading mapping '{author=Don Mclean, title=Amazing Chirp, body=What an amazing Chirp!, key=chirp-01, email=amazingChirp@mail.com, moment=2022/04/23 18:33}' from 'C:\Workspace-22.0\Projects\Acme-Toolkits-Individual-Deliverable\target\classes\WEB-INF\resources\sample-data\chirp.csv' 
2022-06-03 16:53:27.155 DEBUG [acme.framework.components.database.Dataset@main] Reading mapping '{author=Roger Daltrey, title=The Chirp, body=The Roger's Chirp, key=chirp-02, email=rogersChirp@mail.com, moment=2013/02/28 14:23}' from 'C:\Workspace-22.0\Projects\Acme-Toolkits-Individual-Deliverable\target\classes\WEB-INF\resources\sample-data\chirp.csv' 
2022-06-03 16:53:27.160 DEBUG [acme.framework.components.database.Dataset@main] Reading dataset from 'C:\Workspace-22.0\Projects\Acme-Toolkits-Individual-Deliverable\target\classes\WEB-INF\resources\sample-data\patronage-report.csv' 
2022-06-03 16:53:27.161 DEBUG [acme.framework.components.database.Dataset@main] Reading mapping '{serial-number=0001, key:patronage=patronage-01, link=https://www.nano.com, creation-moment=2021/12/01 12:00, memorandum=Patronage accepted!, key=patronage-report-01}' from 'C:\Workspace-22.0\Projects\Acme-Toolkits-Individual-Deliverable\target\classes\WEB-INF\resources\sample-data\patronage-report.csv' 
2022-06-03 16:53:27.162 DEBUG [acme.framework.components.database.Dataset@main] Reading mapping '{serial-number=0002, key:patronage=patronage-02, link=https://www.ham.com, creation-moment=2020/12/01 12:00, memorandum=Patronage denied!, key=patronage-report-02}' from 'C:\Workspace-22.0\Projects\Acme-Toolkits-Individual-Deliverable\target\classes\WEB-INF\resources\sample-data\patronage-report.csv' 
2022-06-03 16:53:27.164 DEBUG [acme.framework.components.database.Dataset@main] Reading dataset from 'C:\Workspace-22.0\Projects\Acme-Toolkits-Individual-Deliverable\target\classes\WEB-INF\resources\sample-data\patronage.csv' 
2022-06-03 16:53:27.165 DEBUG [acme.framework.components.database.Dataset@main] Reading mapping '{key:inventor=inventor-01, code=ALO-014-A, legal-stuff=Absolutely legal, finish-date=2022/12/31 15:00, link=https://www.nano.com, start-date=2021/12/31 12:00, draft-mode=false, key:patron=patron-01, key=patronage-01, status=ACCEPTED, budget=EUR 250.00}' from 'C:\Workspace-22.0\Projects\Acme-Toolkits-Individual-Deliverable\target\classes\WEB-INF\resources\sample-data\patronage.csv' 
2022-06-03 16:53:27.167 DEBUG [acme.framework.components.database.Dataset@main] Reading mapping '{key:inventor=inventor-01, code=HAM-044-B, legal-stuff=Totally illegal, finish-date=2021/12/30 22:47, link=https://www.ham.com, start-date=2020/12/31 15:36, draft-mode=false, key:patron=patron-02, key=patronage-02, status=DENIED, budget=EUR 50.00}' from 'C:\Workspace-22.0\Projects\Acme-Toolkits-Individual-Deliverable\target\classes\WEB-INF\resources\sample-data\patronage.csv' 
2022-06-03 16:53:27.168 DEBUG [acme.framework.components.database.Dataset@main] Reading mapping '{key:inventor=inventor-01, code=ABC-044-D, legal-stuff=Totally illegal, finish-date=2021/12/30 22:47, link=https://www.ham.com, start-date=2020/12/31 15:36, draft-mode=true, key:patron=patron-02, key=patronage-03, status=PROPOSED, budget=EUR 135.20}' from 'C:\Workspace-22.0\Projects\Acme-Toolkits-Individual-Deliverable\target\classes\WEB-INF\resources\sample-data\patronage.csv' 
2022-06-03 16:53:27.169 DEBUG [acme.framework.components.database.Dataset@main] Reading mapping '{key:inventor=inventor-02, code=ZXC-044-B, legal-stuff=Totally illegal, finish-date=2020/12/30 22:47, link=https://www.google.com, start-date=2020/12/31 15:36, draft-mode=false, key:patron=patron-01, key=patronage-04, status=PROPOSED, budget=EUR 75.20}' from 'C:\Workspace-22.0\Projects\Acme-Toolkits-Individual-Deliverable\target\classes\WEB-INF\resources\sample-data\patronage.csv' 
2022-06-03 16:53:27.170 DEBUG [acme.framework.components.database.Dataset@main] Reading dataset from 'C:\Workspace-22.0\Projects\Acme-Toolkits-Individual-Deliverable\target\classes\WEB-INF\resources\sample-data\quantity.csv' 
2022-06-03 16:53:27.172 DEBUG [acme.framework.components.database.Dataset@main] Reading mapping '{key:artifact=artifact-01, amount=3, key:toolkit=toolkit-01, key=quantity-01}' from 'C:\Workspace-22.0\Projects\Acme-Toolkits-Individual-Deliverable\target\classes\WEB-INF\resources\sample-data\quantity.csv' 
2022-06-03 16:53:27.173 DEBUG [acme.framework.components.database.Dataset@main] Reading mapping '{key:artifact=artifact-02, amount=1, key:toolkit=toolkit-01, key=quantity-02}' from 'C:\Workspace-22.0\Projects\Acme-Toolkits-Individual-Deliverable\target\classes\WEB-INF\resources\sample-data\quantity.csv' 
2022-06-03 16:53:27.179 DEBUG [acme.framework.components.database.Dataset@main] Reading mapping '{key:artifact=artifact-03, amount=2, key:toolkit=toolkit-02, key=quantity-03}' from 'C:\Workspace-22.0\Projects\Acme-Toolkits-Individual-Deliverable\target\classes\WEB-INF\resources\sample-data\quantity.csv' 
2022-06-03 16:53:27.179 DEBUG [acme.framework.components.database.Dataset@main] Reading mapping '{key:artifact=artifact-04, amount=1, key:toolkit=toolkit-02, key=quantity-04}' from 'C:\Workspace-22.0\Projects\Acme-Toolkits-Individual-Deliverable\target\classes\WEB-INF\resources\sample-data\quantity.csv' 
2022-06-03 16:53:27.181 DEBUG [acme.framework.components.database.Dataset@main] Reading dataset from 'C:\Workspace-22.0\Projects\Acme-Toolkits-Individual-Deliverable\target\classes\WEB-INF\resources\sample-data\toolkit.csv' 
2022-06-03 16:53:27.183 DEBUG [acme.framework.components.database.Dataset@main] Reading mapping '{assemblyNotes=nothing important, key:inventor=inventor-01, code=LOL-909-B, link=https://www.tool.com, description=A complete tech tool kit, published=false, title=Tech Tool Kit, key=toolkit-01}' from 'C:\Workspace-22.0\Projects\Acme-Toolkits-Individual-Deliverable\target\classes\WEB-INF\resources\sample-data\toolkit.csv' 
2022-06-03 16:53:27.183 DEBUG [acme.framework.components.database.Dataset@main] Reading mapping '{assemblyNotes=assembly with caution, key:inventor=inventor-01, code=XDD-191-A, link=null, description=a, published=true, title=Awesome Tool Kit, key=toolkit-02}' from 'C:\Workspace-22.0\Projects\Acme-Toolkits-Individual-Deliverable\target\classes\WEB-INF\resources\sample-data\toolkit.csv' 
2022-06-03 16:53:27.184 DEBUG [acme.framework.components.database.Dataset@main] Reading dataset from 'C:\Workspace-22.0\Projects\Acme-Toolkits-Individual-Deliverable\target\classes\WEB-INF\resources\sample-data\troqua.csv' 
2022-06-03 16:53:27.186 DEBUG [acme.framework.components.database.Dataset@main] Reading mapping '{code=06-AB12-0322, finish-date=2022/12/31 15:00, start-date=2021/12/31 12:00, quota=EUR 250.00, statement=A complete chimpum, additionalInfo=https://www.tool.com, theme=Troqua1, creation-moment=2019/12/01 12:00, key=Troqua-01}' from 'C:\Workspace-22.0\Projects\Acme-Toolkits-Individual-Deliverable\target\classes\WEB-INF\resources\sample-data\troqua.csv' 
2022-06-03 16:53:27.186 DEBUG [acme.framework.components.database.Dataset@main] Reading mapping '{code=06-AB13-0322, finish-date=2021/12/30 22:47, start-date=2020/12/31 15:36, quota=EUR 50.00, statement=a chimpum, additionalInfo=null, theme=Troqua2, creation-moment=2019/12/01 12:00, key=Troqua-02}' from 'C:\Workspace-22.0\Projects\Acme-Toolkits-Individual-Deliverable\target\classes\WEB-INF\resources\sample-data\troqua.csv' 
2022-06-03 16:53:27.187 DEBUG [acme.framework.components.database.EntityWeb@main] Setting attributes of entities of class acme.entities.artifacts.Artifact 
2022-06-03 16:53:27.251 DEBUG [acme.framework.components.database.EntityWeb@main] Setting attributes of entities of class acme.entities.chirps.Chirp 
2022-06-03 16:53:27.329 DEBUG [acme.framework.configuration.ExtendedMessageSource@main] Loading properties [C:\Workspace-22.0\Projects\Acme-Toolkits-Individual-Deliverable\target\classes\WEB-INF\views\administrator\administrator-dashboard\messages-en.i18n] with encoding 'utf-8' 
2022-06-03 16:53:27.336 DEBUG [acme.framework.configuration.ExtendedMessageSource@main] Loading properties [C:\Workspace-22.0\Projects\Acme-Toolkits-Individual-Deliverable\target\classes\WEB-INF\views\administrator\announcement\messsages-en.i18n] with encoding 'utf-8' 
2022-06-03 16:53:27.338 DEBUG [acme.framework.configuration.ExtendedMessageSource@main] Loading properties [C:\Workspace-22.0\Projects\Acme-Toolkits-Individual-Deliverable\target\classes\WEB-INF\views\administrator\config-data\messsages-en.i18n] with encoding 'utf-8' 
2022-06-03 16:53:27.347 DEBUG [acme.framework.configuration.ExtendedMessageSource@main] Loading properties [C:\Workspace-22.0\Projects\Acme-Toolkits-Individual-Deliverable\target\classes\WEB-INF\views\administrator\user-account\messages-en.i18n] with encoding 'utf-8' 
2022-06-03 16:53:27.366 DEBUG [acme.framework.configuration.ExtendedMessageSource@main] Loading properties [C:\Workspace-22.0\Projects\Acme-Toolkits-Individual-Deliverable\target\classes\WEB-INF\views\anonymous\user-account\messages-en.i18n] with encoding 'utf-8' 
2022-06-03 16:53:27.368 DEBUG [acme.framework.configuration.ExtendedMessageSource@main] Loading properties [C:\Workspace-22.0\Projects\Acme-Toolkits-Individual-Deliverable\target\classes\WEB-INF\views\any\artifact\messages-en.i18n] with encoding 'utf-8' 
2022-06-03 16:53:27.369 DEBUG [acme.framework.configuration.ExtendedMessageSource@main] Loading properties [C:\Workspace-22.0\Projects\Acme-Toolkits-Individual-Deliverable\target\classes\WEB-INF\views\any\chirp\messages-en.i18n] with encoding 'utf-8' 
2022-06-03 16:53:27.374 DEBUG [acme.framework.configuration.ExtendedMessageSource@main] Loading properties [C:\Workspace-22.0\Projects\Acme-Toolkits-Individual-Deliverable\target\classes\WEB-INF\views\any\toolkit\messages-en.i18n] with encoding 'utf-8' 
2022-06-03 16:53:27.376 DEBUG [acme.framework.configuration.ExtendedMessageSource@main] Loading properties [C:\Workspace-22.0\Projects\Acme-Toolkits-Individual-Deliverable\target\classes\WEB-INF\views\any\user-account\messages-en.i18n] with encoding 'utf-8' 
2022-06-03 16:53:27.383 DEBUG [acme.framework.configuration.ExtendedMessageSource@main] Loading properties [C:\Workspace-22.0\Projects\Acme-Toolkits-Individual-Deliverable\target\classes\WEB-INF\views\authenticated\announcement\messsages-en.i18n] with encoding 'utf-8' 
2022-06-03 16:53:27.385 DEBUG [acme.framework.configuration.ExtendedMessageSource@main] Loading properties [C:\Workspace-22.0\Projects\Acme-Toolkits-Individual-Deliverable\target\classes\WEB-INF\views\authenticated\config-data\messsages-en.i18n] with encoding 'utf-8' 
2022-06-03 16:53:27.399 DEBUG [acme.framework.configuration.ExtendedMessageSource@main] Loading properties [C:\Workspace-22.0\Projects\Acme-Toolkits-Individual-Deliverable\target\classes\WEB-INF\views\authenticated\consumer\messsages-en.i18n] with encoding 'utf-8' 
2022-06-03 16:53:27.419 DEBUG [acme.framework.configuration.ExtendedMessageSource@main] Loading properties [C:\Workspace-22.0\Projects\Acme-Toolkits-Individual-Deliverable\target\classes\WEB-INF\views\authenticated\inventor\messsages-en.i18n] with encoding 'utf-8' 
2022-06-03 16:53:27.441 DEBUG [acme.framework.configuration.ExtendedMessageSource@main] Loading properties [C:\Workspace-22.0\Projects\Acme-Toolkits-Individual-Deliverable\target\classes\WEB-INF\views\authenticated\patron\messsages-en.i18n] with encoding 'utf-8' 
2022-06-03 16:53:27.455 DEBUG [acme.framework.configuration.ExtendedMessageSource@main] Loading properties [C:\Workspace-22.0\Projects\Acme-Toolkits-Individual-Deliverable\target\classes\WEB-INF\views\authenticated\provider\messsages-en.i18n] with encoding 'utf-8' 
2022-06-03 16:53:27.456 DEBUG [acme.framework.configuration.ExtendedMessageSource@main] Loading properties [C:\Workspace-22.0\Projects\Acme-Toolkits-Individual-Deliverable\target\classes\WEB-INF\views\authenticated\user-account\messages-en.i18n] with encoding 'utf-8' 
2022-06-03 16:53:27.462 DEBUG [acme.framework.configuration.ExtendedMessageSource@main] Loading properties [C:\Workspace-22.0\Projects\Acme-Toolkits-Individual-Deliverable\target\classes\WEB-INF\views\fragments\banner-en.i18n] with encoding 'utf-8' 
2022-06-03 16:53:27.467 DEBUG [acme.framework.configuration.ExtendedMessageSource@main] Loading properties [C:\Workspace-22.0\Projects\Acme-Toolkits-Individual-Deliverable\target\classes\WEB-INF\views\fragments\company-en.i18n] with encoding 'utf-8' 
2022-06-03 16:53:27.478 DEBUG [acme.framework.configuration.ExtendedMessageSource@main] Loading properties [C:\Workspace-22.0\Projects\Acme-Toolkits-Individual-Deliverable\target\classes\WEB-INF\views\fragments\footer-en.i18n] with encoding 'utf-8' 
2022-06-03 16:53:27.483 DEBUG [acme.framework.configuration.ExtendedMessageSource@main] Loading properties [C:\Workspace-22.0\Projects\Acme-Toolkits-Individual-Deliverable\target\classes\WEB-INF\views\fragments\license-en.i18n] with encoding 'utf-8' 
2022-06-03 16:53:27.485 DEBUG [acme.framework.configuration.ExtendedMessageSource@main] Loading properties [C:\Workspace-22.0\Projects\Acme-Toolkits-Individual-Deliverable\target\classes\WEB-INF\views\fragments\menu-en.i18n] with encoding 'utf-8' 
2022-06-03 16:53:27.488 DEBUG [acme.framework.configuration.ExtendedMessageSource@main] Loading properties [C:\Workspace-22.0\Projects\Acme-Toolkits-Individual-Deliverable\target\classes\WEB-INF\views\fragments\messsages-en.i18n] with encoding 'utf-8' 
2022-06-03 16:53:27.490 DEBUG [acme.framework.configuration.ExtendedMessageSource@main] Loading properties [C:\Workspace-22.0\Projects\Acme-Toolkits-Individual-Deliverable\target\classes\WEB-INF\views\fragments\title-en.i18n] with encoding 'utf-8' 
2022-06-03 16:53:27.493 DEBUG [acme.framework.configuration.ExtendedMessageSource@main] Loading properties [C:\Workspace-22.0\Projects\Acme-Toolkits-Individual-Deliverable\target\classes\WEB-INF\views\fragments\welcome-en.i18n] with encoding 'utf-8' 
2022-06-03 16:53:27.495 DEBUG [acme.framework.configuration.ExtendedMessageSource@main] Loading properties [C:\Workspace-22.0\Projects\Acme-Toolkits-Individual-Deliverable\target\classes\WEB-INF\views\inventor\artifact\messages-en.i18n] with encoding 'utf-8' 
2022-06-03 16:53:27.497 DEBUG [acme.framework.configuration.ExtendedMessageSource@main] Loading properties [C:\Workspace-22.0\Projects\Acme-Toolkits-Individual-Deliverable\target\classes\WEB-INF\views\inventor\chimpum\messages-en.i18n] with encoding 'utf-8' 
2022-06-03 16:53:27.499 DEBUG [acme.framework.configuration.ExtendedMessageSource@main] Loading properties [C:\Workspace-22.0\Projects\Acme-Toolkits-Individual-Deliverable\target\classes\WEB-INF\views\inventor\patronage\messages-en.i18n] with encoding 'utf-8' 
2022-06-03 16:53:27.501 DEBUG [acme.framework.configuration.ExtendedMessageSource@main] Loading properties [C:\Workspace-22.0\Projects\Acme-Toolkits-Individual-Deliverable\target\classes\WEB-INF\views\inventor\patronage-report\messages-en.i18n] with encoding 'utf-8' 
2022-06-03 16:53:27.505 DEBUG [acme.framework.configuration.ExtendedMessageSource@main] Loading properties [C:\Workspace-22.0\Projects\Acme-Toolkits-Individual-Deliverable\target\classes\WEB-INF\views\inventor\quantity\messages-en.i18n] with encoding 'utf-8' 
2022-06-03 16:53:27.507 DEBUG [acme.framework.configuration.ExtendedMessageSource@main] Loading properties [C:\Workspace-22.0\Projects\Acme-Toolkits-Individual-Deliverable\target\classes\WEB-INF\views\inventor\toolkit\messages-en.i18n] with encoding 'utf-8' 
2022-06-03 16:53:27.509 DEBUG [acme.framework.configuration.ExtendedMessageSource@main] Loading properties [C:\Workspace-22.0\Projects\Acme-Toolkits-Individual-Deliverable\target\classes\WEB-INF\views\master\defaults-en.i18n] with encoding 'utf-8' 
2022-06-03 16:53:27.511 DEBUG [acme.framework.configuration.ExtendedMessageSource@main] Loading properties [C:\Workspace-22.0\Projects\Acme-Toolkits-Individual-Deliverable\target\classes\WEB-INF\views\master\master-en.i18n] with encoding 'utf-8' 
2022-06-03 16:53:27.513 DEBUG [acme.framework.configuration.ExtendedMessageSource@main] Loading properties [C:\Workspace-22.0\Projects\Acme-Toolkits-Individual-Deliverable\target\classes\WEB-INF\views\master\throwables-en.i18n] with encoding 'utf-8' 
2022-06-03 16:53:27.515 DEBUG [acme.framework.configuration.ExtendedMessageSource@main] Loading properties [C:\Workspace-22.0\Projects\Acme-Toolkits-Individual-Deliverable\target\classes\WEB-INF\views\master\validation-en.i18n] with encoding 'utf-8' 
2022-06-03 16:53:27.517 DEBUG [acme.framework.configuration.ExtendedMessageSource@main] Loading properties [C:\Workspace-22.0\Projects\Acme-Toolkits-Individual-Deliverable\target\classes\WEB-INF\views\patron\patron-dashboard\messages-en.i18n] with encoding 'utf-8' 
2022-06-03 16:53:27.518 DEBUG [acme.framework.configuration.ExtendedMessageSource@main] Loading properties [C:\Workspace-22.0\Projects\Acme-Toolkits-Individual-Deliverable\target\classes\WEB-INF\views\patron\patronage\messages-en.i18n] with encoding 'utf-8' 
2022-06-03 16:53:27.520 DEBUG [acme.framework.configuration.ExtendedMessageSource@main] Loading properties [C:\Workspace-22.0\Projects\Acme-Toolkits-Individual-Deliverable\target\classes\WEB-INF\views\patron\patronage-report\messages-en.i18n] with encoding 'utf-8' 
2022-06-03 16:53:27.543 DEBUG [acme.framework.components.database.EntityWeb@main] Setting attributes of entities of class acme.entities.artifacts.Toolkit 
2022-06-03 16:53:27.555 DEBUG [acme.framework.components.database.EntityWeb@main] Setting attributes of entities of class acme.entities.patronage.PatronageReport 
2022-06-03 16:53:27.578 DEBUG [acme.framework.components.database.EntityWeb@main] Setting attributes of entities of class acme.entities.patronage.Patronage 
2022-06-03 16:53:27.599 DEBUG [acme.framework.components.database.EntityWeb@main] Setting attributes of entities of class acme.entities.troqua.Troqua 
2022-06-03 16:53:27.619 DEBUG [acme.framework.components.database.EntityWeb@main] Setting attributes of entities of class acme.entities.announcements.Announcement 
2022-06-03 16:53:27.632 DEBUG [acme.framework.components.database.EntityWeb@main] Setting attributes of entities of class acme.entities.artifacts.Quantity 
2022-06-03 16:53:27.642 DEBUG [acme.framework.components.database.EntityWeb@main] Linking entities of class acme.entities.artifacts.Artifact 
2022-06-03 16:53:27.644 DEBUG [acme.framework.components.database.EntityWeb@main] Linking entities of class acme.entities.chirps.Chirp 
2022-06-03 16:53:27.644 DEBUG [acme.framework.components.database.EntityWeb@main] Linking entities of class acme.entities.artifacts.Toolkit 
2022-06-03 16:53:27.645 DEBUG [acme.framework.components.database.EntityWeb@main] Linking entities of class acme.entities.patronage.PatronageReport 
2022-06-03 16:53:27.646 DEBUG [acme.framework.components.database.EntityWeb@main] Linking entities of class acme.entities.patronage.Patronage 
2022-06-03 16:53:27.663 DEBUG [acme.framework.components.database.EntityWeb@main] Linking entities of class acme.entities.troqua.Troqua 
2022-06-03 16:53:27.663 DEBUG [acme.framework.components.database.EntityWeb@main] Linking entities of class acme.entities.announcements.Announcement 
2022-06-03 16:53:27.663 DEBUG [acme.framework.components.database.EntityWeb@main] Linking entities of class acme.entities.artifacts.Quantity 
2022-06-03 16:53:27.668 INFO  [acme.framework.components.database.DatabasePopulator@main] Validating your entities 
2022-06-03 16:53:27.870 DEBUG [acme.framework.components.database.DatabasePopulator@main] Validating 'acme.entities.artifacts.Artifact@artifact-07' ... PASS 
2022-06-03 16:53:27.894 DEBUG [acme.framework.components.database.DatabasePopulator@main] Validating 'acme.entities.announcements.Announcement@announcement-02' ... PASS 
2022-06-03 16:53:27.903 DEBUG [acme.framework.components.database.DatabasePopulator@main] Validating 'acme.entities.artifacts.Artifact@artifact-06' ... PASS 
2022-06-03 16:53:27.910 DEBUG [acme.framework.components.database.DatabasePopulator@main] Validating 'acme.entities.artifacts.Artifact@artifact-05' ... PASS 
2022-06-03 16:53:28.066 DEBUG [acme.framework.components.database.DatabasePopulator@main] Validating 'acme.framework.entities.UserAccount@user-account-administrator-01' ... PASS 
2022-06-03 16:53:28.115 DEBUG [acme.framework.components.database.DatabasePopulator@main] Validating 'acme.entities.artifacts.Quantity@quantity-02' ... PASS 
2022-06-03 16:53:28.123 DEBUG [acme.framework.components.database.DatabasePopulator@main] Validating 'acme.entities.artifacts.Quantity@quantity-03' ... PASS 
2022-06-03 16:53:28.137 DEBUG [acme.framework.components.database.DatabasePopulator@main] Validating 'acme.entities.artifacts.Quantity@quantity-04' ... PASS 
2022-06-03 16:53:28.168 DEBUG [acme.framework.components.database.DatabasePopulator@main] Validating 'acme.roles.Patron@patron-01' ... PASS 
2022-06-03 16:53:28.171 DEBUG [acme.framework.components.database.DatabasePopulator@main] Validating 'acme.roles.Patron@patron-02' ... PASS 
2022-06-03 16:53:28.203 DEBUG [acme.framework.components.database.DatabasePopulator@main] Validating 'acme.entities.patronage.Patronage@patronage-01' ... PASS 
2022-06-03 16:53:28.212 DEBUG [acme.framework.components.database.DatabasePopulator@main] Validating 'acme.entities.chirps.Chirp@chirp-02' ... PASS 
2022-06-03 16:53:28.240 DEBUG [acme.framework.components.database.DatabasePopulator@main] Validating 'acme.entities.patronage.Patronage@patronage-02' ... PASS 
2022-06-03 16:53:28.244 DEBUG [acme.framework.components.database.DatabasePopulator@main] Validating 'acme.entities.announcements.Announcement@announcement-01' ... PASS 
2022-06-03 16:53:28.260 DEBUG [acme.framework.components.database.DatabasePopulator@main] Validating 'acme.framework.roles.Administrator@administrator-01' ... PASS 
2022-06-03 16:53:28.264 DEBUG [acme.framework.components.database.DatabasePopulator@main] Validating 'acme.entities.chirps.Chirp@chirp-01' ... PASS 
2022-06-03 16:53:28.272 DEBUG [acme.framework.components.database.DatabasePopulator@main] Validating 'acme.entities.patronage.Patronage@patronage-03' ... PASS 
2022-06-03 16:53:28.297 DEBUG [acme.framework.components.database.DatabasePopulator@main] Validating 'acme.entities.artifacts.Quantity@quantity-01' ... PASS 
2022-06-03 16:53:28.325 DEBUG [acme.framework.components.database.DatabasePopulator@main] Validating 'acme.entities.configData.ConfigData@config-data' ... PASS 
2022-06-03 16:53:28.457 DEBUG [acme.framework.configuration.ExtendedMessageSource@main] Loading properties [C:\Workspace-22.0\Projects\Acme-Toolkits-Individual-Deliverable\target\classes\WEB-INF\views\administrator\administrator-dashboard\messages-en.i18n] with encoding 'utf-8' 
2022-06-03 16:53:28.460 DEBUG [acme.framework.configuration.ExtendedMessageSource@main] Loading properties [C:\Workspace-22.0\Projects\Acme-Toolkits-Individual-Deliverable\target\classes\WEB-INF\views\administrator\announcement\messsages-en.i18n] with encoding 'utf-8' 
2022-06-03 16:53:28.462 DEBUG [acme.framework.configuration.ExtendedMessageSource@main] Loading properties [C:\Workspace-22.0\Projects\Acme-Toolkits-Individual-Deliverable\target\classes\WEB-INF\views\administrator\config-data\messsages-en.i18n] with encoding 'utf-8' 
2022-06-03 16:53:28.464 DEBUG [acme.framework.configuration.ExtendedMessageSource@main] Loading properties [C:\Workspace-22.0\Projects\Acme-Toolkits-Individual-Deliverable\target\classes\WEB-INF\views\administrator\user-account\messages-en.i18n] with encoding 'utf-8' 
2022-06-03 16:53:28.469 DEBUG [acme.framework.configuration.ExtendedMessageSource@main] Loading properties [C:\Workspace-22.0\Projects\Acme-Toolkits-Individual-Deliverable\target\classes\WEB-INF\views\anonymous\user-account\messages-en.i18n] with encoding 'utf-8' 
2022-06-03 16:53:28.471 DEBUG [acme.framework.configuration.ExtendedMessageSource@main] Loading properties [C:\Workspace-22.0\Projects\Acme-Toolkits-Individual-Deliverable\target\classes\WEB-INF\views\any\artifact\messages-en.i18n] with encoding 'utf-8' 
2022-06-03 16:53:28.473 DEBUG [acme.framework.configuration.ExtendedMessageSource@main] Loading properties [C:\Workspace-22.0\Projects\Acme-Toolkits-Individual-Deliverable\target\classes\WEB-INF\views\any\chirp\messages-en.i18n] with encoding 'utf-8' 
2022-06-03 16:53:28.476 DEBUG [acme.framework.configuration.ExtendedMessageSource@main] Loading properties [C:\Workspace-22.0\Projects\Acme-Toolkits-Individual-Deliverable\target\classes\WEB-INF\views\any\toolkit\messages-en.i18n] with encoding 'utf-8' 
2022-06-03 16:53:28.477 DEBUG [acme.framework.configuration.ExtendedMessageSource@main] Loading properties [C:\Workspace-22.0\Projects\Acme-Toolkits-Individual-Deliverable\target\classes\WEB-INF\views\any\user-account\messages-en.i18n] with encoding 'utf-8' 
2022-06-03 16:53:28.479 DEBUG [acme.framework.configuration.ExtendedMessageSource@main] Loading properties [C:\Workspace-22.0\Projects\Acme-Toolkits-Individual-Deliverable\target\classes\WEB-INF\views\authenticated\announcement\messsages-en.i18n] with encoding 'utf-8' 
2022-06-03 16:53:28.480 DEBUG [acme.framework.configuration.ExtendedMessageSource@main] Loading properties [C:\Workspace-22.0\Projects\Acme-Toolkits-Individual-Deliverable\target\classes\WEB-INF\views\authenticated\config-data\messsages-en.i18n] with encoding 'utf-8' 
2022-06-03 16:53:28.481 DEBUG [acme.framework.configuration.ExtendedMessageSource@main] Loading properties [C:\Workspace-22.0\Projects\Acme-Toolkits-Individual-Deliverable\target\classes\WEB-INF\views\authenticated\consumer\messsages-en.i18n] with encoding 'utf-8' 
2022-06-03 16:53:28.483 DEBUG [acme.framework.configuration.ExtendedMessageSource@main] Loading properties [C:\Workspace-22.0\Projects\Acme-Toolkits-Individual-Deliverable\target\classes\WEB-INF\views\authenticated\inventor\messsages-en.i18n] with encoding 'utf-8' 
2022-06-03 16:53:28.485 DEBUG [acme.framework.configuration.ExtendedMessageSource@main] Loading properties [C:\Workspace-22.0\Projects\Acme-Toolkits-Individual-Deliverable\target\classes\WEB-INF\views\authenticated\patron\messsages-en.i18n] with encoding 'utf-8' 
2022-06-03 16:53:28.486 DEBUG [acme.framework.configuration.ExtendedMessageSource@main] Loading properties [C:\Workspace-22.0\Projects\Acme-Toolkits-Individual-Deliverable\target\classes\WEB-INF\views\authenticated\provider\messsages-en.i18n] with encoding 'utf-8' 
2022-06-03 16:53:28.487 DEBUG [acme.framework.configuration.ExtendedMessageSource@main] Loading properties [C:\Workspace-22.0\Projects\Acme-Toolkits-Individual-Deliverable\target\classes\WEB-INF\views\authenticated\user-account\messages-en.i18n] with encoding 'utf-8' 
2022-06-03 16:53:28.494 DEBUG [acme.framework.configuration.ExtendedMessageSource@main] Loading properties [C:\Workspace-22.0\Projects\Acme-Toolkits-Individual-Deliverable\target\classes\WEB-INF\views\fragments\banner-en.i18n] with encoding 'utf-8' 
2022-06-03 16:53:28.495 DEBUG [acme.framework.configuration.ExtendedMessageSource@main] Loading properties [C:\Workspace-22.0\Projects\Acme-Toolkits-Individual-Deliverable\target\classes\WEB-INF\views\fragments\company-en.i18n] with encoding 'utf-8' 
2022-06-03 16:53:28.504 DEBUG [acme.framework.configuration.ExtendedMessageSource@main] Loading properties [C:\Workspace-22.0\Projects\Acme-Toolkits-Individual-Deliverable\target\classes\WEB-INF\views\fragments\footer-en.i18n] with encoding 'utf-8' 
2022-06-03 16:53:28.505 DEBUG [acme.framework.configuration.ExtendedMessageSource@main] Loading properties [C:\Workspace-22.0\Projects\Acme-Toolkits-Individual-Deliverable\target\classes\WEB-INF\views\fragments\license-en.i18n] with encoding 'utf-8' 
2022-06-03 16:53:28.507 DEBUG [acme.framework.configuration.ExtendedMessageSource@main] Loading properties [C:\Workspace-22.0\Projects\Acme-Toolkits-Individual-Deliverable\target\classes\WEB-INF\views\fragments\menu-en.i18n] with encoding 'utf-8' 
2022-06-03 16:53:28.510 DEBUG [acme.framework.configuration.ExtendedMessageSource@main] Loading properties [C:\Workspace-22.0\Projects\Acme-Toolkits-Individual-Deliverable\target\classes\WEB-INF\views\fragments\messsages-en.i18n] with encoding 'utf-8' 
2022-06-03 16:53:28.511 DEBUG [acme.framework.configuration.ExtendedMessageSource@main] Loading properties [C:\Workspace-22.0\Projects\Acme-Toolkits-Individual-Deliverable\target\classes\WEB-INF\views\fragments\title-en.i18n] with encoding 'utf-8' 
2022-06-03 16:53:28.512 DEBUG [acme.framework.configuration.ExtendedMessageSource@main] Loading properties [C:\Workspace-22.0\Projects\Acme-Toolkits-Individual-Deliverable\target\classes\WEB-INF\views\fragments\welcome-en.i18n] with encoding 'utf-8' 
2022-06-03 16:53:28.516 DEBUG [acme.framework.configuration.ExtendedMessageSource@main] Loading properties [C:\Workspace-22.0\Projects\Acme-Toolkits-Individual-Deliverable\target\classes\WEB-INF\views\inventor\artifact\messages-en.i18n] with encoding 'utf-8' 
2022-06-03 16:53:28.517 DEBUG [acme.framework.configuration.ExtendedMessageSource@main] Loading properties [C:\Workspace-22.0\Projects\Acme-Toolkits-Individual-Deliverable\target\classes\WEB-INF\views\inventor\chimpum\messages-en.i18n] with encoding 'utf-8' 
2022-06-03 16:53:28.519 DEBUG [acme.framework.configuration.ExtendedMessageSource@main] Loading properties [C:\Workspace-22.0\Projects\Acme-Toolkits-Individual-Deliverable\target\classes\WEB-INF\views\inventor\patronage\messages-en.i18n] with encoding 'utf-8' 
2022-06-03 16:53:28.520 DEBUG [acme.framework.configuration.ExtendedMessageSource@main] Loading properties [C:\Workspace-22.0\Projects\Acme-Toolkits-Individual-Deliverable\target\classes\WEB-INF\views\inventor\patronage-report\messages-en.i18n] with encoding 'utf-8' 
2022-06-03 16:53:28.521 DEBUG [acme.framework.configuration.ExtendedMessageSource@main] Loading properties [C:\Workspace-22.0\Projects\Acme-Toolkits-Individual-Deliverable\target\classes\WEB-INF\views\inventor\quantity\messages-en.i18n] with encoding 'utf-8' 
2022-06-03 16:53:28.523 DEBUG [acme.framework.configuration.ExtendedMessageSource@main] Loading properties [C:\Workspace-22.0\Projects\Acme-Toolkits-Individual-Deliverable\target\classes\WEB-INF\views\inventor\toolkit\messages-en.i18n] with encoding 'utf-8' 
2022-06-03 16:53:28.526 DEBUG [acme.framework.configuration.ExtendedMessageSource@main] Loading properties [C:\Workspace-22.0\Projects\Acme-Toolkits-Individual-Deliverable\target\classes\WEB-INF\views\master\defaults-en.i18n] with encoding 'utf-8' 
2022-06-03 16:53:28.527 DEBUG [acme.framework.configuration.ExtendedMessageSource@main] Loading properties [C:\Workspace-22.0\Projects\Acme-Toolkits-Individual-Deliverable\target\classes\WEB-INF\views\master\master-en.i18n] with encoding 'utf-8' 
2022-06-03 16:53:28.529 DEBUG [acme.framework.configuration.ExtendedMessageSource@main] Loading properties [C:\Workspace-22.0\Projects\Acme-Toolkits-Individual-Deliverable\target\classes\WEB-INF\views\master\throwables-en.i18n] with encoding 'utf-8' 
2022-06-03 16:53:28.530 DEBUG [acme.framework.configuration.ExtendedMessageSource@main] Loading properties [C:\Workspace-22.0\Projects\Acme-Toolkits-Individual-Deliverable\target\classes\WEB-INF\views\master\validation-en.i18n] with encoding 'utf-8' 
2022-06-03 16:53:28.532 DEBUG [acme.framework.configuration.ExtendedMessageSource@main] Loading properties [C:\Workspace-22.0\Projects\Acme-Toolkits-Individual-Deliverable\target\classes\WEB-INF\views\patron\patron-dashboard\messages-en.i18n] with encoding 'utf-8' 
2022-06-03 16:53:28.534 DEBUG [acme.framework.configuration.ExtendedMessageSource@main] Loading properties [C:\Workspace-22.0\Projects\Acme-Toolkits-Individual-Deliverable\target\classes\WEB-INF\views\patron\patronage\messages-en.i18n] with encoding 'utf-8' 
2022-06-03 16:53:28.547 DEBUG [acme.framework.configuration.ExtendedMessageSource@main] Loading properties [C:\Workspace-22.0\Projects\Acme-Toolkits-Individual-Deliverable\target\classes\WEB-INF\views\patron\patronage-report\messages-en.i18n] with encoding 'utf-8' 
2022-06-03 16:53:28.579 ERROR [acme.framework.components.database.DatabasePopulator@main] Validating 'Troqua-02' ... FAILED 
2022-06-03 16:53:28.580 ERROR [acme.framework.components.database.DatabasePopulator@main] Errors on entity acme.entities.troqua.Troqua@Troqua-02: 'code' - Must match pattern "dd-\w{2}\d{2}-mmyy$" 
2022-06-03 16:53:28.581 ERROR [acme.Launcher@main] acme.framework.components.database.DatabasePopulator.validate(DatabasePopulator.java:210): Errors on entity acme.entities.troqua.Troqua@Troqua-02: 'code' - Must match pattern "dd-\w{2}\d{2}-mmyy$" 
2022-06-03 16:53:28.581 INFO  [acme.Launcher@main] The application log provides additional debugging messages! 
2022-06-03 16:53:30.013 INFO  [acme.framework.configuration.ShutdownConfiguration@main] The system is shutting down... 
2022-06-03 16:53:30.089 DEBUG [acme.Launcher@main] Exit code = 0 
