2022-05-31 19:14:17.868 INFO  [acme.Launcher@main] Starting Launcher using Java 1.8.0_281 on DESKTOP-UDQDLDQ with PID 7512 (C:\Workspace-22.0\Frameworks\Acme-Framework-22.7\target\classes started by david in C:\Workspace-22.0\Projects\Acme-Toolkits-Individual-Deliverable) 
2022-05-31 19:14:17.870 DEBUG [acme.Launcher@main] Running with Spring Boot v2.4.2, Spring v5.3.3 
2022-05-31 19:14:17.872 INFO  [acme.Launcher@main] The following profiles are active: development,populator 
2022-05-31 19:14:23.104 DEBUG [org.apache.jasper.servlet.JasperInitializer@main] Initializing Jasper for context [application] 
2022-05-31 19:14:31.305 DEBUG [org.apache.jasper.servlet.JspServlet@main] Scratch dir for the JSP engine is: [C:\Users\david\AppData\Local\Temp\tomcat.8083.7029802293155040766\work\Tomcat\localhost\acme-toolkits-22.7] 
2022-05-31 19:14:31.306 DEBUG [org.apache.jasper.servlet.JspServlet@main] IMPORTANT: Do not modify the generated servlets 
2022-05-31 19:14:31.325 INFO  [acme.Launcher@main] Started Launcher in 14.537 seconds (JVM running for 15.284) 
2022-05-31 19:14:31.330 DEBUG [acme.Launcher@main] Found classpath entry '/C:/Workspace-22.0/Projects/Acme-Toolkits-Individual-Deliverable/target/test-classes/' 
2022-05-31 19:14:31.331 DEBUG [acme.Launcher@main] Found classpath entry '/C:/Workspace-22.0/Projects/Acme-Toolkits-Individual-Deliverable/target/classes/' 
2022-05-31 19:14:31.331 DEBUG [acme.Launcher@main] Found classpath entry '/C:/Workspace-22.0/Projects/Acme-Toolkits-Individual-Deliverable/lib/SpamDetector.jar' 
2022-05-31 19:14:31.331 DEBUG [acme.Launcher@main] Found classpath entry '/C:/Workspace-22.0/Frameworks/Acme-Framework-22.7/target/classes/' 
2022-05-31 19:14:31.331 DEBUG [acme.Launcher@main] Found classpath entry '/C:/Workspace-22.0/Frameworks/Acme-Framework-22.7/target/test-classes/' 
2022-05-31 19:14:31.331 DEBUG [acme.Launcher@main] Found classpath entry '/C:/Users/david/.m2/repository/org/springframework/boot/spring-boot-starter-tomcat/2.4.2/spring-boot-starter-tomcat-2.4.2.jar' 
2022-05-31 19:14:31.332 DEBUG [acme.Launcher@main] Found classpath entry '/C:/Users/david/.m2/repository/jakarta/annotation/jakarta.annotation-api/1.3.5/jakarta.annotation-api-1.3.5.jar' 
2022-05-31 19:14:31.332 DEBUG [acme.Launcher@main] Found classpath entry '/C:/Users/david/.m2/repository/org/apache/tomcat/embed/tomcat-embed-core/9.0.41/tomcat-embed-core-9.0.41.jar' 
2022-05-31 19:14:31.332 DEBUG [acme.Launcher@main] Found classpath entry '/C:/Users/david/.m2/repository/org/glassfish/jakarta.el/3.0.3/jakarta.el-3.0.3.jar' 
2022-05-31 19:14:31.332 DEBUG [acme.Launcher@main] Found classpath entry '/C:/Users/david/.m2/repository/org/apache/tomcat/embed/tomcat-embed-websocket/9.0.41/tomcat-embed-websocket-9.0.41.jar' 
2022-05-31 19:14:31.332 DEBUG [acme.Launcher@main] Found classpath entry '/C:/Users/david/.m2/repository/org/apache/tomcat/embed/tomcat-embed-jasper/9.0.41/tomcat-embed-jasper-9.0.41.jar' 
2022-05-31 19:14:31.332 DEBUG [acme.Launcher@main] Found classpath entry '/C:/Users/david/.m2/repository/org/apache/tomcat/embed/tomcat-embed-el/9.0.41/tomcat-embed-el-9.0.41.jar' 
2022-05-31 19:14:31.333 DEBUG [acme.Launcher@main] Found classpath entry '/C:/Users/david/.m2/repository/org/eclipse/jdt/ecj/3.18.0/ecj-3.18.0.jar' 
2022-05-31 19:14:31.333 DEBUG [acme.Launcher@main] Found classpath entry '/C:/Users/david/.m2/repository/javax/servlet/jstl/1.2/jstl-1.2.jar' 
2022-05-31 19:14:31.333 DEBUG [acme.Launcher@main] Found classpath entry '/C:/Users/david/.m2/repository/org/springframework/boot/spring-boot-starter-security/2.4.2/spring-boot-starter-security-2.4.2.jar' 
2022-05-31 19:14:31.333 DEBUG [acme.Launcher@main] Found classpath entry '/C:/Users/david/.m2/repository/org/springframework/boot/spring-boot-starter/2.4.2/spring-boot-starter-2.4.2.jar' 
2022-05-31 19:14:31.333 DEBUG [acme.Launcher@main] Found classpath entry '/C:/Users/david/.m2/repository/org/springframework/boot/spring-boot/2.4.2/spring-boot-2.4.2.jar' 
2022-05-31 19:14:31.334 DEBUG [acme.Launcher@main] Found classpath entry '/C:/Users/david/.m2/repository/org/springframework/boot/spring-boot-autoconfigure/2.4.2/spring-boot-autoconfigure-2.4.2.jar' 
2022-05-31 19:14:31.334 DEBUG [acme.Launcher@main] Found classpath entry '/C:/Users/david/.m2/repository/org/springframework/boot/spring-boot-starter-logging/2.4.2/spring-boot-starter-logging-2.4.2.jar' 
2022-05-31 19:14:31.334 DEBUG [acme.Launcher@main] Found classpath entry '/C:/Users/david/.m2/repository/ch/qos/logback/logback-classic/1.2.3/logback-classic-1.2.3.jar' 
2022-05-31 19:14:31.334 DEBUG [acme.Launcher@main] Found classpath entry '/C:/Users/david/.m2/repository/ch/qos/logback/logback-core/1.2.3/logback-core-1.2.3.jar' 
2022-05-31 19:14:31.334 DEBUG [acme.Launcher@main] Found classpath entry '/C:/Users/david/.m2/repository/org/apache/logging/log4j/log4j-to-slf4j/2.13.3/log4j-to-slf4j-2.13.3.jar' 
2022-05-31 19:14:31.335 DEBUG [acme.Launcher@main] Found classpath entry '/C:/Users/david/.m2/repository/org/apache/logging/log4j/log4j-api/2.13.3/log4j-api-2.13.3.jar' 
2022-05-31 19:14:31.335 DEBUG [acme.Launcher@main] Found classpath entry '/C:/Users/david/.m2/repository/org/slf4j/jul-to-slf4j/1.7.30/jul-to-slf4j-1.7.30.jar' 
2022-05-31 19:14:31.335 DEBUG [acme.Launcher@main] Found classpath entry '/C:/Users/david/.m2/repository/org/yaml/snakeyaml/1.27/snakeyaml-1.27.jar' 
2022-05-31 19:14:31.335 DEBUG [acme.Launcher@main] Found classpath entry '/C:/Users/david/.m2/repository/org/springframework/spring-aop/5.3.3/spring-aop-5.3.3.jar' 
2022-05-31 19:14:31.335 DEBUG [acme.Launcher@main] Found classpath entry '/C:/Users/david/.m2/repository/org/springframework/security/spring-security-web/5.4.2/spring-security-web-5.4.2.jar' 
2022-05-31 19:14:31.336 DEBUG [acme.Launcher@main] Found classpath entry '/C:/Users/david/.m2/repository/org/springframework/security/spring-security-core/5.4.2/spring-security-core-5.4.2.jar' 
2022-05-31 19:14:31.336 DEBUG [acme.Launcher@main] Found classpath entry '/C:/Users/david/.m2/repository/org/springframework/spring-beans/5.3.3/spring-beans-5.3.3.jar' 
2022-05-31 19:14:31.336 DEBUG [acme.Launcher@main] Found classpath entry '/C:/Users/david/.m2/repository/org/springframework/spring-context/5.3.3/spring-context-5.3.3.jar' 
2022-05-31 19:14:31.336 DEBUG [acme.Launcher@main] Found classpath entry '/C:/Users/david/.m2/repository/org/springframework/spring-core/5.3.3/spring-core-5.3.3.jar' 
2022-05-31 19:14:31.336 DEBUG [acme.Launcher@main] Found classpath entry '/C:/Users/david/.m2/repository/org/springframework/spring-jcl/5.3.3/spring-jcl-5.3.3.jar' 
2022-05-31 19:14:31.336 DEBUG [acme.Launcher@main] Found classpath entry '/C:/Users/david/.m2/repository/org/springframework/spring-expression/5.3.3/spring-expression-5.3.3.jar' 
2022-05-31 19:14:31.337 DEBUG [acme.Launcher@main] Found classpath entry '/C:/Users/david/.m2/repository/org/springframework/spring-web/5.3.3/spring-web-5.3.3.jar' 
2022-05-31 19:14:31.337 DEBUG [acme.Launcher@main] Found classpath entry '/C:/Users/david/.m2/repository/org/springframework/security/spring-security-config/5.4.2/spring-security-config-5.4.2.jar' 
2022-05-31 19:14:31.337 DEBUG [acme.Launcher@main] Found classpath entry '/C:/Users/david/.m2/repository/org/springframework/security/spring-security-taglibs/5.4.2/spring-security-taglibs-5.4.2.jar' 
2022-05-31 19:14:31.337 DEBUG [acme.Launcher@main] Found classpath entry '/C:/Users/david/.m2/repository/org/springframework/security/spring-security-acl/5.4.2/spring-security-acl-5.4.2.jar' 
2022-05-31 19:14:31.337 DEBUG [acme.Launcher@main] Found classpath entry '/C:/Users/david/.m2/repository/org/springframework/spring-jdbc/5.3.3/spring-jdbc-5.3.3.jar' 
2022-05-31 19:14:31.337 DEBUG [acme.Launcher@main] Found classpath entry '/C:/Users/david/.m2/repository/org/springframework/spring-tx/5.3.3/spring-tx-5.3.3.jar' 
2022-05-31 19:14:31.338 DEBUG [acme.Launcher@main] Found classpath entry '/C:/Users/david/.m2/repository/org/springframework/boot/spring-boot-starter-web/2.4.2/spring-boot-starter-web-2.4.2.jar' 
2022-05-31 19:14:31.338 DEBUG [acme.Launcher@main] Found classpath entry '/C:/Users/david/.m2/repository/org/springframework/boot/spring-boot-starter-json/2.4.2/spring-boot-starter-json-2.4.2.jar' 
2022-05-31 19:14:31.338 DEBUG [acme.Launcher@main] Found classpath entry '/C:/Users/david/.m2/repository/com/fasterxml/jackson/core/jackson-databind/2.11.4/jackson-databind-2.11.4.jar' 
2022-05-31 19:14:31.338 DEBUG [acme.Launcher@main] Found classpath entry '/C:/Users/david/.m2/repository/com/fasterxml/jackson/core/jackson-annotations/2.11.4/jackson-annotations-2.11.4.jar' 
2022-05-31 19:14:31.338 DEBUG [acme.Launcher@main] Found classpath entry '/C:/Users/david/.m2/repository/com/fasterxml/jackson/core/jackson-core/2.11.4/jackson-core-2.11.4.jar' 
2022-05-31 19:14:31.339 DEBUG [acme.Launcher@main] Found classpath entry '/C:/Users/david/.m2/repository/com/fasterxml/jackson/datatype/jackson-datatype-jdk8/2.11.4/jackson-datatype-jdk8-2.11.4.jar' 
2022-05-31 19:14:31.339 DEBUG [acme.Launcher@main] Found classpath entry '/C:/Users/david/.m2/repository/com/fasterxml/jackson/datatype/jackson-datatype-jsr310/2.11.4/jackson-datatype-jsr310-2.11.4.jar' 
2022-05-31 19:14:31.339 DEBUG [acme.Launcher@main] Found classpath entry '/C:/Users/david/.m2/repository/com/fasterxml/jackson/module/jackson-module-parameter-names/2.11.4/jackson-module-parameter-names-2.11.4.jar' 
2022-05-31 19:14:31.339 DEBUG [acme.Launcher@main] Found classpath entry '/C:/Users/david/.m2/repository/org/springframework/spring-webmvc/5.3.3/spring-webmvc-5.3.3.jar' 
2022-05-31 19:14:31.339 DEBUG [acme.Launcher@main] Found classpath entry '/C:/Users/david/.m2/repository/org/apache/tiles/tiles-jsp/3.0.8/tiles-jsp-3.0.8.jar' 
2022-05-31 19:14:31.339 DEBUG [acme.Launcher@main] Found classpath entry '/C:/Users/david/.m2/repository/org/apache/tiles/tiles-servlet/3.0.8/tiles-servlet-3.0.8.jar' 
2022-05-31 19:14:31.340 DEBUG [acme.Launcher@main] Found classpath entry '/C:/Users/david/.m2/repository/org/apache/tiles/tiles-core/3.0.8/tiles-core-3.0.8.jar' 
2022-05-31 19:14:31.340 DEBUG [acme.Launcher@main] Found classpath entry '/C:/Users/david/.m2/repository/commons-digester/commons-digester/2.0/commons-digester-2.0.jar' 
2022-05-31 19:14:31.340 DEBUG [acme.Launcher@main] Found classpath entry '/C:/Users/david/.m2/repository/org/slf4j/jcl-over-slf4j/1.7.30/jcl-over-slf4j-1.7.30.jar' 
2022-05-31 19:14:31.340 DEBUG [acme.Launcher@main] Found classpath entry '/C:/Users/david/.m2/repository/org/apache/tiles/tiles-request-servlet/1.0.7/tiles-request-servlet-1.0.7.jar' 
2022-05-31 19:14:31.340 DEBUG [acme.Launcher@main] Found classpath entry '/C:/Users/david/.m2/repository/org/apache/tiles/tiles-template/3.0.8/tiles-template-3.0.8.jar' 
2022-05-31 19:14:31.340 DEBUG [acme.Launcher@main] Found classpath entry '/C:/Users/david/.m2/repository/org/apache/tiles/tiles-api/3.0.8/tiles-api-3.0.8.jar' 
2022-05-31 19:14:31.340 DEBUG [acme.Launcher@main] Found classpath entry '/C:/Users/david/.m2/repository/org/apache/tiles/tiles-autotag-core-runtime/1.2/tiles-autotag-core-runtime-1.2.jar' 
2022-05-31 19:14:31.341 DEBUG [acme.Launcher@main] Found classpath entry '/C:/Users/david/.m2/repository/org/slf4j/slf4j-api/1.7.30/slf4j-api-1.7.30.jar' 
2022-05-31 19:14:31.341 DEBUG [acme.Launcher@main] Found classpath entry '/C:/Users/david/.m2/repository/org/apache/tiles/tiles-request-jsp/1.0.7/tiles-request-jsp-1.0.7.jar' 
2022-05-31 19:14:31.341 DEBUG [acme.Launcher@main] Found classpath entry '/C:/Users/david/.m2/repository/org/apache/tiles/tiles-request-api/1.0.7/tiles-request-api-1.0.7.jar' 
2022-05-31 19:14:31.341 DEBUG [acme.Launcher@main] Found classpath entry '/C:/Users/david/.m2/repository/org/springframework/boot/spring-boot-starter-data-jpa/2.4.2/spring-boot-starter-data-jpa-2.4.2.jar' 
2022-05-31 19:14:31.341 DEBUG [acme.Launcher@main] Found classpath entry '/C:/Users/david/.m2/repository/org/springframework/boot/spring-boot-starter-aop/2.4.2/spring-boot-starter-aop-2.4.2.jar' 
2022-05-31 19:14:31.341 DEBUG [acme.Launcher@main] Found classpath entry '/C:/Users/david/.m2/repository/org/aspectj/aspectjweaver/1.9.6/aspectjweaver-1.9.6.jar' 
2022-05-31 19:14:31.342 DEBUG [acme.Launcher@main] Found classpath entry '/C:/Users/david/.m2/repository/org/springframework/boot/spring-boot-starter-jdbc/2.4.2/spring-boot-starter-jdbc-2.4.2.jar' 
2022-05-31 19:14:31.342 DEBUG [acme.Launcher@main] Found classpath entry '/C:/Users/david/.m2/repository/jakarta/transaction/jakarta.transaction-api/1.3.3/jakarta.transaction-api-1.3.3.jar' 
2022-05-31 19:14:31.342 DEBUG [acme.Launcher@main] Found classpath entry '/C:/Users/david/.m2/repository/jakarta/persistence/jakarta.persistence-api/2.2.3/jakarta.persistence-api-2.2.3.jar' 
2022-05-31 19:14:31.342 DEBUG [acme.Launcher@main] Found classpath entry '/C:/Users/david/.m2/repository/org/hibernate/hibernate-core/5.4.27.Final/hibernate-core-5.4.27.Final.jar' 
2022-05-31 19:14:31.342 DEBUG [acme.Launcher@main] Found classpath entry '/C:/Users/david/.m2/repository/org/jboss/logging/jboss-logging/3.4.1.Final/jboss-logging-3.4.1.Final.jar' 
2022-05-31 19:14:31.342 DEBUG [acme.Launcher@main] Found classpath entry '/C:/Users/david/.m2/repository/org/javassist/javassist/3.27.0-GA/javassist-3.27.0-GA.jar' 
2022-05-31 19:14:31.342 DEBUG [acme.Launcher@main] Found classpath entry '/C:/Users/david/.m2/repository/antlr/antlr/2.7.7/antlr-2.7.7.jar' 
2022-05-31 19:14:31.342 DEBUG [acme.Launcher@main] Found classpath entry '/C:/Users/david/.m2/repository/org/jboss/jandex/2.1.3.Final/jandex-2.1.3.Final.jar' 
2022-05-31 19:14:31.343 DEBUG [acme.Launcher@main] Found classpath entry '/C:/Users/david/.m2/repository/com/fasterxml/classmate/1.5.1/classmate-1.5.1.jar' 
2022-05-31 19:14:31.343 DEBUG [acme.Launcher@main] Found classpath entry '/C:/Users/david/.m2/repository/org/dom4j/dom4j/2.1.3/dom4j-2.1.3.jar' 
2022-05-31 19:14:31.343 DEBUG [acme.Launcher@main] Found classpath entry '/C:/Users/david/.m2/repository/org/hibernate/common/hibernate-commons-annotations/5.1.2.Final/hibernate-commons-annotations-5.1.2.Final.jar' 
2022-05-31 19:14:31.343 DEBUG [acme.Launcher@main] Found classpath entry '/C:/Users/david/.m2/repository/org/glassfish/jaxb/jaxb-runtime/2.3.3/jaxb-runtime-2.3.3.jar' 
2022-05-31 19:14:31.343 DEBUG [acme.Launcher@main] Found classpath entry '/C:/Users/david/.m2/repository/org/glassfish/jaxb/txw2/2.3.3/txw2-2.3.3.jar' 
2022-05-31 19:14:31.343 DEBUG [acme.Launcher@main] Found classpath entry '/C:/Users/david/.m2/repository/com/sun/istack/istack-commons-runtime/3.0.11/istack-commons-runtime-3.0.11.jar' 
2022-05-31 19:14:31.343 DEBUG [acme.Launcher@main] Found classpath entry '/C:/Users/david/.m2/repository/com/sun/activation/jakarta.activation/1.2.2/jakarta.activation-1.2.2.jar' 
2022-05-31 19:14:31.344 DEBUG [acme.Launcher@main] Found classpath entry '/C:/Users/david/.m2/repository/org/springframework/data/spring-data-jpa/2.4.3/spring-data-jpa-2.4.3.jar' 
2022-05-31 19:14:31.344 DEBUG [acme.Launcher@main] Found classpath entry '/C:/Users/david/.m2/repository/org/springframework/data/spring-data-commons/2.4.3/spring-data-commons-2.4.3.jar' 
2022-05-31 19:14:31.344 DEBUG [acme.Launcher@main] Found classpath entry '/C:/Users/david/.m2/repository/org/springframework/spring-orm/5.3.3/spring-orm-5.3.3.jar' 
2022-05-31 19:14:31.344 DEBUG [acme.Launcher@main] Found classpath entry '/C:/Users/david/.m2/repository/org/springframework/spring-aspects/5.3.3/spring-aspects-5.3.3.jar' 
2022-05-31 19:14:31.344 DEBUG [acme.Launcher@main] Found classpath entry '/C:/Users/david/.m2/repository/org/springframework/boot/spring-boot-starter-validation/2.4.2/spring-boot-starter-validation-2.4.2.jar' 
2022-05-31 19:14:31.344 DEBUG [acme.Launcher@main] Found classpath entry '/C:/Users/david/.m2/repository/org/hibernate/validator/hibernate-validator/6.1.7.Final/hibernate-validator-6.1.7.Final.jar' 
2022-05-31 19:14:31.344 DEBUG [acme.Launcher@main] Found classpath entry '/C:/Users/david/.m2/repository/jakarta/validation/jakarta.validation-api/2.0.2/jakarta.validation-api-2.0.2.jar' 
2022-05-31 19:14:31.345 DEBUG [acme.Launcher@main] Found classpath entry '/C:/Users/david/.m2/repository/mysql/mysql-connector-java/8.0.22/mysql-connector-java-8.0.22.jar' 
2022-05-31 19:14:31.345 DEBUG [acme.Launcher@main] Found classpath entry '/C:/Users/david/.m2/repository/com/zaxxer/HikariCP/3.4.5/HikariCP-3.4.5.jar' 
2022-05-31 19:14:31.345 DEBUG [acme.Launcher@main] Found classpath entry '/C:/Users/david/.m2/repository/org/springframework/boot/spring-boot-starter-test/2.4.2/spring-boot-starter-test-2.4.2.jar' 
2022-05-31 19:14:31.345 DEBUG [acme.Launcher@main] Found classpath entry '/C:/Users/david/.m2/repository/org/springframework/boot/spring-boot-test/2.4.2/spring-boot-test-2.4.2.jar' 
2022-05-31 19:14:31.345 DEBUG [acme.Launcher@main] Found classpath entry '/C:/Users/david/.m2/repository/org/springframework/boot/spring-boot-test-autoconfigure/2.4.2/spring-boot-test-autoconfigure-2.4.2.jar' 
2022-05-31 19:14:31.345 DEBUG [acme.Launcher@main] Found classpath entry '/C:/Users/david/.m2/repository/com/jayway/jsonpath/json-path/2.4.0/json-path-2.4.0.jar' 
2022-05-31 19:14:31.346 DEBUG [acme.Launcher@main] Found classpath entry '/C:/Users/david/.m2/repository/net/minidev/json-smart/2.3/json-smart-2.3.jar' 
2022-05-31 19:14:31.346 DEBUG [acme.Launcher@main] Found classpath entry '/C:/Users/david/.m2/repository/net/minidev/accessors-smart/1.2/accessors-smart-1.2.jar' 
2022-05-31 19:14:31.346 DEBUG [acme.Launcher@main] Found classpath entry '/C:/Users/david/.m2/repository/org/ow2/asm/asm/5.0.4/asm-5.0.4.jar' 
2022-05-31 19:14:31.346 DEBUG [acme.Launcher@main] Found classpath entry '/C:/Users/david/.m2/repository/jakarta/xml/bind/jakarta.xml.bind-api/2.3.3/jakarta.xml.bind-api-2.3.3.jar' 
2022-05-31 19:14:31.346 DEBUG [acme.Launcher@main] Found classpath entry '/C:/Users/david/.m2/repository/jakarta/activation/jakarta.activation-api/1.2.2/jakarta.activation-api-1.2.2.jar' 
2022-05-31 19:14:31.346 DEBUG [acme.Launcher@main] Found classpath entry '/C:/Users/david/.m2/repository/org/assertj/assertj-core/3.18.1/assertj-core-3.18.1.jar' 
2022-05-31 19:14:31.346 DEBUG [acme.Launcher@main] Found classpath entry '/C:/Users/david/.m2/repository/org/hamcrest/hamcrest/2.2/hamcrest-2.2.jar' 
2022-05-31 19:14:31.347 DEBUG [acme.Launcher@main] Found classpath entry '/C:/Users/david/.m2/repository/org/junit/jupiter/junit-jupiter/5.7.0/junit-jupiter-5.7.0.jar' 
2022-05-31 19:14:31.347 DEBUG [acme.Launcher@main] Found classpath entry '/C:/Users/david/.m2/repository/org/mockito/mockito-core/3.6.28/mockito-core-3.6.28.jar' 
2022-05-31 19:14:31.347 DEBUG [acme.Launcher@main] Found classpath entry '/C:/Users/david/.m2/repository/net/bytebuddy/byte-buddy-agent/1.10.19/byte-buddy-agent-1.10.19.jar' 
2022-05-31 19:14:31.347 DEBUG [acme.Launcher@main] Found classpath entry '/C:/Users/david/.m2/repository/org/objenesis/objenesis/3.1/objenesis-3.1.jar' 
2022-05-31 19:14:31.347 DEBUG [acme.Launcher@main] Found classpath entry '/C:/Users/david/.m2/repository/org/mockito/mockito-junit-jupiter/3.6.28/mockito-junit-jupiter-3.6.28.jar' 
2022-05-31 19:14:31.347 DEBUG [acme.Launcher@main] Found classpath entry '/C:/Users/david/.m2/repository/org/skyscreamer/jsonassert/1.5.0/jsonassert-1.5.0.jar' 
2022-05-31 19:14:31.347 DEBUG [acme.Launcher@main] Found classpath entry '/C:/Users/david/.m2/repository/com/vaadin/external/google/android-json/0.0.20131108.vaadin1/android-json-0.0.20131108.vaadin1.jar' 
2022-05-31 19:14:31.348 DEBUG [acme.Launcher@main] Found classpath entry '/C:/Users/david/.m2/repository/org/springframework/spring-test/5.3.3/spring-test-5.3.3.jar' 
2022-05-31 19:14:31.348 DEBUG [acme.Launcher@main] Found classpath entry '/C:/Users/david/.m2/repository/org/xmlunit/xmlunit-core/2.7.0/xmlunit-core-2.7.0.jar' 
2022-05-31 19:14:31.348 DEBUG [acme.Launcher@main] Found classpath entry '/C:/Users/david/.m2/repository/org/junit/jupiter/junit-jupiter-engine/5.7.0/junit-jupiter-engine-5.7.0.jar' 
2022-05-31 19:14:31.348 DEBUG [acme.Launcher@main] Found classpath entry '/C:/Users/david/.m2/repository/org/apiguardian/apiguardian-api/1.1.0/apiguardian-api-1.1.0.jar' 
2022-05-31 19:14:31.348 DEBUG [acme.Launcher@main] Found classpath entry '/C:/Users/david/.m2/repository/org/junit/platform/junit-platform-engine/1.7.0/junit-platform-engine-1.7.0.jar' 
2022-05-31 19:14:31.348 DEBUG [acme.Launcher@main] Found classpath entry '/C:/Users/david/.m2/repository/org/junit/jupiter/junit-jupiter-api/5.7.0/junit-jupiter-api-5.7.0.jar' 
2022-05-31 19:14:31.348 DEBUG [acme.Launcher@main] Found classpath entry '/C:/Users/david/.m2/repository/org/opentest4j/opentest4j/1.2.0/opentest4j-1.2.0.jar' 
2022-05-31 19:14:31.349 DEBUG [acme.Launcher@main] Found classpath entry '/C:/Users/david/.m2/repository/org/junit/platform/junit-platform-commons/1.7.0/junit-platform-commons-1.7.0.jar' 
2022-05-31 19:14:31.349 DEBUG [acme.Launcher@main] Found classpath entry '/C:/Users/david/.m2/repository/org/junit/jupiter/junit-jupiter-params/5.7.0/junit-jupiter-params-5.7.0.jar' 
2022-05-31 19:14:31.349 DEBUG [acme.Launcher@main] Found classpath entry '/C:/Users/david/.m2/repository/org/junit/platform/junit-platform-launcher/1.7.0/junit-platform-launcher-1.7.0.jar' 
2022-05-31 19:14:31.349 DEBUG [acme.Launcher@main] Found classpath entry '/C:/Users/david/.m2/repository/org/seleniumhq/selenium/selenium-java/3.141.59/selenium-java-3.141.59.jar' 
2022-05-31 19:14:31.349 DEBUG [acme.Launcher@main] Found classpath entry '/C:/Users/david/.m2/repository/org/seleniumhq/selenium/selenium-api/3.141.59/selenium-api-3.141.59.jar' 
2022-05-31 19:14:31.349 DEBUG [acme.Launcher@main] Found classpath entry '/C:/Users/david/.m2/repository/org/seleniumhq/selenium/selenium-chrome-driver/3.141.59/selenium-chrome-driver-3.141.59.jar' 
2022-05-31 19:14:31.350 DEBUG [acme.Launcher@main] Found classpath entry '/C:/Users/david/.m2/repository/org/seleniumhq/selenium/selenium-edge-driver/3.141.59/selenium-edge-driver-3.141.59.jar' 
2022-05-31 19:14:31.350 DEBUG [acme.Launcher@main] Found classpath entry '/C:/Users/david/.m2/repository/org/seleniumhq/selenium/selenium-firefox-driver/3.141.59/selenium-firefox-driver-3.141.59.jar' 
2022-05-31 19:14:31.350 DEBUG [acme.Launcher@main] Found classpath entry '/C:/Users/david/.m2/repository/org/seleniumhq/selenium/selenium-ie-driver/3.141.59/selenium-ie-driver-3.141.59.jar' 
2022-05-31 19:14:31.350 DEBUG [acme.Launcher@main] Found classpath entry '/C:/Users/david/.m2/repository/org/seleniumhq/selenium/selenium-opera-driver/3.141.59/selenium-opera-driver-3.141.59.jar' 
2022-05-31 19:14:31.350 DEBUG [acme.Launcher@main] Found classpath entry '/C:/Users/david/.m2/repository/org/seleniumhq/selenium/selenium-remote-driver/3.141.59/selenium-remote-driver-3.141.59.jar' 
2022-05-31 19:14:31.350 DEBUG [acme.Launcher@main] Found classpath entry '/C:/Users/david/.m2/repository/org/seleniumhq/selenium/selenium-safari-driver/3.141.59/selenium-safari-driver-3.141.59.jar' 
2022-05-31 19:14:31.350 DEBUG [acme.Launcher@main] Found classpath entry '/C:/Users/david/.m2/repository/org/seleniumhq/selenium/selenium-support/3.141.59/selenium-support-3.141.59.jar' 
2022-05-31 19:14:31.350 DEBUG [acme.Launcher@main] Found classpath entry '/C:/Users/david/.m2/repository/net/bytebuddy/byte-buddy/1.10.19/byte-buddy-1.10.19.jar' 
2022-05-31 19:14:31.351 DEBUG [acme.Launcher@main] Found classpath entry '/C:/Users/david/.m2/repository/org/apache/commons/commons-exec/1.3/commons-exec-1.3.jar' 
2022-05-31 19:14:31.351 DEBUG [acme.Launcher@main] Found classpath entry '/C:/Users/david/.m2/repository/com/google/guava/guava/25.0-jre/guava-25.0-jre.jar' 
2022-05-31 19:14:31.351 DEBUG [acme.Launcher@main] Found classpath entry '/C:/Users/david/.m2/repository/com/google/code/findbugs/jsr305/1.3.9/jsr305-1.3.9.jar' 
2022-05-31 19:14:31.351 DEBUG [acme.Launcher@main] Found classpath entry '/C:/Users/david/.m2/repository/org/checkerframework/checker-compat-qual/2.0.0/checker-compat-qual-2.0.0.jar' 
2022-05-31 19:14:31.351 DEBUG [acme.Launcher@main] Found classpath entry '/C:/Users/david/.m2/repository/com/google/errorprone/error_prone_annotations/2.1.3/error_prone_annotations-2.1.3.jar' 
2022-05-31 19:14:31.351 DEBUG [acme.Launcher@main] Found classpath entry '/C:/Users/david/.m2/repository/com/google/j2objc/j2objc-annotations/1.1/j2objc-annotations-1.1.jar' 
2022-05-31 19:14:31.351 DEBUG [acme.Launcher@main] Found classpath entry '/C:/Users/david/.m2/repository/org/codehaus/mojo/animal-sniffer-annotations/1.14/animal-sniffer-annotations-1.14.jar' 
2022-05-31 19:14:31.352 DEBUG [acme.Launcher@main] Found classpath entry '/C:/Users/david/.m2/repository/com/squareup/okhttp3/okhttp/3.14.9/okhttp-3.14.9.jar' 
2022-05-31 19:14:31.352 DEBUG [acme.Launcher@main] Found classpath entry '/C:/Users/david/.m2/repository/com/squareup/okio/okio/1.14.0/okio-1.14.0.jar' 
2022-05-31 19:14:31.352 DEBUG [acme.Launcher@main] Found classpath entry '/C:/Users/david/.m2/repository/org/apache/commons/commons-lang3/3.11/commons-lang3-3.11.jar' 
2022-05-31 19:14:31.352 DEBUG [acme.Launcher@main] Found classpath entry '/C:/Users/david/.m2/repository/org/apache/commons/commons-text/1.8/commons-text-1.8.jar' 
2022-05-31 19:14:31.352 DEBUG [acme.Launcher@main] Found classpath entry '/C:/Users/david/.m2/repository/commons-io/commons-io/2.6/commons-io-2.6.jar' 
2022-05-31 19:14:31.352 DEBUG [acme.Launcher@main] Found classpath entry '/C:/Users/david/.m2/repository/commons-cli/commons-cli/1.4/commons-cli-1.4.jar' 
2022-05-31 19:14:31.352 DEBUG [acme.Launcher@main] Found classpath entry '/C:/Users/david/.m2/repository/org/projectlombok/lombok/1.18.16/lombok-1.18.16.jar' 
2022-05-31 19:14:31.352 DEBUG [acme.Launcher@main] Found classpath entry '/C:/Users/david/.m2/repository/com/opencsv/opencsv/5.4/opencsv-5.4.jar' 
2022-05-31 19:14:31.353 DEBUG [acme.Launcher@main] Found classpath entry '/C:/Users/david/.m2/repository/commons-beanutils/commons-beanutils/1.9.4/commons-beanutils-1.9.4.jar' 
2022-05-31 19:14:31.353 DEBUG [acme.Launcher@main] Found classpath entry '/C:/Users/david/.m2/repository/commons-logging/commons-logging/1.2/commons-logging-1.2.jar' 
2022-05-31 19:14:31.353 DEBUG [acme.Launcher@main] Found classpath entry '/C:/Users/david/.m2/repository/commons-collections/commons-collections/3.2.2/commons-collections-3.2.2.jar' 
2022-05-31 19:14:31.353 DEBUG [acme.Launcher@main] Found classpath entry '/C:/Users/david/.m2/repository/org/apache/commons/commons-collections4/4.4/commons-collections4-4.4.jar' 
2022-05-31 19:14:31.583 DEBUG [acme.Launcher@main] Found entity class 'acme.entities.CHIMPUM.CHIMPUM 
2022-05-31 19:14:31.583 DEBUG [acme.Launcher@main] Found entity class 'acme.entities.announcements.Announcement 
2022-05-31 19:14:31.583 DEBUG [acme.Launcher@main] Found entity class 'acme.entities.artifacts.Artifact 
2022-05-31 19:14:31.584 DEBUG [acme.Launcher@main] Found entity class 'acme.entities.artifacts.Quantity 
2022-05-31 19:14:31.584 DEBUG [acme.Launcher@main] Found entity class 'acme.entities.artifacts.Toolkit 
2022-05-31 19:14:31.584 DEBUG [acme.Launcher@main] Found entity class 'acme.entities.chirps.Chirp 
2022-05-31 19:14:31.584 DEBUG [acme.Launcher@main] Found entity class 'acme.entities.configData.ConfigData 
2022-05-31 19:14:31.584 DEBUG [acme.Launcher@main] Found entity class 'acme.entities.patronage.Patronage 
2022-05-31 19:14:31.584 DEBUG [acme.Launcher@main] Found entity class 'acme.entities.patronage.PatronageReport 
2022-05-31 19:14:31.584 DEBUG [acme.Launcher@main] Found entity class 'acme.roles.Inventor 
2022-05-31 19:14:31.584 DEBUG [acme.Launcher@main] Found entity class 'acme.roles.Patron 
2022-05-31 19:14:31.584 DEBUG [acme.Launcher@main] Found entity class 'acme.framework.entities.UserAccount 
2022-05-31 19:14:31.584 DEBUG [acme.Launcher@main] Found entity class 'acme.framework.roles.Administrator 
2022-05-31 19:14:31.585 DEBUG [acme.Launcher@main] Found entity class 'acme.framework.roles.Anonymous 
2022-05-31 19:14:31.585 DEBUG [acme.Launcher@main] Found entity class 'acme.framework.roles.Any 
2022-05-31 19:14:31.585 DEBUG [acme.Launcher@main] Found entity class 'acme.framework.roles.Authenticated 
2022-05-31 19:14:31.589 INFO  [acme.Launcher@main] Populating (sample data) 
2022-05-31 19:14:31.593 INFO  [acme.framework.components.database.DatabasePopulator@main] Reading entities from 'classpath:/WEB-INF/resources/initial-data' 
2022-05-31 19:14:31.603 DEBUG [acme.framework.components.database.Dataset@main] Reading dataset from 'C:\Workspace-22.0\Projects\Acme-Toolkits-Individual-Deliverable\target\classes\WEB-INF\resources\initial-data\administrator.csv' 
2022-05-31 19:14:31.813 DEBUG [acme.framework.components.database.Dataset@main] Reading mapping '{key:user-account=user-account-administrator-01, key=administrator-01}' from 'C:\Workspace-22.0\Projects\Acme-Toolkits-Individual-Deliverable\target\classes\WEB-INF\resources\initial-data\administrator.csv' 
2022-05-31 19:14:31.815 DEBUG [acme.framework.components.database.Dataset@main] Reading dataset from 'C:\Workspace-22.0\Projects\Acme-Toolkits-Individual-Deliverable\target\classes\WEB-INF\resources\initial-data\anonymous.csv' 
2022-05-31 19:14:31.819 DEBUG [acme.framework.components.database.Dataset@main] Reading mapping '{key:user-account=user-account-anonymous-01, key=anonymous-01}' from 'C:\Workspace-22.0\Projects\Acme-Toolkits-Individual-Deliverable\target\classes\WEB-INF\resources\initial-data\anonymous.csv' 
2022-05-31 19:14:31.820 DEBUG [acme.framework.components.database.Dataset@main] Reading dataset from 'C:\Workspace-22.0\Projects\Acme-Toolkits-Individual-Deliverable\target\classes\WEB-INF\resources\initial-data\config-data.csv' 
2022-05-31 19:14:31.825 DEBUG [acme.framework.components.database.Dataset@main] Reading mapping '{weak-spam-terms=sexy,nigeria,you've won,has ganado, strong-spam-treshold=10, accepted-currencies=EUR, USD, GBP, weak-spam-treshold=25, system-currency=EUR, strong-spam-terms=sex,hard core,viagra,cialis,sexo,hardcore, key=config-data}' from 'C:\Workspace-22.0\Projects\Acme-Toolkits-Individual-Deliverable\target\classes\WEB-INF\resources\initial-data\config-data.csv' 
2022-05-31 19:14:31.825 DEBUG [acme.framework.components.database.Dataset@main] Reading dataset from 'C:\Workspace-22.0\Projects\Acme-Toolkits-Individual-Deliverable\target\classes\WEB-INF\resources\initial-data\inventor.csv' 
2022-05-31 19:14:31.832 DEBUG [acme.framework.components.database.Dataset@main] Reading mapping '{key:user-account=user-account-inventor1, statement=task failed, link=https://www.google.com, company=Apple, key=inventor-01}' from 'C:\Workspace-22.0\Projects\Acme-Toolkits-Individual-Deliverable\target\classes\WEB-INF\resources\initial-data\inventor.csv' 
2022-05-31 19:14:31.832 DEBUG [acme.framework.components.database.Dataset@main] Reading mapping '{key:user-account=user-account-inventor2, statement=Task failed, link=https://www.google.com, company=Apple, key=inventor-02}' from 'C:\Workspace-22.0\Projects\Acme-Toolkits-Individual-Deliverable\target\classes\WEB-INF\resources\initial-data\inventor.csv' 
2022-05-31 19:14:31.833 DEBUG [acme.framework.components.database.Dataset@main] Reading dataset from 'C:\Workspace-22.0\Projects\Acme-Toolkits-Individual-Deliverable\target\classes\WEB-INF\resources\initial-data\patron.csv' 
2022-05-31 19:14:31.838 DEBUG [acme.framework.components.database.Dataset@main] Reading mapping '{key:user-account=user-account-patron1, statement=Task completed, link=https://www.google.com, company=Microsoft, key=patron-01}' from 'C:\Workspace-22.0\Projects\Acme-Toolkits-Individual-Deliverable\target\classes\WEB-INF\resources\initial-data\patron.csv' 
2022-05-31 19:14:31.838 DEBUG [acme.framework.components.database.Dataset@main] Reading mapping '{key:user-account=user-account-patron2, statement=Task completed, link=https://www.google.com, company=Microsoft, key=patron-02}' from 'C:\Workspace-22.0\Projects\Acme-Toolkits-Individual-Deliverable\target\classes\WEB-INF\resources\initial-data\patron.csv' 
2022-05-31 19:14:31.838 DEBUG [acme.framework.components.database.Dataset@main] Reading dataset from 'C:\Workspace-22.0\Projects\Acme-Toolkits-Individual-Deliverable\target\classes\WEB-INF\resources\initial-data\user-account.csv' 
2022-05-31 19:14:31.861 DEBUG [acme.framework.components.database.Dataset@main] Reading mapping '{password=HIDDEN-PASSWORD, identity=UserIdentity{name: 'John', surname: 'Doe', email: 'john.doe@acme.com'}, key=user-account-anonymous-01, enabled=false, username=anonymous}' from 'C:\Workspace-22.0\Projects\Acme-Toolkits-Individual-Deliverable\target\classes\WEB-INF\resources\initial-data\user-account.csv' 
2022-05-31 19:14:31.861 DEBUG [acme.framework.components.database.Dataset@main] Reading mapping '{password=administrator, identity=UserIdentity{name: 'Administrator', surname: 'Acme', email: 'administrator@acme.com'}, key=user-account-administrator-01, enabled=true, username=administrator}' from 'C:\Workspace-22.0\Projects\Acme-Toolkits-Individual-Deliverable\target\classes\WEB-INF\resources\initial-data\user-account.csv' 
2022-05-31 19:14:31.861 DEBUG [acme.framework.components.database.Dataset@main] Reading mapping '{password=patron1, identity=UserIdentity{name: 'patron', surname: '1', email: 'patron@1.com'}, key=user-account-patron1, enabled=true, username=patron1}' from 'C:\Workspace-22.0\Projects\Acme-Toolkits-Individual-Deliverable\target\classes\WEB-INF\resources\initial-data\user-account.csv' 
2022-05-31 19:14:31.862 DEBUG [acme.framework.components.database.Dataset@main] Reading mapping '{password=patron2, identity=UserIdentity{name: 'patron', surname: '2', email: 'patron@2.com'}, key=user-account-patron2, enabled=true, username=patron2}' from 'C:\Workspace-22.0\Projects\Acme-Toolkits-Individual-Deliverable\target\classes\WEB-INF\resources\initial-data\user-account.csv' 
2022-05-31 19:14:31.862 DEBUG [acme.framework.components.database.Dataset@main] Reading mapping '{password=inventor1, identity=UserIdentity{name: 'inventor', surname: '1', email: 'inventor@1.com'}, key=user-account-inventor1, enabled=true, username=inventor1}' from 'C:\Workspace-22.0\Projects\Acme-Toolkits-Individual-Deliverable\target\classes\WEB-INF\resources\initial-data\user-account.csv' 
2022-05-31 19:14:31.862 DEBUG [acme.framework.components.database.Dataset@main] Reading mapping '{password=inventor2, identity=UserIdentity{name: 'inventor', surname: '2', email: 'inventor@2.com'}, key=user-account-inventor2, enabled=true, username=inventor2}' from 'C:\Workspace-22.0\Projects\Acme-Toolkits-Individual-Deliverable\target\classes\WEB-INF\resources\initial-data\user-account.csv' 
2022-05-31 19:14:31.863 DEBUG [acme.framework.components.database.EntityWeb@main] Setting attributes of entities of class acme.framework.roles.Anonymous 
2022-05-31 19:14:31.863 DEBUG [acme.framework.components.database.EntityWeb@main] Setting attributes of entities of class acme.roles.Inventor 
2022-05-31 19:14:31.888 DEBUG [acme.framework.components.database.EntityWeb@main] Setting attributes of entities of class acme.roles.Patron 
2022-05-31 19:14:31.893 DEBUG [acme.framework.components.database.EntityWeb@main] Setting attributes of entities of class acme.framework.roles.Administrator 
2022-05-31 19:14:31.894 DEBUG [acme.framework.components.database.EntityWeb@main] Setting attributes of entities of class acme.framework.entities.UserAccount 
2022-05-31 19:14:32.202 DEBUG [acme.framework.components.database.EntityWeb@main] Setting attributes of entities of class acme.entities.configData.ConfigData 
2022-05-31 19:14:32.208 DEBUG [acme.framework.components.database.EntityWeb@main] Linking entities of class acme.framework.roles.Anonymous 
2022-05-31 19:14:32.214 DEBUG [acme.framework.components.database.EntityWeb@main] Linking entities of class acme.roles.Inventor 
2022-05-31 19:14:32.214 DEBUG [acme.framework.components.database.EntityWeb@main] Linking entities of class acme.roles.Patron 
2022-05-31 19:14:32.214 DEBUG [acme.framework.components.database.EntityWeb@main] Linking entities of class acme.framework.roles.Administrator 
2022-05-31 19:14:32.219 DEBUG [acme.framework.components.database.EntityWeb@main] Linking entities of class acme.framework.entities.UserAccount 
2022-05-31 19:14:32.219 DEBUG [acme.framework.components.database.EntityWeb@main] Linking entities of class acme.entities.configData.ConfigData 
2022-05-31 19:14:32.220 INFO  [acme.framework.components.database.DatabasePopulator@main] Reading entities from 'classpath:/WEB-INF/resources/sample-data' 
2022-05-31 19:14:32.221 DEBUG [acme.framework.components.database.Dataset@main] Reading dataset from 'C:\Workspace-22.0\Projects\Acme-Toolkits-Individual-Deliverable\target\classes\WEB-INF\resources\sample-data\announcement.csv' 
2022-05-31 19:14:32.228 DEBUG [acme.framework.components.database.Dataset@main] Reading mapping '{critical=true, link=https://www.thebatman.com, title=The Batman only on cinemas now!, body=Go to the cinemas now, key=announcement-01, moment=2022/04/21 21:50}' from 'C:\Workspace-22.0\Projects\Acme-Toolkits-Individual-Deliverable\target\classes\WEB-INF\resources\sample-data\announcement.csv' 
2022-05-31 19:14:32.228 DEBUG [acme.framework.components.database.Dataset@main] Reading mapping '{critical=false, link=https://www.google.com, title=I don't know what to say!, body=Seriously i have no clue, key=announcement-02, moment=2022/04/22 21:45}' from 'C:\Workspace-22.0\Projects\Acme-Toolkits-Individual-Deliverable\target\classes\WEB-INF\resources\sample-data\announcement.csv' 
2022-05-31 19:14:32.229 DEBUG [acme.framework.components.database.Dataset@main] Reading dataset from 'C:\Workspace-22.0\Projects\Acme-Toolkits-Individual-Deliverable\target\classes\WEB-INF\resources\sample-data\artifact.csv' 
2022-05-31 19:14:32.238 DEBUG [acme.framework.components.database.Dataset@main] Reading mapping '{key:inventor=inventor-01, code=FBI-123-A, link=https://www.arduino.cc/, description=A component developed using Arduino technology, technology=Arduino, published=true, retail-price=EUR 50.0, artifact-type=COMPONENT, name=Placa arduino, key=artifact-01}' from 'C:\Workspace-22.0\Projects\Acme-Toolkits-Individual-Deliverable\target\classes\WEB-INF\resources\sample-data\artifact.csv' 
2022-05-31 19:14:32.238 DEBUG [acme.framework.components.database.Dataset@main] Reading mapping '{key:inventor=inventor-01, code=ABC-123-T, link=https://www.mariadb.com/, description=Database gestion system, technology=MySQL, published=true, retail-price=EUR 60.0, artifact-type=TOOL, name=MariaDB, key=artifact-02}' from 'C:\Workspace-22.0\Projects\Acme-Toolkits-Individual-Deliverable\target\classes\WEB-INF\resources\sample-data\artifact.csv' 
2022-05-31 19:14:32.238 DEBUG [acme.framework.components.database.Dataset@main] Reading mapping '{key:inventor=inventor-02, code=AVR-001-A, link=https://start.atmel.com/, description=An easily programmable microcontroller , technology=RISC, published=true, retail-price=EUR 60.0, artifact-type=COMPONENT, name=AVR ATMega, key=artifact-03}' from 'C:\Workspace-22.0\Projects\Acme-Toolkits-Individual-Deliverable\target\classes\WEB-INF\resources\sample-data\artifact.csv' 
2022-05-31 19:14:32.239 DEBUG [acme.framework.components.database.Dataset@main] Reading mapping '{key:inventor=inventor-02, code=ZYX-084-B, link=https://www.adobe.com, description=A fast program for Graphic Desing, technology=Photoshop, published=true, retail-price=EUR 20.0, artifact-type=TOOL, name=Adobo photocho, key=artifact-04}' from 'C:\Workspace-22.0\Projects\Acme-Toolkits-Individual-Deliverable\target\classes\WEB-INF\resources\sample-data\artifact.csv' 
2022-05-31 19:14:32.239 DEBUG [acme.framework.components.database.Dataset@main] Reading mapping '{key:inventor=inventor-02, code=ABC-084-B, link=https://www.adobe.com, description=A small program for Graphic Desing, technology=Photoshop, published=false, retail-price=EUR 20.0, artifact-type=TOOL, name=Adobo sega, key=artifact-05}' from 'C:\Workspace-22.0\Projects\Acme-Toolkits-Individual-Deliverable\target\classes\WEB-INF\resources\sample-data\artifact.csv' 
2022-05-31 19:14:32.239 DEBUG [acme.framework.components.database.Dataset@main] Reading mapping '{key:inventor=inventor-02, code=AFR-001-A, link=https://start.atmel.com/, description=An easily programmable exam about test , technology=Ready, published=false, retail-price=EUR 20.0, artifact-type=COMPONENT, name=AC Prueba, key=artifact-06}' from 'C:\Workspace-22.0\Projects\Acme-Toolkits-Individual-Deliverable\target\classes\WEB-INF\resources\sample-data\artifact.csv' 
2022-05-31 19:14:32.239 DEBUG [acme.framework.components.database.Dataset@main] Reading mapping '{key:inventor=inventor-02, code=AFR-301-A, link=https://start.atmel.com/, description=An easily programmable exam about test , technology=Ready2, published=false, retail-price=EUR 10.0, artifact-type=COMPONENT, name=AZ Prueba, key=artifact-07}' from 'C:\Workspace-22.0\Projects\Acme-Toolkits-Individual-Deliverable\target\classes\WEB-INF\resources\sample-data\artifact.csv' 
2022-05-31 19:14:32.240 DEBUG [acme.framework.components.database.Dataset@main] Reading dataset from 'C:\Workspace-22.0\Projects\Acme-Toolkits-Individual-Deliverable\target\classes\WEB-INF\resources\sample-data\CHIMPUM.csv' 
2022-05-31 19:14:32.247 DEBUG [acme.framework.components.database.Dataset@main] Reading mapping '{code=PATTERN, finish-date=2022/12/31 15:00, link=https://www.tool.com, description=A complete chimpum, start-date=2021/12/31 12:00, title=Chimpun1, creation-moment=2021/12/01 12:00, key=CHIMPUM-01, budget=EUR 250.00}' from 'C:\Workspace-22.0\Projects\Acme-Toolkits-Individual-Deliverable\target\classes\WEB-INF\resources\sample-data\CHIMPUM.csv' 
2022-05-31 19:14:32.247 DEBUG [acme.framework.components.database.Dataset@main] Reading mapping '{code=PATTERN, finish-date=2021/12/30 22:47, link=null, description=a chimpum, start-date=2020/12/31 15:36, title=Chimpun2, creation-moment=2021/12/01 12:00, key=CHIMPUM-02, budget=EUR 50.00}' from 'C:\Workspace-22.0\Projects\Acme-Toolkits-Individual-Deliverable\target\classes\WEB-INF\resources\sample-data\CHIMPUM.csv' 
2022-05-31 19:14:32.248 DEBUG [acme.framework.components.database.Dataset@main] Reading dataset from 'C:\Workspace-22.0\Projects\Acme-Toolkits-Individual-Deliverable\target\classes\WEB-INF\resources\sample-data\chirp.csv' 
2022-05-31 19:14:32.255 DEBUG [acme.framework.components.database.Dataset@main] Reading mapping '{author=Don Mclean, title=Amazing Chirp, body=What an amazing Chirp!, key=chirp-01, email=amazingChirp@mail.com, moment=2022/04/23 18:33}' from 'C:\Workspace-22.0\Projects\Acme-Toolkits-Individual-Deliverable\target\classes\WEB-INF\resources\sample-data\chirp.csv' 
2022-05-31 19:14:32.255 DEBUG [acme.framework.components.database.Dataset@main] Reading mapping '{author=Roger Daltrey, title=The Chirp, body=The Roger's Chirp, key=chirp-02, email=rogersChirp@mail.com, moment=2013/02/28 14:23}' from 'C:\Workspace-22.0\Projects\Acme-Toolkits-Individual-Deliverable\target\classes\WEB-INF\resources\sample-data\chirp.csv' 
2022-05-31 19:14:32.255 DEBUG [acme.framework.components.database.Dataset@main] Reading dataset from 'C:\Workspace-22.0\Projects\Acme-Toolkits-Individual-Deliverable\target\classes\WEB-INF\resources\sample-data\patronage-report.csv' 
2022-05-31 19:14:32.263 DEBUG [acme.framework.components.database.Dataset@main] Reading mapping '{serial-number=0001, key:patronage=patronage-01, link=https://www.nano.com, creation-moment=2021/12/01 12:00, memorandum=Patronage accepted!, key=patronage-report-01}' from 'C:\Workspace-22.0\Projects\Acme-Toolkits-Individual-Deliverable\target\classes\WEB-INF\resources\sample-data\patronage-report.csv' 
2022-05-31 19:14:32.263 DEBUG [acme.framework.components.database.Dataset@main] Reading mapping '{serial-number=0002, key:patronage=patronage-02, link=https://www.ham.com, creation-moment=2020/12/01 12:00, memorandum=Patronage denied!, key=patronage-report-02}' from 'C:\Workspace-22.0\Projects\Acme-Toolkits-Individual-Deliverable\target\classes\WEB-INF\resources\sample-data\patronage-report.csv' 
2022-05-31 19:14:32.264 DEBUG [acme.framework.components.database.Dataset@main] Reading dataset from 'C:\Workspace-22.0\Projects\Acme-Toolkits-Individual-Deliverable\target\classes\WEB-INF\resources\sample-data\patronage.csv' 
2022-05-31 19:14:32.301 DEBUG [acme.framework.components.database.Dataset@main] Reading mapping '{key:inventor=inventor-01, code=ALO-014-A, legal-stuff=Absolutely legal, finish-date=2022/12/31 15:00, link=https://www.nano.com, start-date=2021/12/31 12:00, draft-mode=false, key:patron=patron-01, key=patronage-01, status=ACCEPTED, budget=EUR 250.00}' from 'C:\Workspace-22.0\Projects\Acme-Toolkits-Individual-Deliverable\target\classes\WEB-INF\resources\sample-data\patronage.csv' 
2022-05-31 19:14:32.301 DEBUG [acme.framework.components.database.Dataset@main] Reading mapping '{key:inventor=inventor-01, code=HAM-044-B, legal-stuff=Totally illegal, finish-date=2021/12/30 22:47, link=https://www.ham.com, start-date=2020/12/31 15:36, draft-mode=false, key:patron=patron-02, key=patronage-02, status=DENIED, budget=EUR 50.00}' from 'C:\Workspace-22.0\Projects\Acme-Toolkits-Individual-Deliverable\target\classes\WEB-INF\resources\sample-data\patronage.csv' 
2022-05-31 19:14:32.301 DEBUG [acme.framework.components.database.Dataset@main] Reading mapping '{key:inventor=inventor-01, code=ABC-044-D, legal-stuff=Totally illegal, finish-date=2021/12/30 22:47, link=https://www.ham.com, start-date=2020/12/31 15:36, draft-mode=true, key:patron=patron-02, key=patronage-03, status=PROPOSED, budget=EUR 135.20}' from 'C:\Workspace-22.0\Projects\Acme-Toolkits-Individual-Deliverable\target\classes\WEB-INF\resources\sample-data\patronage.csv' 
2022-05-31 19:14:32.302 DEBUG [acme.framework.components.database.Dataset@main] Reading mapping '{key:inventor=inventor-02, code=ZXC-044-B, legal-stuff=Totally illegal, finish-date=2020/12/30 22:47, link=https://www.google.com, start-date=2020/12/31 15:36, draft-mode=false, key:patron=patron-01, key=patronage-04, status=PROPOSED, budget=EUR 75.20}' from 'C:\Workspace-22.0\Projects\Acme-Toolkits-Individual-Deliverable\target\classes\WEB-INF\resources\sample-data\patronage.csv' 
2022-05-31 19:14:32.302 DEBUG [acme.framework.components.database.Dataset@main] Reading dataset from 'C:\Workspace-22.0\Projects\Acme-Toolkits-Individual-Deliverable\target\classes\WEB-INF\resources\sample-data\quantity.csv' 
2022-05-31 19:14:32.309 DEBUG [acme.framework.components.database.Dataset@main] Reading mapping '{key:artifact=artifact-01, amount=3, key:toolkit=toolkit-01, key=quantity-01}' from 'C:\Workspace-22.0\Projects\Acme-Toolkits-Individual-Deliverable\target\classes\WEB-INF\resources\sample-data\quantity.csv' 
2022-05-31 19:14:32.311 DEBUG [acme.framework.components.database.Dataset@main] Reading mapping '{key:artifact=artifact-02, amount=1, key:toolkit=toolkit-01, key=quantity-02}' from 'C:\Workspace-22.0\Projects\Acme-Toolkits-Individual-Deliverable\target\classes\WEB-INF\resources\sample-data\quantity.csv' 
2022-05-31 19:14:32.311 DEBUG [acme.framework.components.database.Dataset@main] Reading mapping '{key:artifact=artifact-03, amount=2, key:toolkit=toolkit-02, key=quantity-03}' from 'C:\Workspace-22.0\Projects\Acme-Toolkits-Individual-Deliverable\target\classes\WEB-INF\resources\sample-data\quantity.csv' 
2022-05-31 19:14:32.311 DEBUG [acme.framework.components.database.Dataset@main] Reading mapping '{key:artifact=artifact-04, amount=1, key:toolkit=toolkit-02, key=quantity-04}' from 'C:\Workspace-22.0\Projects\Acme-Toolkits-Individual-Deliverable\target\classes\WEB-INF\resources\sample-data\quantity.csv' 
2022-05-31 19:14:32.312 DEBUG [acme.framework.components.database.Dataset@main] Reading dataset from 'C:\Workspace-22.0\Projects\Acme-Toolkits-Individual-Deliverable\target\classes\WEB-INF\resources\sample-data\toolkit.csv' 
2022-05-31 19:14:32.319 DEBUG [acme.framework.components.database.Dataset@main] Reading mapping '{assemblyNotes=nothing important, key:inventor=inventor-01, code=LOL-909-B, link=https://www.tool.com, description=A complete tech tool kit, published=false, title=Tech Tool Kit, key=toolkit-01}' from 'C:\Workspace-22.0\Projects\Acme-Toolkits-Individual-Deliverable\target\classes\WEB-INF\resources\sample-data\toolkit.csv' 
2022-05-31 19:14:32.319 DEBUG [acme.framework.components.database.Dataset@main] Reading mapping '{assemblyNotes=assembly with caution, key:inventor=inventor-01, code=XDD-191-A, link=null, description=a, published=true, title=Awesome Tool Kit, key=toolkit-02}' from 'C:\Workspace-22.0\Projects\Acme-Toolkits-Individual-Deliverable\target\classes\WEB-INF\resources\sample-data\toolkit.csv' 
2022-05-31 19:14:32.320 DEBUG [acme.framework.components.database.EntityWeb@main] Setting attributes of entities of class acme.entities.artifacts.Artifact 
2022-05-31 19:14:32.334 DEBUG [acme.framework.components.database.EntityWeb@main] Setting attributes of entities of class acme.entities.CHIMPUM.CHIMPUM 
2022-05-31 19:14:32.339 ERROR [acme.Launcher@main] acme.framework.components.database.EntityWeb.computeRegularAttributes(EntityWeb.java:252): C:\Workspace-22.0\Projects\Acme-Toolkits-Individual-Deliverable\target\classes\WEB-INF\resources\sample-data\CHIMPUM.csv: cannot read/write property 'acme.entities.CHIMPUM.CHIMPUM::code' 
2022-05-31 19:14:32.339 INFO  [acme.Launcher@main] The application log provides additional debugging messages! 
2022-05-31 19:14:33.592 INFO  [acme.framework.configuration.ShutdownConfiguration@main] The system is shutting down... 
2022-05-31 19:14:33.634 DEBUG [acme.Launcher@main] Exit code = 0 
