2022-06-03 16:59:13.048 INFO  [acme.Launcher@main] Starting Launcher using Java 1.8.0_281 on DESKTOP-UDQDLDQ with PID 4624 (C:\Workspace-22.0\Frameworks\Acme-Framework-22.7\target\classes started by david in C:\Workspace-22.0\Projects\Acme-Toolkits-Individual-Deliverable) 
2022-06-03 16:59:13.051 DEBUG [acme.Launcher@main] Running with Spring Boot v2.4.2, Spring v5.3.3 
2022-06-03 16:59:13.053 INFO  [acme.Launcher@main] The following profiles are active: development,populator 
2022-06-03 16:59:22.131 DEBUG [org.apache.jasper.servlet.JasperInitializer@main] Initializing Jasper for context [application] 
2022-06-03 16:59:44.872 DEBUG [org.apache.jasper.servlet.JspServlet@main] Scratch dir for the JSP engine is: [C:\Users\david\AppData\Local\Temp\tomcat.8083.1839266352930878947\work\Tomcat\localhost\acme-toolkits-22.7] 
2022-06-03 16:59:44.873 DEBUG [org.apache.jasper.servlet.JspServlet@main] IMPORTANT: Do not modify the generated servlets 
2022-06-03 16:59:45.063 INFO  [acme.Launcher@main] Started Launcher in 33.754 seconds (JVM running for 35.296) 
2022-06-03 16:59:45.082 DEBUG [acme.Launcher@main] Found classpath entry '/C:/Workspace-22.0/Projects/Acme-Toolkits-Individual-Deliverable/target/test-classes/' 
2022-06-03 16:59:45.083 DEBUG [acme.Launcher@main] Found classpath entry '/C:/Workspace-22.0/Projects/Acme-Toolkits-Individual-Deliverable/target/classes/' 
2022-06-03 16:59:45.084 DEBUG [acme.Launcher@main] Found classpath entry '/C:/Workspace-22.0/Projects/Acme-Toolkits-Individual-Deliverable/lib/SpamDetector.jar' 
2022-06-03 16:59:45.085 DEBUG [acme.Launcher@main] Found classpath entry '/C:/Workspace-22.0/Frameworks/Acme-Framework-22.7/target/classes/' 
2022-06-03 16:59:45.087 DEBUG [acme.Launcher@main] Found classpath entry '/C:/Workspace-22.0/Frameworks/Acme-Framework-22.7/target/test-classes/' 
2022-06-03 16:59:45.087 DEBUG [acme.Launcher@main] Found classpath entry '/C:/Users/david/.m2/repository/org/springframework/boot/spring-boot-starter-tomcat/2.4.2/spring-boot-starter-tomcat-2.4.2.jar' 
2022-06-03 16:59:45.089 DEBUG [acme.Launcher@main] Found classpath entry '/C:/Users/david/.m2/repository/jakarta/annotation/jakarta.annotation-api/1.3.5/jakarta.annotation-api-1.3.5.jar' 
2022-06-03 16:59:45.090 DEBUG [acme.Launcher@main] Found classpath entry '/C:/Users/david/.m2/repository/org/apache/tomcat/embed/tomcat-embed-core/9.0.41/tomcat-embed-core-9.0.41.jar' 
2022-06-03 16:59:45.090 DEBUG [acme.Launcher@main] Found classpath entry '/C:/Users/david/.m2/repository/org/glassfish/jakarta.el/3.0.3/jakarta.el-3.0.3.jar' 
2022-06-03 16:59:45.091 DEBUG [acme.Launcher@main] Found classpath entry '/C:/Users/david/.m2/repository/org/apache/tomcat/embed/tomcat-embed-websocket/9.0.41/tomcat-embed-websocket-9.0.41.jar' 
2022-06-03 16:59:45.091 DEBUG [acme.Launcher@main] Found classpath entry '/C:/Users/david/.m2/repository/org/apache/tomcat/embed/tomcat-embed-jasper/9.0.41/tomcat-embed-jasper-9.0.41.jar' 
2022-06-03 16:59:45.091 DEBUG [acme.Launcher@main] Found classpath entry '/C:/Users/david/.m2/repository/org/apache/tomcat/embed/tomcat-embed-el/9.0.41/tomcat-embed-el-9.0.41.jar' 
2022-06-03 16:59:45.092 DEBUG [acme.Launcher@main] Found classpath entry '/C:/Users/david/.m2/repository/org/eclipse/jdt/ecj/3.18.0/ecj-3.18.0.jar' 
2022-06-03 16:59:45.093 DEBUG [acme.Launcher@main] Found classpath entry '/C:/Users/david/.m2/repository/javax/servlet/jstl/1.2/jstl-1.2.jar' 
2022-06-03 16:59:45.094 DEBUG [acme.Launcher@main] Found classpath entry '/C:/Users/david/.m2/repository/org/springframework/boot/spring-boot-starter-security/2.4.2/spring-boot-starter-security-2.4.2.jar' 
2022-06-03 16:59:45.095 DEBUG [acme.Launcher@main] Found classpath entry '/C:/Users/david/.m2/repository/org/springframework/boot/spring-boot-starter/2.4.2/spring-boot-starter-2.4.2.jar' 
2022-06-03 16:59:45.097 DEBUG [acme.Launcher@main] Found classpath entry '/C:/Users/david/.m2/repository/org/springframework/boot/spring-boot/2.4.2/spring-boot-2.4.2.jar' 
2022-06-03 16:59:45.097 DEBUG [acme.Launcher@main] Found classpath entry '/C:/Users/david/.m2/repository/org/springframework/boot/spring-boot-autoconfigure/2.4.2/spring-boot-autoconfigure-2.4.2.jar' 
2022-06-03 16:59:45.098 DEBUG [acme.Launcher@main] Found classpath entry '/C:/Users/david/.m2/repository/org/springframework/boot/spring-boot-starter-logging/2.4.2/spring-boot-starter-logging-2.4.2.jar' 
2022-06-03 16:59:45.099 DEBUG [acme.Launcher@main] Found classpath entry '/C:/Users/david/.m2/repository/ch/qos/logback/logback-classic/1.2.3/logback-classic-1.2.3.jar' 
2022-06-03 16:59:45.099 DEBUG [acme.Launcher@main] Found classpath entry '/C:/Users/david/.m2/repository/ch/qos/logback/logback-core/1.2.3/logback-core-1.2.3.jar' 
2022-06-03 16:59:45.100 DEBUG [acme.Launcher@main] Found classpath entry '/C:/Users/david/.m2/repository/org/apache/logging/log4j/log4j-to-slf4j/2.13.3/log4j-to-slf4j-2.13.3.jar' 
2022-06-03 16:59:45.101 DEBUG [acme.Launcher@main] Found classpath entry '/C:/Users/david/.m2/repository/org/apache/logging/log4j/log4j-api/2.13.3/log4j-api-2.13.3.jar' 
2022-06-03 16:59:45.101 DEBUG [acme.Launcher@main] Found classpath entry '/C:/Users/david/.m2/repository/org/slf4j/jul-to-slf4j/1.7.30/jul-to-slf4j-1.7.30.jar' 
2022-06-03 16:59:45.104 DEBUG [acme.Launcher@main] Found classpath entry '/C:/Users/david/.m2/repository/org/yaml/snakeyaml/1.27/snakeyaml-1.27.jar' 
2022-06-03 16:59:45.105 DEBUG [acme.Launcher@main] Found classpath entry '/C:/Users/david/.m2/repository/org/springframework/spring-aop/5.3.3/spring-aop-5.3.3.jar' 
2022-06-03 16:59:45.105 DEBUG [acme.Launcher@main] Found classpath entry '/C:/Users/david/.m2/repository/org/springframework/security/spring-security-web/5.4.2/spring-security-web-5.4.2.jar' 
2022-06-03 16:59:45.106 DEBUG [acme.Launcher@main] Found classpath entry '/C:/Users/david/.m2/repository/org/springframework/security/spring-security-core/5.4.2/spring-security-core-5.4.2.jar' 
2022-06-03 16:59:45.106 DEBUG [acme.Launcher@main] Found classpath entry '/C:/Users/david/.m2/repository/org/springframework/spring-beans/5.3.3/spring-beans-5.3.3.jar' 
2022-06-03 16:59:45.106 DEBUG [acme.Launcher@main] Found classpath entry '/C:/Users/david/.m2/repository/org/springframework/spring-context/5.3.3/spring-context-5.3.3.jar' 
2022-06-03 16:59:45.107 DEBUG [acme.Launcher@main] Found classpath entry '/C:/Users/david/.m2/repository/org/springframework/spring-core/5.3.3/spring-core-5.3.3.jar' 
2022-06-03 16:59:45.107 DEBUG [acme.Launcher@main] Found classpath entry '/C:/Users/david/.m2/repository/org/springframework/spring-jcl/5.3.3/spring-jcl-5.3.3.jar' 
2022-06-03 16:59:45.107 DEBUG [acme.Launcher@main] Found classpath entry '/C:/Users/david/.m2/repository/org/springframework/spring-expression/5.3.3/spring-expression-5.3.3.jar' 
2022-06-03 16:59:45.108 DEBUG [acme.Launcher@main] Found classpath entry '/C:/Users/david/.m2/repository/org/springframework/spring-web/5.3.3/spring-web-5.3.3.jar' 
2022-06-03 16:59:45.109 DEBUG [acme.Launcher@main] Found classpath entry '/C:/Users/david/.m2/repository/org/springframework/security/spring-security-config/5.4.2/spring-security-config-5.4.2.jar' 
2022-06-03 16:59:45.109 DEBUG [acme.Launcher@main] Found classpath entry '/C:/Users/david/.m2/repository/org/springframework/security/spring-security-taglibs/5.4.2/spring-security-taglibs-5.4.2.jar' 
2022-06-03 16:59:45.109 DEBUG [acme.Launcher@main] Found classpath entry '/C:/Users/david/.m2/repository/org/springframework/security/spring-security-acl/5.4.2/spring-security-acl-5.4.2.jar' 
2022-06-03 16:59:45.126 DEBUG [acme.Launcher@main] Found classpath entry '/C:/Users/david/.m2/repository/org/springframework/spring-jdbc/5.3.3/spring-jdbc-5.3.3.jar' 
2022-06-03 16:59:45.126 DEBUG [acme.Launcher@main] Found classpath entry '/C:/Users/david/.m2/repository/org/springframework/spring-tx/5.3.3/spring-tx-5.3.3.jar' 
2022-06-03 16:59:45.126 DEBUG [acme.Launcher@main] Found classpath entry '/C:/Users/david/.m2/repository/org/springframework/boot/spring-boot-starter-web/2.4.2/spring-boot-starter-web-2.4.2.jar' 
2022-06-03 16:59:45.129 DEBUG [acme.Launcher@main] Found classpath entry '/C:/Users/david/.m2/repository/org/springframework/boot/spring-boot-starter-json/2.4.2/spring-boot-starter-json-2.4.2.jar' 
2022-06-03 16:59:45.129 DEBUG [acme.Launcher@main] Found classpath entry '/C:/Users/david/.m2/repository/com/fasterxml/jackson/core/jackson-databind/2.11.4/jackson-databind-2.11.4.jar' 
2022-06-03 16:59:45.130 DEBUG [acme.Launcher@main] Found classpath entry '/C:/Users/david/.m2/repository/com/fasterxml/jackson/core/jackson-annotations/2.11.4/jackson-annotations-2.11.4.jar' 
2022-06-03 16:59:45.130 DEBUG [acme.Launcher@main] Found classpath entry '/C:/Users/david/.m2/repository/com/fasterxml/jackson/core/jackson-core/2.11.4/jackson-core-2.11.4.jar' 
2022-06-03 16:59:45.130 DEBUG [acme.Launcher@main] Found classpath entry '/C:/Users/david/.m2/repository/com/fasterxml/jackson/datatype/jackson-datatype-jdk8/2.11.4/jackson-datatype-jdk8-2.11.4.jar' 
2022-06-03 16:59:45.130 DEBUG [acme.Launcher@main] Found classpath entry '/C:/Users/david/.m2/repository/com/fasterxml/jackson/datatype/jackson-datatype-jsr310/2.11.4/jackson-datatype-jsr310-2.11.4.jar' 
2022-06-03 16:59:45.131 DEBUG [acme.Launcher@main] Found classpath entry '/C:/Users/david/.m2/repository/com/fasterxml/jackson/module/jackson-module-parameter-names/2.11.4/jackson-module-parameter-names-2.11.4.jar' 
2022-06-03 16:59:45.132 DEBUG [acme.Launcher@main] Found classpath entry '/C:/Users/david/.m2/repository/org/springframework/spring-webmvc/5.3.3/spring-webmvc-5.3.3.jar' 
2022-06-03 16:59:45.133 DEBUG [acme.Launcher@main] Found classpath entry '/C:/Users/david/.m2/repository/org/apache/tiles/tiles-jsp/3.0.8/tiles-jsp-3.0.8.jar' 
2022-06-03 16:59:45.133 DEBUG [acme.Launcher@main] Found classpath entry '/C:/Users/david/.m2/repository/org/apache/tiles/tiles-servlet/3.0.8/tiles-servlet-3.0.8.jar' 
2022-06-03 16:59:45.133 DEBUG [acme.Launcher@main] Found classpath entry '/C:/Users/david/.m2/repository/org/apache/tiles/tiles-core/3.0.8/tiles-core-3.0.8.jar' 
2022-06-03 16:59:45.136 DEBUG [acme.Launcher@main] Found classpath entry '/C:/Users/david/.m2/repository/commons-digester/commons-digester/2.0/commons-digester-2.0.jar' 
2022-06-03 16:59:45.136 DEBUG [acme.Launcher@main] Found classpath entry '/C:/Users/david/.m2/repository/org/slf4j/jcl-over-slf4j/1.7.30/jcl-over-slf4j-1.7.30.jar' 
2022-06-03 16:59:45.137 DEBUG [acme.Launcher@main] Found classpath entry '/C:/Users/david/.m2/repository/org/apache/tiles/tiles-request-servlet/1.0.7/tiles-request-servlet-1.0.7.jar' 
2022-06-03 16:59:45.139 DEBUG [acme.Launcher@main] Found classpath entry '/C:/Users/david/.m2/repository/org/apache/tiles/tiles-template/3.0.8/tiles-template-3.0.8.jar' 
2022-06-03 16:59:45.139 DEBUG [acme.Launcher@main] Found classpath entry '/C:/Users/david/.m2/repository/org/apache/tiles/tiles-api/3.0.8/tiles-api-3.0.8.jar' 
2022-06-03 16:59:45.140 DEBUG [acme.Launcher@main] Found classpath entry '/C:/Users/david/.m2/repository/org/apache/tiles/tiles-autotag-core-runtime/1.2/tiles-autotag-core-runtime-1.2.jar' 
2022-06-03 16:59:45.140 DEBUG [acme.Launcher@main] Found classpath entry '/C:/Users/david/.m2/repository/org/slf4j/slf4j-api/1.7.30/slf4j-api-1.7.30.jar' 
2022-06-03 16:59:45.140 DEBUG [acme.Launcher@main] Found classpath entry '/C:/Users/david/.m2/repository/org/apache/tiles/tiles-request-jsp/1.0.7/tiles-request-jsp-1.0.7.jar' 
2022-06-03 16:59:45.141 DEBUG [acme.Launcher@main] Found classpath entry '/C:/Users/david/.m2/repository/org/apache/tiles/tiles-request-api/1.0.7/tiles-request-api-1.0.7.jar' 
2022-06-03 16:59:45.141 DEBUG [acme.Launcher@main] Found classpath entry '/C:/Users/david/.m2/repository/org/springframework/boot/spring-boot-starter-data-jpa/2.4.2/spring-boot-starter-data-jpa-2.4.2.jar' 
2022-06-03 16:59:45.141 DEBUG [acme.Launcher@main] Found classpath entry '/C:/Users/david/.m2/repository/org/springframework/boot/spring-boot-starter-aop/2.4.2/spring-boot-starter-aop-2.4.2.jar' 
2022-06-03 16:59:45.141 DEBUG [acme.Launcher@main] Found classpath entry '/C:/Users/david/.m2/repository/org/aspectj/aspectjweaver/1.9.6/aspectjweaver-1.9.6.jar' 
2022-06-03 16:59:45.142 DEBUG [acme.Launcher@main] Found classpath entry '/C:/Users/david/.m2/repository/org/springframework/boot/spring-boot-starter-jdbc/2.4.2/spring-boot-starter-jdbc-2.4.2.jar' 
2022-06-03 16:59:45.142 DEBUG [acme.Launcher@main] Found classpath entry '/C:/Users/david/.m2/repository/jakarta/transaction/jakarta.transaction-api/1.3.3/jakarta.transaction-api-1.3.3.jar' 
2022-06-03 16:59:45.142 DEBUG [acme.Launcher@main] Found classpath entry '/C:/Users/david/.m2/repository/jakarta/persistence/jakarta.persistence-api/2.2.3/jakarta.persistence-api-2.2.3.jar' 
2022-06-03 16:59:45.143 DEBUG [acme.Launcher@main] Found classpath entry '/C:/Users/david/.m2/repository/org/hibernate/hibernate-core/5.4.27.Final/hibernate-core-5.4.27.Final.jar' 
2022-06-03 16:59:45.143 DEBUG [acme.Launcher@main] Found classpath entry '/C:/Users/david/.m2/repository/org/jboss/logging/jboss-logging/3.4.1.Final/jboss-logging-3.4.1.Final.jar' 
2022-06-03 16:59:45.144 DEBUG [acme.Launcher@main] Found classpath entry '/C:/Users/david/.m2/repository/org/javassist/javassist/3.27.0-GA/javassist-3.27.0-GA.jar' 
2022-06-03 16:59:45.144 DEBUG [acme.Launcher@main] Found classpath entry '/C:/Users/david/.m2/repository/antlr/antlr/2.7.7/antlr-2.7.7.jar' 
2022-06-03 16:59:45.144 DEBUG [acme.Launcher@main] Found classpath entry '/C:/Users/david/.m2/repository/org/jboss/jandex/2.1.3.Final/jandex-2.1.3.Final.jar' 
2022-06-03 16:59:45.144 DEBUG [acme.Launcher@main] Found classpath entry '/C:/Users/david/.m2/repository/com/fasterxml/classmate/1.5.1/classmate-1.5.1.jar' 
2022-06-03 16:59:45.145 DEBUG [acme.Launcher@main] Found classpath entry '/C:/Users/david/.m2/repository/org/dom4j/dom4j/2.1.3/dom4j-2.1.3.jar' 
2022-06-03 16:59:45.145 DEBUG [acme.Launcher@main] Found classpath entry '/C:/Users/david/.m2/repository/org/hibernate/common/hibernate-commons-annotations/5.1.2.Final/hibernate-commons-annotations-5.1.2.Final.jar' 
2022-06-03 16:59:45.146 DEBUG [acme.Launcher@main] Found classpath entry '/C:/Users/david/.m2/repository/org/glassfish/jaxb/jaxb-runtime/2.3.3/jaxb-runtime-2.3.3.jar' 
2022-06-03 16:59:45.149 DEBUG [acme.Launcher@main] Found classpath entry '/C:/Users/david/.m2/repository/org/glassfish/jaxb/txw2/2.3.3/txw2-2.3.3.jar' 
2022-06-03 16:59:45.149 DEBUG [acme.Launcher@main] Found classpath entry '/C:/Users/david/.m2/repository/com/sun/istack/istack-commons-runtime/3.0.11/istack-commons-runtime-3.0.11.jar' 
2022-06-03 16:59:45.150 DEBUG [acme.Launcher@main] Found classpath entry '/C:/Users/david/.m2/repository/com/sun/activation/jakarta.activation/1.2.2/jakarta.activation-1.2.2.jar' 
2022-06-03 16:59:45.151 DEBUG [acme.Launcher@main] Found classpath entry '/C:/Users/david/.m2/repository/org/springframework/data/spring-data-jpa/2.4.3/spring-data-jpa-2.4.3.jar' 
2022-06-03 16:59:45.151 DEBUG [acme.Launcher@main] Found classpath entry '/C:/Users/david/.m2/repository/org/springframework/data/spring-data-commons/2.4.3/spring-data-commons-2.4.3.jar' 
2022-06-03 16:59:45.153 DEBUG [acme.Launcher@main] Found classpath entry '/C:/Users/david/.m2/repository/org/springframework/spring-orm/5.3.3/spring-orm-5.3.3.jar' 
2022-06-03 16:59:45.153 DEBUG [acme.Launcher@main] Found classpath entry '/C:/Users/david/.m2/repository/org/springframework/spring-aspects/5.3.3/spring-aspects-5.3.3.jar' 
2022-06-03 16:59:45.156 DEBUG [acme.Launcher@main] Found classpath entry '/C:/Users/david/.m2/repository/org/springframework/boot/spring-boot-starter-validation/2.4.2/spring-boot-starter-validation-2.4.2.jar' 
2022-06-03 16:59:45.157 DEBUG [acme.Launcher@main] Found classpath entry '/C:/Users/david/.m2/repository/org/hibernate/validator/hibernate-validator/6.1.7.Final/hibernate-validator-6.1.7.Final.jar' 
2022-06-03 16:59:45.158 DEBUG [acme.Launcher@main] Found classpath entry '/C:/Users/david/.m2/repository/jakarta/validation/jakarta.validation-api/2.0.2/jakarta.validation-api-2.0.2.jar' 
2022-06-03 16:59:45.189 DEBUG [acme.Launcher@main] Found classpath entry '/C:/Users/david/.m2/repository/mysql/mysql-connector-java/8.0.22/mysql-connector-java-8.0.22.jar' 
2022-06-03 16:59:45.199 DEBUG [acme.Launcher@main] Found classpath entry '/C:/Users/david/.m2/repository/com/zaxxer/HikariCP/3.4.5/HikariCP-3.4.5.jar' 
2022-06-03 16:59:45.200 DEBUG [acme.Launcher@main] Found classpath entry '/C:/Users/david/.m2/repository/org/springframework/boot/spring-boot-starter-test/2.4.2/spring-boot-starter-test-2.4.2.jar' 
2022-06-03 16:59:45.200 DEBUG [acme.Launcher@main] Found classpath entry '/C:/Users/david/.m2/repository/org/springframework/boot/spring-boot-test/2.4.2/spring-boot-test-2.4.2.jar' 
2022-06-03 16:59:45.200 DEBUG [acme.Launcher@main] Found classpath entry '/C:/Users/david/.m2/repository/org/springframework/boot/spring-boot-test-autoconfigure/2.4.2/spring-boot-test-autoconfigure-2.4.2.jar' 
2022-06-03 16:59:45.201 DEBUG [acme.Launcher@main] Found classpath entry '/C:/Users/david/.m2/repository/com/jayway/jsonpath/json-path/2.4.0/json-path-2.4.0.jar' 
2022-06-03 16:59:45.201 DEBUG [acme.Launcher@main] Found classpath entry '/C:/Users/david/.m2/repository/net/minidev/json-smart/2.3/json-smart-2.3.jar' 
2022-06-03 16:59:45.201 DEBUG [acme.Launcher@main] Found classpath entry '/C:/Users/david/.m2/repository/net/minidev/accessors-smart/1.2/accessors-smart-1.2.jar' 
2022-06-03 16:59:45.201 DEBUG [acme.Launcher@main] Found classpath entry '/C:/Users/david/.m2/repository/org/ow2/asm/asm/5.0.4/asm-5.0.4.jar' 
2022-06-03 16:59:45.203 DEBUG [acme.Launcher@main] Found classpath entry '/C:/Users/david/.m2/repository/jakarta/xml/bind/jakarta.xml.bind-api/2.3.3/jakarta.xml.bind-api-2.3.3.jar' 
2022-06-03 16:59:45.204 DEBUG [acme.Launcher@main] Found classpath entry '/C:/Users/david/.m2/repository/jakarta/activation/jakarta.activation-api/1.2.2/jakarta.activation-api-1.2.2.jar' 
2022-06-03 16:59:45.204 DEBUG [acme.Launcher@main] Found classpath entry '/C:/Users/david/.m2/repository/org/assertj/assertj-core/3.18.1/assertj-core-3.18.1.jar' 
2022-06-03 16:59:45.204 DEBUG [acme.Launcher@main] Found classpath entry '/C:/Users/david/.m2/repository/org/hamcrest/hamcrest/2.2/hamcrest-2.2.jar' 
2022-06-03 16:59:45.204 DEBUG [acme.Launcher@main] Found classpath entry '/C:/Users/david/.m2/repository/org/junit/jupiter/junit-jupiter/5.7.0/junit-jupiter-5.7.0.jar' 
2022-06-03 16:59:45.205 DEBUG [acme.Launcher@main] Found classpath entry '/C:/Users/david/.m2/repository/org/mockito/mockito-core/3.6.28/mockito-core-3.6.28.jar' 
2022-06-03 16:59:45.205 DEBUG [acme.Launcher@main] Found classpath entry '/C:/Users/david/.m2/repository/net/bytebuddy/byte-buddy-agent/1.10.19/byte-buddy-agent-1.10.19.jar' 
2022-06-03 16:59:45.207 DEBUG [acme.Launcher@main] Found classpath entry '/C:/Users/david/.m2/repository/org/objenesis/objenesis/3.1/objenesis-3.1.jar' 
2022-06-03 16:59:45.207 DEBUG [acme.Launcher@main] Found classpath entry '/C:/Users/david/.m2/repository/org/mockito/mockito-junit-jupiter/3.6.28/mockito-junit-jupiter-3.6.28.jar' 
2022-06-03 16:59:45.207 DEBUG [acme.Launcher@main] Found classpath entry '/C:/Users/david/.m2/repository/org/skyscreamer/jsonassert/1.5.0/jsonassert-1.5.0.jar' 
2022-06-03 16:59:45.209 DEBUG [acme.Launcher@main] Found classpath entry '/C:/Users/david/.m2/repository/com/vaadin/external/google/android-json/0.0.20131108.vaadin1/android-json-0.0.20131108.vaadin1.jar' 
2022-06-03 16:59:45.209 DEBUG [acme.Launcher@main] Found classpath entry '/C:/Users/david/.m2/repository/org/springframework/spring-test/5.3.3/spring-test-5.3.3.jar' 
2022-06-03 16:59:45.211 DEBUG [acme.Launcher@main] Found classpath entry '/C:/Users/david/.m2/repository/org/xmlunit/xmlunit-core/2.7.0/xmlunit-core-2.7.0.jar' 
2022-06-03 16:59:45.211 DEBUG [acme.Launcher@main] Found classpath entry '/C:/Users/david/.m2/repository/org/junit/jupiter/junit-jupiter-engine/5.7.0/junit-jupiter-engine-5.7.0.jar' 
2022-06-03 16:59:45.211 DEBUG [acme.Launcher@main] Found classpath entry '/C:/Users/david/.m2/repository/org/apiguardian/apiguardian-api/1.1.0/apiguardian-api-1.1.0.jar' 
2022-06-03 16:59:45.212 DEBUG [acme.Launcher@main] Found classpath entry '/C:/Users/david/.m2/repository/org/junit/platform/junit-platform-engine/1.7.0/junit-platform-engine-1.7.0.jar' 
2022-06-03 16:59:45.212 DEBUG [acme.Launcher@main] Found classpath entry '/C:/Users/david/.m2/repository/org/junit/jupiter/junit-jupiter-api/5.7.0/junit-jupiter-api-5.7.0.jar' 
2022-06-03 16:59:45.212 DEBUG [acme.Launcher@main] Found classpath entry '/C:/Users/david/.m2/repository/org/opentest4j/opentest4j/1.2.0/opentest4j-1.2.0.jar' 
2022-06-03 16:59:45.212 DEBUG [acme.Launcher@main] Found classpath entry '/C:/Users/david/.m2/repository/org/junit/platform/junit-platform-commons/1.7.0/junit-platform-commons-1.7.0.jar' 
2022-06-03 16:59:45.213 DEBUG [acme.Launcher@main] Found classpath entry '/C:/Users/david/.m2/repository/org/junit/jupiter/junit-jupiter-params/5.7.0/junit-jupiter-params-5.7.0.jar' 
2022-06-03 16:59:45.215 DEBUG [acme.Launcher@main] Found classpath entry '/C:/Users/david/.m2/repository/org/junit/platform/junit-platform-launcher/1.7.0/junit-platform-launcher-1.7.0.jar' 
2022-06-03 16:59:45.215 DEBUG [acme.Launcher@main] Found classpath entry '/C:/Users/david/.m2/repository/org/seleniumhq/selenium/selenium-java/3.141.59/selenium-java-3.141.59.jar' 
2022-06-03 16:59:45.215 DEBUG [acme.Launcher@main] Found classpath entry '/C:/Users/david/.m2/repository/org/seleniumhq/selenium/selenium-api/3.141.59/selenium-api-3.141.59.jar' 
2022-06-03 16:59:45.230 DEBUG [acme.Launcher@main] Found classpath entry '/C:/Users/david/.m2/repository/org/seleniumhq/selenium/selenium-chrome-driver/3.141.59/selenium-chrome-driver-3.141.59.jar' 
2022-06-03 16:59:45.238 DEBUG [acme.Launcher@main] Found classpath entry '/C:/Users/david/.m2/repository/org/seleniumhq/selenium/selenium-edge-driver/3.141.59/selenium-edge-driver-3.141.59.jar' 
2022-06-03 16:59:45.239 DEBUG [acme.Launcher@main] Found classpath entry '/C:/Users/david/.m2/repository/org/seleniumhq/selenium/selenium-firefox-driver/3.141.59/selenium-firefox-driver-3.141.59.jar' 
2022-06-03 16:59:45.245 DEBUG [acme.Launcher@main] Found classpath entry '/C:/Users/david/.m2/repository/org/seleniumhq/selenium/selenium-ie-driver/3.141.59/selenium-ie-driver-3.141.59.jar' 
2022-06-03 16:59:45.247 DEBUG [acme.Launcher@main] Found classpath entry '/C:/Users/david/.m2/repository/org/seleniumhq/selenium/selenium-opera-driver/3.141.59/selenium-opera-driver-3.141.59.jar' 
2022-06-03 16:59:45.247 DEBUG [acme.Launcher@main] Found classpath entry '/C:/Users/david/.m2/repository/org/seleniumhq/selenium/selenium-remote-driver/3.141.59/selenium-remote-driver-3.141.59.jar' 
2022-06-03 16:59:45.248 DEBUG [acme.Launcher@main] Found classpath entry '/C:/Users/david/.m2/repository/org/seleniumhq/selenium/selenium-safari-driver/3.141.59/selenium-safari-driver-3.141.59.jar' 
2022-06-03 16:59:45.248 DEBUG [acme.Launcher@main] Found classpath entry '/C:/Users/david/.m2/repository/org/seleniumhq/selenium/selenium-support/3.141.59/selenium-support-3.141.59.jar' 
2022-06-03 16:59:45.249 DEBUG [acme.Launcher@main] Found classpath entry '/C:/Users/david/.m2/repository/net/bytebuddy/byte-buddy/1.10.19/byte-buddy-1.10.19.jar' 
2022-06-03 16:59:45.249 DEBUG [acme.Launcher@main] Found classpath entry '/C:/Users/david/.m2/repository/org/apache/commons/commons-exec/1.3/commons-exec-1.3.jar' 
2022-06-03 16:59:45.249 DEBUG [acme.Launcher@main] Found classpath entry '/C:/Users/david/.m2/repository/com/google/guava/guava/25.0-jre/guava-25.0-jre.jar' 
2022-06-03 16:59:45.249 DEBUG [acme.Launcher@main] Found classpath entry '/C:/Users/david/.m2/repository/com/google/code/findbugs/jsr305/1.3.9/jsr305-1.3.9.jar' 
2022-06-03 16:59:45.249 DEBUG [acme.Launcher@main] Found classpath entry '/C:/Users/david/.m2/repository/org/checkerframework/checker-compat-qual/2.0.0/checker-compat-qual-2.0.0.jar' 
2022-06-03 16:59:45.250 DEBUG [acme.Launcher@main] Found classpath entry '/C:/Users/david/.m2/repository/com/google/errorprone/error_prone_annotations/2.1.3/error_prone_annotations-2.1.3.jar' 
2022-06-03 16:59:45.250 DEBUG [acme.Launcher@main] Found classpath entry '/C:/Users/david/.m2/repository/com/google/j2objc/j2objc-annotations/1.1/j2objc-annotations-1.1.jar' 
2022-06-03 16:59:45.250 DEBUG [acme.Launcher@main] Found classpath entry '/C:/Users/david/.m2/repository/org/codehaus/mojo/animal-sniffer-annotations/1.14/animal-sniffer-annotations-1.14.jar' 
2022-06-03 16:59:45.250 DEBUG [acme.Launcher@main] Found classpath entry '/C:/Users/david/.m2/repository/com/squareup/okhttp3/okhttp/3.14.9/okhttp-3.14.9.jar' 
2022-06-03 16:59:45.251 DEBUG [acme.Launcher@main] Found classpath entry '/C:/Users/david/.m2/repository/com/squareup/okio/okio/1.14.0/okio-1.14.0.jar' 
2022-06-03 16:59:45.251 DEBUG [acme.Launcher@main] Found classpath entry '/C:/Users/david/.m2/repository/org/apache/commons/commons-lang3/3.11/commons-lang3-3.11.jar' 
2022-06-03 16:59:45.251 DEBUG [acme.Launcher@main] Found classpath entry '/C:/Users/david/.m2/repository/org/apache/commons/commons-text/1.8/commons-text-1.8.jar' 
2022-06-03 16:59:45.251 DEBUG [acme.Launcher@main] Found classpath entry '/C:/Users/david/.m2/repository/commons-io/commons-io/2.6/commons-io-2.6.jar' 
2022-06-03 16:59:45.251 DEBUG [acme.Launcher@main] Found classpath entry '/C:/Users/david/.m2/repository/commons-cli/commons-cli/1.4/commons-cli-1.4.jar' 
2022-06-03 16:59:45.251 DEBUG [acme.Launcher@main] Found classpath entry '/C:/Users/david/.m2/repository/org/projectlombok/lombok/1.18.16/lombok-1.18.16.jar' 
2022-06-03 16:59:45.252 DEBUG [acme.Launcher@main] Found classpath entry '/C:/Users/david/.m2/repository/com/opencsv/opencsv/5.4/opencsv-5.4.jar' 
2022-06-03 16:59:45.252 DEBUG [acme.Launcher@main] Found classpath entry '/C:/Users/david/.m2/repository/commons-beanutils/commons-beanutils/1.9.4/commons-beanutils-1.9.4.jar' 
2022-06-03 16:59:45.252 DEBUG [acme.Launcher@main] Found classpath entry '/C:/Users/david/.m2/repository/commons-logging/commons-logging/1.2/commons-logging-1.2.jar' 
2022-06-03 16:59:45.252 DEBUG [acme.Launcher@main] Found classpath entry '/C:/Users/david/.m2/repository/commons-collections/commons-collections/3.2.2/commons-collections-3.2.2.jar' 
2022-06-03 16:59:45.253 DEBUG [acme.Launcher@main] Found classpath entry '/C:/Users/david/.m2/repository/org/apache/commons/commons-collections4/4.4/commons-collections4-4.4.jar' 
2022-06-03 16:59:45.692 DEBUG [acme.Launcher@main] Found entity class 'acme.entities.announcements.Announcement 
2022-06-03 16:59:45.692 DEBUG [acme.Launcher@main] Found entity class 'acme.entities.artifacts.Artifact 
2022-06-03 16:59:45.693 DEBUG [acme.Launcher@main] Found entity class 'acme.entities.artifacts.Quantity 
2022-06-03 16:59:45.693 DEBUG [acme.Launcher@main] Found entity class 'acme.entities.artifacts.Toolkit 
2022-06-03 16:59:45.694 DEBUG [acme.Launcher@main] Found entity class 'acme.entities.chirps.Chirp 
2022-06-03 16:59:45.694 DEBUG [acme.Launcher@main] Found entity class 'acme.entities.configData.ConfigData 
2022-06-03 16:59:45.694 DEBUG [acme.Launcher@main] Found entity class 'acme.entities.patronage.Patronage 
2022-06-03 16:59:45.694 DEBUG [acme.Launcher@main] Found entity class 'acme.entities.patronage.PatronageReport 
2022-06-03 16:59:45.694 DEBUG [acme.Launcher@main] Found entity class 'acme.entities.troqua.Troqua 
2022-06-03 16:59:45.695 DEBUG [acme.Launcher@main] Found entity class 'acme.roles.Inventor 
2022-06-03 16:59:45.695 DEBUG [acme.Launcher@main] Found entity class 'acme.roles.Patron 
2022-06-03 16:59:45.695 DEBUG [acme.Launcher@main] Found entity class 'acme.framework.entities.UserAccount 
2022-06-03 16:59:45.695 DEBUG [acme.Launcher@main] Found entity class 'acme.framework.roles.Administrator 
2022-06-03 16:59:45.695 DEBUG [acme.Launcher@main] Found entity class 'acme.framework.roles.Anonymous 
2022-06-03 16:59:45.695 DEBUG [acme.Launcher@main] Found entity class 'acme.framework.roles.Any 
2022-06-03 16:59:45.696 DEBUG [acme.Launcher@main] Found entity class 'acme.framework.roles.Authenticated 
2022-06-03 16:59:45.704 INFO  [acme.Launcher@main] Populating (sample data) 
2022-06-03 16:59:45.709 INFO  [acme.framework.components.database.DatabasePopulator@main] Reading entities from 'classpath:/WEB-INF/resources/initial-data' 
2022-06-03 16:59:45.731 DEBUG [acme.framework.components.database.Dataset@main] Reading dataset from 'C:\Workspace-22.0\Projects\Acme-Toolkits-Individual-Deliverable\target\classes\WEB-INF\resources\initial-data\administrator.csv' 
2022-06-03 16:59:46.095 DEBUG [acme.framework.components.database.Dataset@main] Reading mapping '{key:user-account=user-account-administrator-01, key=administrator-01}' from 'C:\Workspace-22.0\Projects\Acme-Toolkits-Individual-Deliverable\target\classes\WEB-INF\resources\initial-data\administrator.csv' 
2022-06-03 16:59:46.099 DEBUG [acme.framework.components.database.Dataset@main] Reading dataset from 'C:\Workspace-22.0\Projects\Acme-Toolkits-Individual-Deliverable\target\classes\WEB-INF\resources\initial-data\anonymous.csv' 
2022-06-03 16:59:46.100 DEBUG [acme.framework.components.database.Dataset@main] Reading mapping '{key:user-account=user-account-anonymous-01, key=anonymous-01}' from 'C:\Workspace-22.0\Projects\Acme-Toolkits-Individual-Deliverable\target\classes\WEB-INF\resources\initial-data\anonymous.csv' 
2022-06-03 16:59:46.101 DEBUG [acme.framework.components.database.Dataset@main] Reading dataset from 'C:\Workspace-22.0\Projects\Acme-Toolkits-Individual-Deliverable\target\classes\WEB-INF\resources\initial-data\config-data.csv' 
2022-06-03 16:59:46.116 DEBUG [acme.framework.components.database.Dataset@main] Reading mapping '{weak-spam-terms=sexy,nigeria,you've won,has ganado, strong-spam-treshold=10, accepted-currencies=EUR, USD, GBP, weak-spam-treshold=25, system-currency=EUR, strong-spam-terms=sex,hard core,viagra,cialis,sexo,hardcore, key=config-data}' from 'C:\Workspace-22.0\Projects\Acme-Toolkits-Individual-Deliverable\target\classes\WEB-INF\resources\initial-data\config-data.csv' 
2022-06-03 16:59:46.117 DEBUG [acme.framework.components.database.Dataset@main] Reading dataset from 'C:\Workspace-22.0\Projects\Acme-Toolkits-Individual-Deliverable\target\classes\WEB-INF\resources\initial-data\inventor.csv' 
2022-06-03 16:59:46.119 DEBUG [acme.framework.components.database.Dataset@main] Reading mapping '{key:user-account=user-account-inventor1, statement=task failed, link=https://www.google.com, company=Apple, key=inventor-01}' from 'C:\Workspace-22.0\Projects\Acme-Toolkits-Individual-Deliverable\target\classes\WEB-INF\resources\initial-data\inventor.csv' 
2022-06-03 16:59:46.119 DEBUG [acme.framework.components.database.Dataset@main] Reading mapping '{key:user-account=user-account-inventor2, statement=Task failed, link=https://www.google.com, company=Apple, key=inventor-02}' from 'C:\Workspace-22.0\Projects\Acme-Toolkits-Individual-Deliverable\target\classes\WEB-INF\resources\initial-data\inventor.csv' 
2022-06-03 16:59:46.121 DEBUG [acme.framework.components.database.Dataset@main] Reading dataset from 'C:\Workspace-22.0\Projects\Acme-Toolkits-Individual-Deliverable\target\classes\WEB-INF\resources\initial-data\patron.csv' 
2022-06-03 16:59:46.122 DEBUG [acme.framework.components.database.Dataset@main] Reading mapping '{key:user-account=user-account-patron1, statement=Task completed, link=https://www.google.com, company=Microsoft, key=patron-01}' from 'C:\Workspace-22.0\Projects\Acme-Toolkits-Individual-Deliverable\target\classes\WEB-INF\resources\initial-data\patron.csv' 
2022-06-03 16:59:46.122 DEBUG [acme.framework.components.database.Dataset@main] Reading mapping '{key:user-account=user-account-patron2, statement=Task completed, link=https://www.google.com, company=Microsoft, key=patron-02}' from 'C:\Workspace-22.0\Projects\Acme-Toolkits-Individual-Deliverable\target\classes\WEB-INF\resources\initial-data\patron.csv' 
2022-06-03 16:59:46.127 DEBUG [acme.framework.components.database.Dataset@main] Reading dataset from 'C:\Workspace-22.0\Projects\Acme-Toolkits-Individual-Deliverable\target\classes\WEB-INF\resources\initial-data\user-account.csv' 
2022-06-03 16:59:46.128 DEBUG [acme.framework.components.database.Dataset@main] Reading mapping '{password=HIDDEN-PASSWORD, identity=UserIdentity{name: 'John', surname: 'Doe', email: 'john.doe@acme.com'}, key=user-account-anonymous-01, enabled=false, username=anonymous}' from 'C:\Workspace-22.0\Projects\Acme-Toolkits-Individual-Deliverable\target\classes\WEB-INF\resources\initial-data\user-account.csv' 
2022-06-03 16:59:46.130 DEBUG [acme.framework.components.database.Dataset@main] Reading mapping '{password=administrator, identity=UserIdentity{name: 'Administrator', surname: 'Acme', email: 'administrator@acme.com'}, key=user-account-administrator-01, enabled=true, username=administrator}' from 'C:\Workspace-22.0\Projects\Acme-Toolkits-Individual-Deliverable\target\classes\WEB-INF\resources\initial-data\user-account.csv' 
2022-06-03 16:59:46.134 DEBUG [acme.framework.components.database.Dataset@main] Reading mapping '{password=patron1, identity=UserIdentity{name: 'patron', surname: '1', email: 'patron@1.com'}, key=user-account-patron1, enabled=true, username=patron1}' from 'C:\Workspace-22.0\Projects\Acme-Toolkits-Individual-Deliverable\target\classes\WEB-INF\resources\initial-data\user-account.csv' 
2022-06-03 16:59:46.147 DEBUG [acme.framework.components.database.Dataset@main] Reading mapping '{password=patron2, identity=UserIdentity{name: 'patron', surname: '2', email: 'patron@2.com'}, key=user-account-patron2, enabled=true, username=patron2}' from 'C:\Workspace-22.0\Projects\Acme-Toolkits-Individual-Deliverable\target\classes\WEB-INF\resources\initial-data\user-account.csv' 
2022-06-03 16:59:46.150 DEBUG [acme.framework.components.database.Dataset@main] Reading mapping '{password=inventor1, identity=UserIdentity{name: 'inventor', surname: '1', email: 'inventor@1.com'}, key=user-account-inventor1, enabled=true, username=inventor1}' from 'C:\Workspace-22.0\Projects\Acme-Toolkits-Individual-Deliverable\target\classes\WEB-INF\resources\initial-data\user-account.csv' 
2022-06-03 16:59:46.151 DEBUG [acme.framework.components.database.Dataset@main] Reading mapping '{password=inventor2, identity=UserIdentity{name: 'inventor', surname: '2', email: 'inventor@2.com'}, key=user-account-inventor2, enabled=true, username=inventor2}' from 'C:\Workspace-22.0\Projects\Acme-Toolkits-Individual-Deliverable\target\classes\WEB-INF\resources\initial-data\user-account.csv' 
2022-06-03 16:59:46.152 DEBUG [acme.framework.components.database.EntityWeb@main] Setting attributes of entities of class acme.framework.entities.UserAccount 
2022-06-03 16:59:46.842 DEBUG [acme.framework.components.database.EntityWeb@main] Setting attributes of entities of class acme.entities.configData.ConfigData 
2022-06-03 16:59:46.855 DEBUG [acme.framework.components.database.EntityWeb@main] Setting attributes of entities of class acme.roles.Inventor 
2022-06-03 16:59:46.867 DEBUG [acme.framework.components.database.EntityWeb@main] Setting attributes of entities of class acme.framework.roles.Administrator 
2022-06-03 16:59:46.868 DEBUG [acme.framework.components.database.EntityWeb@main] Setting attributes of entities of class acme.framework.roles.Anonymous 
2022-06-03 16:59:46.868 DEBUG [acme.framework.components.database.EntityWeb@main] Setting attributes of entities of class acme.roles.Patron 
2022-06-03 16:59:46.879 DEBUG [acme.framework.components.database.EntityWeb@main] Linking entities of class acme.framework.entities.UserAccount 
2022-06-03 16:59:46.880 DEBUG [acme.framework.components.database.EntityWeb@main] Linking entities of class acme.entities.configData.ConfigData 
2022-06-03 16:59:46.880 DEBUG [acme.framework.components.database.EntityWeb@main] Linking entities of class acme.roles.Inventor 
2022-06-03 16:59:46.881 DEBUG [acme.framework.components.database.EntityWeb@main] Linking entities of class acme.framework.roles.Administrator 
2022-06-03 16:59:46.890 DEBUG [acme.framework.components.database.EntityWeb@main] Linking entities of class acme.framework.roles.Anonymous 
2022-06-03 16:59:46.901 DEBUG [acme.framework.components.database.EntityWeb@main] Linking entities of class acme.roles.Patron 
2022-06-03 16:59:46.903 INFO  [acme.framework.components.database.DatabasePopulator@main] Reading entities from 'classpath:/WEB-INF/resources/sample-data' 
2022-06-03 16:59:46.906 DEBUG [acme.framework.components.database.Dataset@main] Reading dataset from 'C:\Workspace-22.0\Projects\Acme-Toolkits-Individual-Deliverable\target\classes\WEB-INF\resources\sample-data\announcement.csv' 
2022-06-03 16:59:46.908 DEBUG [acme.framework.components.database.Dataset@main] Reading mapping '{critical=true, link=https://www.thebatman.com, title=The Batman only on cinemas now!, body=Go to the cinemas now, key=announcement-01, moment=2022/04/21 21:50}' from 'C:\Workspace-22.0\Projects\Acme-Toolkits-Individual-Deliverable\target\classes\WEB-INF\resources\sample-data\announcement.csv' 
2022-06-03 16:59:46.908 DEBUG [acme.framework.components.database.Dataset@main] Reading mapping '{critical=false, link=https://www.google.com, title=I don't know what to say!, body=Seriously i have no clue, key=announcement-02, moment=2022/04/22 21:45}' from 'C:\Workspace-22.0\Projects\Acme-Toolkits-Individual-Deliverable\target\classes\WEB-INF\resources\sample-data\announcement.csv' 
2022-06-03 16:59:46.909 DEBUG [acme.framework.components.database.Dataset@main] Reading dataset from 'C:\Workspace-22.0\Projects\Acme-Toolkits-Individual-Deliverable\target\classes\WEB-INF\resources\sample-data\artifact.csv' 
2022-06-03 16:59:46.913 DEBUG [acme.framework.components.database.Dataset@main] Reading mapping '{key:inventor=inventor-01, code=FBI-123-A, link=https://www.arduino.cc/, description=A component developed using Arduino technology, technology=Arduino, published=true, retail-price=EUR 50.0, key:troqua=null, artifact-type=COMPONENT, name=Placa arduino, key=artifact-01}' from 'C:\Workspace-22.0\Projects\Acme-Toolkits-Individual-Deliverable\target\classes\WEB-INF\resources\sample-data\artifact.csv' 
2022-06-03 16:59:46.914 DEBUG [acme.framework.components.database.Dataset@main] Reading mapping '{key:inventor=inventor-01, code=ABC-123-T, link=https://www.mariadb.com/, description=Database gestion system, technology=MySQL, published=true, retail-price=EUR 60.0, key:troqua=null, artifact-type=TOOL, name=MariaDB, key=artifact-02}' from 'C:\Workspace-22.0\Projects\Acme-Toolkits-Individual-Deliverable\target\classes\WEB-INF\resources\sample-data\artifact.csv' 
2022-06-03 16:59:46.914 DEBUG [acme.framework.components.database.Dataset@main] Reading mapping '{key:inventor=inventor-02, code=AVR-001-A, link=https://start.atmel.com/, description=An easily programmable microcontroller , technology=RISC, published=true, retail-price=EUR 60.0, key:troqua=null, artifact-type=COMPONENT, name=AVR ATMega, key=artifact-03}' from 'C:\Workspace-22.0\Projects\Acme-Toolkits-Individual-Deliverable\target\classes\WEB-INF\resources\sample-data\artifact.csv' 
2022-06-03 16:59:46.917 DEBUG [acme.framework.components.database.Dataset@main] Reading mapping '{key:inventor=inventor-02, code=ZYX-084-B, link=https://www.adobe.com, description=A fast program for Graphic Desing, technology=Photoshop, published=true, retail-price=EUR 20.0, key:troqua=null, artifact-type=TOOL, name=Adobo photocho, key=artifact-04}' from 'C:\Workspace-22.0\Projects\Acme-Toolkits-Individual-Deliverable\target\classes\WEB-INF\resources\sample-data\artifact.csv' 
2022-06-03 16:59:46.918 DEBUG [acme.framework.components.database.Dataset@main] Reading mapping '{key:inventor=inventor-02, code=ABC-084-B, link=https://www.adobe.com, description=A small program for Graphic Desing, technology=Photoshop, published=false, retail-price=EUR 20.0, key:troqua=null, artifact-type=TOOL, name=Adobo sega, key=artifact-05}' from 'C:\Workspace-22.0\Projects\Acme-Toolkits-Individual-Deliverable\target\classes\WEB-INF\resources\sample-data\artifact.csv' 
2022-06-03 16:59:46.918 DEBUG [acme.framework.components.database.Dataset@main] Reading mapping '{key:inventor=inventor-02, code=AFR-001-A, link=https://start.atmel.com/, description=An easily programmable exam about test , technology=Ready, published=false, retail-price=EUR 20.0, key:troqua=null, artifact-type=COMPONENT, name=AC Prueba, key=artifact-06}' from 'C:\Workspace-22.0\Projects\Acme-Toolkits-Individual-Deliverable\target\classes\WEB-INF\resources\sample-data\artifact.csv' 
2022-06-03 16:59:46.919 DEBUG [acme.framework.components.database.Dataset@main] Reading mapping '{key:inventor=inventor-02, code=AFR-301-A, link=https://start.atmel.com/, description=An easily programmable exam about test , technology=Ready2, published=false, retail-price=EUR 10.0, key:troqua=null, artifact-type=COMPONENT, name=AZ Prueba, key=artifact-07}' from 'C:\Workspace-22.0\Projects\Acme-Toolkits-Individual-Deliverable\target\classes\WEB-INF\resources\sample-data\artifact.csv' 
2022-06-03 16:59:46.921 DEBUG [acme.framework.components.database.Dataset@main] Reading dataset from 'C:\Workspace-22.0\Projects\Acme-Toolkits-Individual-Deliverable\target\classes\WEB-INF\resources\sample-data\chirp.csv' 
2022-06-03 16:59:46.922 DEBUG [acme.framework.components.database.Dataset@main] Reading mapping '{author=Don Mclean, title=Amazing Chirp, body=What an amazing Chirp!, key=chirp-01, email=amazingChirp@mail.com, moment=2022/04/23 18:33}' from 'C:\Workspace-22.0\Projects\Acme-Toolkits-Individual-Deliverable\target\classes\WEB-INF\resources\sample-data\chirp.csv' 
2022-06-03 16:59:46.923 DEBUG [acme.framework.components.database.Dataset@main] Reading mapping '{author=Roger Daltrey, title=The Chirp, body=The Roger's Chirp, key=chirp-02, email=rogersChirp@mail.com, moment=2013/02/28 14:23}' from 'C:\Workspace-22.0\Projects\Acme-Toolkits-Individual-Deliverable\target\classes\WEB-INF\resources\sample-data\chirp.csv' 
2022-06-03 16:59:46.925 DEBUG [acme.framework.components.database.Dataset@main] Reading dataset from 'C:\Workspace-22.0\Projects\Acme-Toolkits-Individual-Deliverable\target\classes\WEB-INF\resources\sample-data\patronage-report.csv' 
2022-06-03 16:59:46.927 DEBUG [acme.framework.components.database.Dataset@main] Reading mapping '{serial-number=0001, key:patronage=patronage-01, link=https://www.nano.com, creation-moment=2021/12/01 12:00, memorandum=Patronage accepted!, key=patronage-report-01}' from 'C:\Workspace-22.0\Projects\Acme-Toolkits-Individual-Deliverable\target\classes\WEB-INF\resources\sample-data\patronage-report.csv' 
2022-06-03 16:59:46.927 DEBUG [acme.framework.components.database.Dataset@main] Reading mapping '{serial-number=0002, key:patronage=patronage-02, link=https://www.ham.com, creation-moment=2020/12/01 12:00, memorandum=Patronage denied!, key=patronage-report-02}' from 'C:\Workspace-22.0\Projects\Acme-Toolkits-Individual-Deliverable\target\classes\WEB-INF\resources\sample-data\patronage-report.csv' 
2022-06-03 16:59:46.928 DEBUG [acme.framework.components.database.Dataset@main] Reading dataset from 'C:\Workspace-22.0\Projects\Acme-Toolkits-Individual-Deliverable\target\classes\WEB-INF\resources\sample-data\patronage.csv' 
2022-06-03 16:59:46.930 DEBUG [acme.framework.components.database.Dataset@main] Reading mapping '{key:inventor=inventor-01, code=ALO-014-A, legal-stuff=Absolutely legal, finish-date=2022/12/31 15:00, link=https://www.nano.com, start-date=2021/12/31 12:00, draft-mode=false, key:patron=patron-01, key=patronage-01, status=ACCEPTED, budget=EUR 250.00}' from 'C:\Workspace-22.0\Projects\Acme-Toolkits-Individual-Deliverable\target\classes\WEB-INF\resources\sample-data\patronage.csv' 
2022-06-03 16:59:46.930 DEBUG [acme.framework.components.database.Dataset@main] Reading mapping '{key:inventor=inventor-01, code=HAM-044-B, legal-stuff=Totally illegal, finish-date=2021/12/30 22:47, link=https://www.ham.com, start-date=2020/12/31 15:36, draft-mode=false, key:patron=patron-02, key=patronage-02, status=DENIED, budget=EUR 50.00}' from 'C:\Workspace-22.0\Projects\Acme-Toolkits-Individual-Deliverable\target\classes\WEB-INF\resources\sample-data\patronage.csv' 
2022-06-03 16:59:46.931 DEBUG [acme.framework.components.database.Dataset@main] Reading mapping '{key:inventor=inventor-01, code=ABC-044-D, legal-stuff=Totally illegal, finish-date=2021/12/30 22:47, link=https://www.ham.com, start-date=2020/12/31 15:36, draft-mode=true, key:patron=patron-02, key=patronage-03, status=PROPOSED, budget=EUR 135.20}' from 'C:\Workspace-22.0\Projects\Acme-Toolkits-Individual-Deliverable\target\classes\WEB-INF\resources\sample-data\patronage.csv' 
2022-06-03 16:59:46.931 DEBUG [acme.framework.components.database.Dataset@main] Reading mapping '{key:inventor=inventor-02, code=ZXC-044-B, legal-stuff=Totally illegal, finish-date=2020/12/30 22:47, link=https://www.google.com, start-date=2020/12/31 15:36, draft-mode=false, key:patron=patron-01, key=patronage-04, status=PROPOSED, budget=EUR 75.20}' from 'C:\Workspace-22.0\Projects\Acme-Toolkits-Individual-Deliverable\target\classes\WEB-INF\resources\sample-data\patronage.csv' 
2022-06-03 16:59:46.933 DEBUG [acme.framework.components.database.Dataset@main] Reading dataset from 'C:\Workspace-22.0\Projects\Acme-Toolkits-Individual-Deliverable\target\classes\WEB-INF\resources\sample-data\quantity.csv' 
2022-06-03 16:59:46.934 DEBUG [acme.framework.components.database.Dataset@main] Reading mapping '{key:artifact=artifact-01, amount=3, key:toolkit=toolkit-01, key=quantity-01}' from 'C:\Workspace-22.0\Projects\Acme-Toolkits-Individual-Deliverable\target\classes\WEB-INF\resources\sample-data\quantity.csv' 
2022-06-03 16:59:46.934 DEBUG [acme.framework.components.database.Dataset@main] Reading mapping '{key:artifact=artifact-02, amount=1, key:toolkit=toolkit-01, key=quantity-02}' from 'C:\Workspace-22.0\Projects\Acme-Toolkits-Individual-Deliverable\target\classes\WEB-INF\resources\sample-data\quantity.csv' 
2022-06-03 16:59:46.934 DEBUG [acme.framework.components.database.Dataset@main] Reading mapping '{key:artifact=artifact-03, amount=2, key:toolkit=toolkit-02, key=quantity-03}' from 'C:\Workspace-22.0\Projects\Acme-Toolkits-Individual-Deliverable\target\classes\WEB-INF\resources\sample-data\quantity.csv' 
2022-06-03 16:59:46.935 DEBUG [acme.framework.components.database.Dataset@main] Reading mapping '{key:artifact=artifact-04, amount=1, key:toolkit=toolkit-02, key=quantity-04}' from 'C:\Workspace-22.0\Projects\Acme-Toolkits-Individual-Deliverable\target\classes\WEB-INF\resources\sample-data\quantity.csv' 
2022-06-03 16:59:46.936 DEBUG [acme.framework.components.database.Dataset@main] Reading dataset from 'C:\Workspace-22.0\Projects\Acme-Toolkits-Individual-Deliverable\target\classes\WEB-INF\resources\sample-data\toolkit.csv' 
2022-06-03 16:59:46.937 DEBUG [acme.framework.components.database.Dataset@main] Reading mapping '{assemblyNotes=nothing important, key:inventor=inventor-01, code=LOL-909-B, link=https://www.tool.com, description=A complete tech tool kit, published=false, title=Tech Tool Kit, key=toolkit-01}' from 'C:\Workspace-22.0\Projects\Acme-Toolkits-Individual-Deliverable\target\classes\WEB-INF\resources\sample-data\toolkit.csv' 
2022-06-03 16:59:46.938 DEBUG [acme.framework.components.database.Dataset@main] Reading mapping '{assemblyNotes=assembly with caution, key:inventor=inventor-01, code=XDD-191-A, link=null, description=a, published=true, title=Awesome Tool Kit, key=toolkit-02}' from 'C:\Workspace-22.0\Projects\Acme-Toolkits-Individual-Deliverable\target\classes\WEB-INF\resources\sample-data\toolkit.csv' 
2022-06-03 16:59:46.938 DEBUG [acme.framework.components.database.EntityWeb@main] Setting attributes of entities of class acme.entities.artifacts.Quantity 
2022-06-03 16:59:46.945 DEBUG [acme.framework.components.database.EntityWeb@main] Setting attributes of entities of class acme.entities.artifacts.Artifact 
2022-06-03 16:59:46.972 DEBUG [acme.framework.components.database.EntityWeb@main] Setting attributes of entities of class acme.entities.chirps.Chirp 
2022-06-03 16:59:47.022 DEBUG [acme.framework.configuration.ExtendedMessageSource@main] Loading properties [C:\Workspace-22.0\Projects\Acme-Toolkits-Individual-Deliverable\target\classes\WEB-INF\views\administrator\administrator-dashboard\messages-en.i18n] with encoding 'utf-8' 
2022-06-03 16:59:47.026 DEBUG [acme.framework.configuration.ExtendedMessageSource@main] Loading properties [C:\Workspace-22.0\Projects\Acme-Toolkits-Individual-Deliverable\target\classes\WEB-INF\views\administrator\announcement\messsages-en.i18n] with encoding 'utf-8' 
2022-06-03 16:59:47.028 DEBUG [acme.framework.configuration.ExtendedMessageSource@main] Loading properties [C:\Workspace-22.0\Projects\Acme-Toolkits-Individual-Deliverable\target\classes\WEB-INF\views\administrator\config-data\messsages-en.i18n] with encoding 'utf-8' 
2022-06-03 16:59:47.030 DEBUG [acme.framework.configuration.ExtendedMessageSource@main] Loading properties [C:\Workspace-22.0\Projects\Acme-Toolkits-Individual-Deliverable\target\classes\WEB-INF\views\administrator\user-account\messages-en.i18n] with encoding 'utf-8' 
2022-06-03 16:59:47.031 DEBUG [acme.framework.configuration.ExtendedMessageSource@main] Loading properties [C:\Workspace-22.0\Projects\Acme-Toolkits-Individual-Deliverable\target\classes\WEB-INF\views\anonymous\user-account\messages-en.i18n] with encoding 'utf-8' 
2022-06-03 16:59:47.033 DEBUG [acme.framework.configuration.ExtendedMessageSource@main] Loading properties [C:\Workspace-22.0\Projects\Acme-Toolkits-Individual-Deliverable\target\classes\WEB-INF\views\any\artifact\messages-en.i18n] with encoding 'utf-8' 
2022-06-03 16:59:47.035 DEBUG [acme.framework.configuration.ExtendedMessageSource@main] Loading properties [C:\Workspace-22.0\Projects\Acme-Toolkits-Individual-Deliverable\target\classes\WEB-INF\views\any\chirp\messages-en.i18n] with encoding 'utf-8' 
2022-06-03 16:59:47.037 DEBUG [acme.framework.configuration.ExtendedMessageSource@main] Loading properties [C:\Workspace-22.0\Projects\Acme-Toolkits-Individual-Deliverable\target\classes\WEB-INF\views\any\toolkit\messages-en.i18n] with encoding 'utf-8' 
2022-06-03 16:59:47.038 DEBUG [acme.framework.configuration.ExtendedMessageSource@main] Loading properties [C:\Workspace-22.0\Projects\Acme-Toolkits-Individual-Deliverable\target\classes\WEB-INF\views\any\user-account\messages-en.i18n] with encoding 'utf-8' 
2022-06-03 16:59:47.040 DEBUG [acme.framework.configuration.ExtendedMessageSource@main] Loading properties [C:\Workspace-22.0\Projects\Acme-Toolkits-Individual-Deliverable\target\classes\WEB-INF\views\authenticated\announcement\messsages-en.i18n] with encoding 'utf-8' 
2022-06-03 16:59:47.042 DEBUG [acme.framework.configuration.ExtendedMessageSource@main] Loading properties [C:\Workspace-22.0\Projects\Acme-Toolkits-Individual-Deliverable\target\classes\WEB-INF\views\authenticated\config-data\messsages-en.i18n] with encoding 'utf-8' 
2022-06-03 16:59:47.044 DEBUG [acme.framework.configuration.ExtendedMessageSource@main] Loading properties [C:\Workspace-22.0\Projects\Acme-Toolkits-Individual-Deliverable\target\classes\WEB-INF\views\authenticated\consumer\messsages-en.i18n] with encoding 'utf-8' 
2022-06-03 16:59:47.045 DEBUG [acme.framework.configuration.ExtendedMessageSource@main] Loading properties [C:\Workspace-22.0\Projects\Acme-Toolkits-Individual-Deliverable\target\classes\WEB-INF\views\authenticated\inventor\messsages-en.i18n] with encoding 'utf-8' 
2022-06-03 16:59:47.047 DEBUG [acme.framework.configuration.ExtendedMessageSource@main] Loading properties [C:\Workspace-22.0\Projects\Acme-Toolkits-Individual-Deliverable\target\classes\WEB-INF\views\authenticated\patron\messsages-en.i18n] with encoding 'utf-8' 
2022-06-03 16:59:47.049 DEBUG [acme.framework.configuration.ExtendedMessageSource@main] Loading properties [C:\Workspace-22.0\Projects\Acme-Toolkits-Individual-Deliverable\target\classes\WEB-INF\views\authenticated\provider\messsages-en.i18n] with encoding 'utf-8' 
2022-06-03 16:59:47.053 DEBUG [acme.framework.configuration.ExtendedMessageSource@main] Loading properties [C:\Workspace-22.0\Projects\Acme-Toolkits-Individual-Deliverable\target\classes\WEB-INF\views\authenticated\user-account\messages-en.i18n] with encoding 'utf-8' 
2022-06-03 16:59:47.054 DEBUG [acme.framework.configuration.ExtendedMessageSource@main] Loading properties [C:\Workspace-22.0\Projects\Acme-Toolkits-Individual-Deliverable\target\classes\WEB-INF\views\fragments\banner-en.i18n] with encoding 'utf-8' 
2022-06-03 16:59:47.056 DEBUG [acme.framework.configuration.ExtendedMessageSource@main] Loading properties [C:\Workspace-22.0\Projects\Acme-Toolkits-Individual-Deliverable\target\classes\WEB-INF\views\fragments\company-en.i18n] with encoding 'utf-8' 
2022-06-03 16:59:47.059 DEBUG [acme.framework.configuration.ExtendedMessageSource@main] Loading properties [C:\Workspace-22.0\Projects\Acme-Toolkits-Individual-Deliverable\target\classes\WEB-INF\views\fragments\footer-en.i18n] with encoding 'utf-8' 
2022-06-03 16:59:47.061 DEBUG [acme.framework.configuration.ExtendedMessageSource@main] Loading properties [C:\Workspace-22.0\Projects\Acme-Toolkits-Individual-Deliverable\target\classes\WEB-INF\views\fragments\license-en.i18n] with encoding 'utf-8' 
2022-06-03 16:59:47.063 DEBUG [acme.framework.configuration.ExtendedMessageSource@main] Loading properties [C:\Workspace-22.0\Projects\Acme-Toolkits-Individual-Deliverable\target\classes\WEB-INF\views\fragments\menu-en.i18n] with encoding 'utf-8' 
2022-06-03 16:59:47.065 DEBUG [acme.framework.configuration.ExtendedMessageSource@main] Loading properties [C:\Workspace-22.0\Projects\Acme-Toolkits-Individual-Deliverable\target\classes\WEB-INF\views\fragments\messsages-en.i18n] with encoding 'utf-8' 
2022-06-03 16:59:47.067 DEBUG [acme.framework.configuration.ExtendedMessageSource@main] Loading properties [C:\Workspace-22.0\Projects\Acme-Toolkits-Individual-Deliverable\target\classes\WEB-INF\views\fragments\title-en.i18n] with encoding 'utf-8' 
2022-06-03 16:59:47.070 DEBUG [acme.framework.configuration.ExtendedMessageSource@main] Loading properties [C:\Workspace-22.0\Projects\Acme-Toolkits-Individual-Deliverable\target\classes\WEB-INF\views\fragments\welcome-en.i18n] with encoding 'utf-8' 
2022-06-03 16:59:47.071 DEBUG [acme.framework.configuration.ExtendedMessageSource@main] Loading properties [C:\Workspace-22.0\Projects\Acme-Toolkits-Individual-Deliverable\target\classes\WEB-INF\views\inventor\artifact\messages-en.i18n] with encoding 'utf-8' 
2022-06-03 16:59:47.073 DEBUG [acme.framework.configuration.ExtendedMessageSource@main] Loading properties [C:\Workspace-22.0\Projects\Acme-Toolkits-Individual-Deliverable\target\classes\WEB-INF\views\inventor\chimpum\messages-en.i18n] with encoding 'utf-8' 
2022-06-03 16:59:47.075 DEBUG [acme.framework.configuration.ExtendedMessageSource@main] Loading properties [C:\Workspace-22.0\Projects\Acme-Toolkits-Individual-Deliverable\target\classes\WEB-INF\views\inventor\patronage\messages-en.i18n] with encoding 'utf-8' 
2022-06-03 16:59:47.077 DEBUG [acme.framework.configuration.ExtendedMessageSource@main] Loading properties [C:\Workspace-22.0\Projects\Acme-Toolkits-Individual-Deliverable\target\classes\WEB-INF\views\inventor\patronage-report\messages-en.i18n] with encoding 'utf-8' 
2022-06-03 16:59:47.078 DEBUG [acme.framework.configuration.ExtendedMessageSource@main] Loading properties [C:\Workspace-22.0\Projects\Acme-Toolkits-Individual-Deliverable\target\classes\WEB-INF\views\inventor\quantity\messages-en.i18n] with encoding 'utf-8' 
2022-06-03 16:59:47.080 DEBUG [acme.framework.configuration.ExtendedMessageSource@main] Loading properties [C:\Workspace-22.0\Projects\Acme-Toolkits-Individual-Deliverable\target\classes\WEB-INF\views\inventor\toolkit\messages-en.i18n] with encoding 'utf-8' 
2022-06-03 16:59:47.081 DEBUG [acme.framework.configuration.ExtendedMessageSource@main] Loading properties [C:\Workspace-22.0\Projects\Acme-Toolkits-Individual-Deliverable\target\classes\WEB-INF\views\master\defaults-en.i18n] with encoding 'utf-8' 
2022-06-03 16:59:47.083 DEBUG [acme.framework.configuration.ExtendedMessageSource@main] Loading properties [C:\Workspace-22.0\Projects\Acme-Toolkits-Individual-Deliverable\target\classes\WEB-INF\views\master\master-en.i18n] with encoding 'utf-8' 
2022-06-03 16:59:47.087 DEBUG [acme.framework.configuration.ExtendedMessageSource@main] Loading properties [C:\Workspace-22.0\Projects\Acme-Toolkits-Individual-Deliverable\target\classes\WEB-INF\views\master\throwables-en.i18n] with encoding 'utf-8' 
2022-06-03 16:59:47.088 DEBUG [acme.framework.configuration.ExtendedMessageSource@main] Loading properties [C:\Workspace-22.0\Projects\Acme-Toolkits-Individual-Deliverable\target\classes\WEB-INF\views\master\validation-en.i18n] with encoding 'utf-8' 
2022-06-03 16:59:47.091 DEBUG [acme.framework.configuration.ExtendedMessageSource@main] Loading properties [C:\Workspace-22.0\Projects\Acme-Toolkits-Individual-Deliverable\target\classes\WEB-INF\views\patron\patron-dashboard\messages-en.i18n] with encoding 'utf-8' 
2022-06-03 16:59:47.093 DEBUG [acme.framework.configuration.ExtendedMessageSource@main] Loading properties [C:\Workspace-22.0\Projects\Acme-Toolkits-Individual-Deliverable\target\classes\WEB-INF\views\patron\patronage\messages-en.i18n] with encoding 'utf-8' 
2022-06-03 16:59:47.094 DEBUG [acme.framework.configuration.ExtendedMessageSource@main] Loading properties [C:\Workspace-22.0\Projects\Acme-Toolkits-Individual-Deliverable\target\classes\WEB-INF\views\patron\patronage-report\messages-en.i18n] with encoding 'utf-8' 
2022-06-03 16:59:47.104 DEBUG [acme.framework.components.database.EntityWeb@main] Setting attributes of entities of class acme.entities.announcements.Announcement 
2022-06-03 16:59:47.115 DEBUG [acme.framework.components.database.EntityWeb@main] Setting attributes of entities of class acme.entities.patronage.PatronageReport 
2022-06-03 16:59:47.128 DEBUG [acme.framework.components.database.EntityWeb@main] Setting attributes of entities of class acme.entities.artifacts.Toolkit 
2022-06-03 16:59:47.138 DEBUG [acme.framework.components.database.EntityWeb@main] Setting attributes of entities of class acme.entities.patronage.Patronage 
2022-06-03 16:59:47.162 DEBUG [acme.framework.components.database.EntityWeb@main] Linking entities of class acme.entities.artifacts.Quantity 
2022-06-03 16:59:47.166 DEBUG [acme.framework.components.database.EntityWeb@main] Linking entities of class acme.entities.artifacts.Artifact 
2022-06-03 16:59:47.168 DEBUG [acme.framework.components.database.EntityWeb@main] Linking entities of class acme.entities.chirps.Chirp 
2022-06-03 16:59:47.168 DEBUG [acme.framework.components.database.EntityWeb@main] Linking entities of class acme.entities.announcements.Announcement 
2022-06-03 16:59:47.168 DEBUG [acme.framework.components.database.EntityWeb@main] Linking entities of class acme.entities.patronage.PatronageReport 
2022-06-03 16:59:47.170 DEBUG [acme.framework.components.database.EntityWeb@main] Linking entities of class acme.entities.artifacts.Toolkit 
2022-06-03 16:59:47.170 DEBUG [acme.framework.components.database.EntityWeb@main] Linking entities of class acme.entities.patronage.Patronage 
2022-06-03 16:59:47.172 INFO  [acme.framework.components.database.DatabasePopulator@main] Validating your entities 
2022-06-03 16:59:47.314 DEBUG [acme.framework.components.database.DatabasePopulator@main] Validating 'acme.entities.artifacts.Artifact@artifact-07' ... PASS 
2022-06-03 16:59:47.341 DEBUG [acme.framework.components.database.DatabasePopulator@main] Validating 'acme.entities.announcements.Announcement@announcement-02' ... PASS 
2022-06-03 16:59:47.354 DEBUG [acme.framework.components.database.DatabasePopulator@main] Validating 'acme.entities.artifacts.Artifact@artifact-06' ... PASS 
2022-06-03 16:59:47.357 DEBUG [acme.framework.components.database.DatabasePopulator@main] Validating 'acme.entities.artifacts.Artifact@artifact-05' ... PASS 
2022-06-03 16:59:47.413 DEBUG [acme.framework.components.database.DatabasePopulator@main] Validating 'acme.framework.entities.UserAccount@user-account-administrator-01' ... PASS 
2022-06-03 16:59:47.436 DEBUG [acme.framework.components.database.DatabasePopulator@main] Validating 'acme.entities.artifacts.Quantity@quantity-02' ... PASS 
2022-06-03 16:59:47.440 DEBUG [acme.framework.components.database.DatabasePopulator@main] Validating 'acme.entities.artifacts.Quantity@quantity-03' ... PASS 
2022-06-03 16:59:47.444 DEBUG [acme.framework.components.database.DatabasePopulator@main] Validating 'acme.entities.artifacts.Quantity@quantity-04' ... PASS 
2022-06-03 16:59:47.459 DEBUG [acme.framework.components.database.DatabasePopulator@main] Validating 'acme.roles.Patron@patron-01' ... PASS 
2022-06-03 16:59:47.462 DEBUG [acme.framework.components.database.DatabasePopulator@main] Validating 'acme.roles.Patron@patron-02' ... PASS 
2022-06-03 16:59:47.484 DEBUG [acme.framework.components.database.DatabasePopulator@main] Validating 'acme.entities.patronage.Patronage@patronage-01' ... PASS 
2022-06-03 16:59:47.494 DEBUG [acme.framework.components.database.DatabasePopulator@main] Validating 'acme.entities.chirps.Chirp@chirp-02' ... PASS 
2022-06-03 16:59:47.496 DEBUG [acme.framework.components.database.DatabasePopulator@main] Validating 'acme.entities.announcements.Announcement@announcement-01' ... PASS 
2022-06-03 16:59:47.502 DEBUG [acme.framework.components.database.DatabasePopulator@main] Validating 'acme.entities.patronage.Patronage@patronage-02' ... PASS 
2022-06-03 16:59:47.511 DEBUG [acme.framework.components.database.DatabasePopulator@main] Validating 'acme.framework.roles.Administrator@administrator-01' ... PASS 
2022-06-03 16:59:47.514 DEBUG [acme.framework.components.database.DatabasePopulator@main] Validating 'acme.entities.artifacts.Quantity@quantity-01' ... PASS 
2022-06-03 16:59:47.517 DEBUG [acme.framework.components.database.DatabasePopulator@main] Validating 'acme.entities.chirps.Chirp@chirp-01' ... PASS 
2022-06-03 16:59:47.522 DEBUG [acme.framework.components.database.DatabasePopulator@main] Validating 'acme.entities.patronage.Patronage@patronage-03' ... PASS 
2022-06-03 16:59:47.533 DEBUG [acme.framework.components.database.DatabasePopulator@main] Validating 'acme.entities.configData.ConfigData@config-data' ... PASS 
2022-06-03 16:59:47.538 DEBUG [acme.framework.components.database.DatabasePopulator@main] Validating 'acme.framework.entities.UserAccount@user-account-anonymous-01' ... PASS 
2022-06-03 16:59:47.543 DEBUG [acme.framework.components.database.DatabasePopulator@main] Validating 'acme.entities.patronage.Patronage@patronage-04' ... PASS 
2022-06-03 16:59:47.545 DEBUG [acme.framework.components.database.DatabasePopulator@main] Validating 'acme.framework.entities.UserAccount@user-account-patron2' ... PASS 
2022-06-03 16:59:47.547 DEBUG [acme.framework.components.database.DatabasePopulator@main] Validating 'acme.framework.entities.UserAccount@user-account-patron1' ... PASS 
2022-06-03 16:59:47.554 DEBUG [acme.framework.components.database.DatabasePopulator@main] Validating 'acme.framework.roles.Anonymous@anonymous-01' ... PASS 
2022-06-03 16:59:47.556 DEBUG [acme.framework.components.database.DatabasePopulator@main] Validating 'acme.entities.artifacts.Toolkit@toolkit-01' ... PASS 
2022-06-03 16:59:47.558 DEBUG [acme.framework.components.database.DatabasePopulator@main] Validating 'acme.entities.artifacts.Toolkit@toolkit-02' ... PASS 
2022-06-03 16:59:47.561 DEBUG [acme.framework.components.database.DatabasePopulator@main] Validating 'acme.roles.Inventor@inventor-02' ... PASS 
2022-06-03 16:59:47.563 DEBUG [acme.framework.components.database.DatabasePopulator@main] Validating 'acme.entities.artifacts.Artifact@artifact-04' ... PASS 
2022-06-03 16:59:47.565 DEBUG [acme.framework.components.database.DatabasePopulator@main] Validating 'acme.entities.artifacts.Artifact@artifact-03' ... PASS 
2022-06-03 16:59:47.567 DEBUG [acme.framework.components.database.DatabasePopulator@main] Validating 'acme.framework.entities.UserAccount@user-account-inventor2' ... PASS 
2022-06-03 16:59:47.570 DEBUG [acme.framework.components.database.DatabasePopulator@main] Validating 'acme.entities.artifacts.Artifact@artifact-02' ... PASS 
2022-06-03 16:59:47.585 DEBUG [acme.framework.components.database.DatabasePopulator@main] Validating 'acme.entities.patronage.PatronageReport@patronage-report-01' ... PASS 
2022-06-03 16:59:47.587 DEBUG [acme.framework.components.database.DatabasePopulator@main] Validating 'acme.framework.entities.UserAccount@user-account-inventor1' ... PASS 
2022-06-03 16:59:47.589 DEBUG [acme.framework.components.database.DatabasePopulator@main] Validating 'acme.roles.Inventor@inventor-01' ... PASS 
2022-06-03 16:59:47.591 DEBUG [acme.framework.components.database.DatabasePopulator@main] Validating 'acme.entities.artifacts.Artifact@artifact-01' ... PASS 
2022-06-03 16:59:47.595 DEBUG [acme.framework.components.database.DatabasePopulator@main] Validating 'acme.entities.patronage.PatronageReport@patronage-report-02' ... PASS 
2022-06-03 16:59:47.596 INFO  [acme.framework.components.database.DatabasePopulator@main] Sorting your entity classes 
2022-06-03 16:59:47.596 DEBUG [acme.framework.components.database.DatabasePopulator@main] Best topological order for your entity clazzes: 
2022-06-03 16:59:47.597 DEBUG [acme.framework.components.database.DatabasePopulator@main] - acme.framework.entities.UserAccount 
2022-06-03 16:59:47.597 DEBUG [acme.framework.components.database.DatabasePopulator@main] - acme.roles.Inventor 
2022-06-03 16:59:47.597 DEBUG [acme.framework.components.database.DatabasePopulator@main] - acme.entities.troqua.Troqua 
2022-06-03 16:59:47.597 DEBUG [acme.framework.components.database.DatabasePopulator@main] - acme.entities.artifacts.Artifact 
2022-06-03 16:59:47.597 DEBUG [acme.framework.components.database.DatabasePopulator@main] - acme.entities.artifacts.Toolkit 
2022-06-03 16:59:47.598 DEBUG [acme.framework.components.database.DatabasePopulator@main] - acme.entities.artifacts.Quantity 
2022-06-03 16:59:47.598 DEBUG [acme.framework.components.database.DatabasePopulator@main] - acme.entities.configData.ConfigData 
2022-06-03 16:59:47.598 DEBUG [acme.framework.components.database.DatabasePopulator@main] - acme.framework.roles.Administrator 
2022-06-03 16:59:47.598 DEBUG [acme.framework.components.database.DatabasePopulator@main] - acme.entities.chirps.Chirp 
2022-06-03 16:59:47.598 DEBUG [acme.framework.components.database.DatabasePopulator@main] - acme.framework.roles.Anonymous 
2022-06-03 16:59:47.598 DEBUG [acme.framework.components.database.DatabasePopulator@main] - acme.roles.Patron 
2022-06-03 16:59:47.599 DEBUG [acme.framework.components.database.DatabasePopulator@main] - acme.entities.announcements.Announcement 
2022-06-03 16:59:47.599 DEBUG [acme.framework.components.database.DatabasePopulator@main] - acme.entities.patronage.Patronage 
2022-06-03 16:59:47.599 DEBUG [acme.framework.components.database.DatabasePopulator@main] - acme.entities.patronage.PatronageReport 
2022-06-03 16:59:47.726 INFO  [acme.framework.components.database.DatabaseUtil@main] Dropping database schema (if exists) 
2022-06-03 16:59:47.726 DEBUG [acme.framework.components.database.DatabaseUtil@main] Starting new transaction. 
2022-06-03 16:59:47.748 DEBUG [acme.framework.components.database.DatabaseUtil@main] Executing command 'set transaction isolation level read uncommitted;'. 
2022-06-03 16:59:47.829 DEBUG [acme.framework.components.database.DatabaseUtil@main] Starting transaction '2084023356'. 
2022-06-03 16:59:47.834 DEBUG [acme.framework.components.database.DatabaseUtil@main] Creating command batch 2084023356. 
2022-06-03 16:59:47.834 DEBUG [acme.framework.components.database.DatabaseUtil@main] Adding command 'set foreign_key_checks=0;\n' to batch 2084023356. 
2022-06-03 16:59:47.834 DEBUG [acme.framework.components.database.DatabaseUtil@main] Adding command 'drop table if exists administrator' to batch 2084023356. 
2022-06-03 16:59:47.834 DEBUG [acme.framework.components.database.DatabaseUtil@main] Adding command 'drop table if exists announcement' to batch 2084023356. 
2022-06-03 16:59:47.835 DEBUG [acme.framework.components.database.DatabaseUtil@main] Adding command 'drop table if exists anonymous' to batch 2084023356. 
2022-06-03 16:59:47.835 DEBUG [acme.framework.components.database.DatabaseUtil@main] Adding command 'drop table if exists any' to batch 2084023356. 
2022-06-03 16:59:47.836 DEBUG [acme.framework.components.database.DatabaseUtil@main] Adding command 'drop table if exists artifact' to batch 2084023356. 
2022-06-03 16:59:47.836 DEBUG [acme.framework.components.database.DatabaseUtil@main] Adding command 'drop table if exists authenticated' to batch 2084023356. 
2022-06-03 16:59:47.836 DEBUG [acme.framework.components.database.DatabaseUtil@main] Adding command 'drop table if exists chirp' to batch 2084023356. 
2022-06-03 16:59:47.836 DEBUG [acme.framework.components.database.DatabaseUtil@main] Adding command 'drop table if exists config_data' to batch 2084023356. 
2022-06-03 16:59:47.836 DEBUG [acme.framework.components.database.DatabaseUtil@main] Adding command 'drop table if exists hibernate_sequence' to batch 2084023356. 
2022-06-03 16:59:47.837 DEBUG [acme.framework.components.database.DatabaseUtil@main] Adding command 'drop table if exists inventor' to batch 2084023356. 
2022-06-03 16:59:47.838 DEBUG [acme.framework.components.database.DatabaseUtil@main] Adding command 'drop table if exists patron' to batch 2084023356. 
2022-06-03 16:59:47.839 DEBUG [acme.framework.components.database.DatabaseUtil@main] Adding command 'drop table if exists patronage' to batch 2084023356. 
2022-06-03 16:59:47.839 DEBUG [acme.framework.components.database.DatabaseUtil@main] Adding command 'drop table if exists patronage_report' to batch 2084023356. 
2022-06-03 16:59:47.839 DEBUG [acme.framework.components.database.DatabaseUtil@main] Adding command 'drop table if exists quantity' to batch 2084023356. 
2022-06-03 16:59:47.839 DEBUG [acme.framework.components.database.DatabaseUtil@main] Adding command 'drop table if exists toolkit' to batch 2084023356. 
2022-06-03 16:59:47.840 DEBUG [acme.framework.components.database.DatabaseUtil@main] Adding command 'drop table if exists troqua' to batch 2084023356. 
2022-06-03 16:59:47.840 DEBUG [acme.framework.components.database.DatabaseUtil@main] Adding command 'drop table if exists user_account' to batch 2084023356. 
2022-06-03 16:59:47.840 DEBUG [acme.framework.components.database.DatabaseUtil@main] Adding command 'set foreign_key_checks=1;\n' to batch 2084023356. 
2022-06-03 16:59:47.840 DEBUG [acme.framework.components.database.DatabaseUtil@main] Submitting batch 2084023356 for execution. 
2022-06-03 16:59:55.060 DEBUG [acme.framework.components.database.DatabaseUtil@main] Committing transaction '2084023356'. 
2022-06-03 16:59:55.066 INFO  [acme.framework.components.database.DatabaseUtil@main] Creating database schema 
2022-06-03 16:59:55.095 DEBUG [acme.framework.components.database.DatabaseUtil@main] Starting new transaction. 
2022-06-03 16:59:55.096 DEBUG [acme.framework.components.database.DatabaseUtil@main] Executing command 'set transaction isolation level read uncommitted;'. 
2022-06-03 16:59:55.097 DEBUG [acme.framework.components.database.DatabaseUtil@main] Starting transaction '1392429120'. 
2022-06-03 16:59:55.097 DEBUG [acme.framework.components.database.DatabaseUtil@main] Creating command batch 1392429120. 
2022-06-03 16:59:55.098 DEBUG [acme.framework.components.database.DatabaseUtil@main] Adding command 'set foreign_key_checks=0;\n' to batch 1392429120. 
2022-06-03 16:59:55.098 DEBUG [acme.framework.components.database.DatabaseUtil@main] Adding command 'create table administrator (id integer not null, version integer not null, user_account_id integer, primary key (id)) engine=InnoDB' to batch 1392429120. 
2022-06-03 16:59:55.098 DEBUG [acme.framework.components.database.DatabaseUtil@main] Adding command 'create table announcement (id integer not null, version integer not null, body varchar(255), critical bit not null, link varchar(255), moment datetime, title varchar(255), primary key (id)) engine=InnoDB' to batch 1392429120. 
2022-06-03 16:59:55.098 DEBUG [acme.framework.components.database.DatabaseUtil@main] Adding command 'create table anonymous (id integer not null, version integer not null, user_account_id integer, primary key (id)) engine=InnoDB' to batch 1392429120. 
2022-06-03 16:59:55.098 DEBUG [acme.framework.components.database.DatabaseUtil@main] Adding command 'create table any (id integer not null, version integer not null, user_account_id integer, primary key (id)) engine=InnoDB' to batch 1392429120. 
2022-06-03 16:59:55.099 DEBUG [acme.framework.components.database.DatabaseUtil@main] Adding command 'create table artifact (id integer not null, version integer not null, artifact_type integer, code varchar(255), description varchar(255), link varchar(255), name varchar(255), published bit not null, retail_price_amount double precision, retail_price_currency varchar(255), technology varchar(255), inventor_id integer not null, troqua_id integer, primary key (id)) engine=InnoDB' to batch 1392429120. 
2022-06-03 16:59:55.099 DEBUG [acme.framework.components.database.DatabaseUtil@main] Adding command 'create table authenticated (id integer not null, version integer not null, user_account_id integer, primary key (id)) engine=InnoDB' to batch 1392429120. 
2022-06-03 16:59:55.099 DEBUG [acme.framework.components.database.DatabaseUtil@main] Adding command 'create table chirp (id integer not null, version integer not null, author varchar(255), body varchar(255), email varchar(255), moment datetime, title varchar(255), primary key (id)) engine=InnoDB' to batch 1392429120. 
2022-06-03 16:59:55.099 DEBUG [acme.framework.components.database.DatabaseUtil@main] Adding command 'create table config_data (id integer not null, version integer not null, accepted_currencies varchar(255), strong_spam_terms varchar(255), strong_spam_treshold integer not null, system_currency varchar(255), weak_spam_terms varchar(255), weak_spam_treshold integer not null, primary key (id)) engine=InnoDB' to batch 1392429120. 
2022-06-03 16:59:55.100 DEBUG [acme.framework.components.database.DatabaseUtil@main] Adding command 'create table hibernate_sequence (next_val bigint) engine=InnoDB' to batch 1392429120. 
2022-06-03 16:59:55.100 DEBUG [acme.framework.components.database.DatabaseUtil@main] Adding command 'insert into hibernate_sequence values ( 1 )' to batch 1392429120. 
2022-06-03 16:59:55.100 DEBUG [acme.framework.components.database.DatabaseUtil@main] Adding command 'create table inventor (id integer not null, version integer not null, user_account_id integer, company varchar(255), link varchar(255), statement varchar(255), primary key (id)) engine=InnoDB' to batch 1392429120. 
2022-06-03 16:59:55.100 DEBUG [acme.framework.components.database.DatabaseUtil@main] Adding command 'create table patron (id integer not null, version integer not null, user_account_id integer, company varchar(255), link varchar(255), statement varchar(255), primary key (id)) engine=InnoDB' to batch 1392429120. 
2022-06-03 16:59:55.101 DEBUG [acme.framework.components.database.DatabaseUtil@main] Adding command 'create table patronage (id integer not null, version integer not null, budget_amount double precision, budget_currency varchar(255), code varchar(255), draft_mode bit not null, finish_date datetime, legal_stuff varchar(255), link varchar(255), start_date datetime, status integer, inventor_id integer not null, patron_id integer not null, primary key (id)) engine=InnoDB' to batch 1392429120. 
2022-06-03 16:59:55.101 DEBUG [acme.framework.components.database.DatabaseUtil@main] Adding command 'create table patronage_report (id integer not null, version integer not null, creation_moment datetime, link varchar(255), memorandum varchar(255), serial_number varchar(255), patronage_id integer not null, primary key (id)) engine=InnoDB' to batch 1392429120. 
2022-06-03 16:59:55.101 DEBUG [acme.framework.components.database.DatabaseUtil@main] Adding command 'create table quantity (id integer not null, version integer not null, amount integer not null, artifact_id integer, toolkit_id integer, primary key (id)) engine=InnoDB' to batch 1392429120. 
2022-06-03 16:59:55.101 DEBUG [acme.framework.components.database.DatabaseUtil@main] Adding command 'create table toolkit (id integer not null, version integer not null, assembly_notes varchar(255), code varchar(255), description varchar(255), link varchar(255), published bit not null, title varchar(255), inventor_id integer not null, primary key (id)) engine=InnoDB' to batch 1392429120. 
2022-06-03 16:59:55.101 DEBUG [acme.framework.components.database.DatabaseUtil@main] Adding command 'create table troqua (id integer not null, version integer not null, additional_info varchar(255), code varchar(255), creation_moment datetime, finish_date datetime, quota_amount double precision, quota_currency varchar(255), start_date datetime, statement varchar(255), theme varchar(255), primary key (id)) engine=InnoDB' to batch 1392429120. 
2022-06-03 16:59:55.102 DEBUG [acme.framework.components.database.DatabaseUtil@main] Adding command 'create table user_account (id integer not null, version integer not null, enabled bit not null, identity blob, password varchar(255), username varchar(255), primary key (id)) engine=InnoDB' to batch 1392429120. 
2022-06-03 16:59:55.102 DEBUG [acme.framework.components.database.DatabaseUtil@main] Adding command 'alter table artifact add constraint UK_g1ad0tae8u6y364oiwfi6am2n unique (code)' to batch 1392429120. 
2022-06-03 16:59:55.102 DEBUG [acme.framework.components.database.DatabaseUtil@main] Adding command 'alter table patronage add constraint UK_7s289l63ihnn85qwyna5cqbfh unique (code)' to batch 1392429120. 
2022-06-03 16:59:55.102 DEBUG [acme.framework.components.database.DatabaseUtil@main] Adding command 'alter table toolkit add constraint UK_qvml9bbjdvicrw1wt0e1bej3c unique (code)' to batch 1392429120. 
2022-06-03 16:59:55.103 DEBUG [acme.framework.components.database.DatabaseUtil@main] Adding command 'alter table user_account add constraint UK_castjbvpeeus0r8lbpehiu0e4 unique (username)' to batch 1392429120. 
2022-06-03 16:59:55.103 DEBUG [acme.framework.components.database.DatabaseUtil@main] Adding command 'alter table administrator add constraint FK_2a5vcjo3stlfcwadosjfq49l1 foreign key (user_account_id) references user_account (id)' to batch 1392429120. 
2022-06-03 16:59:55.103 DEBUG [acme.framework.components.database.DatabaseUtil@main] Adding command 'alter table anonymous add constraint FK_6lnbc6fo3om54vugoh8icg78m foreign key (user_account_id) references user_account (id)' to batch 1392429120. 
2022-06-03 16:59:55.103 DEBUG [acme.framework.components.database.DatabaseUtil@main] Adding command 'alter table any add constraint FK_26yflnlk4xrrxtkiwkag1l7lf foreign key (user_account_id) references user_account (id)' to batch 1392429120. 
2022-06-03 16:59:55.103 DEBUG [acme.framework.components.database.DatabaseUtil@main] Adding command 'alter table artifact add constraint FKqxfi564ul5blndurxei140kjt foreign key (inventor_id) references inventor (id)' to batch 1392429120. 
2022-06-03 16:59:55.104 DEBUG [acme.framework.components.database.DatabaseUtil@main] Adding command 'alter table artifact add constraint FK9xchk62bx067pu9rfxgbuggqq foreign key (troqua_id) references troqua (id)' to batch 1392429120. 
2022-06-03 16:59:55.104 DEBUG [acme.framework.components.database.DatabaseUtil@main] Adding command 'alter table authenticated add constraint FK_h52w0f3wjoi68b63wv9vwon57 foreign key (user_account_id) references user_account (id)' to batch 1392429120. 
2022-06-03 16:59:55.104 DEBUG [acme.framework.components.database.DatabaseUtil@main] Adding command 'alter table inventor add constraint FK_2upmsx50p5pou2l4uy8trxor6 foreign key (user_account_id) references user_account (id)' to batch 1392429120. 
2022-06-03 16:59:55.104 DEBUG [acme.framework.components.database.DatabaseUtil@main] Adding command 'alter table patron add constraint FK_8xx5nujhuio3advxc2freyu65 foreign key (user_account_id) references user_account (id)' to batch 1392429120. 
2022-06-03 16:59:55.104 DEBUG [acme.framework.components.database.DatabaseUtil@main] Adding command 'alter table patronage add constraint FKgkbt6mel1m6joiypsbc2ko6mi foreign key (inventor_id) references inventor (id)' to batch 1392429120. 
2022-06-03 16:59:55.105 DEBUG [acme.framework.components.database.DatabaseUtil@main] Adding command 'alter table patronage add constraint FK7d5o2dlu1d9orplkn5g91lsgc foreign key (patron_id) references patron (id)' to batch 1392429120. 
2022-06-03 16:59:55.105 DEBUG [acme.framework.components.database.DatabaseUtil@main] Adding command 'alter table patronage_report add constraint FKli7rh2qb2q6bjix6b8o2dpt41 foreign key (patronage_id) references patronage (id)' to batch 1392429120. 
2022-06-03 16:59:55.105 DEBUG [acme.framework.components.database.DatabaseUtil@main] Adding command 'alter table quantity add constraint FKc0mpv8ow80mpelvp47h0genwp foreign key (artifact_id) references artifact (id)' to batch 1392429120. 
2022-06-03 16:59:55.106 DEBUG [acme.framework.components.database.DatabaseUtil@main] Adding command 'alter table quantity add constraint FKr1l7hfxuemn7o9d0qi4kawlmg foreign key (toolkit_id) references toolkit (id)' to batch 1392429120. 
2022-06-03 16:59:55.106 DEBUG [acme.framework.components.database.DatabaseUtil@main] Adding command 'alter table toolkit add constraint FK4iumj9qpqmdp5ob49s2lvscch foreign key (inventor_id) references inventor (id)' to batch 1392429120. 
2022-06-03 16:59:55.106 DEBUG [acme.framework.components.database.DatabaseUtil@main] Adding command 'set foreign_key_checks=1;\n' to batch 1392429120. 
2022-06-03 16:59:55.106 DEBUG [acme.framework.components.database.DatabaseUtil@main] Submitting batch 1392429120 for execution. 
2022-06-03 17:00:14.261 DEBUG [acme.framework.components.database.DatabaseUtil@main] Committing transaction '1392429120'. 
2022-06-03 17:00:14.263 INFO  [acme.framework.components.database.DatabasePopulator@main] Persisting your entities 
2022-06-03 17:00:14.263 DEBUG [acme.framework.components.database.DatabaseUtil@main] Starting new transaction. 
2022-06-03 17:00:14.264 DEBUG [acme.framework.components.database.DatabaseUtil@main] Executing command 'set transaction isolation level read uncommitted;'. 
2022-06-03 17:00:14.265 DEBUG [acme.framework.components.database.DatabaseUtil@main] Starting transaction '1876767618'. 
2022-06-03 17:00:14.265 DEBUG [acme.framework.components.database.DatabasePopulator@main] Persising entities of clazz 'acme.framework.entities.UserAccount' 
2022-06-03 17:00:14.287 DEBUG [org.hibernate.SQL@main] select next_val as id_val from hibernate_sequence for update 
2022-06-03 17:00:14.317 DEBUG [org.hibernate.SQL@main] update hibernate_sequence set next_val= ? where next_val=? 
2022-06-03 17:00:14.478 DEBUG [acme.framework.components.database.DatabaseUtil@main] Persisting entity UserAccount(username=anonymous) 
2022-06-03 17:00:14.490 DEBUG [org.hibernate.SQL@main] select next_val as id_val from hibernate_sequence for update 
2022-06-03 17:00:14.493 DEBUG [org.hibernate.SQL@main] update hibernate_sequence set next_val= ? where next_val=? 
2022-06-03 17:00:14.527 DEBUG [acme.framework.components.database.DatabaseUtil@main] Persisting entity UserAccount(username=patron2) 
2022-06-03 17:00:14.528 DEBUG [org.hibernate.SQL@main] select next_val as id_val from hibernate_sequence for update 
2022-06-03 17:00:14.530 DEBUG [org.hibernate.SQL@main] update hibernate_sequence set next_val= ? where next_val=? 
2022-06-03 17:00:14.549 DEBUG [acme.framework.components.database.DatabaseUtil@main] Persisting entity UserAccount(username=patron1) 
2022-06-03 17:00:14.550 DEBUG [org.hibernate.SQL@main] select next_val as id_val from hibernate_sequence for update 
2022-06-03 17:00:14.552 DEBUG [org.hibernate.SQL@main] update hibernate_sequence set next_val= ? where next_val=? 
2022-06-03 17:00:14.582 DEBUG [acme.framework.components.database.DatabaseUtil@main] Persisting entity UserAccount(username=administrator) 
2022-06-03 17:00:14.583 DEBUG [org.hibernate.SQL@main] select next_val as id_val from hibernate_sequence for update 
2022-06-03 17:00:14.584 DEBUG [org.hibernate.SQL@main] update hibernate_sequence set next_val= ? where next_val=? 
2022-06-03 17:00:14.604 DEBUG [acme.framework.components.database.DatabaseUtil@main] Persisting entity UserAccount(username=inventor2) 
2022-06-03 17:00:14.605 DEBUG [org.hibernate.SQL@main] select next_val as id_val from hibernate_sequence for update 
2022-06-03 17:00:14.606 DEBUG [org.hibernate.SQL@main] update hibernate_sequence set next_val= ? where next_val=? 
2022-06-03 17:00:14.626 DEBUG [acme.framework.components.database.DatabaseUtil@main] Persisting entity UserAccount(username=inventor1) 
2022-06-03 17:00:14.626 DEBUG [acme.framework.components.database.DatabasePopulator@main] Persising entities of clazz 'acme.roles.Inventor' 
2022-06-03 17:00:14.627 DEBUG [org.hibernate.SQL@main] select next_val as id_val from hibernate_sequence for update 
2022-06-03 17:00:14.629 DEBUG [org.hibernate.SQL@main] update hibernate_sequence set next_val= ? where next_val=? 
2022-06-03 17:00:14.683 DEBUG [acme.framework.components.database.DatabaseUtil@main] Persisting entity UserRole(userAccount=UserAccount(username=inventor2)) 
2022-06-03 17:00:14.684 DEBUG [org.hibernate.SQL@main] select next_val as id_val from hibernate_sequence for update 
2022-06-03 17:00:14.685 DEBUG [org.hibernate.SQL@main] update hibernate_sequence set next_val= ? where next_val=? 
2022-06-03 17:00:14.820 DEBUG [acme.framework.components.database.DatabaseUtil@main] Persisting entity UserRole(userAccount=UserAccount(username=inventor1)) 
2022-06-03 17:00:14.820 DEBUG [acme.framework.components.database.DatabasePopulator@main] Persising entities of clazz 'acme.entities.troqua.Troqua' 
2022-06-03 17:00:14.820 DEBUG [acme.framework.components.database.DatabaseUtil@main] Rolling transaction '1876767618' back. 
2022-06-03 17:00:14.822 ERROR [acme.Launcher@main] acme.framework.components.database.EntityWeb.getEntities(EntityWeb.java:164): java.lang.AssertionError 
2022-06-03 17:00:14.822 INFO  [acme.Launcher@main] The application log provides additional debugging messages! 
2022-06-03 17:00:16.277 INFO  [acme.framework.configuration.ShutdownConfiguration@main] The system is shutting down... 
2022-06-03 17:00:16.368 DEBUG [acme.Launcher@main] Exit code = 0 
